#
# There is insufficient memory for the Java Runtime Environment to continue.
# Native memory allocation (malloc) failed to allocate 115120 bytes for Chunk::new
# Possible reasons:
#   The system is out of physical RAM or swap space
#   The process is running with CompressedOops enabled, and the Java Heap may be blocking the growth of the native heap
# Possible solutions:
#   Reduce memory load on the system
#   Increase physical memory or swap space
#   Check if swap backing store is full
#   Decrease Java heap size (-Xmx/-Xms)
#   Decrease number of Java threads
#   Decrease Java thread stack sizes (-Xss)
#   Set larger code cache with -XX:ReservedCodeCacheSize=
#   JVM is running with Unscaled Compressed Oops mode in which the Java heap is
#     placed in the first 4GB address space. The Java Heap base address is the
#     maximum limit for the native heap growth. Please use -XX:HeapBaseMinAddress
#     to set the Java Heap base and to place the Java Heap above 4GB virtual address.
# This output file may be truncated or incomplete.
#
#  Out of Memory Error (arena.cpp:184), pid=22904, tid=14716
#
# JRE version: Java(TM) SE Runtime Environment (18.0.2+9) (build 18.0.2+9-61)
# Java VM: Java HotSpot(TM) 64-Bit Server VM (18.0.2+9-61, mixed mode, sharing, tiered, compressed oops, compressed class ptrs, g1 gc, windows-amd64)
# No core dump will be written. Minidumps are not enabled by default on client versions of Windows
#

---------------  S U M M A R Y ------------

Command Line: --add-opens=java.base/java.lang=ALL-UNNAMED --add-opens=java.base/java.lang.invoke=ALL-UNNAMED --add-opens=java.base/java.util=ALL-UNNAMED --add-opens=java.prefs/java.util.prefs=ALL-UNNAMED --add-exports=jdk.compiler/com.sun.tools.javac.api=ALL-UNNAMED --add-exports=jdk.compiler/com.sun.tools.javac.util=ALL-UNNAMED --add-opens=java.base/java.util=ALL-UNNAMED --add-opens=java.prefs/java.util.prefs=ALL-UNNAMED --add-opens=java.base/java.nio.charset=ALL-UNNAMED --add-opens=java.base/java.net=ALL-UNNAMED --add-opens=java.base/java.util.concurrent.atomic=ALL-UNNAMED --add-opens=java.xml/javax.xml.namespace=ALL-UNNAMED -XX:MaxMetaspaceSize=384m -XX:+HeapDumpOnOutOfMemoryError -Xms256m -Xmx512m -Dfile.encoding=UTF-8 -Duser.country=UA -Duser.language=uk -Duser.variant -javaagent:C:\Gradle\gradle-8.11\bin\wrapper\dists\gradle-8.11-bin\c4te04g51qsyw1bxcb929u7br\gradle-8.11\lib\agents\gradle-instrumentation-agent-8.11.jar org.gradle.launcher.daemon.bootstrap.GradleDaemon 8.11

Host: Intel(R) Core(TM) i5-1035G1 CPU @ 1.00GHz, 8 cores, 15G,  Windows 11 , 64 bit Build 22621 (10.0.22621.4391)
Time: Wed Dec 11 22:37:42 2024  Windows 11 , 64 bit Build 22621 (10.0.22621.4391) elapsed time: 16.000889 seconds (0d 0h 0m 16s)

---------------  T H R E A D  ---------------

Current thread (0x000002573d4a6dc0):  JavaThread "C2 CompilerThread0" daemon [_thread_in_native, id=14716, stack(0x0000007e2b800000,0x0000007e2b900000)]


Current CompileTask:
C2:  16001 3395  s    4       java.util.jar.JarFile::getInputStream (72 bytes)

Stack: [0x0000007e2b800000,0x0000007e2b900000]
Native frames: (J=compiled Java code, j=interpreted, Vv=VM code, C=native code)
V  [jvm.dll+0x6993ca]
V  [jvm.dll+0x7f481d]
V  [jvm.dll+0x7f612e]
V  [jvm.dll+0x7f67e3]
V  [jvm.dll+0x25cdaf]
V  [jvm.dll+0xb8c2f]
V  [jvm.dll+0xb8fa5]
V  [jvm.dll+0x3860cb]
V  [jvm.dll+0x1d2842]
V  [jvm.dll+0x2300a9]
V  [jvm.dll+0x22f321]
V  [jvm.dll+0x1ba01c]
V  [jvm.dll+0x23ec9a]
V  [jvm.dll+0x23cf85]
V  [jvm.dll+0x7a6e21]
V  [jvm.dll+0x7a125a]
V  [jvm.dll+0x698275]
C  [ucrtbase.dll+0x29333]
C  [KERNEL32.DLL+0x1259d]
C  [ntdll.dll+0x5af38]


---------------  P R O C E S S  ---------------

Threads class SMR info:
_java_thread_list=0x000002574454f030, length=32, elements={
0x0000025722b519c0, 0x000002573d4888b0, 0x000002573d489160, 0x000002573d4a47d0,
0x000002573d4a5080, 0x000002573d4a5930, 0x000002573d4a61e0, 0x000002573d4a6dc0,
0x000002573d4a76b0, 0x000002573d4a9fb0, 0x000002573d4709f0, 0x00000257419cbe90,
0x00000257418d6880, 0x0000025741bd74d0, 0x0000025741902440, 0x0000025741902900,
0x0000025741a6acc0, 0x000002574325ce00, 0x0000025741b23ca0, 0x0000025743270b50,
0x000002574326f810, 0x000002574326e9a0, 0x000002574326fce0, 0x0000025743272360,
0x000002574326ee70, 0x00000257432714f0, 0x0000025743270680, 0x0000025743271020,
0x00000257432719c0, 0x000002574326f340, 0x0000025743271e90, 0x000002574193bf70
}

Java Threads: ( => current thread )
  0x0000025722b519c0 JavaThread "main" [_thread_blocked, id=21508, stack(0x0000007e2ab00000,0x0000007e2ac00000)]
  0x000002573d4888b0 JavaThread "Reference Handler" daemon [_thread_blocked, id=19256, stack(0x0000007e2b200000,0x0000007e2b300000)]
  0x000002573d489160 JavaThread "Finalizer" daemon [_thread_blocked, id=19912, stack(0x0000007e2b300000,0x0000007e2b400000)]
  0x000002573d4a47d0 JavaThread "Signal Dispatcher" daemon [_thread_blocked, id=18532, stack(0x0000007e2b400000,0x0000007e2b500000)]
  0x000002573d4a5080 JavaThread "Attach Listener" daemon [_thread_blocked, id=23304, stack(0x0000007e2b500000,0x0000007e2b600000)]
  0x000002573d4a5930 JavaThread "Service Thread" daemon [_thread_blocked, id=19308, stack(0x0000007e2b600000,0x0000007e2b700000)]
  0x000002573d4a61e0 JavaThread "Monitor Deflation Thread" daemon [_thread_blocked, id=14348, stack(0x0000007e2b700000,0x0000007e2b800000)]
=>0x000002573d4a6dc0 JavaThread "C2 CompilerThread0" daemon [_thread_in_native, id=14716, stack(0x0000007e2b800000,0x0000007e2b900000)]
  0x000002573d4a76b0 JavaThread "C1 CompilerThread0" daemon [_thread_blocked, id=7184, stack(0x0000007e2b900000,0x0000007e2ba00000)]
  0x000002573d4a9fb0 JavaThread "Sweeper thread" daemon [_thread_blocked, id=19980, stack(0x0000007e2ba00000,0x0000007e2bb00000)]
  0x000002573d4709f0 JavaThread "Common-Cleaner" daemon [_thread_blocked, id=1792, stack(0x0000007e2bb00000,0x0000007e2bc00000)]
  0x00000257419cbe90 JavaThread "Notification Thread" daemon [_thread_blocked, id=24252, stack(0x0000007e2bc00000,0x0000007e2bd00000)]
  0x00000257418d6880 JavaThread "Daemon health stats" [_thread_blocked, id=616, stack(0x0000007e2be00000,0x0000007e2bf00000)]
  0x0000025741bd74d0 JavaThread "Incoming local TCP Connector on port 54184" [_thread_in_native, id=5284, stack(0x0000007e2c400000,0x0000007e2c500000)]
  0x0000025741902440 JavaThread "Daemon periodic checks" [_thread_blocked, id=23300, stack(0x0000007e2c500000,0x0000007e2c600000)]
  0x0000025741902900 JavaThread "Daemon" [_thread_blocked, id=21004, stack(0x0000007e2c600000,0x0000007e2c700000)]
  0x0000025741a6acc0 JavaThread "Handler for socket connection from /127.0.0.1:54184 to /127.0.0.1:54185" [_thread_in_native, id=15100, stack(0x0000007e2c700000,0x0000007e2c800000)]
  0x000002574325ce00 JavaThread "Cancel handler" [_thread_blocked, id=10420, stack(0x0000007e2c800000,0x0000007e2c900000)]
  0x0000025741b23ca0 JavaThread "Daemon worker" [_thread_in_vm, id=14320, stack(0x0000007e2c900000,0x0000007e2ca00000)]
  0x0000025743270b50 JavaThread "Asynchronous log dispatcher for DefaultDaemonConnection: socket connection from /127.0.0.1:54184 to /127.0.0.1:54185" [_thread_blocked, id=22596, stack(0x0000007e2ca00000,0x0000007e2cb00000)]
  0x000002574326f810 JavaThread "Stdin handler" [_thread_blocked, id=23792, stack(0x0000007e2cb00000,0x0000007e2cc00000)]
  0x000002574326e9a0 JavaThread "Daemon client event forwarder" [_thread_blocked, id=6364, stack(0x0000007e2cc00000,0x0000007e2cd00000)]
  0x000002574326fce0 JavaThread "Cache worker for journal cache (C:\Gradle\gradle-8.11\bin\caches\journal-1)" [_thread_blocked, id=4880, stack(0x0000007e2cd00000,0x0000007e2ce00000)]
  0x0000025743272360 JavaThread "File lock request listener" [_thread_in_native, id=20736, stack(0x0000007e2ce00000,0x0000007e2cf00000)]
  0x000002574326ee70 JavaThread "Cache worker for file hash cache (C:\Gradle\gradle-8.11\bin\caches\8.11\fileHashes)" [_thread_blocked, id=22468, stack(0x0000007e2cf00000,0x0000007e2d000000)]
  0x00000257432714f0 JavaThread "Cache worker for file content cache (C:\Gradle\gradle-8.11\bin\caches\8.11\fileContent)" [_thread_blocked, id=6736, stack(0x0000007e2d100000,0x0000007e2d200000)]
  0x0000025743270680 JavaThread "Cache worker for file hash cache (D:\homework\payslips-viewer\.gradle\8.11\fileHashes)" [_thread_in_native, id=8180, stack(0x0000007e2d200000,0x0000007e2d300000)]
  0x0000025743271020 JavaThread "Cache worker for checksums cache (D:\homework\payslips-viewer\.gradle\8.11\checksums)" [_thread_blocked, id=4680, stack(0x0000007e2d600000,0x0000007e2d700000)]
  0x00000257432719c0 JavaThread "Cache worker for Build Output Cleanup Cache (D:\homework\payslips-viewer\.gradle\buildOutputCleanup)" [_thread_blocked, id=24292, stack(0x0000007e2d700000,0x0000007e2d800000)]
  0x000002574326f340 JavaThread "File lock release action executor" [_thread_blocked, id=13828, stack(0x0000007e2d000000,0x0000007e2d100000)]
  0x0000025743271e90 JavaThread "File watcher server" daemon [_thread_in_native, id=4012, stack(0x0000007e2d800000,0x0000007e2d900000)]
  0x000002574193bf70 JavaThread "File watcher consumer" daemon [_thread_blocked, id=22488, stack(0x0000007e2d900000,0x0000007e2da00000)]

Other Threads:
  0x000002573d484100 VMThread "VM Thread" [stack: 0x0000007e2b100000,0x0000007e2b200000] [id=5784]
  0x000002574194c750 WatcherThread "VM Periodic Task Thread" [stack: 0x0000007e2bd00000,0x0000007e2be00000] [id=10184]
  0x0000025722b849d0 WorkerThread "GC Thread#0" [stack: 0x0000007e2ac00000,0x0000007e2ad00000] [id=24412]
  0x0000025741a9d8f0 WorkerThread "GC Thread#1" [stack: 0x0000007e2bf00000,0x0000007e2c000000] [id=17804]
  0x0000025741b84e50 WorkerThread "GC Thread#2" [stack: 0x0000007e2c000000,0x0000007e2c100000] [id=9608]
  0x0000025741b814d0 WorkerThread "GC Thread#3" [stack: 0x0000007e2c100000,0x0000007e2c200000] [id=3948]
  0x0000025741b81770 WorkerThread "GC Thread#4" [stack: 0x0000007e2c200000,0x0000007e2c300000] [id=17596]
  0x0000025741caabe0 WorkerThread "GC Thread#5" [stack: 0x0000007e2c300000,0x0000007e2c400000] [id=22020]
  0x0000025744754340 WorkerThread "GC Thread#6" [stack: 0x0000007e2d300000,0x0000007e2d400000] [id=3468]
  0x0000025744755300 WorkerThread "GC Thread#7" [stack: 0x0000007e2d400000,0x0000007e2d500000] [id=21124]
  0x0000025722b896b0 ConcurrentGCThread "G1 Main Marker" [stack: 0x0000007e2ad00000,0x0000007e2ae00000] [id=13532]
  0x0000025722b89e50 WorkerThread "G1 Conc#0" [stack: 0x0000007e2ae00000,0x0000007e2af00000] [id=16060]
  0x00000257447555a0 WorkerThread "G1 Conc#1" [stack: 0x0000007e2d500000,0x0000007e2d600000] [id=1988]
  0x0000025722bfd7b0 ConcurrentGCThread "G1 Refine#0" [stack: 0x0000007e2af00000,0x0000007e2b000000] [id=21892]
  0x0000025722bfde70 ConcurrentGCThread "G1 Service" [stack: 0x0000007e2b000000,0x0000007e2b100000] [id=16776]

Threads with active compile tasks:
C2 CompilerThread0    16067 3395  s    4       java.util.jar.JarFile::getInputStream (72 bytes)

VM state: not at safepoint (normal execution)

VM Mutex/Monitor currently owned by a thread: None

Heap address: 0x00000000e0000000, size: 512 MB, Compressed Oops mode: 32-bit

CDS archive(s) mapped at: [0x0000000800000000-0x0000000800ba0000-0x0000000800ba0000), size 12189696, SharedBaseAddress: 0x0000000800000000, ArchiveRelocationMode: 0.
Compressed class space mapped at: 0x0000000800c00000-0x0000000814000000, reserved size: 322961408
Narrow klass base: 0x0000000800000000, Narrow klass shift: 0, Narrow klass range: 0x100000000

GC Precious Log:
 CardTable entry size: 512
 Card Set container configuration: InlinePtr #cards 5 size 8 Array Of Cards #cards 12 size 40 Howl #buckets 4 coarsen threshold 1843 Howl Bitmap #cards 512 size 80 coarsen threshold 460 Card regions per heap region 1 cards per card region 2048
 CPUs: 8 total, 8 available
 Memory: 16161M
 Large Page Support: Disabled
 NUMA Support: Disabled
 Compressed Oops: Enabled (32-bit)
 Heap Region Size: 1M
 Heap Min Capacity: 256M
 Heap Initial Capacity: 256M
 Heap Max Capacity: 512M
 Pre-touch: Disabled
 Parallel Workers: 8
 Concurrent Workers: 2
 Concurrent Refinement Workers: 8
 Periodic GC: Disabled

Heap:
 garbage-first heap   total 262144K, used 87323K [0x00000000e0000000, 0x0000000100000000)
  region size 1024K, 74 young (75776K), 12 survivors (12288K)
 Metaspace       used 30333K, committed 31360K, reserved 380928K
  class space    used 4296K, committed 4800K, reserved 315392K

Heap Regions: E=young(eden), S=young(survivor), O=old, HS=humongous(starts), HC=humongous(continues), CS=collection set, F=free, OA=open archive, CA=closed archive, TAMS=top-at-mark-start (previous, next)
|   0|0x00000000e0000000, 0x00000000e0100000, 0x00000000e0100000|100%| O|  |TAMS 0x00000000e0100000, 0x00000000e0000000| Untracked 
|   1|0x00000000e0100000, 0x00000000e0200000, 0x00000000e0200000|100%|HS|  |TAMS 0x00000000e0200000, 0x00000000e0100000| Complete 
|   2|0x00000000e0200000, 0x00000000e0300000, 0x00000000e0300000|100%|HC|  |TAMS 0x00000000e0300000, 0x00000000e0200000| Complete 
|   3|0x00000000e0300000, 0x00000000e0400000, 0x00000000e0400000|100%|HC|  |TAMS 0x00000000e0400000, 0x00000000e0300000| Complete 
|   4|0x00000000e0400000, 0x00000000e0500000, 0x00000000e0500000|100%| O|  |TAMS 0x00000000e0500000, 0x00000000e0400000| Untracked 
|   5|0x00000000e0500000, 0x00000000e0600000, 0x00000000e0600000|100%| O|  |TAMS 0x00000000e0600000, 0x00000000e0500000| Untracked 
|   6|0x00000000e0600000, 0x00000000e0700000, 0x00000000e0700000|100%| O|  |TAMS 0x00000000e0700000, 0x00000000e0600000| Untracked 
|   7|0x00000000e0700000, 0x00000000e0800000, 0x00000000e0800000|100%|HS|  |TAMS 0x00000000e0800000, 0x00000000e0700000| Complete 
|   8|0x00000000e0800000, 0x00000000e0900000, 0x00000000e0900000|100%|HS|  |TAMS 0x00000000e0800000, 0x00000000e0800000| Complete 
|   9|0x00000000e0900000, 0x00000000e0a00000, 0x00000000e0a00000|100%| O|  |TAMS 0x00000000e0a00000, 0x00000000e0900000| Untracked 
|  10|0x00000000e0a00000, 0x00000000e0b00000, 0x00000000e0b00000|100%| O|  |TAMS 0x00000000e0b00000, 0x00000000e0a00000| Untracked 
|  11|0x00000000e0b00000, 0x00000000e0c00000, 0x00000000e0c00000|100%| O|  |TAMS 0x00000000e0c00000, 0x00000000e0b00000| Untracked 
|  12|0x00000000e0c00000, 0x00000000e0cf2e00, 0x00000000e0d00000| 94%| O|  |TAMS 0x00000000e0cf2e00, 0x00000000e0c00000| Untracked 
|  13|0x00000000e0d00000, 0x00000000e0e00000, 0x00000000e0e00000|100%|HS|  |TAMS 0x00000000e0d00000, 0x00000000e0d00000| Complete 
|  14|0x00000000e0e00000, 0x00000000e0e00000, 0x00000000e0f00000|  0%| F|  |TAMS 0x00000000e0e00000, 0x00000000e0e00000| Untracked 
|  15|0x00000000e0f00000, 0x00000000e0f00000, 0x00000000e1000000|  0%| F|  |TAMS 0x00000000e0f00000, 0x00000000e0f00000| Untracked 
|  16|0x00000000e1000000, 0x00000000e1000000, 0x00000000e1100000|  0%| F|  |TAMS 0x00000000e1000000, 0x00000000e1000000| Untracked 
|  17|0x00000000e1100000, 0x00000000e1100000, 0x00000000e1200000|  0%| F|  |TAMS 0x00000000e1100000, 0x00000000e1100000| Untracked 
|  18|0x00000000e1200000, 0x00000000e1200000, 0x00000000e1300000|  0%| F|  |TAMS 0x00000000e1200000, 0x00000000e1200000| Untracked 
|  19|0x00000000e1300000, 0x00000000e1300000, 0x00000000e1400000|  0%| F|  |TAMS 0x00000000e1300000, 0x00000000e1300000| Untracked 
|  20|0x00000000e1400000, 0x00000000e1400000, 0x00000000e1500000|  0%| F|  |TAMS 0x00000000e1400000, 0x00000000e1400000| Untracked 
|  21|0x00000000e1500000, 0x00000000e1500000, 0x00000000e1600000|  0%| F|  |TAMS 0x00000000e1500000, 0x00000000e1500000| Untracked 
|  22|0x00000000e1600000, 0x00000000e1600000, 0x00000000e1700000|  0%| F|  |TAMS 0x00000000e1600000, 0x00000000e1600000| Untracked 
|  23|0x00000000e1700000, 0x00000000e1700000, 0x00000000e1800000|  0%| F|  |TAMS 0x00000000e1700000, 0x00000000e1700000| Untracked 
|  24|0x00000000e1800000, 0x00000000e1800000, 0x00000000e1900000|  0%| F|  |TAMS 0x00000000e1800000, 0x00000000e1800000| Untracked 
|  25|0x00000000e1900000, 0x00000000e1900000, 0x00000000e1a00000|  0%| F|  |TAMS 0x00000000e1900000, 0x00000000e1900000| Untracked 
|  26|0x00000000e1a00000, 0x00000000e1a00000, 0x00000000e1b00000|  0%| F|  |TAMS 0x00000000e1a00000, 0x00000000e1a00000| Untracked 
|  27|0x00000000e1b00000, 0x00000000e1b00000, 0x00000000e1c00000|  0%| F|  |TAMS 0x00000000e1b00000, 0x00000000e1b00000| Untracked 
|  28|0x00000000e1c00000, 0x00000000e1c00000, 0x00000000e1d00000|  0%| F|  |TAMS 0x00000000e1c00000, 0x00000000e1c00000| Untracked 
|  29|0x00000000e1d00000, 0x00000000e1d00000, 0x00000000e1e00000|  0%| F|  |TAMS 0x00000000e1d00000, 0x00000000e1d00000| Untracked 
|  30|0x00000000e1e00000, 0x00000000e1e00000, 0x00000000e1f00000|  0%| F|  |TAMS 0x00000000e1e00000, 0x00000000e1e00000| Untracked 
|  31|0x00000000e1f00000, 0x00000000e1f00000, 0x00000000e2000000|  0%| F|  |TAMS 0x00000000e1f00000, 0x00000000e1f00000| Untracked 
|  32|0x00000000e2000000, 0x00000000e2000000, 0x00000000e2100000|  0%| F|  |TAMS 0x00000000e2000000, 0x00000000e2000000| Untracked 
|  33|0x00000000e2100000, 0x00000000e2100000, 0x00000000e2200000|  0%| F|  |TAMS 0x00000000e2100000, 0x00000000e2100000| Untracked 
|  34|0x00000000e2200000, 0x00000000e2200000, 0x00000000e2300000|  0%| F|  |TAMS 0x00000000e2200000, 0x00000000e2200000| Untracked 
|  35|0x00000000e2300000, 0x00000000e2300000, 0x00000000e2400000|  0%| F|  |TAMS 0x00000000e2300000, 0x00000000e2300000| Untracked 
|  36|0x00000000e2400000, 0x00000000e2400000, 0x00000000e2500000|  0%| F|  |TAMS 0x00000000e2400000, 0x00000000e2400000| Untracked 
|  37|0x00000000e2500000, 0x00000000e2500000, 0x00000000e2600000|  0%| F|  |TAMS 0x00000000e2500000, 0x00000000e2500000| Untracked 
|  38|0x00000000e2600000, 0x00000000e2600000, 0x00000000e2700000|  0%| F|  |TAMS 0x00000000e2600000, 0x00000000e2600000| Untracked 
|  39|0x00000000e2700000, 0x00000000e2700000, 0x00000000e2800000|  0%| F|  |TAMS 0x00000000e2700000, 0x00000000e2700000| Untracked 
|  40|0x00000000e2800000, 0x00000000e2800000, 0x00000000e2900000|  0%| F|  |TAMS 0x00000000e2800000, 0x00000000e2800000| Untracked 
|  41|0x00000000e2900000, 0x00000000e2900000, 0x00000000e2a00000|  0%| F|  |TAMS 0x00000000e2900000, 0x00000000e2900000| Untracked 
|  42|0x00000000e2a00000, 0x00000000e2a00000, 0x00000000e2b00000|  0%| F|  |TAMS 0x00000000e2a00000, 0x00000000e2a00000| Untracked 
|  43|0x00000000e2b00000, 0x00000000e2b00000, 0x00000000e2c00000|  0%| F|  |TAMS 0x00000000e2b00000, 0x00000000e2b00000| Untracked 
|  44|0x00000000e2c00000, 0x00000000e2c00000, 0x00000000e2d00000|  0%| F|  |TAMS 0x00000000e2c00000, 0x00000000e2c00000| Untracked 
|  45|0x00000000e2d00000, 0x00000000e2d00000, 0x00000000e2e00000|  0%| F|  |TAMS 0x00000000e2d00000, 0x00000000e2d00000| Untracked 
|  46|0x00000000e2e00000, 0x00000000e2e00000, 0x00000000e2f00000|  0%| F|  |TAMS 0x00000000e2e00000, 0x00000000e2e00000| Untracked 
|  47|0x00000000e2f00000, 0x00000000e2f00000, 0x00000000e3000000|  0%| F|  |TAMS 0x00000000e2f00000, 0x00000000e2f00000| Untracked 
|  48|0x00000000e3000000, 0x00000000e3000000, 0x00000000e3100000|  0%| F|  |TAMS 0x00000000e3000000, 0x00000000e3000000| Untracked 
|  49|0x00000000e3100000, 0x00000000e3100000, 0x00000000e3200000|  0%| F|  |TAMS 0x00000000e3100000, 0x00000000e3100000| Untracked 
|  50|0x00000000e3200000, 0x00000000e3200000, 0x00000000e3300000|  0%| F|  |TAMS 0x00000000e3200000, 0x00000000e3200000| Untracked 
|  51|0x00000000e3300000, 0x00000000e3300000, 0x00000000e3400000|  0%| F|  |TAMS 0x00000000e3300000, 0x00000000e3300000| Untracked 
|  52|0x00000000e3400000, 0x00000000e3400000, 0x00000000e3500000|  0%| F|  |TAMS 0x00000000e3400000, 0x00000000e3400000| Untracked 
|  53|0x00000000e3500000, 0x00000000e3500000, 0x00000000e3600000|  0%| F|  |TAMS 0x00000000e3500000, 0x00000000e3500000| Untracked 
|  54|0x00000000e3600000, 0x00000000e3600000, 0x00000000e3700000|  0%| F|  |TAMS 0x00000000e3600000, 0x00000000e3600000| Untracked 
|  55|0x00000000e3700000, 0x00000000e3700000, 0x00000000e3800000|  0%| F|  |TAMS 0x00000000e3700000, 0x00000000e3700000| Untracked 
|  56|0x00000000e3800000, 0x00000000e3800000, 0x00000000e3900000|  0%| F|  |TAMS 0x00000000e3800000, 0x00000000e3800000| Untracked 
|  57|0x00000000e3900000, 0x00000000e3900000, 0x00000000e3a00000|  0%| F|  |TAMS 0x00000000e3900000, 0x00000000e3900000| Untracked 
|  58|0x00000000e3a00000, 0x00000000e3a00000, 0x00000000e3b00000|  0%| F|  |TAMS 0x00000000e3a00000, 0x00000000e3a00000| Untracked 
|  59|0x00000000e3b00000, 0x00000000e3b00000, 0x00000000e3c00000|  0%| F|  |TAMS 0x00000000e3b00000, 0x00000000e3b00000| Untracked 
|  60|0x00000000e3c00000, 0x00000000e3c00000, 0x00000000e3d00000|  0%| F|  |TAMS 0x00000000e3c00000, 0x00000000e3c00000| Untracked 
|  61|0x00000000e3d00000, 0x00000000e3d00000, 0x00000000e3e00000|  0%| F|  |TAMS 0x00000000e3d00000, 0x00000000e3d00000| Untracked 
|  62|0x00000000e3e00000, 0x00000000e3e00000, 0x00000000e3f00000|  0%| F|  |TAMS 0x00000000e3e00000, 0x00000000e3e00000| Untracked 
|  63|0x00000000e3f00000, 0x00000000e3f00000, 0x00000000e4000000|  0%| F|  |TAMS 0x00000000e3f00000, 0x00000000e3f00000| Untracked 
|  64|0x00000000e4000000, 0x00000000e4000000, 0x00000000e4100000|  0%| F|  |TAMS 0x00000000e4000000, 0x00000000e4000000| Untracked 
|  65|0x00000000e4100000, 0x00000000e4100000, 0x00000000e4200000|  0%| F|  |TAMS 0x00000000e4100000, 0x00000000e4100000| Untracked 
|  66|0x00000000e4200000, 0x00000000e4200000, 0x00000000e4300000|  0%| F|  |TAMS 0x00000000e4200000, 0x00000000e4200000| Untracked 
|  67|0x00000000e4300000, 0x00000000e4300000, 0x00000000e4400000|  0%| F|  |TAMS 0x00000000e4300000, 0x00000000e4300000| Untracked 
|  68|0x00000000e4400000, 0x00000000e4400000, 0x00000000e4500000|  0%| F|  |TAMS 0x00000000e4400000, 0x00000000e4400000| Untracked 
|  69|0x00000000e4500000, 0x00000000e4500000, 0x00000000e4600000|  0%| F|  |TAMS 0x00000000e4500000, 0x00000000e4500000| Untracked 
|  70|0x00000000e4600000, 0x00000000e4600000, 0x00000000e4700000|  0%| F|  |TAMS 0x00000000e4600000, 0x00000000e4600000| Untracked 
|  71|0x00000000e4700000, 0x00000000e4700000, 0x00000000e4800000|  0%| F|  |TAMS 0x00000000e4700000, 0x00000000e4700000| Untracked 
|  72|0x00000000e4800000, 0x00000000e4800000, 0x00000000e4900000|  0%| F|  |TAMS 0x00000000e4800000, 0x00000000e4800000| Untracked 
|  73|0x00000000e4900000, 0x00000000e4900000, 0x00000000e4a00000|  0%| F|  |TAMS 0x00000000e4900000, 0x00000000e4900000| Untracked 
|  74|0x00000000e4a00000, 0x00000000e4a00000, 0x00000000e4b00000|  0%| F|  |TAMS 0x00000000e4a00000, 0x00000000e4a00000| Untracked 
|  75|0x00000000e4b00000, 0x00000000e4b00000, 0x00000000e4c00000|  0%| F|  |TAMS 0x00000000e4b00000, 0x00000000e4b00000| Untracked 
|  76|0x00000000e4c00000, 0x00000000e4c00000, 0x00000000e4d00000|  0%| F|  |TAMS 0x00000000e4c00000, 0x00000000e4c00000| Untracked 
|  77|0x00000000e4d00000, 0x00000000e4d00000, 0x00000000e4e00000|  0%| F|  |TAMS 0x00000000e4d00000, 0x00000000e4d00000| Untracked 
|  78|0x00000000e4e00000, 0x00000000e4e00000, 0x00000000e4f00000|  0%| F|  |TAMS 0x00000000e4e00000, 0x00000000e4e00000| Untracked 
|  79|0x00000000e4f00000, 0x00000000e4f00000, 0x00000000e5000000|  0%| F|  |TAMS 0x00000000e4f00000, 0x00000000e4f00000| Untracked 
|  80|0x00000000e5000000, 0x00000000e5000000, 0x00000000e5100000|  0%| F|  |TAMS 0x00000000e5000000, 0x00000000e5000000| Untracked 
|  81|0x00000000e5100000, 0x00000000e5100000, 0x00000000e5200000|  0%| F|  |TAMS 0x00000000e5100000, 0x00000000e5100000| Untracked 
|  82|0x00000000e5200000, 0x00000000e5200000, 0x00000000e5300000|  0%| F|  |TAMS 0x00000000e5200000, 0x00000000e5200000| Untracked 
|  83|0x00000000e5300000, 0x00000000e5300000, 0x00000000e5400000|  0%| F|  |TAMS 0x00000000e5300000, 0x00000000e5300000| Untracked 
|  84|0x00000000e5400000, 0x00000000e5400000, 0x00000000e5500000|  0%| F|  |TAMS 0x00000000e5400000, 0x00000000e5400000| Untracked 
|  85|0x00000000e5500000, 0x00000000e5500000, 0x00000000e5600000|  0%| F|  |TAMS 0x00000000e5500000, 0x00000000e5500000| Untracked 
|  86|0x00000000e5600000, 0x00000000e5600000, 0x00000000e5700000|  0%| F|  |TAMS 0x00000000e5600000, 0x00000000e5600000| Untracked 
|  87|0x00000000e5700000, 0x00000000e5700000, 0x00000000e5800000|  0%| F|  |TAMS 0x00000000e5700000, 0x00000000e5700000| Untracked 
|  88|0x00000000e5800000, 0x00000000e5800000, 0x00000000e5900000|  0%| F|  |TAMS 0x00000000e5800000, 0x00000000e5800000| Untracked 
|  89|0x00000000e5900000, 0x00000000e5900000, 0x00000000e5a00000|  0%| F|  |TAMS 0x00000000e5900000, 0x00000000e5900000| Untracked 
|  90|0x00000000e5a00000, 0x00000000e5a00000, 0x00000000e5b00000|  0%| F|  |TAMS 0x00000000e5a00000, 0x00000000e5a00000| Untracked 
|  91|0x00000000e5b00000, 0x00000000e5b00000, 0x00000000e5c00000|  0%| F|  |TAMS 0x00000000e5b00000, 0x00000000e5b00000| Untracked 
|  92|0x00000000e5c00000, 0x00000000e5c00000, 0x00000000e5d00000|  0%| F|  |TAMS 0x00000000e5c00000, 0x00000000e5c00000| Untracked 
|  93|0x00000000e5d00000, 0x00000000e5d00000, 0x00000000e5e00000|  0%| F|  |TAMS 0x00000000e5d00000, 0x00000000e5d00000| Untracked 
|  94|0x00000000e5e00000, 0x00000000e5e00000, 0x00000000e5f00000|  0%| F|  |TAMS 0x00000000e5e00000, 0x00000000e5e00000| Untracked 
|  95|0x00000000e5f00000, 0x00000000e5f00000, 0x00000000e6000000|  0%| F|  |TAMS 0x00000000e5f00000, 0x00000000e5f00000| Untracked 
|  96|0x00000000e6000000, 0x00000000e6000000, 0x00000000e6100000|  0%| F|  |TAMS 0x00000000e6000000, 0x00000000e6000000| Untracked 
|  97|0x00000000e6100000, 0x00000000e6100000, 0x00000000e6200000|  0%| F|  |TAMS 0x00000000e6100000, 0x00000000e6100000| Untracked 
|  98|0x00000000e6200000, 0x00000000e6200000, 0x00000000e6300000|  0%| F|  |TAMS 0x00000000e6200000, 0x00000000e6200000| Untracked 
|  99|0x00000000e6300000, 0x00000000e6300000, 0x00000000e6400000|  0%| F|  |TAMS 0x00000000e6300000, 0x00000000e6300000| Untracked 
| 100|0x00000000e6400000, 0x00000000e6400000, 0x00000000e6500000|  0%| F|  |TAMS 0x00000000e6400000, 0x00000000e6400000| Untracked 
| 101|0x00000000e6500000, 0x00000000e6500000, 0x00000000e6600000|  0%| F|  |TAMS 0x00000000e6500000, 0x00000000e6500000| Untracked 
| 102|0x00000000e6600000, 0x00000000e6600000, 0x00000000e6700000|  0%| F|  |TAMS 0x00000000e6600000, 0x00000000e6600000| Untracked 
| 103|0x00000000e6700000, 0x00000000e6700000, 0x00000000e6800000|  0%| F|  |TAMS 0x00000000e6700000, 0x00000000e6700000| Untracked 
| 104|0x00000000e6800000, 0x00000000e6800000, 0x00000000e6900000|  0%| F|  |TAMS 0x00000000e6800000, 0x00000000e6800000| Untracked 
| 105|0x00000000e6900000, 0x00000000e6900000, 0x00000000e6a00000|  0%| F|  |TAMS 0x00000000e6900000, 0x00000000e6900000| Untracked 
| 106|0x00000000e6a00000, 0x00000000e6a00000, 0x00000000e6b00000|  0%| F|  |TAMS 0x00000000e6a00000, 0x00000000e6a00000| Untracked 
| 107|0x00000000e6b00000, 0x00000000e6b00000, 0x00000000e6c00000|  0%| F|  |TAMS 0x00000000e6b00000, 0x00000000e6b00000| Untracked 
| 108|0x00000000e6c00000, 0x00000000e6c00000, 0x00000000e6d00000|  0%| F|  |TAMS 0x00000000e6c00000, 0x00000000e6c00000| Untracked 
| 109|0x00000000e6d00000, 0x00000000e6d00000, 0x00000000e6e00000|  0%| F|  |TAMS 0x00000000e6d00000, 0x00000000e6d00000| Untracked 
| 110|0x00000000e6e00000, 0x00000000e6e00000, 0x00000000e6f00000|  0%| F|  |TAMS 0x00000000e6e00000, 0x00000000e6e00000| Untracked 
| 111|0x00000000e6f00000, 0x00000000e6f00000, 0x00000000e7000000|  0%| F|  |TAMS 0x00000000e6f00000, 0x00000000e6f00000| Untracked 
| 112|0x00000000e7000000, 0x00000000e7000000, 0x00000000e7100000|  0%| F|  |TAMS 0x00000000e7000000, 0x00000000e7000000| Untracked 
| 113|0x00000000e7100000, 0x00000000e7100000, 0x00000000e7200000|  0%| F|  |TAMS 0x00000000e7100000, 0x00000000e7100000| Untracked 
| 114|0x00000000e7200000, 0x00000000e7200000, 0x00000000e7300000|  0%| F|  |TAMS 0x00000000e7200000, 0x00000000e7200000| Untracked 
| 115|0x00000000e7300000, 0x00000000e7300000, 0x00000000e7400000|  0%| F|  |TAMS 0x00000000e7300000, 0x00000000e7300000| Untracked 
| 116|0x00000000e7400000, 0x00000000e7400000, 0x00000000e7500000|  0%| F|  |TAMS 0x00000000e7400000, 0x00000000e7400000| Untracked 
| 117|0x00000000e7500000, 0x00000000e7500000, 0x00000000e7600000|  0%| F|  |TAMS 0x00000000e7500000, 0x00000000e7500000| Untracked 
| 118|0x00000000e7600000, 0x00000000e7600000, 0x00000000e7700000|  0%| F|  |TAMS 0x00000000e7600000, 0x00000000e7600000| Untracked 
| 119|0x00000000e7700000, 0x00000000e7700000, 0x00000000e7800000|  0%| F|  |TAMS 0x00000000e7700000, 0x00000000e7700000| Untracked 
| 120|0x00000000e7800000, 0x00000000e7800000, 0x00000000e7900000|  0%| F|  |TAMS 0x00000000e7800000, 0x00000000e7800000| Untracked 
| 121|0x00000000e7900000, 0x00000000e7900000, 0x00000000e7a00000|  0%| F|  |TAMS 0x00000000e7900000, 0x00000000e7900000| Untracked 
| 122|0x00000000e7a00000, 0x00000000e7a00000, 0x00000000e7b00000|  0%| F|  |TAMS 0x00000000e7a00000, 0x00000000e7a00000| Untracked 
| 123|0x00000000e7b00000, 0x00000000e7b00000, 0x00000000e7c00000|  0%| F|  |TAMS 0x00000000e7b00000, 0x00000000e7b00000| Untracked 
| 124|0x00000000e7c00000, 0x00000000e7c00000, 0x00000000e7d00000|  0%| F|  |TAMS 0x00000000e7c00000, 0x00000000e7c00000| Untracked 
| 125|0x00000000e7d00000, 0x00000000e7d00000, 0x00000000e7e00000|  0%| F|  |TAMS 0x00000000e7d00000, 0x00000000e7d00000| Untracked 
| 126|0x00000000e7e00000, 0x00000000e7e00000, 0x00000000e7f00000|  0%| F|  |TAMS 0x00000000e7e00000, 0x00000000e7e00000| Untracked 
| 127|0x00000000e7f00000, 0x00000000e7f00000, 0x00000000e8000000|  0%| F|  |TAMS 0x00000000e7f00000, 0x00000000e7f00000| Untracked 
| 128|0x00000000e8000000, 0x00000000e8000000, 0x00000000e8100000|  0%| F|  |TAMS 0x00000000e8000000, 0x00000000e8000000| Untracked 
| 129|0x00000000e8100000, 0x00000000e8100000, 0x00000000e8200000|  0%| F|  |TAMS 0x00000000e8100000, 0x00000000e8100000| Untracked 
| 130|0x00000000e8200000, 0x00000000e8200000, 0x00000000e8300000|  0%| F|  |TAMS 0x00000000e8200000, 0x00000000e8200000| Untracked 
| 131|0x00000000e8300000, 0x00000000e8300000, 0x00000000e8400000|  0%| F|  |TAMS 0x00000000e8300000, 0x00000000e8300000| Untracked 
| 132|0x00000000e8400000, 0x00000000e8400000, 0x00000000e8500000|  0%| F|  |TAMS 0x00000000e8400000, 0x00000000e8400000| Untracked 
| 133|0x00000000e8500000, 0x00000000e8500000, 0x00000000e8600000|  0%| F|  |TAMS 0x00000000e8500000, 0x00000000e8500000| Untracked 
| 134|0x00000000e8600000, 0x00000000e8600000, 0x00000000e8700000|  0%| F|  |TAMS 0x00000000e8600000, 0x00000000e8600000| Untracked 
| 135|0x00000000e8700000, 0x00000000e8700000, 0x00000000e8800000|  0%| F|  |TAMS 0x00000000e8700000, 0x00000000e8700000| Untracked 
| 136|0x00000000e8800000, 0x00000000e8800000, 0x00000000e8900000|  0%| F|  |TAMS 0x00000000e8800000, 0x00000000e8800000| Untracked 
| 137|0x00000000e8900000, 0x00000000e8900000, 0x00000000e8a00000|  0%| F|  |TAMS 0x00000000e8900000, 0x00000000e8900000| Untracked 
| 138|0x00000000e8a00000, 0x00000000e8a00000, 0x00000000e8b00000|  0%| F|  |TAMS 0x00000000e8a00000, 0x00000000e8a00000| Untracked 
| 139|0x00000000e8b00000, 0x00000000e8b00000, 0x00000000e8c00000|  0%| F|  |TAMS 0x00000000e8b00000, 0x00000000e8b00000| Untracked 
| 140|0x00000000e8c00000, 0x00000000e8c00000, 0x00000000e8d00000|  0%| F|  |TAMS 0x00000000e8c00000, 0x00000000e8c00000| Untracked 
| 141|0x00000000e8d00000, 0x00000000e8d00000, 0x00000000e8e00000|  0%| F|  |TAMS 0x00000000e8d00000, 0x00000000e8d00000| Untracked 
| 142|0x00000000e8e00000, 0x00000000e8e00000, 0x00000000e8f00000|  0%| F|  |TAMS 0x00000000e8e00000, 0x00000000e8e00000| Untracked 
| 143|0x00000000e8f00000, 0x00000000e8f540c0, 0x00000000e9000000| 32%| S|CS|TAMS 0x00000000e8f00000, 0x00000000e8f00000| Complete 
| 144|0x00000000e9000000, 0x00000000e9100000, 0x00000000e9100000|100%| S|CS|TAMS 0x00000000e9000000, 0x00000000e9000000| Complete 
| 145|0x00000000e9100000, 0x00000000e9200000, 0x00000000e9200000|100%| S|CS|TAMS 0x00000000e9100000, 0x00000000e9100000| Complete 
| 146|0x00000000e9200000, 0x00000000e9300000, 0x00000000e9300000|100%| S|CS|TAMS 0x00000000e9200000, 0x00000000e9200000| Complete 
| 147|0x00000000e9300000, 0x00000000e9400000, 0x00000000e9400000|100%| S|CS|TAMS 0x00000000e9300000, 0x00000000e9300000| Complete 
| 148|0x00000000e9400000, 0x00000000e9500000, 0x00000000e9500000|100%| S|CS|TAMS 0x00000000e9400000, 0x00000000e9400000| Complete 
| 149|0x00000000e9500000, 0x00000000e9600000, 0x00000000e9600000|100%| S|CS|TAMS 0x00000000e9500000, 0x00000000e9500000| Complete 
| 150|0x00000000e9600000, 0x00000000e9700000, 0x00000000e9700000|100%| S|CS|TAMS 0x00000000e9600000, 0x00000000e9600000| Complete 
| 151|0x00000000e9700000, 0x00000000e9800000, 0x00000000e9800000|100%| S|CS|TAMS 0x00000000e9700000, 0x00000000e9700000| Complete 
| 152|0x00000000e9800000, 0x00000000e9900000, 0x00000000e9900000|100%| S|CS|TAMS 0x00000000e9800000, 0x00000000e9800000| Complete 
| 153|0x00000000e9900000, 0x00000000e9a00000, 0x00000000e9a00000|100%| S|CS|TAMS 0x00000000e9900000, 0x00000000e9900000| Complete 
| 154|0x00000000e9a00000, 0x00000000e9b00000, 0x00000000e9b00000|100%| S|CS|TAMS 0x00000000e9a00000, 0x00000000e9a00000| Complete 
| 155|0x00000000e9b00000, 0x00000000e9b00000, 0x00000000e9c00000|  0%| F|  |TAMS 0x00000000e9b00000, 0x00000000e9b00000| Untracked 
| 156|0x00000000e9c00000, 0x00000000e9c00000, 0x00000000e9d00000|  0%| F|  |TAMS 0x00000000e9c00000, 0x00000000e9c00000| Untracked 
| 157|0x00000000e9d00000, 0x00000000e9d00000, 0x00000000e9e00000|  0%| F|  |TAMS 0x00000000e9d00000, 0x00000000e9d00000| Untracked 
| 158|0x00000000e9e00000, 0x00000000e9e00000, 0x00000000e9f00000|  0%| F|  |TAMS 0x00000000e9e00000, 0x00000000e9e00000| Untracked 
| 159|0x00000000e9f00000, 0x00000000e9f00000, 0x00000000ea000000|  0%| F|  |TAMS 0x00000000e9f00000, 0x00000000e9f00000| Untracked 
| 160|0x00000000ea000000, 0x00000000ea000000, 0x00000000ea100000|  0%| F|  |TAMS 0x00000000ea000000, 0x00000000ea000000| Untracked 
| 161|0x00000000ea100000, 0x00000000ea100000, 0x00000000ea200000|  0%| F|  |TAMS 0x00000000ea100000, 0x00000000ea100000| Untracked 
| 162|0x00000000ea200000, 0x00000000ea200000, 0x00000000ea300000|  0%| F|  |TAMS 0x00000000ea200000, 0x00000000ea200000| Untracked 
| 163|0x00000000ea300000, 0x00000000ea300000, 0x00000000ea400000|  0%| F|  |TAMS 0x00000000ea300000, 0x00000000ea300000| Untracked 
| 164|0x00000000ea400000, 0x00000000ea400000, 0x00000000ea500000|  0%| F|  |TAMS 0x00000000ea400000, 0x00000000ea400000| Untracked 
| 165|0x00000000ea500000, 0x00000000ea500000, 0x00000000ea600000|  0%| F|  |TAMS 0x00000000ea500000, 0x00000000ea500000| Untracked 
| 166|0x00000000ea600000, 0x00000000ea600000, 0x00000000ea700000|  0%| F|  |TAMS 0x00000000ea600000, 0x00000000ea600000| Untracked 
| 167|0x00000000ea700000, 0x00000000ea700000, 0x00000000ea800000|  0%| F|  |TAMS 0x00000000ea700000, 0x00000000ea700000| Untracked 
| 168|0x00000000ea800000, 0x00000000ea800000, 0x00000000ea900000|  0%| F|  |TAMS 0x00000000ea800000, 0x00000000ea800000| Untracked 
| 169|0x00000000ea900000, 0x00000000ea900000, 0x00000000eaa00000|  0%| F|  |TAMS 0x00000000ea900000, 0x00000000ea900000| Untracked 
| 170|0x00000000eaa00000, 0x00000000eaa00000, 0x00000000eab00000|  0%| F|  |TAMS 0x00000000eaa00000, 0x00000000eaa00000| Untracked 
| 171|0x00000000eab00000, 0x00000000eab00000, 0x00000000eac00000|  0%| F|  |TAMS 0x00000000eab00000, 0x00000000eab00000| Untracked 
| 172|0x00000000eac00000, 0x00000000eac00000, 0x00000000ead00000|  0%| F|  |TAMS 0x00000000eac00000, 0x00000000eac00000| Untracked 
| 173|0x00000000ead00000, 0x00000000ead00000, 0x00000000eae00000|  0%| F|  |TAMS 0x00000000ead00000, 0x00000000ead00000| Untracked 
| 174|0x00000000eae00000, 0x00000000eae00000, 0x00000000eaf00000|  0%| F|  |TAMS 0x00000000eae00000, 0x00000000eae00000| Untracked 
| 175|0x00000000eaf00000, 0x00000000eaf00000, 0x00000000eb000000|  0%| F|  |TAMS 0x00000000eaf00000, 0x00000000eaf00000| Untracked 
| 176|0x00000000eb000000, 0x00000000eb000000, 0x00000000eb100000|  0%| F|  |TAMS 0x00000000eb000000, 0x00000000eb000000| Untracked 
| 177|0x00000000eb100000, 0x00000000eb100000, 0x00000000eb200000|  0%| F|  |TAMS 0x00000000eb100000, 0x00000000eb100000| Untracked 
| 178|0x00000000eb200000, 0x00000000eb200000, 0x00000000eb300000|  0%| F|  |TAMS 0x00000000eb200000, 0x00000000eb200000| Untracked 
| 179|0x00000000eb300000, 0x00000000eb300000, 0x00000000eb400000|  0%| F|  |TAMS 0x00000000eb300000, 0x00000000eb300000| Untracked 
| 180|0x00000000eb400000, 0x00000000eb400000, 0x00000000eb500000|  0%| F|  |TAMS 0x00000000eb400000, 0x00000000eb400000| Untracked 
| 181|0x00000000eb500000, 0x00000000eb500000, 0x00000000eb600000|  0%| F|  |TAMS 0x00000000eb500000, 0x00000000eb500000| Untracked 
| 182|0x00000000eb600000, 0x00000000eb600000, 0x00000000eb700000|  0%| F|  |TAMS 0x00000000eb600000, 0x00000000eb600000| Untracked 
| 183|0x00000000eb700000, 0x00000000eb700000, 0x00000000eb800000|  0%| F|  |TAMS 0x00000000eb700000, 0x00000000eb700000| Untracked 
| 184|0x00000000eb800000, 0x00000000eb800000, 0x00000000eb900000|  0%| F|  |TAMS 0x00000000eb800000, 0x00000000eb800000| Untracked 
| 185|0x00000000eb900000, 0x00000000eb900000, 0x00000000eba00000|  0%| F|  |TAMS 0x00000000eb900000, 0x00000000eb900000| Untracked 
| 186|0x00000000eba00000, 0x00000000eba00000, 0x00000000ebb00000|  0%| F|  |TAMS 0x00000000eba00000, 0x00000000eba00000| Untracked 
| 187|0x00000000ebb00000, 0x00000000ebb00000, 0x00000000ebc00000|  0%| F|  |TAMS 0x00000000ebb00000, 0x00000000ebb00000| Untracked 
| 188|0x00000000ebc00000, 0x00000000ebc00000, 0x00000000ebd00000|  0%| F|  |TAMS 0x00000000ebc00000, 0x00000000ebc00000| Untracked 
| 189|0x00000000ebd00000, 0x00000000ebd00000, 0x00000000ebe00000|  0%| F|  |TAMS 0x00000000ebd00000, 0x00000000ebd00000| Untracked 
| 190|0x00000000ebe00000, 0x00000000ebe00000, 0x00000000ebf00000|  0%| F|  |TAMS 0x00000000ebe00000, 0x00000000ebe00000| Untracked 
| 191|0x00000000ebf00000, 0x00000000ebf00000, 0x00000000ec000000|  0%| F|  |TAMS 0x00000000ebf00000, 0x00000000ebf00000| Untracked 
| 192|0x00000000ec000000, 0x00000000ec000000, 0x00000000ec100000|  0%| F|  |TAMS 0x00000000ec000000, 0x00000000ec000000| Untracked 
| 193|0x00000000ec100000, 0x00000000ec100000, 0x00000000ec200000|  0%| F|  |TAMS 0x00000000ec100000, 0x00000000ec100000| Untracked 
| 194|0x00000000ec200000, 0x00000000ec280800, 0x00000000ec300000| 50%| E|  |TAMS 0x00000000ec200000, 0x00000000ec200000| Complete 
| 195|0x00000000ec300000, 0x00000000ec400000, 0x00000000ec400000|100%| E|CS|TAMS 0x00000000ec300000, 0x00000000ec300000| Complete 
| 196|0x00000000ec400000, 0x00000000ec500000, 0x00000000ec500000|100%| E|CS|TAMS 0x00000000ec400000, 0x00000000ec400000| Complete 
| 197|0x00000000ec500000, 0x00000000ec600000, 0x00000000ec600000|100%| E|CS|TAMS 0x00000000ec500000, 0x00000000ec500000| Complete 
| 198|0x00000000ec600000, 0x00000000ec700000, 0x00000000ec700000|100%| E|CS|TAMS 0x00000000ec600000, 0x00000000ec600000| Complete 
| 199|0x00000000ec700000, 0x00000000ec800000, 0x00000000ec800000|100%| E|CS|TAMS 0x00000000ec700000, 0x00000000ec700000| Complete 
| 200|0x00000000ec800000, 0x00000000ec900000, 0x00000000ec900000|100%| E|CS|TAMS 0x00000000ec800000, 0x00000000ec800000| Complete 
| 201|0x00000000ec900000, 0x00000000eca00000, 0x00000000eca00000|100%| E|CS|TAMS 0x00000000ec900000, 0x00000000ec900000| Complete 
| 202|0x00000000eca00000, 0x00000000ecb00000, 0x00000000ecb00000|100%| E|CS|TAMS 0x00000000eca00000, 0x00000000eca00000| Complete 
| 203|0x00000000ecb00000, 0x00000000ecc00000, 0x00000000ecc00000|100%| E|CS|TAMS 0x00000000ecb00000, 0x00000000ecb00000| Complete 
| 204|0x00000000ecc00000, 0x00000000ecd00000, 0x00000000ecd00000|100%| E|CS|TAMS 0x00000000ecc00000, 0x00000000ecc00000| Complete 
| 205|0x00000000ecd00000, 0x00000000ece00000, 0x00000000ece00000|100%| E|CS|TAMS 0x00000000ecd00000, 0x00000000ecd00000| Complete 
| 206|0x00000000ece00000, 0x00000000ecf00000, 0x00000000ecf00000|100%| E|CS|TAMS 0x00000000ece00000, 0x00000000ece00000| Complete 
| 207|0x00000000ecf00000, 0x00000000ed000000, 0x00000000ed000000|100%| E|CS|TAMS 0x00000000ecf00000, 0x00000000ecf00000| Complete 
| 208|0x00000000ed000000, 0x00000000ed100000, 0x00000000ed100000|100%| E|CS|TAMS 0x00000000ed000000, 0x00000000ed000000| Complete 
| 209|0x00000000ed100000, 0x00000000ed200000, 0x00000000ed200000|100%| E|CS|TAMS 0x00000000ed100000, 0x00000000ed100000| Complete 
| 210|0x00000000ed200000, 0x00000000ed300000, 0x00000000ed300000|100%| E|CS|TAMS 0x00000000ed200000, 0x00000000ed200000| Complete 
| 211|0x00000000ed300000, 0x00000000ed400000, 0x00000000ed400000|100%| E|CS|TAMS 0x00000000ed300000, 0x00000000ed300000| Complete 
| 212|0x00000000ed400000, 0x00000000ed500000, 0x00000000ed500000|100%| E|CS|TAMS 0x00000000ed400000, 0x00000000ed400000| Complete 
| 213|0x00000000ed500000, 0x00000000ed600000, 0x00000000ed600000|100%| E|CS|TAMS 0x00000000ed500000, 0x00000000ed500000| Complete 
| 214|0x00000000ed600000, 0x00000000ed700000, 0x00000000ed700000|100%| E|CS|TAMS 0x00000000ed600000, 0x00000000ed600000| Complete 
| 215|0x00000000ed700000, 0x00000000ed800000, 0x00000000ed800000|100%| E|CS|TAMS 0x00000000ed700000, 0x00000000ed700000| Complete 
| 216|0x00000000ed800000, 0x00000000ed900000, 0x00000000ed900000|100%| E|CS|TAMS 0x00000000ed800000, 0x00000000ed800000| Complete 
| 217|0x00000000ed900000, 0x00000000eda00000, 0x00000000eda00000|100%| E|CS|TAMS 0x00000000ed900000, 0x00000000ed900000| Complete 
| 218|0x00000000eda00000, 0x00000000edb00000, 0x00000000edb00000|100%| E|CS|TAMS 0x00000000eda00000, 0x00000000eda00000| Complete 
| 219|0x00000000edb00000, 0x00000000edc00000, 0x00000000edc00000|100%| E|CS|TAMS 0x00000000edb00000, 0x00000000edb00000| Complete 
| 220|0x00000000edc00000, 0x00000000edd00000, 0x00000000edd00000|100%| E|CS|TAMS 0x00000000edc00000, 0x00000000edc00000| Complete 
| 221|0x00000000edd00000, 0x00000000ede00000, 0x00000000ede00000|100%| E|CS|TAMS 0x00000000edd00000, 0x00000000edd00000| Complete 
| 222|0x00000000ede00000, 0x00000000edf00000, 0x00000000edf00000|100%| E|CS|TAMS 0x00000000ede00000, 0x00000000ede00000| Complete 
| 223|0x00000000edf00000, 0x00000000ee000000, 0x00000000ee000000|100%| E|CS|TAMS 0x00000000edf00000, 0x00000000edf00000| Complete 
| 224|0x00000000ee000000, 0x00000000ee100000, 0x00000000ee100000|100%| E|CS|TAMS 0x00000000ee000000, 0x00000000ee000000| Complete 
| 225|0x00000000ee100000, 0x00000000ee200000, 0x00000000ee200000|100%| E|CS|TAMS 0x00000000ee100000, 0x00000000ee100000| Complete 
| 226|0x00000000ee200000, 0x00000000ee300000, 0x00000000ee300000|100%| E|CS|TAMS 0x00000000ee200000, 0x00000000ee200000| Complete 
| 227|0x00000000ee300000, 0x00000000ee400000, 0x00000000ee400000|100%| E|CS|TAMS 0x00000000ee300000, 0x00000000ee300000| Complete 
| 228|0x00000000ee400000, 0x00000000ee500000, 0x00000000ee500000|100%| E|CS|TAMS 0x00000000ee400000, 0x00000000ee400000| Complete 
| 229|0x00000000ee500000, 0x00000000ee600000, 0x00000000ee600000|100%| E|CS|TAMS 0x00000000ee500000, 0x00000000ee500000| Complete 
| 230|0x00000000ee600000, 0x00000000ee700000, 0x00000000ee700000|100%| E|CS|TAMS 0x00000000ee600000, 0x00000000ee600000| Complete 
| 231|0x00000000ee700000, 0x00000000ee800000, 0x00000000ee800000|100%| E|  |TAMS 0x00000000ee700000, 0x00000000ee700000| Complete 
| 232|0x00000000ee800000, 0x00000000ee900000, 0x00000000ee900000|100%| E|CS|TAMS 0x00000000ee800000, 0x00000000ee800000| Complete 
| 233|0x00000000ee900000, 0x00000000eea00000, 0x00000000eea00000|100%| E|CS|TAMS 0x00000000ee900000, 0x00000000ee900000| Complete 
| 234|0x00000000eea00000, 0x00000000eeb00000, 0x00000000eeb00000|100%| E|CS|TAMS 0x00000000eea00000, 0x00000000eea00000| Complete 
| 235|0x00000000eeb00000, 0x00000000eec00000, 0x00000000eec00000|100%| E|CS|TAMS 0x00000000eeb00000, 0x00000000eeb00000| Complete 
| 236|0x00000000eec00000, 0x00000000eed00000, 0x00000000eed00000|100%| E|CS|TAMS 0x00000000eec00000, 0x00000000eec00000| Complete 
| 237|0x00000000eed00000, 0x00000000eee00000, 0x00000000eee00000|100%| E|CS|TAMS 0x00000000eed00000, 0x00000000eed00000| Complete 
| 238|0x00000000eee00000, 0x00000000eef00000, 0x00000000eef00000|100%| E|CS|TAMS 0x00000000eee00000, 0x00000000eee00000| Complete 
| 239|0x00000000eef00000, 0x00000000ef000000, 0x00000000ef000000|100%| E|CS|TAMS 0x00000000eef00000, 0x00000000eef00000| Complete 
| 240|0x00000000ef000000, 0x00000000ef100000, 0x00000000ef100000|100%| E|CS|TAMS 0x00000000ef000000, 0x00000000ef000000| Complete 
| 241|0x00000000ef100000, 0x00000000ef200000, 0x00000000ef200000|100%| E|CS|TAMS 0x00000000ef100000, 0x00000000ef100000| Complete 
| 242|0x00000000ef200000, 0x00000000ef300000, 0x00000000ef300000|100%| E|CS|TAMS 0x00000000ef200000, 0x00000000ef200000| Complete 
| 243|0x00000000ef300000, 0x00000000ef400000, 0x00000000ef400000|100%| E|CS|TAMS 0x00000000ef300000, 0x00000000ef300000| Complete 
| 244|0x00000000ef400000, 0x00000000ef500000, 0x00000000ef500000|100%| E|CS|TAMS 0x00000000ef400000, 0x00000000ef400000| Complete 
| 245|0x00000000ef500000, 0x00000000ef600000, 0x00000000ef600000|100%| E|CS|TAMS 0x00000000ef500000, 0x00000000ef500000| Complete 
| 246|0x00000000ef600000, 0x00000000ef700000, 0x00000000ef700000|100%| E|CS|TAMS 0x00000000ef600000, 0x00000000ef600000| Complete 
| 247|0x00000000ef700000, 0x00000000ef800000, 0x00000000ef800000|100%| E|CS|TAMS 0x00000000ef700000, 0x00000000ef700000| Complete 
| 248|0x00000000ef800000, 0x00000000ef900000, 0x00000000ef900000|100%| E|CS|TAMS 0x00000000ef800000, 0x00000000ef800000| Complete 
| 249|0x00000000ef900000, 0x00000000efa00000, 0x00000000efa00000|100%| E|CS|TAMS 0x00000000ef900000, 0x00000000ef900000| Complete 
| 250|0x00000000efa00000, 0x00000000efb00000, 0x00000000efb00000|100%| E|CS|TAMS 0x00000000efa00000, 0x00000000efa00000| Complete 
| 251|0x00000000efb00000, 0x00000000efc00000, 0x00000000efc00000|100%| E|CS|TAMS 0x00000000efb00000, 0x00000000efb00000| Complete 
| 252|0x00000000efc00000, 0x00000000efd00000, 0x00000000efd00000|100%| E|CS|TAMS 0x00000000efc00000, 0x00000000efc00000| Complete 
| 253|0x00000000efd00000, 0x00000000efe00000, 0x00000000efe00000|100%| E|CS|TAMS 0x00000000efd00000, 0x00000000efd00000| Complete 
| 254|0x00000000efe00000, 0x00000000eff00000, 0x00000000eff00000|100%| E|CS|TAMS 0x00000000efe00000, 0x00000000efe00000| Complete 
| 255|0x00000000eff00000, 0x00000000f0000000, 0x00000000f0000000|100%| E|CS|TAMS 0x00000000eff00000, 0x00000000eff00000| Complete 

Card table byte_map: [0x00000257398a0000,0x00000257399a0000] _byte_map_base: 0x00000257391a0000

Marking Bits (Prev, Next): (CMBitMap*) 0x0000025722b84dc0, (CMBitMap*) 0x0000025722b84d80
 Prev Bits: [0x000002573a2a0000, 0x000002573aaa0000)
 Next Bits: [0x0000025739aa0000, 0x000002573a2a0000)

Polling page: 0x0000025722300000

Metaspace:

Usage:
  Non-class:     25.46 MB used.
      Class:      4.20 MB used.
       Both:     29.66 MB used.

Virtual space:
  Non-class space:       64.00 MB reserved,      26.00 MB ( 41%) committed,  1 nodes.
      Class space:      308.00 MB reserved,       4.69 MB (  2%) committed,  1 nodes.
             Both:      372.00 MB reserved,      30.69 MB (  8%) committed. 

Chunk freelists:
   Non-Class:  1.23 MB
       Class:  3.31 MB
        Both:  4.55 MB

MaxMetaspaceSize: 384.00 MB
CompressedClassSpaceSize: 308.00 MB
Initial GC threshold: 21.00 MB
Current GC threshold: 35.25 MB
CDS: on
MetaspaceReclaimPolicy: balanced
 - commit_granule_bytes: 65536.
 - commit_granule_words: 8192.
 - virtual_space_node_default_size: 8388608.
 - enlarge_chunks_in_place: 1.
 - new_chunks_are_fully_committed: 0.
 - uncommit_free_chunks: 1.
 - use_allocation_guard: 0.


Internal statistics:

num_allocs_failed_limit: 3.
num_arena_births: 1718.
num_arena_deaths: 0.
num_vsnodes_births: 2.
num_vsnodes_deaths: 0.
num_space_committed: 491.
num_space_uncommitted: 0.
num_chunks_returned_to_freelist: 3.
num_chunks_taken_from_freelist: 3085.
num_chunk_merges: 3.
num_chunk_splits: 2004.
num_chunks_enlarged: 1243.
num_inconsistent_stats: 0.

CodeHeap 'non-profiled nmethods': size=120000Kb used=1890Kb max_used=1890Kb free=118109Kb
 bounds [0x0000025731f40000, 0x00000257321b0000, 0x0000025739470000]
CodeHeap 'profiled nmethods': size=120000Kb used=7098Kb max_used=7098Kb free=112901Kb
 bounds [0x000002572aa10000, 0x000002572b100000, 0x0000025731f40000]
CodeHeap 'non-nmethods': size=5760Kb used=1287Kb max_used=1341Kb free=4472Kb
 bounds [0x000002572a470000, 0x000002572a6e0000, 0x000002572aa10000]
 total_blobs=3981 nmethods=3403 adapters=490
 compilation: enabled
              stopped_count=0, restarted_count=0
 full_count=0

Compilation events (20 events):
Event: 15.551 Thread 0x000002573d4a76b0 3386       3       java.lang.invoke.DirectMethodHandle$Holder::newInvokeSpecial (20 bytes)
Event: 15.552 Thread 0x000002573d4a76b0 nmethod 3386 0x000002572b0f7810 code [0x000002572b0f7a00, 0x000002572b0f80e8]
Event: 15.557 Thread 0x000002573d4a76b0 3388       1       java.lang.invoke.MethodHandle::internalForm (5 bytes)
Event: 15.557 Thread 0x000002573d4a76b0 nmethod 3388 0x000002573210b090 code [0x000002573210b220, 0x000002573210b2f8]
Event: 15.565 Thread 0x000002573d4a76b0 3389       3       java.util.stream.Sink$ChainedReference::cancellationRequested (10 bytes)
Event: 15.565 Thread 0x000002573d4a76b0 nmethod 3389 0x000002572b0f8290 code [0x000002572b0f8440, 0x000002572b0f8608]
Event: 15.585 Thread 0x000002573d4a76b0 3390       3       java.lang.Module::isStaticallyExportedOrOpen (70 bytes)
Event: 15.586 Thread 0x000002573d4a76b0 nmethod 3390 0x000002572b0f8710 code [0x000002572b0f8920, 0x000002572b0f9018]
Event: 15.615 Thread 0x000002573d4a6dc0 3391   !   4       jdk.internal.loader.URLClassPath$JarLoader::checkResource (78 bytes)
Event: 15.662 Thread 0x000002573d4a6dc0 nmethod 3391 0x000002573210b390 code [0x000002573210b5a0, 0x000002573210bc40]
Event: 15.960 Thread 0x000002573d4a76b0 3394       3       com.google.common.base.MoreObjects::firstNonNull (22 bytes)
Event: 15.960 Thread 0x000002573d4a76b0 nmethod 3394 0x000002572b0f9190 code [0x000002572b0f9340, 0x000002572b0f95a8]
Event: 15.966 Thread 0x000002573d4a6dc0 3395  s    4       java.util.jar.JarFile::getInputStream (72 bytes)
Event: 15.981 Thread 0x000002573d4a76b0 3401  s    3       java.io.BufferedOutputStream::write (67 bytes)
Event: 15.982 Thread 0x000002573d4a76b0 nmethod 3401 0x000002572b0f9690 code [0x000002572b0f98a0, 0x000002572b0fa018]
Event: 15.982 Thread 0x000002573d4a76b0 3402       3       java.lang.invoke.MethodHandleNatives::staticArgumentsPulled (5 bytes)
Event: 15.982 Thread 0x000002573d4a76b0 nmethod 3402 0x000002572b0fa210 code [0x000002572b0fa3a0, 0x000002572b0fa598]
Event: 15.982 Thread 0x000002573d4a76b0 3403       3       java.lang.invoke.ConstantCallSite::<init> (17 bytes)
Event: 15.984 Thread 0x000002573d4a76b0 nmethod 3403 0x000002572b0fa610 code [0x000002572b0fa800, 0x000002572b0fad88]
Event: 15.984 Thread 0x000002573d4a76b0 3408   !   3       java.lang.invoke.BootstrapMethodInvoker::invoke (974 bytes)

GC Heap History (8 events):
Event: 0.848 GC heap before
{Heap before GC invocations=0 (full 0):
 garbage-first heap   total 262144K, used 22528K [0x00000000e0000000, 0x0000000100000000)
  region size 1024K, 23 young (23552K), 0 survivors (0K)
 Metaspace       used 1053K, committed 1216K, reserved 380928K
  class space    used 72K, committed 128K, reserved 315392K
}
Event: 0.852 GC heap after
{Heap after GC invocations=1 (full 0):
 garbage-first heap   total 262144K, used 3800K [0x00000000e0000000, 0x0000000100000000)
  region size 1024K, 3 young (3072K), 3 survivors (3072K)
 Metaspace       used 1053K, committed 1216K, reserved 380928K
  class space    used 72K, committed 128K, reserved 315392K
}
Event: 3.530 GC heap before
{Heap before GC invocations=1 (full 0):
 garbage-first heap   total 262144K, used 38616K [0x00000000e0000000, 0x0000000100000000)
  region size 1024K, 35 young (35840K), 3 survivors (3072K)
 Metaspace       used 4299K, committed 4480K, reserved 380928K
  class space    used 528K, committed 640K, reserved 315392K
}
Event: 3.534 GC heap after
{Heap after GC invocations=2 (full 0):
 garbage-first heap   total 262144K, used 11369K [0x00000000e0000000, 0x0000000100000000)
  region size 1024K, 5 young (5120K), 5 survivors (5120K)
 Metaspace       used 4299K, committed 4480K, reserved 380928K
  class space    used 528K, committed 640K, reserved 315392K
}
Event: 4.974 GC heap before
{Heap before GC invocations=2 (full 0):
 garbage-first heap   total 262144K, used 60521K [0x00000000e0000000, 0x0000000100000000)
  region size 1024K, 51 young (52224K), 5 survivors (5120K)
 Metaspace       used 4819K, committed 5056K, reserved 380928K
  class space    used 616K, committed 704K, reserved 315392K
}
Event: 4.981 GC heap after
{Heap after GC invocations=3 (full 0):
 garbage-first heap   total 262144K, used 16917K [0x00000000e0000000, 0x0000000100000000)
  region size 1024K, 5 young (5120K), 5 survivors (5120K)
 Metaspace       used 4819K, committed 5056K, reserved 380928K
  class space    used 616K, committed 704K, reserved 315392K
}
Event: 12.287 GC heap before
{Heap before GC invocations=3 (full 0):
 garbage-first heap   total 262144K, used 114197K [0x00000000e0000000, 0x0000000100000000)
  region size 1024K, 101 young (103424K), 5 survivors (5120K)
 Metaspace       used 20857K, committed 21504K, reserved 380928K
  class space    used 3025K, committed 3392K, reserved 315392K
}
Event: 12.296 GC heap after
{Heap after GC invocations=4 (full 0):
 garbage-first heap   total 262144K, used 23835K [0x00000000e0000000, 0x0000000100000000)
  region size 1024K, 12 young (12288K), 12 survivors (12288K)
 Metaspace       used 20857K, committed 21504K, reserved 380928K
  class space    used 3025K, committed 3392K, reserved 315392K
}

Deoptimization events (20 events):
Event: 15.606 Thread 0x0000025741b23ca0 Uncommon trap: trap_request=0xffffff45 fr.pc=0x0000025731fc8284 relative=0x0000000000000e84
Event: 15.606 Thread 0x0000025741b23ca0 Uncommon trap: reason=unstable_if action=reinterpret pc=0x0000025731fc8284 method=sun.nio.fs.WindowsPathParser.normalize(Ljava/lang/StringBuilder;Ljava/lang/String;I)Ljava/lang/String; @ 100 c2
Event: 15.606 Thread 0x0000025741b23ca0 DEOPT PACKING pc=0x0000025731fc8284 sp=0x0000007e2c9fb4a0
Event: 15.606 Thread 0x0000025741b23ca0 DEOPT UNPACKING pc=0x000002572a4c5c23 sp=0x0000007e2c9fb490 mode 2
Event: 15.607 Thread 0x0000025741b23ca0 Uncommon trap: trap_request=0xffffff45 fr.pc=0x00000257320e2508 relative=0x0000000000000548
Event: 15.607 Thread 0x0000025741b23ca0 Uncommon trap: reason=unstable_if action=reinterpret pc=0x00000257320e2508 method=sun.security.provider.SHA2.implReset()V @ 8 c2
Event: 15.607 Thread 0x0000025741b23ca0 DEOPT PACKING pc=0x00000257320e2508 sp=0x0000007e2c9fbb00
Event: 15.607 Thread 0x0000025741b23ca0 DEOPT UNPACKING pc=0x000002572a4c5c23 sp=0x0000007e2c9fba18 mode 2
Event: 15.607 Thread 0x0000025741b23ca0 Uncommon trap: trap_request=0xffffff45 fr.pc=0x00000257320e6d10 relative=0x0000000000000550
Event: 15.607 Thread 0x0000025741b23ca0 Uncommon trap: reason=unstable_if action=reinterpret pc=0x00000257320e6d10 method=sun.security.provider.SHA2.implReset()V @ 8 c2
Event: 15.607 Thread 0x0000025741b23ca0 DEOPT PACKING pc=0x00000257320e6d10 sp=0x0000007e2c9fbda0
Event: 15.607 Thread 0x0000025741b23ca0 DEOPT UNPACKING pc=0x000002572a4c5c23 sp=0x0000007e2c9fbbd8 mode 2
Event: 15.923 Thread 0x0000025741b23ca0 Uncommon trap: trap_request=0xffffff45 fr.pc=0x00000257320b6804 relative=0x00000000000003a4
Event: 15.923 Thread 0x0000025741b23ca0 Uncommon trap: reason=unstable_if action=reinterpret pc=0x00000257320b6804 method=jdk.internal.org.objectweb.asm.MethodWriter.visitFieldInsn(ILjava/lang/String;Ljava/lang/String;Ljava/lang/String;)V @ 223 c2
Event: 15.923 Thread 0x0000025741b23ca0 DEOPT PACKING pc=0x00000257320b6804 sp=0x0000007e2c9fa900
Event: 15.923 Thread 0x0000025741b23ca0 DEOPT UNPACKING pc=0x000002572a4c5c23 sp=0x0000007e2c9fa880 mode 2
Event: 15.962 Thread 0x0000025743270680 Uncommon trap: trap_request=0xffffffde fr.pc=0x00000257320e7d60 relative=0x00000000000001c0
Event: 15.962 Thread 0x0000025743270680 Uncommon trap: reason=class_check action=maybe_recompile pc=0x00000257320e7d60 method=java.security.MessageDigest$Delegate.engineDigest()[B @ 4 c2
Event: 15.962 Thread 0x0000025743270680 DEOPT PACKING pc=0x00000257320e7d60 sp=0x0000007e2d2fe890
Event: 15.962 Thread 0x0000025743270680 DEOPT UNPACKING pc=0x000002572a4c5c23 sp=0x0000007e2d2fe7d8 mode 2

Classes loaded (20 events):
Event: 15.376 Loading class java/util/concurrent/CancellationException
Event: 15.376 Loading class java/util/concurrent/CancellationException done
Event: 15.467 Loading class java/util/concurrent/locks/AbstractQueuedSynchronizer$SharedNode
Event: 15.469 Loading class java/util/concurrent/locks/AbstractQueuedSynchronizer$SharedNode done
Event: 15.540 Loading class java/io/InterruptedIOException
Event: 15.540 Loading class java/io/InterruptedIOException done
Event: 15.556 Loading class java/util/ArrayDeque$DeqSpliterator
Event: 15.557 Loading class java/util/ArrayDeque$DeqSpliterator done
Event: 15.605 Loading class java/nio/file/FileAlreadyExistsException
Event: 15.605 Loading class java/nio/file/FileAlreadyExistsException done
Event: 15.605 Loading class java/nio/file/TempFileHelper
Event: 15.606 Loading class java/nio/file/TempFileHelper done
Event: 15.607 Loading class sun/nio/fs/WindowsChannelFactory$2
Event: 15.607 Loading class sun/nio/fs/WindowsChannelFactory$2 done
Event: 15.687 Loading class com/sun/crypto/provider/AESCipher$General
Event: 15.687 Loading class com/sun/crypto/provider/AESCipher
Event: 15.687 Loading class com/sun/crypto/provider/AESCipher done
Event: 15.687 Loading class com/sun/crypto/provider/AESCipher$General done
Event: 15.687 Loading class com/sun/crypto/provider/CounterMode
Event: 15.688 Loading class com/sun/crypto/provider/CounterMode done

Classes unloaded (0 events):
No events

Classes redefined (0 events):
No events

Internal exceptions (20 events):
Event: 12.863 Thread 0x0000025741b23ca0 Exception <a 'java/lang/NoSuchMethodError'{0x00000000eee246c8}: 'java.lang.Object java.lang.invoke.DirectMethodHandle$Holder.invokeSpecial(java.lang.Object, java.lang.Object, java.lang.Object, java.lang.Object, java.lang.Object, java.lang.Object, java.lang.Object, java.lang.Object, java.lang.Object, java.lang.Object, java.lang.Object, java.lang.Object, java.lang.Object, java.lang.Object)'> (0x00000000eee246c8) 
thrown [s\open\src\hotspot\share\interpreter\linkResolver.cpp, line 759]
Event: 12.921 Thread 0x0000025741b23ca0 Exception <a 'java/lang/NoSuchMethodError'{0x00000000eedb69c8}: 'void java.lang.invoke.DirectMethodHandle$Holder.invokeStaticInit(java.lang.Object, java.lang.Object)'> (0x00000000eedb69c8) 
thrown [s\open\src\hotspot\share\interpreter\linkResolver.cpp, line 759]
Event: 13.480 Thread 0x0000025741b23ca0 Exception <a 'sun/nio/fs/WindowsException'{0x00000000ee327798}> (0x00000000ee327798) 
thrown [s\open\src\hotspot\share\prims\jni.cpp, line 516]
Event: 13.512 Thread 0x0000025741b23ca0 Exception <a 'java/lang/NoSuchMethodError'{0x00000000ee367c98}: 'java.lang.Object java.lang.invoke.Invokers$Holder.linkToTargetMethod(java.lang.Object, java.lang.Object, java.lang.Object, java.lang.Object, int, java.lang.Object, java.lang.Object)'> (0x00000000ee367c98) 
thrown [s\open\src\hotspot\share\interpreter\linkResolver.cpp, line 759]
Event: 13.687 Thread 0x0000025741b23ca0 Implicit null exception at 0x00000257320e0c59 to 0x00000257320e1534
Event: 13.720 Thread 0x0000025741b23ca0 Exception <a 'java/lang/NoSuchMethodError'{0x00000000ee20e1a0}: 'java.lang.Object java.lang.invoke.DirectMethodHandle$Holder.newInvokeSpecial(java.lang.Object, java.lang.Object, java.lang.Object, java.lang.Object, java.lang.Object, java.lang.Object, java.lang.Object, int)'> (0x00000000ee20e1a0) 
thrown [s\open\src\hotspot\share\interpreter\linkResolver.cpp, line 759]
Event: 13.721 Thread 0x0000025741b23ca0 Exception <a 'java/lang/NoSuchMethodError'{0x00000000ee213a48}: 'java.lang.Object java.lang.invoke.DirectMethodHandle$Holder.invokeSpecial(java.lang.Object, java.lang.Object, java.lang.Object, java.lang.Object, java.lang.Object, java.lang.Object, java.lang.Object, java.lang.Object, int)'> (0x00000000ee213a48) 
thrown [s\open\src\hotspot\share\interpreter\linkResolver.cpp, line 759]
Event: 13.721 Thread 0x0000025741b23ca0 Exception <a 'java/lang/NoSuchMethodError'{0x00000000ee218a60}: 'java.lang.Object java.lang.invoke.Invokers$Holder.linkToTargetMethod(java.lang.Object, java.lang.Object, java.lang.Object, java.lang.Object, java.lang.Object, java.lang.Object, int, java.lang.Object)'> (0x00000000ee218a60) 
thrown [s\open\src\hotspot\share\interpreter\linkResolver.cpp, line 759]
Event: 13.957 Thread 0x0000025741b23ca0 Exception <a 'java/lang/NoSuchMethodError'{0x00000000edf144a8}: 'java.lang.Object java.lang.invoke.Invokers$Holder.linkToTargetMethod(java.lang.Object, java.lang.Object, java.lang.Object, java.lang.Object, java.lang.Object, java.lang.Object, java.lang.Object, java.lang.Object, java.lang.Object, java.lang.Object)'> (0x00000000edf144a8) 
thrown [s\open\src\hotspot\share\interpreter\linkResolver.cpp, line 759]
Event: 14.086 Thread 0x0000025741b23ca0 Exception <a 'java/lang/NoSuchMethodError'{0x00000000edee4ad0}: 'java.lang.Object java.lang.invoke.DirectMethodHandle$Holder.newInvokeSpecial(java.lang.Object, java.lang.Object, java.lang.Object, java.lang.Object, java.lang.Object, java.lang.Object, java.lang.Object, java.lang.Object, java.lang.Object, java.lang.Object, java.lang.Object, java.lang.Object, java.lang.Object, java.lang.Object, java.lang.Object, java.lang.Object)'> (0x00000000edee4ad0) 
thrown [s\open\src\hotspot\share\interpreter\linkResolver
Event: 14.088 Thread 0x0000025741b23ca0 Exception <a 'java/lang/NoSuchMethodError'{0x00000000edeead10}: 'java.lang.Object java.lang.invoke.DirectMethodHandle$Holder.invokeSpecial(java.lang.Object, java.lang.Object, java.lang.Object, java.lang.Object, java.lang.Object, java.lang.Object, java.lang.Object, java.lang.Object, java.lang.Object, java.lang.Object, java.lang.Object, java.lang.Object, java.lang.Object, java.lang.Object, java.lang.Object, java.lang.Object, java.lang.Object)'> (0x00000000edeead10) 
thrown [s\open\src\hotspot\share\interpret
Event: 14.200 Thread 0x0000025741b23ca0 Exception <a 'java/lang/NoSuchMethodError'{0x00000000edb04a98}: 'void java.lang.invoke.DirectMethodHandle$Holder.invokeStaticInit(java.lang.Object, java.lang.Object, java.lang.Object, java.lang.Object)'> (0x00000000edb04a98) 
thrown [s\open\src\hotspot\share\interpreter\linkResolver.cpp, line 759]
Event: 15.546 Thread 0x0000025741b23ca0 Exception <a 'java/lang/NoSuchMethodError'{0x00000000ec838ce0}: 'int java.lang.invoke.DirectMethodHandle$Holder.invokeVirtual(java.lang.Object, java.lang.Object)'> (0x00000000ec838ce0) 
thrown [s\open\src\hotspot\share\interpreter\linkResolver.cpp, line 759]
Event: 15.605 Thread 0x0000025741b23ca0 Exception <a 'sun/nio/fs/WindowsException'{0x00000000ec742ae0}> (0x00000000ec742ae0) 
thrown [s\open\src\hotspot\share\prims\jni.cpp, line 516]
Event: 15.607 Thread 0x0000025741b23ca0 Implicit null exception at 0x00000257320e2087 to 0x00000257320e24d0
Event: 15.607 Thread 0x0000025741b23ca0 Implicit null exception at 0x00000257320e686b to 0x00000257320e6ce4
Event: 15.627 Thread 0x0000025741b23ca0 Exception <a 'sun/nio/fs/WindowsException'{0x00000000ec74de80}> (0x00000000ec74de80) 
thrown [s\open\src\hotspot\share\prims\jni.cpp, line 516]
Event: 15.924 Thread 0x0000025741b23ca0 Exception <a 'java/lang/NoSuchMethodError'{0x00000000ec5ae3a8}: 'java.lang.Object java.lang.invoke.DirectMethodHandle$Holder.newInvokeSpecial(java.lang.Object, java.lang.Object, long)'> (0x00000000ec5ae3a8) 
thrown [s\open\src\hotspot\share\interpreter\linkResolver.cpp, line 759]
Event: 15.925 Thread 0x0000025741b23ca0 Exception <a 'java/lang/NoSuchMethodError'{0x00000000ec5b2470}: 'java.lang.Object java.lang.invoke.Invokers$Holder.linkToTargetMethod(java.lang.Object, long, java.lang.Object)'> (0x00000000ec5b2470) 
thrown [s\open\src\hotspot\share\interpreter\linkResolver.cpp, line 759]
Event: 15.994 Thread 0x0000025741b23ca0 Exception <a 'java/lang/NoSuchMethodError'{0x00000000ec4d1cc0}: 'int java.lang.invoke.DirectMethodHandle$Holder.invokeInterface(java.lang.Object, java.lang.Object)'> (0x00000000ec4d1cc0) 
thrown [s\open\src\hotspot\share\interpreter\linkResolver.cpp, line 759]

VM Operations (20 events):
Event: 13.400 Executing VM operation: HandshakeAllThreads
Event: 13.400 Executing VM operation: HandshakeAllThreads done
Event: 13.485 Executing VM operation: HandshakeAllThreads
Event: 13.485 Executing VM operation: HandshakeAllThreads done
Event: 13.497 Executing VM operation: HandshakeAllThreads
Event: 13.497 Executing VM operation: HandshakeAllThreads done
Event: 13.499 Executing VM operation: HandshakeAllThreads
Event: 13.499 Executing VM operation: HandshakeAllThreads done
Event: 13.919 Executing VM operation: HandshakeAllThreads
Event: 13.939 Executing VM operation: HandshakeAllThreads done
Event: 14.274 Executing VM operation: HandshakeAllThreads
Event: 14.274 Executing VM operation: HandshakeAllThreads done
Event: 14.278 Executing VM operation: HandshakeAllThreads
Event: 14.278 Executing VM operation: HandshakeAllThreads done
Event: 14.698 Executing VM operation: HandshakeAllThreads
Event: 14.698 Executing VM operation: HandshakeAllThreads done
Event: 14.698 Executing VM operation: Cleanup
Event: 14.698 Executing VM operation: Cleanup done
Event: 15.701 Executing VM operation: Cleanup
Event: 15.701 Executing VM operation: Cleanup done

Events (20 events):
Event: 8.964 Thread 0x0000025741b23ca0 Thread added: 0x0000025741b23ca0
Event: 9.027 Thread 0x0000025743270b50 Thread added: 0x0000025743270b50
Event: 9.034 Thread 0x000002574326f810 Thread added: 0x000002574326f810
Event: 9.039 Thread 0x000002574326e9a0 Thread added: 0x000002574326e9a0
Event: 10.230 Thread 0x000002574326fce0 Thread added: 0x000002574326fce0
Event: 10.249 Thread 0x0000025743272360 Thread added: 0x0000025743272360
Event: 10.315 Thread 0x000002574326ee70 Thread added: 0x000002574326ee70
Event: 10.793 Thread 0x0000025743322050 Thread added: 0x0000025743322050
Event: 11.974 Thread 0x00000257432714f0 Thread added: 0x00000257432714f0
Event: 12.235 Thread 0x0000025743270680 Thread added: 0x0000025743270680
Event: 12.307 Thread 0x0000025743271020 Thread added: 0x0000025743271020
Event: 12.749 Thread 0x00000257432719c0 Thread added: 0x00000257432719c0
Event: 13.424 Thread 0x0000025743322050 Thread exited: 0x0000025743322050
Event: 13.756 Thread 0x000002574456a020 Thread added: 0x000002574456a020
Event: 13.807 Thread 0x0000025742925f00 Thread added: 0x0000025742925f00
Event: 14.133 Thread 0x0000025742925f00 Thread exited: 0x0000025742925f00
Event: 14.286 Thread 0x000002574456a020 Thread exited: 0x000002574456a020
Event: 14.433 Thread 0x000002574326f340 Thread added: 0x000002574326f340
Event: 15.467 Thread 0x0000025743271e90 Thread added: 0x0000025743271e90
Event: 15.544 Thread 0x000002574193bf70 Thread added: 0x000002574193bf70


Dynamic libraries:
0x00007ff66c5b0000 - 0x00007ff66c5c0000 	C:\Program Files\Java\jdk-18.0.2\bin\java.exe
0x00007ff93f990000 - 0x00007ff93fba7000 	C:\WINDOWS\SYSTEM32\ntdll.dll
0x00007ff8ead30000 - 0x00007ff8ead4a000 	C:\Program Files\Avast Software\Avast\aswhook.dll
0x00007ff93e1b0000 - 0x00007ff93e274000 	C:\WINDOWS\System32\KERNEL32.DLL
0x00007ff93cdb0000 - 0x00007ff93d169000 	C:\WINDOWS\System32\KERNELBASE.dll
0x00007ff93d520000 - 0x00007ff93d631000 	C:\WINDOWS\System32\ucrtbase.dll
0x00007ff927a00000 - 0x00007ff927a1a000 	C:\Program Files\Java\jdk-18.0.2\bin\VCRUNTIME140.dll
0x00007ff928880000 - 0x00007ff928898000 	C:\Program Files\Java\jdk-18.0.2\bin\jli.dll
0x00007ff93eab0000 - 0x00007ff93eb62000 	C:\WINDOWS\System32\ADVAPI32.dll
0x00007ff93e100000 - 0x00007ff93e1a7000 	C:\WINDOWS\System32\msvcrt.dll
0x00007ff93eb70000 - 0x00007ff93ec17000 	C:\WINDOWS\System32\sechost.dll
0x00007ff93d2d0000 - 0x00007ff93d2f8000 	C:\WINDOWS\System32\bcrypt.dll
0x00007ff93f830000 - 0x00007ff93f944000 	C:\WINDOWS\System32\RPCRT4.dll
0x00007ff93e7a0000 - 0x00007ff93e94e000 	C:\WINDOWS\System32\USER32.dll
0x00007ff93d4f0000 - 0x00007ff93d516000 	C:\WINDOWS\System32\win32u.dll
0x00007ff926600000 - 0x00007ff926892000 	C:\WINDOWS\WinSxS\amd64_microsoft.windows.common-controls_6595b64144ccf1df_6.0.22621.4391_none_2715d37f73803e96\COMCTL32.dll
0x00007ff93e5b0000 - 0x00007ff93e5d9000 	C:\WINDOWS\System32\GDI32.dll
0x00007ff93cc90000 - 0x00007ff93cdab000 	C:\WINDOWS\System32\gdi32full.dll
0x00007ff93d230000 - 0x00007ff93d2ca000 	C:\WINDOWS\System32\msvcp_win.dll
0x00007ff92d6b0000 - 0x00007ff92d6ba000 	C:\WINDOWS\SYSTEM32\VERSION.dll
0x00007ff93e4b0000 - 0x00007ff93e4e1000 	C:\WINDOWS\System32\IMM32.DLL
0x00007ff9288b0000 - 0x00007ff9288bc000 	C:\Program Files\Java\jdk-18.0.2\bin\vcruntime140_1.dll
0x00007ff910ce0000 - 0x00007ff910d6d000 	C:\Program Files\Java\jdk-18.0.2\bin\msvcp140.dll
0x00007ff8c7ab0000 - 0x00007ff8c86c1000 	C:\Program Files\Java\jdk-18.0.2\bin\server\jvm.dll
0x00007ff93d6b0000 - 0x00007ff93d6b8000 	C:\WINDOWS\System32\PSAPI.DLL
0x00007ff91de20000 - 0x00007ff91de29000 	C:\WINDOWS\SYSTEM32\WSOCK32.dll
0x00007ff933fe0000 - 0x00007ff934014000 	C:\WINDOWS\SYSTEM32\WINMM.dll
0x00007ff93e430000 - 0x00007ff93e4a1000 	C:\WINDOWS\System32\WS2_32.dll
0x00007ff93bc90000 - 0x00007ff93bca8000 	C:\WINDOWS\SYSTEM32\kernel.appcore.dll
0x00007ff927970000 - 0x00007ff92797a000 	C:\Program Files\Java\jdk-18.0.2\bin\jimage.dll
0x00007ff92c0a0000 - 0x00007ff92c2d2000 	C:\WINDOWS\SYSTEM32\DBGHELP.DLL
0x00007ff93ec20000 - 0x00007ff93efaf000 	C:\WINDOWS\System32\combase.dll
0x00007ff93db80000 - 0x00007ff93dc57000 	C:\WINDOWS\System32\OLEAUT32.dll
0x00007ff92bfa0000 - 0x00007ff92bfd2000 	C:\WINDOWS\SYSTEM32\dbgcore.DLL
0x00007ff93d300000 - 0x00007ff93d37b000 	C:\WINDOWS\System32\bcryptPrimitives.dll
0x00007ff927960000 - 0x00007ff92796e000 	C:\Program Files\Java\jdk-18.0.2\bin\instrument.dll
0x00007ff926fc0000 - 0x00007ff926fe5000 	C:\Program Files\Java\jdk-18.0.2\bin\java.dll
0x00007ff90efd0000 - 0x00007ff90f0a6000 	C:\Program Files\Java\jdk-18.0.2\bin\jsvml.dll
0x00007ff93efb0000 - 0x00007ff93f826000 	C:\WINDOWS\System32\SHELL32.dll
0x00007ff93ab80000 - 0x00007ff93b483000 	C:\WINDOWS\SYSTEM32\windows.storage.dll
0x00007ff93aa40000 - 0x00007ff93ab7f000 	C:\WINDOWS\SYSTEM32\wintypes.dll
0x00007ff93d6c0000 - 0x00007ff93d7b9000 	C:\WINDOWS\System32\SHCORE.dll
0x00007ff93d820000 - 0x00007ff93d87e000 	C:\WINDOWS\System32\shlwapi.dll
0x00007ff93cbc0000 - 0x00007ff93cbeb000 	C:\WINDOWS\SYSTEM32\profapi.dll
0x00007ff925980000 - 0x00007ff925998000 	C:\Program Files\Java\jdk-18.0.2\bin\zip.dll
0x00007ff925960000 - 0x00007ff925973000 	C:\Program Files\Java\jdk-18.0.2\bin\net.dll
0x00007ff934af0000 - 0x00007ff934c26000 	C:\WINDOWS\SYSTEM32\WINHTTP.dll
0x00007ff93c100000 - 0x00007ff93c169000 	C:\WINDOWS\system32\mswsock.dll
0x00007ff91f9c0000 - 0x00007ff91f9d6000 	C:\Program Files\Java\jdk-18.0.2\bin\nio.dll
0x00007ff926fb0000 - 0x00007ff926fc0000 	C:\Program Files\Java\jdk-18.0.2\bin\verify.dll
0x00007ff927ad0000 - 0x00007ff927af7000 	C:\Gradle\gradle-8.11\bin\native\c067742578af261105cb4f569cf0c3c89f3d7b1fecec35dd04571415982c5e48\windows-amd64\native-platform.dll
0x00007ff8f07b0000 - 0x00007ff8f08f4000 	C:\Gradle\gradle-8.11\bin\native\100fb08df4bc3b14c8652ba06237920a3bd2aa13389f12d3474272988ae205f9\windows-amd64\native-platform-file-events.dll
0x00007ff925950000 - 0x00007ff925959000 	C:\Program Files\Java\jdk-18.0.2\bin\management.dll
0x00007ff9219e0000 - 0x00007ff9219eb000 	C:\Program Files\Java\jdk-18.0.2\bin\management_ext.dll
0x00007ff93c450000 - 0x00007ff93c46b000 	C:\WINDOWS\SYSTEM32\CRYPTSP.dll
0x00007ff93bbf0000 - 0x00007ff93bc25000 	C:\WINDOWS\system32\rsaenh.dll
0x00007ff93c1a0000 - 0x00007ff93c1c8000 	C:\WINDOWS\SYSTEM32\USERENV.dll
0x00007ff93c430000 - 0x00007ff93c43c000 	C:\WINDOWS\SYSTEM32\CRYPTBASE.dll
0x00007ff93b6f0000 - 0x00007ff93b71d000 	C:\WINDOWS\SYSTEM32\IPHLPAPI.DLL
0x00007ff93d950000 - 0x00007ff93d959000 	C:\WINDOWS\System32\NSI.dll
0x00007ff934e00000 - 0x00007ff934e19000 	C:\WINDOWS\SYSTEM32\dhcpcsvc6.DLL
0x00007ff934de0000 - 0x00007ff934dff000 	C:\WINDOWS\SYSTEM32\dhcpcsvc.DLL
0x00007ff93b760000 - 0x00007ff93b862000 	C:\WINDOWS\SYSTEM32\DNSAPI.dll

dbghelp: loaded successfully - version: 4.0.5 - missing functions: none
symbol engine: initialized successfully - sym options: 0x614 - pdb path: .;C:\Program Files\Java\jdk-18.0.2\bin;C:\WINDOWS\SYSTEM32;C:\Program Files\Avast Software\Avast;C:\WINDOWS\WinSxS\amd64_microsoft.windows.common-controls_6595b64144ccf1df_6.0.22621.4391_none_2715d37f73803e96;C:\Program Files\Java\jdk-18.0.2\bin\server;C:\Gradle\gradle-8.11\bin\native\c067742578af261105cb4f569cf0c3c89f3d7b1fecec35dd04571415982c5e48\windows-amd64;C:\Gradle\gradle-8.11\bin\native\100fb08df4bc3b14c8652ba06237920a3bd2aa13389f12d3474272988ae205f9\windows-amd64

VM Arguments:
jvm_args: --add-opens=java.base/java.lang=ALL-UNNAMED --add-opens=java.base/java.lang.invoke=ALL-UNNAMED --add-opens=java.base/java.util=ALL-UNNAMED --add-opens=java.prefs/java.util.prefs=ALL-UNNAMED --add-exports=jdk.compiler/com.sun.tools.javac.api=ALL-UNNAMED --add-exports=jdk.compiler/com.sun.tools.javac.util=ALL-UNNAMED --add-opens=java.base/java.util=ALL-UNNAMED --add-opens=java.prefs/java.util.prefs=ALL-UNNAMED --add-opens=java.base/java.nio.charset=ALL-UNNAMED --add-opens=java.base/java.net=ALL-UNNAMED --add-opens=java.base/java.util.concurrent.atomic=ALL-UNNAMED --add-opens=java.xml/javax.xml.namespace=ALL-UNNAMED -XX:MaxMetaspaceSize=384m -XX:+HeapDumpOnOutOfMemoryError -Xms256m -Xmx512m -Dfile.encoding=UTF-8 -Duser.country=UA -Duser.language=uk -Duser.variant -javaagent:C:\Gradle\gradle-8.11\bin\wrapper\dists\gradle-8.11-bin\c4te04g51qsyw1bxcb929u7br\gradle-8.11\lib\agents\gradle-instrumentation-agent-8.11.jar 
java_command: org.gradle.launcher.daemon.bootstrap.GradleDaemon 8.11
java_class_path (initial): C:\Gradle\gradle-8.11\bin\wrapper\dists\gradle-8.11-bin\c4te04g51qsyw1bxcb929u7br\gradle-8.11\lib\gradle-daemon-main-8.11.jar
Launcher Type: SUN_STANDARD

[Global flags]
     intx CICompilerCount                          = 4                                         {product} {ergonomic}
   size_t CompressedClassSpaceSize                 = 322961408                                 {product} {ergonomic}
     uint ConcGCThreads                            = 2                                         {product} {ergonomic}
     uint G1ConcRefinementThreads                  = 8                                         {product} {ergonomic}
   size_t G1HeapRegionSize                         = 1048576                                   {product} {ergonomic}
    uintx GCDrainStackTargetSize                   = 64                                        {product} {ergonomic}
     bool HeapDumpOnOutOfMemoryError               = true                                   {manageable} {command line}
   size_t InitialHeapSize                          = 268435456                                 {product} {command line}
   size_t MarkStackSize                            = 4194304                                   {product} {ergonomic}
   size_t MaxHeapSize                              = 536870912                                 {product} {command line}
   size_t MaxMetaspaceSize                         = 402653184                                 {product} {command line}
   size_t MaxNewSize                               = 321912832                                 {product} {ergonomic}
   size_t MinHeapDeltaBytes                        = 1048576                                   {product} {ergonomic}
   size_t MinHeapSize                              = 268435456                                 {product} {command line}
    uintx NonNMethodCodeHeapSize                   = 5839372                                {pd product} {ergonomic}
    uintx NonProfiledCodeHeapSize                  = 122909434                              {pd product} {ergonomic}
    uintx ProfiledCodeHeapSize                     = 122909434                              {pd product} {ergonomic}
    uintx ReservedCodeCacheSize                    = 251658240                              {pd product} {ergonomic}
     bool SegmentedCodeCache                       = true                                      {product} {ergonomic}
   size_t SoftMaxHeapSize                          = 536870912                              {manageable} {ergonomic}
     bool UseCompressedClassPointers               = true                           {product lp64_product} {ergonomic}
     bool UseCompressedOops                        = true                           {product lp64_product} {ergonomic}
     bool UseG1GC                                  = true                                      {product} {ergonomic}
     bool UseLargePagesIndividualAllocation        = false                                  {pd product} {ergonomic}

Logging:
Log output configuration:
 #0: stdout all=warning uptime,level,tags foldmultilines=false
 #1: stderr all=off uptime,level,tags foldmultilines=false

Environment Variables:
JAVA_HOME=C:\Program Files\Java\jdk-18.0.2
PATH=C:\Program Files\Common Files\Oracle\Java\javapath;C:\Program Files (x86)\apache-maven-3.8.6\bin;C:\Program Files\dotnet\;C:\WINDOWS\system32;C:\WINDOWS;C:\WINDOWS\System32\Wbem;C:\WINDOWS\System32\WindowsPowerShell\v1.0\;C:\WINDOWS\System32\OpenSSH\;C:\Program Files\MySQL\MySQL Server 8.0\bin;C:\Program Files\nodejs\;C:\ProgramData\chocolatey\bin;C:\Program Files (x86)\Common Files\Acronis\SnapAPI\;C:\Program Files\Git\cmd;C:\Program Files\Docker\Docker\resources\bin;C:\Users\Viktoriya\AppData\Local\Programs\Python\Python313\Scripts\;C:\Users\Viktoriya\AppData\Local\Programs\Python\Python313\;C:\Program Files\MySQL\MySQL Shell 8.0\bin\;C:\Users\Viktoriya\AppData\Local\Microsoft\WindowsApps;D:\IntelliJ IDEA Educational Edition 2022.1.3\bin;;C:\Users\Viktoriya\AppData\Local\Programs\Microsoft VS Code\bin;D:\program files\Jet Brains\IntelliJ IDEA Community Edition 2022.3.2\bin;;D:\program files\IntelliJ IDEA 2019.3.4\bin;;C:\Users\Viktoriya\AppData\Roaming\npm;D:\program files\PyCharm Community Edition 2024.2.4\bin;;C:\Gradle\gradle-8.11\bin;
USERNAME=Viktoriya
OS=Windows_NT
PROCESSOR_IDENTIFIER=Intel64 Family 6 Model 126 Stepping 5, GenuineIntel



---------------  S Y S T E M  ---------------

OS:
 Windows 11 , 64 bit Build 22621 (10.0.22621.4391)
OS uptime: 1 days 2:20 hours
Hyper-V role detected

CPU: total 8 (initial active 8) (4 cores per cpu, 2 threads per core) family 6 model 126 stepping 5 microcode 0x86, cx8, cmov, fxsr, ht, mmx, 3dnowpref, sse, sse2, sse3, ssse3, sse4.1, sse4.2, popcnt, lzcnt, tsc, tscinvbit, avx, avx2, aes, erms, clmul, bmi1, bmi2, adx, avx512f, avx512dq, avx512cd, avx512bw, avx512vl, sha, fma, vzeroupper, avx512_vpopcntdq, avx512_vpclmulqdq, avx512_vaes, avx512_vnni, clflush, clflushopt, avx512_vbmi2, avx512_vbmi, hv

Memory: 4k page, system-wide physical 16161M (3139M free)
TotalPageFile size 18209M (AvailPageFile size 5M)
current process WorkingSet (physical memory assigned to process): 236M, peak: 262M
current process commit charge ("private bytes"): 418M, peak: 443M

vm_info: Java HotSpot(TM) 64-Bit Server VM (18.0.2+9-61) for windows-amd64 JRE (18.0.2+9-61), built on Jun  7 2022 13:09:01 by "mach5one" with MS VC++ 16.8 / 16.9 (VS2019)

END.
