#
# There is insufficient memory for the Java Runtime Environment to continue.
# Native memory allocation (malloc) failed to allocate 1188720 bytes for Chunk::new
# Possible reasons:
#   The system is out of physical RAM or swap space
#   The process is running with CompressedOops enabled, and the Java Heap may be blocking the growth of the native heap
# Possible solutions:
#   Reduce memory load on the system
#   Increase physical memory or swap space
#   Check if swap backing store is full
#   Decrease Java heap size (-Xmx/-Xms)
#   Decrease number of Java threads
#   Decrease Java thread stack sizes (-Xss)
#   Set larger code cache with -XX:ReservedCodeCacheSize=
#   JVM is running with Unscaled Compressed Oops mode in which the Java heap is
#     placed in the first 4GB address space. The Java Heap base address is the
#     maximum limit for the native heap growth. Please use -XX:HeapBaseMinAddress
#     to set the Java Heap base and to place the Java Heap above 4GB virtual address.
# This output file may be truncated or incomplete.
#
#  Out of Memory Error (arena.cpp:184), pid=3012, tid=17184
#
# JRE version: Java(TM) SE Runtime Environment (18.0.2+9) (build 18.0.2+9-61)
# Java VM: Java HotSpot(TM) 64-Bit Server VM (18.0.2+9-61, mixed mode, sharing, tiered, compressed oops, compressed class ptrs, g1 gc, windows-amd64)
# No core dump will be written. Minidumps are not enabled by default on client versions of Windows
#

---------------  S U M M A R Y ------------

Command Line: --add-opens=java.base/java.lang=ALL-UNNAMED --add-opens=java.base/java.lang.invoke=ALL-UNNAMED --add-opens=java.base/java.util=ALL-UNNAMED --add-opens=java.prefs/java.util.prefs=ALL-UNNAMED --add-exports=jdk.compiler/com.sun.tools.javac.api=ALL-UNNAMED --add-exports=jdk.compiler/com.sun.tools.javac.util=ALL-UNNAMED --add-opens=java.base/java.util=ALL-UNNAMED --add-opens=java.prefs/java.util.prefs=ALL-UNNAMED --add-opens=java.base/java.nio.charset=ALL-UNNAMED --add-opens=java.base/java.net=ALL-UNNAMED --add-opens=java.base/java.util.concurrent.atomic=ALL-UNNAMED --add-opens=java.xml/javax.xml.namespace=ALL-UNNAMED -XX:MaxMetaspaceSize=384m -XX:+HeapDumpOnOutOfMemoryError -Xms256m -Xmx512m -Dfile.encoding=UTF-8 -Duser.country=UA -Duser.language=uk -Duser.variant -javaagent:C:\Gradle\gradle-8.11\lib\agents\gradle-instrumentation-agent-8.11.jar org.gradle.launcher.daemon.bootstrap.GradleDaemon 8.11

Host: Intel(R) Core(TM) i5-1035G1 CPU @ 1.00GHz, 8 cores, 15G,  Windows 11 , 64 bit Build 22621 (10.0.22621.4391)
Time: Wed Dec 11 22:37:41 2024  Windows 11 , 64 bit Build 22621 (10.0.22621.4391) elapsed time: 10.749070 seconds (0d 0h 0m 10s)

---------------  T H R E A D  ---------------

Current thread (0x000001797db45130):  JavaThread "C2 CompilerThread0" daemon [_thread_in_native, id=17184, stack(0x000000079e700000,0x000000079e800000)]


Current CompileTask:
C2:  10749 2302       4       java.lang.invoke.MethodType::makeImpl (109 bytes)

Stack: [0x000000079e700000,0x000000079e800000]
Native frames: (J=compiled Java code, j=interpreted, Vv=VM code, C=native code)
V  [jvm.dll+0x6993ca]
V  [jvm.dll+0x7f481d]
V  [jvm.dll+0x7f612e]
V  [jvm.dll+0x7f67e3]
V  [jvm.dll+0x25cdaf]
V  [jvm.dll+0xb8c2f]
V  [jvm.dll+0xb8fa5]
V  [jvm.dll+0x3860cb]
V  [jvm.dll+0x34fd01]
V  [jvm.dll+0x34f19a]
V  [jvm.dll+0x22ff51]
V  [jvm.dll+0x22f321]
V  [jvm.dll+0x1ba01c]
V  [jvm.dll+0x23ec9a]
V  [jvm.dll+0x23cf85]
V  [jvm.dll+0x7a6e21]
V  [jvm.dll+0x7a125a]
V  [jvm.dll+0x698275]
C  [ucrtbase.dll+0x29333]
C  [KERNEL32.DLL+0x1259d]
C  [ntdll.dll+0x5af38]


---------------  P R O C E S S  ---------------

Threads class SMR info:
_java_thread_list=0x000001791ba31270, length=22, elements={
0x0000017979a77290, 0x000001797db29730, 0x000001797db2a0d0, 0x000001797db42870,
0x000001797db43120, 0x000001797db43ac0, 0x000001797db44460, 0x000001797db45130,
0x000001797db45b10, 0x000001797db49420, 0x000001791ac37820, 0x000001791ad58530,
0x000001797dba34a0, 0x000001791ad395c0, 0x000001791b96daa0, 0x000001791adcda00,
0x000001791bba6430, 0x000001791b944bd0, 0x000001791b592410, 0x000001791b595430,
0x000001791b5928e0, 0x000001791b594f60
}

Java Threads: ( => current thread )
  0x0000017979a77290 JavaThread "main" [_thread_blocked, id=24076, stack(0x000000079d900000,0x000000079da00000)]
  0x000001797db29730 JavaThread "Reference Handler" daemon [_thread_blocked, id=22496, stack(0x000000079e000000,0x000000079e100000)]
  0x000001797db2a0d0 JavaThread "Finalizer" daemon [_thread_blocked, id=18988, stack(0x000000079e100000,0x000000079e200000)]
  0x000001797db42870 JavaThread "Signal Dispatcher" daemon [_thread_blocked, id=8472, stack(0x000000079e300000,0x000000079e400000)]
  0x000001797db43120 JavaThread "Attach Listener" daemon [_thread_blocked, id=18384, stack(0x000000079e400000,0x000000079e500000)]
  0x000001797db43ac0 JavaThread "Service Thread" daemon [_thread_blocked, id=18268, stack(0x000000079e500000,0x000000079e600000)]
  0x000001797db44460 JavaThread "Monitor Deflation Thread" daemon [_thread_blocked, id=24508, stack(0x000000079e600000,0x000000079e700000)]
=>0x000001797db45130 JavaThread "C2 CompilerThread0" daemon [_thread_in_native, id=17184, stack(0x000000079e700000,0x000000079e800000)]
  0x000001797db45b10 JavaThread "C1 CompilerThread0" daemon [_thread_in_native, id=21872, stack(0x000000079e800000,0x000000079e900000)]
  0x000001797db49420 JavaThread "Sweeper thread" daemon [_thread_blocked, id=596, stack(0x000000079e900000,0x000000079ea00000)]
  0x000001791ac37820 JavaThread "Common-Cleaner" daemon [_thread_blocked, id=15016, stack(0x000000079ea00000,0x000000079eb00000)]
  0x000001791ad58530 JavaThread "Notification Thread" daemon [_thread_blocked, id=24264, stack(0x000000079eb00000,0x000000079ec00000)]
  0x000001797dba34a0 JavaThread "Daemon health stats" [_thread_blocked, id=22304, stack(0x000000079ed00000,0x000000079ee00000)]
  0x000001791ad395c0 JavaThread "Incoming local TCP Connector on port 54208" [_thread_in_native, id=10944, stack(0x000000079f300000,0x000000079f400000)]
  0x000001791b96daa0 JavaThread "Daemon" [_thread_blocked, id=20904, stack(0x000000079f400000,0x000000079f500000)]
  0x000001791adcda00 JavaThread "Daemon periodic checks" [_thread_blocked, id=9032, stack(0x000000079f500000,0x000000079f600000)]
  0x000001791bba6430 JavaThread "Handler for socket connection from /127.0.0.1:54208 to /127.0.0.1:54209" [_thread_in_native, id=22336, stack(0x000000079f600000,0x000000079f700000)]
  0x000001791b944bd0 JavaThread "Cancel handler" [_thread_blocked, id=14408, stack(0x000000079f700000,0x000000079f800000)]
  0x000001791b592410 JavaThread "Daemon worker" [_thread_in_Java, id=9384, stack(0x000000079f800000,0x000000079f900000)]
  0x000001791b595430 JavaThread "Asynchronous log dispatcher for DefaultDaemonConnection: socket connection from /127.0.0.1:54208 to /127.0.0.1:54209" [_thread_blocked, id=20744, stack(0x000000079f900000,0x000000079fa00000)]
  0x000001791b5928e0 JavaThread "Stdin handler" [_thread_blocked, id=21188, stack(0x000000079fa00000,0x000000079fb00000)]
  0x000001791b594f60 JavaThread "Daemon client event forwarder" [_thread_blocked, id=22864, stack(0x000000079fb00000,0x000000079fc00000)]

Other Threads:
  0x000001797db26570 VMThread "VM Thread" [stack: 0x000000079df00000,0x000000079e000000] [id=23696]
  0x0000017979a77e30 WatcherThread "VM Periodic Task Thread" [stack: 0x000000079ec00000,0x000000079ed00000] [id=19688]
  0x0000017979aa80f0 WorkerThread "GC Thread#0" [stack: 0x000000079da00000,0x000000079db00000] [id=20248]
  0x000001791b0d2e80 WorkerThread "GC Thread#1" [stack: 0x000000079ee00000,0x000000079ef00000] [id=18472]
  0x000001791b0d3120 WorkerThread "GC Thread#2" [stack: 0x000000079ef00000,0x000000079f000000] [id=20400]
  0x000001791b0d33c0 WorkerThread "GC Thread#3" [stack: 0x000000079f000000,0x000000079f100000] [id=16932]
  0x000001791b0d3660 WorkerThread "GC Thread#4" [stack: 0x000000079f100000,0x000000079f200000] [id=828]
  0x000001791b0d3900 WorkerThread "GC Thread#5" [stack: 0x000000079f200000,0x000000079f300000] [id=7592]
  0x0000017977a0dfe0 ConcurrentGCThread "G1 Main Marker" [stack: 0x000000079db00000,0x000000079dc00000] [id=12628]
  0x0000017977a0e780 WorkerThread "G1 Conc#0" [stack: 0x000000079dc00000,0x000000079dd00000] [id=21116]
  0x0000017979b1de10 ConcurrentGCThread "G1 Refine#0" [stack: 0x000000079dd00000,0x000000079de00000] [id=14104]
  0x0000017979b1e5c0 ConcurrentGCThread "G1 Service" [stack: 0x000000079de00000,0x000000079df00000] [id=10052]

Threads with active compile tasks:
C2 CompilerThread0    10850 2302       4       java.lang.invoke.MethodType::makeImpl (109 bytes)

VM state: not at safepoint (normal execution)

VM Mutex/Monitor currently owned by a thread: None

Heap address: 0x00000000e0000000, size: 512 MB, Compressed Oops mode: 32-bit

CDS archive(s) mapped at: [0x0000000800000000-0x0000000800ba0000-0x0000000800ba0000), size 12189696, SharedBaseAddress: 0x0000000800000000, ArchiveRelocationMode: 0.
Compressed class space mapped at: 0x0000000800c00000-0x0000000814000000, reserved size: 322961408
Narrow klass base: 0x0000000800000000, Narrow klass shift: 0, Narrow klass range: 0x100000000

GC Precious Log:
 CardTable entry size: 512
 Card Set container configuration: InlinePtr #cards 5 size 8 Array Of Cards #cards 12 size 40 Howl #buckets 4 coarsen threshold 1843 Howl Bitmap #cards 512 size 80 coarsen threshold 460 Card regions per heap region 1 cards per card region 2048
 CPUs: 8 total, 8 available
 Memory: 16161M
 Large Page Support: Disabled
 NUMA Support: Disabled
 Compressed Oops: Enabled (32-bit)
 Heap Region Size: 1M
 Heap Min Capacity: 256M
 Heap Initial Capacity: 256M
 Heap Max Capacity: 512M
 Pre-touch: Disabled
 Parallel Workers: 8
 Concurrent Workers: 2
 Concurrent Refinement Workers: 8
 Periodic GC: Disabled

Heap:
 garbage-first heap   total 262144K, used 73965K [0x00000000e0000000, 0x0000000100000000)
  region size 1024K, 63 young (64512K), 2 survivors (2048K)
 Metaspace       used 11960K, committed 12352K, reserved 380928K
  class space    used 1572K, committed 1792K, reserved 315392K

Heap Regions: E=young(eden), S=young(survivor), O=old, HS=humongous(starts), HC=humongous(continues), CS=collection set, F=free, OA=open archive, CA=closed archive, TAMS=top-at-mark-start (previous, next)
|   0|0x00000000e0000000, 0x00000000e0100000, 0x00000000e0100000|100%|HS|  |TAMS 0x00000000e0000000, 0x00000000e0000000| Complete 
|   1|0x00000000e0100000, 0x00000000e0200000, 0x00000000e0200000|100%|HC|  |TAMS 0x00000000e0100000, 0x00000000e0100000| Complete 
|   2|0x00000000e0200000, 0x00000000e0300000, 0x00000000e0300000|100%|HC|  |TAMS 0x00000000e0200000, 0x00000000e0200000| Complete 
|   3|0x00000000e0300000, 0x00000000e0400000, 0x00000000e0400000|100%| O|  |TAMS 0x00000000e0300000, 0x00000000e0300000| Untracked 
|   4|0x00000000e0400000, 0x00000000e0500000, 0x00000000e0500000|100%| O|  |TAMS 0x00000000e0400000, 0x00000000e0400000| Untracked 
|   5|0x00000000e0500000, 0x00000000e0600000, 0x00000000e0600000|100%| O|  |TAMS 0x00000000e0500000, 0x00000000e0500000| Untracked 
|   6|0x00000000e0600000, 0x00000000e0700000, 0x00000000e0700000|100%| O|  |TAMS 0x00000000e0600000, 0x00000000e0600000| Untracked 
|   7|0x00000000e0700000, 0x00000000e0800000, 0x00000000e0800000|100%| O|  |TAMS 0x00000000e0700000, 0x00000000e0700000| Untracked 
|   8|0x00000000e0800000, 0x00000000e08bc800, 0x00000000e0900000| 73%| O|  |TAMS 0x00000000e0800000, 0x00000000e0800000| Untracked 
|   9|0x00000000e0900000, 0x00000000e0a00000, 0x00000000e0a00000|100%|HS|  |TAMS 0x00000000e0900000, 0x00000000e0900000| Complete 
|  10|0x00000000e0a00000, 0x00000000e0b00000, 0x00000000e0b00000|100%|HS|  |TAMS 0x00000000e0a00000, 0x00000000e0a00000| Complete 
|  11|0x00000000e0b00000, 0x00000000e0b00000, 0x00000000e0c00000|  0%| F|  |TAMS 0x00000000e0b00000, 0x00000000e0b00000| Untracked 
|  12|0x00000000e0c00000, 0x00000000e0c00000, 0x00000000e0d00000|  0%| F|  |TAMS 0x00000000e0c00000, 0x00000000e0c00000| Untracked 
|  13|0x00000000e0d00000, 0x00000000e0d00000, 0x00000000e0e00000|  0%| F|  |TAMS 0x00000000e0d00000, 0x00000000e0d00000| Untracked 
|  14|0x00000000e0e00000, 0x00000000e0e00000, 0x00000000e0f00000|  0%| F|  |TAMS 0x00000000e0e00000, 0x00000000e0e00000| Untracked 
|  15|0x00000000e0f00000, 0x00000000e0f00000, 0x00000000e1000000|  0%| F|  |TAMS 0x00000000e0f00000, 0x00000000e0f00000| Untracked 
|  16|0x00000000e1000000, 0x00000000e1000000, 0x00000000e1100000|  0%| F|  |TAMS 0x00000000e1000000, 0x00000000e1000000| Untracked 
|  17|0x00000000e1100000, 0x00000000e1100000, 0x00000000e1200000|  0%| F|  |TAMS 0x00000000e1100000, 0x00000000e1100000| Untracked 
|  18|0x00000000e1200000, 0x00000000e1200000, 0x00000000e1300000|  0%| F|  |TAMS 0x00000000e1200000, 0x00000000e1200000| Untracked 
|  19|0x00000000e1300000, 0x00000000e1300000, 0x00000000e1400000|  0%| F|  |TAMS 0x00000000e1300000, 0x00000000e1300000| Untracked 
|  20|0x00000000e1400000, 0x00000000e1400000, 0x00000000e1500000|  0%| F|  |TAMS 0x00000000e1400000, 0x00000000e1400000| Untracked 
|  21|0x00000000e1500000, 0x00000000e1500000, 0x00000000e1600000|  0%| F|  |TAMS 0x00000000e1500000, 0x00000000e1500000| Untracked 
|  22|0x00000000e1600000, 0x00000000e1600000, 0x00000000e1700000|  0%| F|  |TAMS 0x00000000e1600000, 0x00000000e1600000| Untracked 
|  23|0x00000000e1700000, 0x00000000e1700000, 0x00000000e1800000|  0%| F|  |TAMS 0x00000000e1700000, 0x00000000e1700000| Untracked 
|  24|0x00000000e1800000, 0x00000000e1800000, 0x00000000e1900000|  0%| F|  |TAMS 0x00000000e1800000, 0x00000000e1800000| Untracked 
|  25|0x00000000e1900000, 0x00000000e1900000, 0x00000000e1a00000|  0%| F|  |TAMS 0x00000000e1900000, 0x00000000e1900000| Untracked 
|  26|0x00000000e1a00000, 0x00000000e1a00000, 0x00000000e1b00000|  0%| F|  |TAMS 0x00000000e1a00000, 0x00000000e1a00000| Untracked 
|  27|0x00000000e1b00000, 0x00000000e1b00000, 0x00000000e1c00000|  0%| F|  |TAMS 0x00000000e1b00000, 0x00000000e1b00000| Untracked 
|  28|0x00000000e1c00000, 0x00000000e1c00000, 0x00000000e1d00000|  0%| F|  |TAMS 0x00000000e1c00000, 0x00000000e1c00000| Untracked 
|  29|0x00000000e1d00000, 0x00000000e1d00000, 0x00000000e1e00000|  0%| F|  |TAMS 0x00000000e1d00000, 0x00000000e1d00000| Untracked 
|  30|0x00000000e1e00000, 0x00000000e1e00000, 0x00000000e1f00000|  0%| F|  |TAMS 0x00000000e1e00000, 0x00000000e1e00000| Untracked 
|  31|0x00000000e1f00000, 0x00000000e1f00000, 0x00000000e2000000|  0%| F|  |TAMS 0x00000000e1f00000, 0x00000000e1f00000| Untracked 
|  32|0x00000000e2000000, 0x00000000e2000000, 0x00000000e2100000|  0%| F|  |TAMS 0x00000000e2000000, 0x00000000e2000000| Untracked 
|  33|0x00000000e2100000, 0x00000000e2100000, 0x00000000e2200000|  0%| F|  |TAMS 0x00000000e2100000, 0x00000000e2100000| Untracked 
|  34|0x00000000e2200000, 0x00000000e2200000, 0x00000000e2300000|  0%| F|  |TAMS 0x00000000e2200000, 0x00000000e2200000| Untracked 
|  35|0x00000000e2300000, 0x00000000e2300000, 0x00000000e2400000|  0%| F|  |TAMS 0x00000000e2300000, 0x00000000e2300000| Untracked 
|  36|0x00000000e2400000, 0x00000000e2400000, 0x00000000e2500000|  0%| F|  |TAMS 0x00000000e2400000, 0x00000000e2400000| Untracked 
|  37|0x00000000e2500000, 0x00000000e2500000, 0x00000000e2600000|  0%| F|  |TAMS 0x00000000e2500000, 0x00000000e2500000| Untracked 
|  38|0x00000000e2600000, 0x00000000e2600000, 0x00000000e2700000|  0%| F|  |TAMS 0x00000000e2600000, 0x00000000e2600000| Untracked 
|  39|0x00000000e2700000, 0x00000000e2700000, 0x00000000e2800000|  0%| F|  |TAMS 0x00000000e2700000, 0x00000000e2700000| Untracked 
|  40|0x00000000e2800000, 0x00000000e2800000, 0x00000000e2900000|  0%| F|  |TAMS 0x00000000e2800000, 0x00000000e2800000| Untracked 
|  41|0x00000000e2900000, 0x00000000e2900000, 0x00000000e2a00000|  0%| F|  |TAMS 0x00000000e2900000, 0x00000000e2900000| Untracked 
|  42|0x00000000e2a00000, 0x00000000e2a00000, 0x00000000e2b00000|  0%| F|  |TAMS 0x00000000e2a00000, 0x00000000e2a00000| Untracked 
|  43|0x00000000e2b00000, 0x00000000e2b00000, 0x00000000e2c00000|  0%| F|  |TAMS 0x00000000e2b00000, 0x00000000e2b00000| Untracked 
|  44|0x00000000e2c00000, 0x00000000e2c00000, 0x00000000e2d00000|  0%| F|  |TAMS 0x00000000e2c00000, 0x00000000e2c00000| Untracked 
|  45|0x00000000e2d00000, 0x00000000e2d00000, 0x00000000e2e00000|  0%| F|  |TAMS 0x00000000e2d00000, 0x00000000e2d00000| Untracked 
|  46|0x00000000e2e00000, 0x00000000e2e00000, 0x00000000e2f00000|  0%| F|  |TAMS 0x00000000e2e00000, 0x00000000e2e00000| Untracked 
|  47|0x00000000e2f00000, 0x00000000e2f00000, 0x00000000e3000000|  0%| F|  |TAMS 0x00000000e2f00000, 0x00000000e2f00000| Untracked 
|  48|0x00000000e3000000, 0x00000000e3000000, 0x00000000e3100000|  0%| F|  |TAMS 0x00000000e3000000, 0x00000000e3000000| Untracked 
|  49|0x00000000e3100000, 0x00000000e3100000, 0x00000000e3200000|  0%| F|  |TAMS 0x00000000e3100000, 0x00000000e3100000| Untracked 
|  50|0x00000000e3200000, 0x00000000e3200000, 0x00000000e3300000|  0%| F|  |TAMS 0x00000000e3200000, 0x00000000e3200000| Untracked 
|  51|0x00000000e3300000, 0x00000000e3300000, 0x00000000e3400000|  0%| F|  |TAMS 0x00000000e3300000, 0x00000000e3300000| Untracked 
|  52|0x00000000e3400000, 0x00000000e3400000, 0x00000000e3500000|  0%| F|  |TAMS 0x00000000e3400000, 0x00000000e3400000| Untracked 
|  53|0x00000000e3500000, 0x00000000e3500000, 0x00000000e3600000|  0%| F|  |TAMS 0x00000000e3500000, 0x00000000e3500000| Untracked 
|  54|0x00000000e3600000, 0x00000000e3600000, 0x00000000e3700000|  0%| F|  |TAMS 0x00000000e3600000, 0x00000000e3600000| Untracked 
|  55|0x00000000e3700000, 0x00000000e3700000, 0x00000000e3800000|  0%| F|  |TAMS 0x00000000e3700000, 0x00000000e3700000| Untracked 
|  56|0x00000000e3800000, 0x00000000e3800000, 0x00000000e3900000|  0%| F|  |TAMS 0x00000000e3800000, 0x00000000e3800000| Untracked 
|  57|0x00000000e3900000, 0x00000000e3900000, 0x00000000e3a00000|  0%| F|  |TAMS 0x00000000e3900000, 0x00000000e3900000| Untracked 
|  58|0x00000000e3a00000, 0x00000000e3a00000, 0x00000000e3b00000|  0%| F|  |TAMS 0x00000000e3a00000, 0x00000000e3a00000| Untracked 
|  59|0x00000000e3b00000, 0x00000000e3b00000, 0x00000000e3c00000|  0%| F|  |TAMS 0x00000000e3b00000, 0x00000000e3b00000| Untracked 
|  60|0x00000000e3c00000, 0x00000000e3c00000, 0x00000000e3d00000|  0%| F|  |TAMS 0x00000000e3c00000, 0x00000000e3c00000| Untracked 
|  61|0x00000000e3d00000, 0x00000000e3d00000, 0x00000000e3e00000|  0%| F|  |TAMS 0x00000000e3d00000, 0x00000000e3d00000| Untracked 
|  62|0x00000000e3e00000, 0x00000000e3e00000, 0x00000000e3f00000|  0%| F|  |TAMS 0x00000000e3e00000, 0x00000000e3e00000| Untracked 
|  63|0x00000000e3f00000, 0x00000000e3f00000, 0x00000000e4000000|  0%| F|  |TAMS 0x00000000e3f00000, 0x00000000e3f00000| Untracked 
|  64|0x00000000e4000000, 0x00000000e4000000, 0x00000000e4100000|  0%| F|  |TAMS 0x00000000e4000000, 0x00000000e4000000| Untracked 
|  65|0x00000000e4100000, 0x00000000e4100000, 0x00000000e4200000|  0%| F|  |TAMS 0x00000000e4100000, 0x00000000e4100000| Untracked 
|  66|0x00000000e4200000, 0x00000000e4200000, 0x00000000e4300000|  0%| F|  |TAMS 0x00000000e4200000, 0x00000000e4200000| Untracked 
|  67|0x00000000e4300000, 0x00000000e4300000, 0x00000000e4400000|  0%| F|  |TAMS 0x00000000e4300000, 0x00000000e4300000| Untracked 
|  68|0x00000000e4400000, 0x00000000e4400000, 0x00000000e4500000|  0%| F|  |TAMS 0x00000000e4400000, 0x00000000e4400000| Untracked 
|  69|0x00000000e4500000, 0x00000000e4500000, 0x00000000e4600000|  0%| F|  |TAMS 0x00000000e4500000, 0x00000000e4500000| Untracked 
|  70|0x00000000e4600000, 0x00000000e4600000, 0x00000000e4700000|  0%| F|  |TAMS 0x00000000e4600000, 0x00000000e4600000| Untracked 
|  71|0x00000000e4700000, 0x00000000e4700000, 0x00000000e4800000|  0%| F|  |TAMS 0x00000000e4700000, 0x00000000e4700000| Untracked 
|  72|0x00000000e4800000, 0x00000000e4800000, 0x00000000e4900000|  0%| F|  |TAMS 0x00000000e4800000, 0x00000000e4800000| Untracked 
|  73|0x00000000e4900000, 0x00000000e4900000, 0x00000000e4a00000|  0%| F|  |TAMS 0x00000000e4900000, 0x00000000e4900000| Untracked 
|  74|0x00000000e4a00000, 0x00000000e4a00000, 0x00000000e4b00000|  0%| F|  |TAMS 0x00000000e4a00000, 0x00000000e4a00000| Untracked 
|  75|0x00000000e4b00000, 0x00000000e4b00000, 0x00000000e4c00000|  0%| F|  |TAMS 0x00000000e4b00000, 0x00000000e4b00000| Untracked 
|  76|0x00000000e4c00000, 0x00000000e4c00000, 0x00000000e4d00000|  0%| F|  |TAMS 0x00000000e4c00000, 0x00000000e4c00000| Untracked 
|  77|0x00000000e4d00000, 0x00000000e4d00000, 0x00000000e4e00000|  0%| F|  |TAMS 0x00000000e4d00000, 0x00000000e4d00000| Untracked 
|  78|0x00000000e4e00000, 0x00000000e4e00000, 0x00000000e4f00000|  0%| F|  |TAMS 0x00000000e4e00000, 0x00000000e4e00000| Untracked 
|  79|0x00000000e4f00000, 0x00000000e4f00000, 0x00000000e5000000|  0%| F|  |TAMS 0x00000000e4f00000, 0x00000000e4f00000| Untracked 
|  80|0x00000000e5000000, 0x00000000e5000000, 0x00000000e5100000|  0%| F|  |TAMS 0x00000000e5000000, 0x00000000e5000000| Untracked 
|  81|0x00000000e5100000, 0x00000000e5100000, 0x00000000e5200000|  0%| F|  |TAMS 0x00000000e5100000, 0x00000000e5100000| Untracked 
|  82|0x00000000e5200000, 0x00000000e5200000, 0x00000000e5300000|  0%| F|  |TAMS 0x00000000e5200000, 0x00000000e5200000| Untracked 
|  83|0x00000000e5300000, 0x00000000e5300000, 0x00000000e5400000|  0%| F|  |TAMS 0x00000000e5300000, 0x00000000e5300000| Untracked 
|  84|0x00000000e5400000, 0x00000000e5400000, 0x00000000e5500000|  0%| F|  |TAMS 0x00000000e5400000, 0x00000000e5400000| Untracked 
|  85|0x00000000e5500000, 0x00000000e5500000, 0x00000000e5600000|  0%| F|  |TAMS 0x00000000e5500000, 0x00000000e5500000| Untracked 
|  86|0x00000000e5600000, 0x00000000e5600000, 0x00000000e5700000|  0%| F|  |TAMS 0x00000000e5600000, 0x00000000e5600000| Untracked 
|  87|0x00000000e5700000, 0x00000000e5700000, 0x00000000e5800000|  0%| F|  |TAMS 0x00000000e5700000, 0x00000000e5700000| Untracked 
|  88|0x00000000e5800000, 0x00000000e5800000, 0x00000000e5900000|  0%| F|  |TAMS 0x00000000e5800000, 0x00000000e5800000| Untracked 
|  89|0x00000000e5900000, 0x00000000e5900000, 0x00000000e5a00000|  0%| F|  |TAMS 0x00000000e5900000, 0x00000000e5900000| Untracked 
|  90|0x00000000e5a00000, 0x00000000e5a00000, 0x00000000e5b00000|  0%| F|  |TAMS 0x00000000e5a00000, 0x00000000e5a00000| Untracked 
|  91|0x00000000e5b00000, 0x00000000e5b00000, 0x00000000e5c00000|  0%| F|  |TAMS 0x00000000e5b00000, 0x00000000e5b00000| Untracked 
|  92|0x00000000e5c00000, 0x00000000e5c00000, 0x00000000e5d00000|  0%| F|  |TAMS 0x00000000e5c00000, 0x00000000e5c00000| Untracked 
|  93|0x00000000e5d00000, 0x00000000e5d00000, 0x00000000e5e00000|  0%| F|  |TAMS 0x00000000e5d00000, 0x00000000e5d00000| Untracked 
|  94|0x00000000e5e00000, 0x00000000e5e00000, 0x00000000e5f00000|  0%| F|  |TAMS 0x00000000e5e00000, 0x00000000e5e00000| Untracked 
|  95|0x00000000e5f00000, 0x00000000e5f00000, 0x00000000e6000000|  0%| F|  |TAMS 0x00000000e5f00000, 0x00000000e5f00000| Untracked 
|  96|0x00000000e6000000, 0x00000000e6000000, 0x00000000e6100000|  0%| F|  |TAMS 0x00000000e6000000, 0x00000000e6000000| Untracked 
|  97|0x00000000e6100000, 0x00000000e6100000, 0x00000000e6200000|  0%| F|  |TAMS 0x00000000e6100000, 0x00000000e6100000| Untracked 
|  98|0x00000000e6200000, 0x00000000e6200000, 0x00000000e6300000|  0%| F|  |TAMS 0x00000000e6200000, 0x00000000e6200000| Untracked 
|  99|0x00000000e6300000, 0x00000000e6300000, 0x00000000e6400000|  0%| F|  |TAMS 0x00000000e6300000, 0x00000000e6300000| Untracked 
| 100|0x00000000e6400000, 0x00000000e6400000, 0x00000000e6500000|  0%| F|  |TAMS 0x00000000e6400000, 0x00000000e6400000| Untracked 
| 101|0x00000000e6500000, 0x00000000e6500000, 0x00000000e6600000|  0%| F|  |TAMS 0x00000000e6500000, 0x00000000e6500000| Untracked 
| 102|0x00000000e6600000, 0x00000000e6600000, 0x00000000e6700000|  0%| F|  |TAMS 0x00000000e6600000, 0x00000000e6600000| Untracked 
| 103|0x00000000e6700000, 0x00000000e6700000, 0x00000000e6800000|  0%| F|  |TAMS 0x00000000e6700000, 0x00000000e6700000| Untracked 
| 104|0x00000000e6800000, 0x00000000e6800000, 0x00000000e6900000|  0%| F|  |TAMS 0x00000000e6800000, 0x00000000e6800000| Untracked 
| 105|0x00000000e6900000, 0x00000000e6900000, 0x00000000e6a00000|  0%| F|  |TAMS 0x00000000e6900000, 0x00000000e6900000| Untracked 
| 106|0x00000000e6a00000, 0x00000000e6a00000, 0x00000000e6b00000|  0%| F|  |TAMS 0x00000000e6a00000, 0x00000000e6a00000| Untracked 
| 107|0x00000000e6b00000, 0x00000000e6b00000, 0x00000000e6c00000|  0%| F|  |TAMS 0x00000000e6b00000, 0x00000000e6b00000| Untracked 
| 108|0x00000000e6c00000, 0x00000000e6c00000, 0x00000000e6d00000|  0%| F|  |TAMS 0x00000000e6c00000, 0x00000000e6c00000| Untracked 
| 109|0x00000000e6d00000, 0x00000000e6d00000, 0x00000000e6e00000|  0%| F|  |TAMS 0x00000000e6d00000, 0x00000000e6d00000| Untracked 
| 110|0x00000000e6e00000, 0x00000000e6e00000, 0x00000000e6f00000|  0%| F|  |TAMS 0x00000000e6e00000, 0x00000000e6e00000| Untracked 
| 111|0x00000000e6f00000, 0x00000000e6f00000, 0x00000000e7000000|  0%| F|  |TAMS 0x00000000e6f00000, 0x00000000e6f00000| Untracked 
| 112|0x00000000e7000000, 0x00000000e7000000, 0x00000000e7100000|  0%| F|  |TAMS 0x00000000e7000000, 0x00000000e7000000| Untracked 
| 113|0x00000000e7100000, 0x00000000e7100000, 0x00000000e7200000|  0%| F|  |TAMS 0x00000000e7100000, 0x00000000e7100000| Untracked 
| 114|0x00000000e7200000, 0x00000000e7200000, 0x00000000e7300000|  0%| F|  |TAMS 0x00000000e7200000, 0x00000000e7200000| Untracked 
| 115|0x00000000e7300000, 0x00000000e7300000, 0x00000000e7400000|  0%| F|  |TAMS 0x00000000e7300000, 0x00000000e7300000| Untracked 
| 116|0x00000000e7400000, 0x00000000e7400000, 0x00000000e7500000|  0%| F|  |TAMS 0x00000000e7400000, 0x00000000e7400000| Untracked 
| 117|0x00000000e7500000, 0x00000000e7500000, 0x00000000e7600000|  0%| F|  |TAMS 0x00000000e7500000, 0x00000000e7500000| Untracked 
| 118|0x00000000e7600000, 0x00000000e7600000, 0x00000000e7700000|  0%| F|  |TAMS 0x00000000e7600000, 0x00000000e7600000| Untracked 
| 119|0x00000000e7700000, 0x00000000e7700000, 0x00000000e7800000|  0%| F|  |TAMS 0x00000000e7700000, 0x00000000e7700000| Untracked 
| 120|0x00000000e7800000, 0x00000000e7800000, 0x00000000e7900000|  0%| F|  |TAMS 0x00000000e7800000, 0x00000000e7800000| Untracked 
| 121|0x00000000e7900000, 0x00000000e7900000, 0x00000000e7a00000|  0%| F|  |TAMS 0x00000000e7900000, 0x00000000e7900000| Untracked 
| 122|0x00000000e7a00000, 0x00000000e7a00000, 0x00000000e7b00000|  0%| F|  |TAMS 0x00000000e7a00000, 0x00000000e7a00000| Untracked 
| 123|0x00000000e7b00000, 0x00000000e7b00000, 0x00000000e7c00000|  0%| F|  |TAMS 0x00000000e7b00000, 0x00000000e7b00000| Untracked 
| 124|0x00000000e7c00000, 0x00000000e7c00000, 0x00000000e7d00000|  0%| F|  |TAMS 0x00000000e7c00000, 0x00000000e7c00000| Untracked 
| 125|0x00000000e7d00000, 0x00000000e7d00000, 0x00000000e7e00000|  0%| F|  |TAMS 0x00000000e7d00000, 0x00000000e7d00000| Untracked 
| 126|0x00000000e7e00000, 0x00000000e7e00000, 0x00000000e7f00000|  0%| F|  |TAMS 0x00000000e7e00000, 0x00000000e7e00000| Untracked 
| 127|0x00000000e7f00000, 0x00000000e7f00000, 0x00000000e8000000|  0%| F|  |TAMS 0x00000000e7f00000, 0x00000000e7f00000| Untracked 
| 128|0x00000000e8000000, 0x00000000e8000000, 0x00000000e8100000|  0%| F|  |TAMS 0x00000000e8000000, 0x00000000e8000000| Untracked 
| 129|0x00000000e8100000, 0x00000000e8100000, 0x00000000e8200000|  0%| F|  |TAMS 0x00000000e8100000, 0x00000000e8100000| Untracked 
| 130|0x00000000e8200000, 0x00000000e8200000, 0x00000000e8300000|  0%| F|  |TAMS 0x00000000e8200000, 0x00000000e8200000| Untracked 
| 131|0x00000000e8300000, 0x00000000e8300000, 0x00000000e8400000|  0%| F|  |TAMS 0x00000000e8300000, 0x00000000e8300000| Untracked 
| 132|0x00000000e8400000, 0x00000000e8400000, 0x00000000e8500000|  0%| F|  |TAMS 0x00000000e8400000, 0x00000000e8400000| Untracked 
| 133|0x00000000e8500000, 0x00000000e8500000, 0x00000000e8600000|  0%| F|  |TAMS 0x00000000e8500000, 0x00000000e8500000| Untracked 
| 134|0x00000000e8600000, 0x00000000e8600000, 0x00000000e8700000|  0%| F|  |TAMS 0x00000000e8600000, 0x00000000e8600000| Untracked 
| 135|0x00000000e8700000, 0x00000000e8700000, 0x00000000e8800000|  0%| F|  |TAMS 0x00000000e8700000, 0x00000000e8700000| Untracked 
| 136|0x00000000e8800000, 0x00000000e8800000, 0x00000000e8900000|  0%| F|  |TAMS 0x00000000e8800000, 0x00000000e8800000| Untracked 
| 137|0x00000000e8900000, 0x00000000e8900000, 0x00000000e8a00000|  0%| F|  |TAMS 0x00000000e8900000, 0x00000000e8900000| Untracked 
| 138|0x00000000e8a00000, 0x00000000e8a00000, 0x00000000e8b00000|  0%| F|  |TAMS 0x00000000e8a00000, 0x00000000e8a00000| Untracked 
| 139|0x00000000e8b00000, 0x00000000e8b00000, 0x00000000e8c00000|  0%| F|  |TAMS 0x00000000e8b00000, 0x00000000e8b00000| Untracked 
| 140|0x00000000e8c00000, 0x00000000e8c00000, 0x00000000e8d00000|  0%| F|  |TAMS 0x00000000e8c00000, 0x00000000e8c00000| Untracked 
| 141|0x00000000e8d00000, 0x00000000e8d00000, 0x00000000e8e00000|  0%| F|  |TAMS 0x00000000e8d00000, 0x00000000e8d00000| Untracked 
| 142|0x00000000e8e00000, 0x00000000e8e00000, 0x00000000e8f00000|  0%| F|  |TAMS 0x00000000e8e00000, 0x00000000e8e00000| Untracked 
| 143|0x00000000e8f00000, 0x00000000e8f00000, 0x00000000e9000000|  0%| F|  |TAMS 0x00000000e8f00000, 0x00000000e8f00000| Untracked 
| 144|0x00000000e9000000, 0x00000000e9000000, 0x00000000e9100000|  0%| F|  |TAMS 0x00000000e9000000, 0x00000000e9000000| Untracked 
| 145|0x00000000e9100000, 0x00000000e9100000, 0x00000000e9200000|  0%| F|  |TAMS 0x00000000e9100000, 0x00000000e9100000| Untracked 
| 146|0x00000000e9200000, 0x00000000e9200000, 0x00000000e9300000|  0%| F|  |TAMS 0x00000000e9200000, 0x00000000e9200000| Untracked 
| 147|0x00000000e9300000, 0x00000000e9300000, 0x00000000e9400000|  0%| F|  |TAMS 0x00000000e9300000, 0x00000000e9300000| Untracked 
| 148|0x00000000e9400000, 0x00000000e9400000, 0x00000000e9500000|  0%| F|  |TAMS 0x00000000e9400000, 0x00000000e9400000| Untracked 
| 149|0x00000000e9500000, 0x00000000e9500000, 0x00000000e9600000|  0%| F|  |TAMS 0x00000000e9500000, 0x00000000e9500000| Untracked 
| 150|0x00000000e9600000, 0x00000000e9600000, 0x00000000e9700000|  0%| F|  |TAMS 0x00000000e9600000, 0x00000000e9600000| Untracked 
| 151|0x00000000e9700000, 0x00000000e9700000, 0x00000000e9800000|  0%| F|  |TAMS 0x00000000e9700000, 0x00000000e9700000| Untracked 
| 152|0x00000000e9800000, 0x00000000e9800000, 0x00000000e9900000|  0%| F|  |TAMS 0x00000000e9800000, 0x00000000e9800000| Untracked 
| 153|0x00000000e9900000, 0x00000000e9900000, 0x00000000e9a00000|  0%| F|  |TAMS 0x00000000e9900000, 0x00000000e9900000| Untracked 
| 154|0x00000000e9a00000, 0x00000000e9a00000, 0x00000000e9b00000|  0%| F|  |TAMS 0x00000000e9a00000, 0x00000000e9a00000| Untracked 
| 155|0x00000000e9b00000, 0x00000000e9b00000, 0x00000000e9c00000|  0%| F|  |TAMS 0x00000000e9b00000, 0x00000000e9b00000| Untracked 
| 156|0x00000000e9c00000, 0x00000000e9c00000, 0x00000000e9d00000|  0%| F|  |TAMS 0x00000000e9c00000, 0x00000000e9c00000| Untracked 
| 157|0x00000000e9d00000, 0x00000000e9d00000, 0x00000000e9e00000|  0%| F|  |TAMS 0x00000000e9d00000, 0x00000000e9d00000| Untracked 
| 158|0x00000000e9e00000, 0x00000000e9e00000, 0x00000000e9f00000|  0%| F|  |TAMS 0x00000000e9e00000, 0x00000000e9e00000| Untracked 
| 159|0x00000000e9f00000, 0x00000000e9f00000, 0x00000000ea000000|  0%| F|  |TAMS 0x00000000e9f00000, 0x00000000e9f00000| Untracked 
| 160|0x00000000ea000000, 0x00000000ea000000, 0x00000000ea100000|  0%| F|  |TAMS 0x00000000ea000000, 0x00000000ea000000| Untracked 
| 161|0x00000000ea100000, 0x00000000ea100000, 0x00000000ea200000|  0%| F|  |TAMS 0x00000000ea100000, 0x00000000ea100000| Untracked 
| 162|0x00000000ea200000, 0x00000000ea200000, 0x00000000ea300000|  0%| F|  |TAMS 0x00000000ea200000, 0x00000000ea200000| Untracked 
| 163|0x00000000ea300000, 0x00000000ea300000, 0x00000000ea400000|  0%| F|  |TAMS 0x00000000ea300000, 0x00000000ea300000| Untracked 
| 164|0x00000000ea400000, 0x00000000ea400000, 0x00000000ea500000|  0%| F|  |TAMS 0x00000000ea400000, 0x00000000ea400000| Untracked 
| 165|0x00000000ea500000, 0x00000000ea500000, 0x00000000ea600000|  0%| F|  |TAMS 0x00000000ea500000, 0x00000000ea500000| Untracked 
| 166|0x00000000ea600000, 0x00000000ea600000, 0x00000000ea700000|  0%| F|  |TAMS 0x00000000ea600000, 0x00000000ea600000| Untracked 
| 167|0x00000000ea700000, 0x00000000ea700000, 0x00000000ea800000|  0%| F|  |TAMS 0x00000000ea700000, 0x00000000ea700000| Untracked 
| 168|0x00000000ea800000, 0x00000000ea800000, 0x00000000ea900000|  0%| F|  |TAMS 0x00000000ea800000, 0x00000000ea800000| Untracked 
| 169|0x00000000ea900000, 0x00000000ea900000, 0x00000000eaa00000|  0%| F|  |TAMS 0x00000000ea900000, 0x00000000ea900000| Untracked 
| 170|0x00000000eaa00000, 0x00000000eaa00000, 0x00000000eab00000|  0%| F|  |TAMS 0x00000000eaa00000, 0x00000000eaa00000| Untracked 
| 171|0x00000000eab00000, 0x00000000eab00000, 0x00000000eac00000|  0%| F|  |TAMS 0x00000000eab00000, 0x00000000eab00000| Untracked 
| 172|0x00000000eac00000, 0x00000000eac00000, 0x00000000ead00000|  0%| F|  |TAMS 0x00000000eac00000, 0x00000000eac00000| Untracked 
| 173|0x00000000ead00000, 0x00000000ead00000, 0x00000000eae00000|  0%| F|  |TAMS 0x00000000ead00000, 0x00000000ead00000| Untracked 
| 174|0x00000000eae00000, 0x00000000eae00000, 0x00000000eaf00000|  0%| F|  |TAMS 0x00000000eae00000, 0x00000000eae00000| Untracked 
| 175|0x00000000eaf00000, 0x00000000eaf00000, 0x00000000eb000000|  0%| F|  |TAMS 0x00000000eaf00000, 0x00000000eaf00000| Untracked 
| 176|0x00000000eb000000, 0x00000000eb000000, 0x00000000eb100000|  0%| F|  |TAMS 0x00000000eb000000, 0x00000000eb000000| Untracked 
| 177|0x00000000eb100000, 0x00000000eb100000, 0x00000000eb200000|  0%| F|  |TAMS 0x00000000eb100000, 0x00000000eb100000| Untracked 
| 178|0x00000000eb200000, 0x00000000eb200000, 0x00000000eb300000|  0%| F|  |TAMS 0x00000000eb200000, 0x00000000eb200000| Untracked 
| 179|0x00000000eb300000, 0x00000000eb300000, 0x00000000eb400000|  0%| F|  |TAMS 0x00000000eb300000, 0x00000000eb300000| Untracked 
| 180|0x00000000eb400000, 0x00000000eb400000, 0x00000000eb500000|  0%| F|  |TAMS 0x00000000eb400000, 0x00000000eb400000| Untracked 
| 181|0x00000000eb500000, 0x00000000eb500000, 0x00000000eb600000|  0%| F|  |TAMS 0x00000000eb500000, 0x00000000eb500000| Untracked 
| 182|0x00000000eb600000, 0x00000000eb600000, 0x00000000eb700000|  0%| F|  |TAMS 0x00000000eb600000, 0x00000000eb600000| Untracked 
| 183|0x00000000eb700000, 0x00000000eb700000, 0x00000000eb800000|  0%| F|  |TAMS 0x00000000eb700000, 0x00000000eb700000| Untracked 
| 184|0x00000000eb800000, 0x00000000eb800000, 0x00000000eb900000|  0%| F|  |TAMS 0x00000000eb800000, 0x00000000eb800000| Untracked 
| 185|0x00000000eb900000, 0x00000000eb900000, 0x00000000eba00000|  0%| F|  |TAMS 0x00000000eb900000, 0x00000000eb900000| Untracked 
| 186|0x00000000eba00000, 0x00000000eba00000, 0x00000000ebb00000|  0%| F|  |TAMS 0x00000000eba00000, 0x00000000eba00000| Untracked 
| 187|0x00000000ebb00000, 0x00000000ebb00000, 0x00000000ebc00000|  0%| F|  |TAMS 0x00000000ebb00000, 0x00000000ebb00000| Untracked 
| 188|0x00000000ebc00000, 0x00000000ebc00000, 0x00000000ebd00000|  0%| F|  |TAMS 0x00000000ebc00000, 0x00000000ebc00000| Untracked 
| 189|0x00000000ebd00000, 0x00000000ebd00000, 0x00000000ebe00000|  0%| F|  |TAMS 0x00000000ebd00000, 0x00000000ebd00000| Untracked 
| 190|0x00000000ebe00000, 0x00000000ebe00000, 0x00000000ebf00000|  0%| F|  |TAMS 0x00000000ebe00000, 0x00000000ebe00000| Untracked 
| 191|0x00000000ebf00000, 0x00000000ebf00000, 0x00000000ec000000|  0%| F|  |TAMS 0x00000000ebf00000, 0x00000000ebf00000| Untracked 
| 192|0x00000000ec000000, 0x00000000ec080800, 0x00000000ec100000| 50%| E|  |TAMS 0x00000000ec000000, 0x00000000ec000000| Complete 
| 193|0x00000000ec100000, 0x00000000ec200000, 0x00000000ec200000|100%| E|CS|TAMS 0x00000000ec100000, 0x00000000ec100000| Complete 
| 194|0x00000000ec200000, 0x00000000ec300000, 0x00000000ec300000|100%| E|CS|TAMS 0x00000000ec200000, 0x00000000ec200000| Complete 
| 195|0x00000000ec300000, 0x00000000ec400000, 0x00000000ec400000|100%| E|CS|TAMS 0x00000000ec300000, 0x00000000ec300000| Complete 
| 196|0x00000000ec400000, 0x00000000ec500000, 0x00000000ec500000|100%| E|CS|TAMS 0x00000000ec400000, 0x00000000ec400000| Complete 
| 197|0x00000000ec500000, 0x00000000ec600000, 0x00000000ec600000|100%| E|CS|TAMS 0x00000000ec500000, 0x00000000ec500000| Complete 
| 198|0x00000000ec600000, 0x00000000ec700000, 0x00000000ec700000|100%| E|CS|TAMS 0x00000000ec600000, 0x00000000ec600000| Complete 
| 199|0x00000000ec700000, 0x00000000ec800000, 0x00000000ec800000|100%| E|CS|TAMS 0x00000000ec700000, 0x00000000ec700000| Complete 
| 200|0x00000000ec800000, 0x00000000ec900000, 0x00000000ec900000|100%| E|CS|TAMS 0x00000000ec800000, 0x00000000ec800000| Complete 
| 201|0x00000000ec900000, 0x00000000eca00000, 0x00000000eca00000|100%| E|CS|TAMS 0x00000000ec900000, 0x00000000ec900000| Complete 
| 202|0x00000000eca00000, 0x00000000ecb00000, 0x00000000ecb00000|100%| E|CS|TAMS 0x00000000eca00000, 0x00000000eca00000| Complete 
| 203|0x00000000ecb00000, 0x00000000ecc00000, 0x00000000ecc00000|100%| E|CS|TAMS 0x00000000ecb00000, 0x00000000ecb00000| Complete 
| 204|0x00000000ecc00000, 0x00000000ecd00000, 0x00000000ecd00000|100%| E|CS|TAMS 0x00000000ecc00000, 0x00000000ecc00000| Complete 
| 205|0x00000000ecd00000, 0x00000000ece00000, 0x00000000ece00000|100%| E|CS|TAMS 0x00000000ecd00000, 0x00000000ecd00000| Complete 
| 206|0x00000000ece00000, 0x00000000ecf00000, 0x00000000ecf00000|100%| E|CS|TAMS 0x00000000ece00000, 0x00000000ece00000| Complete 
| 207|0x00000000ecf00000, 0x00000000ed000000, 0x00000000ed000000|100%| E|CS|TAMS 0x00000000ecf00000, 0x00000000ecf00000| Complete 
| 208|0x00000000ed000000, 0x00000000ed100000, 0x00000000ed100000|100%| E|CS|TAMS 0x00000000ed000000, 0x00000000ed000000| Complete 
| 209|0x00000000ed100000, 0x00000000ed200000, 0x00000000ed200000|100%| E|CS|TAMS 0x00000000ed100000, 0x00000000ed100000| Complete 
| 210|0x00000000ed200000, 0x00000000ed300000, 0x00000000ed300000|100%| E|CS|TAMS 0x00000000ed200000, 0x00000000ed200000| Complete 
| 211|0x00000000ed300000, 0x00000000ed400000, 0x00000000ed400000|100%| E|CS|TAMS 0x00000000ed300000, 0x00000000ed300000| Complete 
| 212|0x00000000ed400000, 0x00000000ed500000, 0x00000000ed500000|100%| E|CS|TAMS 0x00000000ed400000, 0x00000000ed400000| Complete 
| 213|0x00000000ed500000, 0x00000000ed600000, 0x00000000ed600000|100%| E|CS|TAMS 0x00000000ed500000, 0x00000000ed500000| Complete 
| 214|0x00000000ed600000, 0x00000000ed700000, 0x00000000ed700000|100%| E|CS|TAMS 0x00000000ed600000, 0x00000000ed600000| Complete 
| 215|0x00000000ed700000, 0x00000000ed800000, 0x00000000ed800000|100%| E|CS|TAMS 0x00000000ed700000, 0x00000000ed700000| Complete 
| 216|0x00000000ed800000, 0x00000000ed900000, 0x00000000ed900000|100%| E|CS|TAMS 0x00000000ed800000, 0x00000000ed800000| Complete 
| 217|0x00000000ed900000, 0x00000000eda00000, 0x00000000eda00000|100%| E|CS|TAMS 0x00000000ed900000, 0x00000000ed900000| Complete 
| 218|0x00000000eda00000, 0x00000000edb00000, 0x00000000edb00000|100%| E|CS|TAMS 0x00000000eda00000, 0x00000000eda00000| Complete 
| 219|0x00000000edb00000, 0x00000000edc00000, 0x00000000edc00000|100%| E|CS|TAMS 0x00000000edb00000, 0x00000000edb00000| Complete 
| 220|0x00000000edc00000, 0x00000000edd00000, 0x00000000edd00000|100%| E|CS|TAMS 0x00000000edc00000, 0x00000000edc00000| Complete 
| 221|0x00000000edd00000, 0x00000000ede00000, 0x00000000ede00000|100%| E|CS|TAMS 0x00000000edd00000, 0x00000000edd00000| Complete 
| 222|0x00000000ede00000, 0x00000000ede7efa0, 0x00000000edf00000| 49%| S|CS|TAMS 0x00000000ede00000, 0x00000000ede00000| Complete 
| 223|0x00000000edf00000, 0x00000000ee000000, 0x00000000ee000000|100%| S|CS|TAMS 0x00000000edf00000, 0x00000000edf00000| Complete 
| 224|0x00000000ee000000, 0x00000000ee100000, 0x00000000ee100000|100%| E|CS|TAMS 0x00000000ee000000, 0x00000000ee000000| Complete 
| 225|0x00000000ee100000, 0x00000000ee200000, 0x00000000ee200000|100%| E|CS|TAMS 0x00000000ee100000, 0x00000000ee100000| Complete 
| 226|0x00000000ee200000, 0x00000000ee300000, 0x00000000ee300000|100%| E|CS|TAMS 0x00000000ee200000, 0x00000000ee200000| Complete 
| 227|0x00000000ee300000, 0x00000000ee400000, 0x00000000ee400000|100%| E|CS|TAMS 0x00000000ee300000, 0x00000000ee300000| Complete 
| 228|0x00000000ee400000, 0x00000000ee500000, 0x00000000ee500000|100%| E|CS|TAMS 0x00000000ee400000, 0x00000000ee400000| Complete 
| 229|0x00000000ee500000, 0x00000000ee600000, 0x00000000ee600000|100%| E|CS|TAMS 0x00000000ee500000, 0x00000000ee500000| Complete 
| 230|0x00000000ee600000, 0x00000000ee700000, 0x00000000ee700000|100%| E|CS|TAMS 0x00000000ee600000, 0x00000000ee600000| Complete 
| 231|0x00000000ee700000, 0x00000000ee800000, 0x00000000ee800000|100%| E|CS|TAMS 0x00000000ee700000, 0x00000000ee700000| Complete 
| 232|0x00000000ee800000, 0x00000000ee900000, 0x00000000ee900000|100%| E|CS|TAMS 0x00000000ee800000, 0x00000000ee800000| Complete 
| 233|0x00000000ee900000, 0x00000000eea00000, 0x00000000eea00000|100%| E|CS|TAMS 0x00000000ee900000, 0x00000000ee900000| Complete 
| 234|0x00000000eea00000, 0x00000000eeb00000, 0x00000000eeb00000|100%| E|CS|TAMS 0x00000000eea00000, 0x00000000eea00000| Complete 
| 235|0x00000000eeb00000, 0x00000000eec00000, 0x00000000eec00000|100%| E|CS|TAMS 0x00000000eeb00000, 0x00000000eeb00000| Complete 
| 236|0x00000000eec00000, 0x00000000eed00000, 0x00000000eed00000|100%| E|CS|TAMS 0x00000000eec00000, 0x00000000eec00000| Complete 
| 237|0x00000000eed00000, 0x00000000eee00000, 0x00000000eee00000|100%| E|CS|TAMS 0x00000000eed00000, 0x00000000eed00000| Complete 
| 238|0x00000000eee00000, 0x00000000eef00000, 0x00000000eef00000|100%| E|CS|TAMS 0x00000000eee00000, 0x00000000eee00000| Complete 
| 239|0x00000000eef00000, 0x00000000ef000000, 0x00000000ef000000|100%| E|CS|TAMS 0x00000000eef00000, 0x00000000eef00000| Complete 
| 240|0x00000000ef000000, 0x00000000ef100000, 0x00000000ef100000|100%| E|CS|TAMS 0x00000000ef000000, 0x00000000ef000000| Complete 
| 241|0x00000000ef100000, 0x00000000ef200000, 0x00000000ef200000|100%| E|CS|TAMS 0x00000000ef100000, 0x00000000ef100000| Complete 
| 242|0x00000000ef200000, 0x00000000ef300000, 0x00000000ef300000|100%| E|CS|TAMS 0x00000000ef200000, 0x00000000ef200000| Complete 
| 243|0x00000000ef300000, 0x00000000ef400000, 0x00000000ef400000|100%| E|CS|TAMS 0x00000000ef300000, 0x00000000ef300000| Complete 
| 244|0x00000000ef400000, 0x00000000ef500000, 0x00000000ef500000|100%| E|CS|TAMS 0x00000000ef400000, 0x00000000ef400000| Complete 
| 245|0x00000000ef500000, 0x00000000ef600000, 0x00000000ef600000|100%| E|CS|TAMS 0x00000000ef500000, 0x00000000ef500000| Complete 
| 246|0x00000000ef600000, 0x00000000ef700000, 0x00000000ef700000|100%| E|CS|TAMS 0x00000000ef600000, 0x00000000ef600000| Complete 
| 247|0x00000000ef700000, 0x00000000ef800000, 0x00000000ef800000|100%| E|CS|TAMS 0x00000000ef700000, 0x00000000ef700000| Complete 
| 248|0x00000000ef800000, 0x00000000ef900000, 0x00000000ef900000|100%| E|CS|TAMS 0x00000000ef800000, 0x00000000ef800000| Complete 
| 249|0x00000000ef900000, 0x00000000efa00000, 0x00000000efa00000|100%| E|CS|TAMS 0x00000000ef900000, 0x00000000ef900000| Complete 
| 250|0x00000000efa00000, 0x00000000efb00000, 0x00000000efb00000|100%| E|CS|TAMS 0x00000000efa00000, 0x00000000efa00000| Complete 
| 251|0x00000000efb00000, 0x00000000efc00000, 0x00000000efc00000|100%| E|CS|TAMS 0x00000000efb00000, 0x00000000efb00000| Complete 
| 252|0x00000000efc00000, 0x00000000efd00000, 0x00000000efd00000|100%| E|CS|TAMS 0x00000000efc00000, 0x00000000efc00000| Complete 
| 253|0x00000000efd00000, 0x00000000efe00000, 0x00000000efe00000|100%| E|CS|TAMS 0x00000000efd00000, 0x00000000efd00000| Complete 
| 254|0x00000000efe00000, 0x00000000eff00000, 0x00000000eff00000|100%| E|CS|TAMS 0x00000000efe00000, 0x00000000efe00000| Complete 
| 255|0x00000000eff00000, 0x00000000f0000000, 0x00000000f0000000|100%| E|CS|TAMS 0x00000000eff00000, 0x00000000eff00000| Complete 

Card table byte_map: [0x0000017979f50000,0x000001797a050000] _byte_map_base: 0x0000017979850000

Marking Bits (Prev, Next): (CMBitMap*) 0x0000017979aa8590, (CMBitMap*) 0x0000017979aa85d0
 Prev Bits: [0x000001797a150000, 0x000001797a950000)
 Next Bits: [0x000001797a950000, 0x000001797b150000)

Polling page: 0x0000017977bf0000

Metaspace:

Usage:
  Non-class:     10.21 MB used.
      Class:      1.55 MB used.
       Both:     11.76 MB used.

Virtual space:
  Non-class space:       64.00 MB reserved,      10.38 MB ( 16%) committed,  1 nodes.
      Class space:      308.00 MB reserved,       1.75 MB ( <1%) committed,  1 nodes.
             Both:      372.00 MB reserved,      12.12 MB (  3%) committed. 

Chunk freelists:
   Non-Class:  1.29 MB
       Class:  2.28 MB
        Both:  3.56 MB

MaxMetaspaceSize: 384.00 MB
CompressedClassSpaceSize: 308.00 MB
Initial GC threshold: 21.00 MB
Current GC threshold: 21.00 MB
CDS: on
MetaspaceReclaimPolicy: balanced
 - commit_granule_bytes: 65536.
 - commit_granule_words: 8192.
 - virtual_space_node_default_size: 8388608.
 - enlarge_chunks_in_place: 1.
 - new_chunks_are_fully_committed: 0.
 - uncommit_free_chunks: 1.
 - use_allocation_guard: 0.


Internal statistics:

num_allocs_failed_limit: 0.
num_arena_births: 400.
num_arena_deaths: 0.
num_vsnodes_births: 2.
num_vsnodes_deaths: 0.
num_space_committed: 194.
num_space_uncommitted: 0.
num_chunks_returned_to_freelist: 0.
num_chunks_taken_from_freelist: 790.
num_chunk_merges: 0.
num_chunk_splits: 490.
num_chunks_enlarged: 333.
num_inconsistent_stats: 0.

CodeHeap 'non-profiled nmethods': size=120000Kb used=950Kb max_used=950Kb free=119049Kb
 bounds [0x000001790f340000, 0x000001790f5b0000, 0x0000017916870000]
CodeHeap 'profiled nmethods': size=120000Kb used=4773Kb max_used=4773Kb free=115226Kb
 bounds [0x0000017907e10000, 0x00000179082c0000, 0x000001790f340000]
CodeHeap 'non-nmethods': size=5760Kb used=1235Kb max_used=1247Kb free=4524Kb
 bounds [0x0000017907870000, 0x0000017907ae0000, 0x0000017907e10000]
 total_blobs=2859 nmethods=2346 adapters=425
 compilation: enabled
              stopped_count=0, restarted_count=0
 full_count=0

Compilation events (20 events):
Event: 10.643 Thread 0x000001797db45b10 2308       3       com.google.common.base.Preconditions::checkNotNull (14 bytes)
Event: 10.643 Thread 0x000001797db45b10 nmethod 2308 0x00000179082a5410 code [0x00000179082a55c0, 0x00000179082a57a8]
Event: 10.644 Thread 0x000001797db45b10 2309       3       java.lang.invoke.MethodHandle::bindTo (19 bytes)
Event: 10.645 Thread 0x000001797db45b10 nmethod 2309 0x00000179082a5890 code [0x00000179082a5aa0, 0x00000179082a60f8]
Event: 10.645 Thread 0x000001797db45b10 2310       3       java.lang.invoke.MethodType::leadingReferenceParameter (30 bytes)
Event: 10.645 Thread 0x000001797db45b10 nmethod 2310 0x00000179082a6390 code [0x00000179082a6540, 0x00000179082a6848]
Event: 10.646 Thread 0x000001797db45b10 2311       3       java.lang.invoke.MethodHandle::bindArgumentL (10 bytes)
Event: 10.646 Thread 0x000001797db45b10 nmethod 2311 0x00000179082a6990 code [0x00000179082a6b80, 0x00000179082a7228]
Event: 10.657 Thread 0x000001797db45b10 2312       1       java.util.stream.ReferencePipeline$StatelessOp::opIsStateful (2 bytes)
Event: 10.657 Thread 0x000001797db45b10 nmethod 2312 0x000001790f42c310 code [0x000001790f42c4a0, 0x000001790f42c578]
Event: 10.658 Thread 0x000001797db45b10 2313       3       com.google.common.collect.ImmutableList::iterator (5 bytes)
Event: 10.658 Thread 0x000001797db45b10 nmethod 2313 0x00000179082a7490 code [0x00000179082a7640, 0x00000179082a78e8]
Event: 10.658 Thread 0x000001797db45b10 2314       3       com.google.common.collect.ImmutableList::listIterator (6 bytes)
Event: 10.659 Thread 0x000001797db45b10 nmethod 2314 0x00000179082a7990 code [0x00000179082a7b40, 0x00000179082a7d08]
Event: 10.659 Thread 0x000001797db45b10 2315       3       java.util.stream.ReferencePipeline$3$1::accept (23 bytes)
Event: 10.659 Thread 0x000001797db45b10 nmethod 2315 0x00000179082a7d90 code [0x00000179082a7f40, 0x00000179082a81f8]
Event: 10.661 Thread 0x000001797db45b10 2317       3       com.google.common.collect.ImmutableList::iterator (5 bytes)
Event: 10.661 Thread 0x000001797db45b10 nmethod 2317 0x00000179082a8310 code [0x00000179082a84c0, 0x00000179082a8688]
Event: 10.661 Thread 0x000001797db45b10 2318       3       java.util.Collections::emptyIterator (4 bytes)
Event: 10.662 Thread 0x000001797db45b10 nmethod 2318 0x00000179082a8710 code [0x00000179082a88a0, 0x00000179082a8998]

GC Heap History (4 events):
Event: 2.195 GC heap before
{Heap before GC invocations=0 (full 0):
 garbage-first heap   total 262144K, used 25600K [0x00000000e0000000, 0x0000000100000000)
  region size 1024K, 23 young (23552K), 0 survivors (0K)
 Metaspace       used 1624K, committed 1792K, reserved 380928K
  class space    used 144K, committed 192K, reserved 315392K
}
Event: 2.206 GC heap after
{Heap after GC invocations=1 (full 0):
 garbage-first heap   total 262144K, used 9028K [0x00000000e0000000, 0x0000000100000000)
  region size 1024K, 3 young (3072K), 3 survivors (3072K)
 Metaspace       used 1624K, committed 1792K, reserved 380928K
  class space    used 144K, committed 192K, reserved 315392K
}
Event: 4.005 GC heap before
{Heap before GC invocations=1 (full 0):
 garbage-first heap   total 262144K, used 38724K [0x00000000e0000000, 0x0000000100000000)
  region size 1024K, 32 young (32768K), 3 survivors (3072K)
 Metaspace       used 4339K, committed 4608K, reserved 380928K
  class space    used 528K, committed 640K, reserved 315392K
}
Event: 4.009 GC heap after
{Heap after GC invocations=2 (full 0):
 garbage-first heap   total 262144K, used 10477K [0x00000000e0000000, 0x0000000100000000)
  region size 1024K, 2 young (2048K), 2 survivors (2048K)
 Metaspace       used 4339K, committed 4608K, reserved 380928K
  class space    used 528K, committed 640K, reserved 315392K
}

Deoptimization events (20 events):
Event: 9.751 Thread 0x000001791ad395c0 Uncommon trap: trap_request=0xffffff45 fr.pc=0x000001790f41031c relative=0x000000000000015c
Event: 9.751 Thread 0x000001791ad395c0 Uncommon trap: reason=unstable_if action=reinterpret pc=0x000001790f41031c method=java.lang.invoke.VarHandle.checkExactAccessMode(Ljava/lang/invoke/VarHandle$AccessDescriptor;)V @ 4 c2
Event: 9.751 Thread 0x000001791ad395c0 DEOPT PACKING pc=0x000001790f41031c sp=0x000000079f3fee10
Event: 9.751 Thread 0x000001791ad395c0 DEOPT UNPACKING pc=0x00000179078c5c23 sp=0x000000079f3fed50 mode 2
Event: 10.024 Thread 0x000001791bba6430 Uncommon trap: trap_request=0xffffff45 fr.pc=0x000001790f3c56b8 relative=0x00000000000008f8
Event: 10.024 Thread 0x000001791bba6430 Uncommon trap: reason=unstable_if action=reinterpret pc=0x000001790f3c56b8 method=java.util.regex.Matcher.reset()Ljava/util/regex/Matcher; @ 47 c2
Event: 10.024 Thread 0x000001791bba6430 DEOPT PACKING pc=0x000001790f3c56b8 sp=0x000000079f6fe080
Event: 10.024 Thread 0x000001791bba6430 DEOPT UNPACKING pc=0x00000179078c5c23 sp=0x000000079f6fdfc8 mode 2
Event: 10.031 Thread 0x000001791bba6430 Uncommon trap: trap_request=0xffffff45 fr.pc=0x000001790f362d8c relative=0x00000000000003ac
Event: 10.031 Thread 0x000001791bba6430 Uncommon trap: reason=unstable_if action=reinterpret pc=0x000001790f362d8c method=java.util.regex.Matcher.match(II)Z @ 76 c2
Event: 10.031 Thread 0x000001791bba6430 DEOPT PACKING pc=0x000001790f362d8c sp=0x000000079f6fe060
Event: 10.031 Thread 0x000001791bba6430 DEOPT UNPACKING pc=0x00000179078c5c23 sp=0x000000079f6fe050 mode 2
Event: 10.206 Thread 0x000001791bba6430 Uncommon trap: trap_request=0xffffff45 fr.pc=0x000001790f3b0574 relative=0x00000000000001d4
Event: 10.206 Thread 0x000001791bba6430 Uncommon trap: reason=unstable_if action=reinterpret pc=0x000001790f3b0574 method=java.net.URI.match(CJJ)Z @ 19 c2
Event: 10.206 Thread 0x000001791bba6430 DEOPT PACKING pc=0x000001790f3b0574 sp=0x000000079f6fd430
Event: 10.206 Thread 0x000001791bba6430 DEOPT UNPACKING pc=0x00000179078c5c23 sp=0x000000079f6fd330 mode 2
Event: 10.206 Thread 0x000001791bba6430 Uncommon trap: trap_request=0xffffff45 fr.pc=0x000001790f372e48 relative=0x0000000000000048
Event: 10.206 Thread 0x000001791bba6430 Uncommon trap: reason=unstable_if action=reinterpret pc=0x000001790f372e48 method=java.net.URI.match(CJJ)Z @ 19 c2
Event: 10.206 Thread 0x000001791bba6430 DEOPT PACKING pc=0x000001790f372e48 sp=0x000000079f6fd370
Event: 10.206 Thread 0x000001791bba6430 DEOPT UNPACKING pc=0x00000179078c5c23 sp=0x000000079f6fd320 mode 2

Classes loaded (20 events):
Event: 10.257 Loading class java/util/concurrent/locks/AbstractQueuedSynchronizer$ExclusiveNode
Event: 10.257 Loading class java/util/concurrent/locks/AbstractQueuedSynchronizer$ExclusiveNode done
Event: 10.267 Loading class jdk/internal/math/FDBigInteger
Event: 10.268 Loading class jdk/internal/math/FDBigInteger done
Event: 10.323 Loading class java/util/Collections$UnmodifiableMap$UnmodifiableEntrySet
Event: 10.324 Loading class java/util/Collections$UnmodifiableMap$UnmodifiableEntrySet done
Event: 10.324 Loading class java/util/Collections$UnmodifiableMap$UnmodifiableEntrySet$1
Event: 10.324 Loading class java/util/Collections$UnmodifiableMap$UnmodifiableEntrySet$1 done
Event: 10.324 Loading class java/util/Collections$UnmodifiableMap$UnmodifiableEntrySet$UnmodifiableEntry
Event: 10.324 Loading class java/util/Collections$UnmodifiableMap$UnmodifiableEntrySet$UnmodifiableEntry done
Event: 10.346 Loading class java/util/concurrent/CountDownLatch
Event: 10.346 Loading class java/util/concurrent/CountDownLatch done
Event: 10.346 Loading class java/util/concurrent/CountDownLatch$Sync
Event: 10.346 Loading class java/util/concurrent/CountDownLatch$Sync done
Event: 10.350 Loading class java/math/MathContext
Event: 10.350 Loading class java/math/MathContext done
Event: 10.350 Loading class java/math/BigDecimal
Event: 10.351 Loading class java/math/BigDecimal done
Event: 10.428 Loading class sun/reflect/generics/tree/VoidDescriptor
Event: 10.428 Loading class sun/reflect/generics/tree/VoidDescriptor done

Classes unloaded (0 events):
No events

Classes redefined (0 events):
No events

Internal exceptions (20 events):
Event: 6.033 Thread 0x0000017979a77290 Exception <a 'java/lang/NoSuchMethodError'{0x00000000ed8fb4c0}: 'java.lang.Object java.lang.invoke.DirectMethodHandle$Holder.invokeVirtual(java.lang.Object, java.lang.Object, java.lang.Object, java.lang.Object, java.lang.Object)'> (0x00000000ed8fb4c0) 
thrown [s\open\src\hotspot\share\interpreter\linkResolver.cpp, line 759]
Event: 6.037 Thread 0x0000017979a77290 Exception <a 'java/lang/NoSuchMethodError'{0x00000000ed70fdd8}: 'java.lang.Object java.lang.invoke.Invokers$Holder.invokeExact_MT(java.lang.Object, java.lang.Object, java.lang.Object, java.lang.Object, java.lang.Object, java.lang.Object)'> (0x00000000ed70fdd8) 
thrown [s\open\src\hotspot\share\interpreter\linkResolver.cpp, line 759]
Event: 6.076 Thread 0x0000017979a77290 Exception <a 'java/lang/NoSuchMethodError'{0x00000000ed606a68}: 'java.lang.Object java.lang.invoke.DirectMethodHandle$Holder.invokeVirtual(java.lang.Object, java.lang.Object, java.lang.Object, java.lang.Object, java.lang.Object, java.lang.Object, java.lang.Object, java.lang.Object, java.lang.Object, java.lang.Object, java.lang.Object, java.lang.Object, java.lang.Object, java.lang.Object)'> (0x00000000ed606a68) 
thrown [s\open\src\hotspot\share\interpreter\linkResolver.cpp, line 759]
Event: 6.078 Thread 0x0000017979a77290 Exception <a 'java/lang/NoSuchMethodError'{0x00000000ed60c378}: 'java.lang.Object java.lang.invoke.DirectMethodHandle$Holder.invokeSpecial(java.lang.Object, java.lang.Object, java.lang.Object, java.lang.Object, java.lang.Object, java.lang.Object, java.lang.Object, java.lang.Object, java.lang.Object, java.lang.Object, java.lang.Object, java.lang.Object, java.lang.Object, java.lang.Object, java.lang.Object)'> (0x00000000ed60c378) 
thrown [s\open\src\hotspot\share\interpreter\linkResolver.cpp, line 759]
Event: 6.232 Thread 0x0000017979a77290 Exception <a 'java/lang/NoSuchMethodError'{0x00000000ed4b97b0}: 'java.lang.Object java.lang.invoke.DirectMethodHandle$Holder.invokeVirtual(java.lang.Object, java.lang.Object, java.lang.Object, java.lang.Object, java.lang.Object, java.lang.Object, java.lang.Object)'> (0x00000000ed4b97b0) 
thrown [s\open\src\hotspot\share\interpreter\linkResolver.cpp, line 759]
Event: 6.279 Thread 0x0000017979a77290 Exception <a 'java/lang/NoSuchMethodError'{0x00000000ed34ee48}: 'java.lang.Object java.lang.invoke.DirectMethodHandle$Holder.invokeVirtual(java.lang.Object, java.lang.Object, java.lang.Object, java.lang.Object, java.lang.Object, java.lang.Object, java.lang.Object, java.lang.Object, java.lang.Object)'> (0x00000000ed34ee48) 
thrown [s\open\src\hotspot\share\interpreter\linkResolver.cpp, line 759]
Event: 6.280 Thread 0x0000017979a77290 Exception <a 'java/lang/NoSuchMethodError'{0x00000000ed353a18}: 'java.lang.Object java.lang.invoke.DirectMethodHandle$Holder.invokeSpecial(java.lang.Object, java.lang.Object, java.lang.Object, java.lang.Object, java.lang.Object, java.lang.Object, java.lang.Object, java.lang.Object, java.lang.Object, java.lang.Object)'> (0x00000000ed353a18) 
thrown [s\open\src\hotspot\share\interpreter\linkResolver.cpp, line 759]
Event: 6.383 Thread 0x0000017979a77290 Exception <a 'java/lang/NoSuchMethodError'{0x00000000ed2ec748}: 'java.lang.Object java.lang.invoke.DirectMethodHandle$Holder.invokeStaticInit(java.lang.Object, int, int, int, int)'> (0x00000000ed2ec748) 
thrown [s\open\src\hotspot\share\interpreter\linkResolver.cpp, line 759]
Event: 6.945 Thread 0x0000017979a77290 Exception <a 'java/lang/NoSuchMethodError'{0x00000000ed00b690}: 'java.lang.Object java.lang.invoke.DirectMethodHandle$Holder.invokeStaticInit(java.lang.Object, java.lang.Object, int, int, int, int)'> (0x00000000ed00b690) 
thrown [s\open\src\hotspot\share\interpreter\linkResolver.cpp, line 759]
Event: 9.711 Thread 0x0000017979a77290 Exception <a 'java/io/IOException'{0x00000000ecd3ae38}> (0x00000000ecd3ae38) 
thrown [s\open\src\hotspot\share\prims\jni.cpp, line 516]
Event: 9.721 Thread 0x0000017979a77290 Implicit null exception at 0x000001790f3979d2 to 0x000001790f397f30
Event: 9.821 Thread 0x0000017979a77290 Exception <a 'java/lang/NoSuchMethodError'{0x00000000ecc1a610}: 'java.lang.Object java.lang.invoke.DirectMethodHandle$Holder.newInvokeSpecial(java.lang.Object, java.lang.Object, java.lang.Object, java.lang.Object, java.lang.Object)'> (0x00000000ecc1a610) 
thrown [s\open\src\hotspot\share\interpreter\linkResolver.cpp, line 759]
Event: 10.106 Thread 0x000001791bba6430 Exception <a 'java/lang/NoSuchMethodError'{0x00000000ecaf6ad8}: 'long java.lang.invoke.DirectMethodHandle$Holder.invokeSpecial(java.lang.Object, java.lang.Object)'> (0x00000000ecaf6ad8) 
thrown [s\open\src\hotspot\share\interpreter\linkResolver.cpp, line 759]
Event: 10.107 Thread 0x000001791bba6430 Exception <a 'java/lang/NoSuchMethodError'{0x00000000ecafa170}: 'long java.lang.invoke.Invokers$Holder.invokeExact_MT(java.lang.Object, java.lang.Object)'> (0x00000000ecafa170) 
thrown [s\open\src\hotspot\share\interpreter\linkResolver.cpp, line 759]
Event: 10.121 Thread 0x000001791bba6430 Exception <a 'java/lang/NoSuchMethodError'{0x00000000ec922760}: 'void java.lang.invoke.DirectMethodHandle$Holder.invokeSpecial(java.lang.Object, java.lang.Object, java.lang.Object)'> (0x00000000ec922760) 
thrown [s\open\src\hotspot\share\interpreter\linkResolver.cpp, line 759]
Event: 10.165 Thread 0x000001791bba6430 Exception <a 'java/lang/NoSuchMethodError'{0x00000000ec94ef00}: static Lorg/gradle/tooling/internal/provider/serialization/ClassLoaderDetails;.<clinit>()V> (0x00000000ec94ef00) 
thrown [s\open\src\hotspot\share\prims\jni.cpp, line 1104]
Event: 10.180 Thread 0x000001791bba6430 Exception <a 'java/lang/NoSuchMethodError'{0x00000000ec968b30}: static Lorg/gradle/internal/classloader/ClassLoaderSpec;.<clinit>()V> (0x00000000ec968b30) 
thrown [s\open\src\hotspot\share\prims\jni.cpp, line 1104]
Event: 10.184 Thread 0x000001791bba6430 Exception <a 'java/lang/NoSuchMethodError'{0x00000000ec972538}: static Lorg/gradle/tooling/internal/provider/serialization/WellKnownClassLoaderRegistry$KnownClassLoaderSpec;.<clinit>()V> (0x00000000ec972538) 
thrown [s\open\src\hotspot\share\prims\jni.cpp, line 1104]
Event: 10.194 Thread 0x000001791bba6430 Exception <a 'java/lang/NoSuchMethodError'{0x00000000ec988c10}: static Lorg/gradle/tooling/internal/provider/serialization/ClientOwnedClassLoaderSpec;.<clinit>()V> (0x00000000ec988c10) 
thrown [s\open\src\hotspot\share\prims\jni.cpp, line 1104]
Event: 10.585 Thread 0x000001791b592410 Exception <a 'java/lang/NoSuchMethodError'{0x00000000ec6dae30}: 'long java.lang.invoke.DirectMethodHandle$Holder.invokeInterface(java.lang.Object, java.lang.Object)'> (0x00000000ec6dae30) 
thrown [s\open\src\hotspot\share\interpreter\linkResolver.cpp, line 759]

VM Operations (20 events):
Event: 6.052 Executing VM operation: HandshakeAllThreads
Event: 6.052 Executing VM operation: HandshakeAllThreads done
Event: 6.052 Executing VM operation: Cleanup
Event: 6.052 Executing VM operation: Cleanup done
Event: 6.140 Executing VM operation: HandshakeAllThreads
Event: 6.140 Executing VM operation: HandshakeAllThreads done
Event: 6.228 Executing VM operation: HandshakeAllThreads
Event: 6.228 Executing VM operation: HandshakeAllThreads done
Event: 6.360 Executing VM operation: HandshakeAllThreads
Event: 6.360 Executing VM operation: HandshakeAllThreads done
Event: 6.913 Executing VM operation: HandshakeAllThreads
Event: 6.913 Executing VM operation: HandshakeAllThreads done
Event: 7.919 Executing VM operation: Cleanup
Event: 7.920 Executing VM operation: Cleanup done
Event: 8.975 Executing VM operation: Cleanup
Event: 8.975 Executing VM operation: Cleanup done
Event: 9.591 Executing VM operation: HandshakeAllThreads
Event: 9.591 Executing VM operation: HandshakeAllThreads done
Event: 10.595 Executing VM operation: Cleanup
Event: 10.596 Executing VM operation: Cleanup done

Events (20 events):
Event: 1.387 Thread 0x000001791ae1a7d0 Thread added: 0x000001791ae1a7d0
Event: 1.400 Loaded shared library C:\Program Files\Java\jdk-18.0.2\bin\jimage.dll
Event: 1.988 Loaded shared library C:\Program Files\Java\jdk-18.0.2\bin\verify.dll
Event: 2.491 Loaded shared library C:\Gradle\gradle-8.11\bin\native\c067742578af261105cb4f569cf0c3c89f3d7b1fecec35dd04571415982c5e48\windows-amd64\native-platform.dll
Event: 2.505 Loaded shared library C:\Gradle\gradle-8.11\bin\native\100fb08df4bc3b14c8652ba06237920a3bd2aa13389f12d3474272988ae205f9\windows-amd64\native-platform-file-events.dll
Event: 3.138 Thread 0x000001791ae1a7d0 Thread exited: 0x000001791ae1a7d0
Event: 3.615 Thread 0x000001791bade1a0 Thread added: 0x000001791bade1a0
Event: 3.742 Thread 0x000001791bade1a0 Thread exited: 0x000001791bade1a0
Event: 5.960 Loaded shared library C:\Program Files\Java\jdk-18.0.2\bin\management.dll
Event: 5.972 Loaded shared library C:\Program Files\Java\jdk-18.0.2\bin\management_ext.dll
Event: 6.058 Thread 0x000001797dba34a0 Thread added: 0x000001797dba34a0
Event: 9.501 Thread 0x000001791ad395c0 Thread added: 0x000001791ad395c0
Event: 9.815 Thread 0x000001791b96daa0 Thread added: 0x000001791b96daa0
Event: 9.850 Thread 0x000001791adcda00 Thread added: 0x000001791adcda00
Event: 9.875 Thread 0x000001791bba6430 Thread added: 0x000001791bba6430
Event: 10.265 Thread 0x000001791b944bd0 Thread added: 0x000001791b944bd0
Event: 10.305 Thread 0x000001791b592410 Thread added: 0x000001791b592410
Event: 10.349 Thread 0x000001791b595430 Thread added: 0x000001791b595430
Event: 10.357 Thread 0x000001791b5928e0 Thread added: 0x000001791b5928e0
Event: 10.363 Thread 0x000001791b594f60 Thread added: 0x000001791b594f60


Dynamic libraries:
0x00007ff66c5b0000 - 0x00007ff66c5c0000 	C:\Program Files\Java\jdk-18.0.2\bin\java.exe
0x00007ff93f990000 - 0x00007ff93fba7000 	C:\WINDOWS\SYSTEM32\ntdll.dll
0x00007ff8ead30000 - 0x00007ff8ead4a000 	C:\Program Files\Avast Software\Avast\aswhook.dll
0x00007ff93e1b0000 - 0x00007ff93e274000 	C:\WINDOWS\System32\KERNEL32.DLL
0x00007ff93cdb0000 - 0x00007ff93d169000 	C:\WINDOWS\System32\KERNELBASE.dll
0x00007ff93d520000 - 0x00007ff93d631000 	C:\WINDOWS\System32\ucrtbase.dll
0x00007ff928880000 - 0x00007ff928898000 	C:\Program Files\Java\jdk-18.0.2\bin\jli.dll
0x00007ff93eab0000 - 0x00007ff93eb62000 	C:\WINDOWS\System32\ADVAPI32.dll
0x00007ff93e100000 - 0x00007ff93e1a7000 	C:\WINDOWS\System32\msvcrt.dll
0x00007ff93eb70000 - 0x00007ff93ec17000 	C:\WINDOWS\System32\sechost.dll
0x00007ff93d2d0000 - 0x00007ff93d2f8000 	C:\WINDOWS\System32\bcrypt.dll
0x00007ff93f830000 - 0x00007ff93f944000 	C:\WINDOWS\System32\RPCRT4.dll
0x00007ff93e7a0000 - 0x00007ff93e94e000 	C:\WINDOWS\System32\USER32.dll
0x00007ff93d4f0000 - 0x00007ff93d516000 	C:\WINDOWS\System32\win32u.dll
0x00007ff93e5b0000 - 0x00007ff93e5d9000 	C:\WINDOWS\System32\GDI32.dll
0x00007ff93cc90000 - 0x00007ff93cdab000 	C:\WINDOWS\System32\gdi32full.dll
0x00007ff93d230000 - 0x00007ff93d2ca000 	C:\WINDOWS\System32\msvcp_win.dll
0x00007ff927a00000 - 0x00007ff927a1a000 	C:\Program Files\Java\jdk-18.0.2\bin\VCRUNTIME140.dll
0x00007ff926600000 - 0x00007ff926892000 	C:\WINDOWS\WinSxS\amd64_microsoft.windows.common-controls_6595b64144ccf1df_6.0.22621.4391_none_2715d37f73803e96\COMCTL32.dll
0x00007ff92d6b0000 - 0x00007ff92d6ba000 	C:\WINDOWS\SYSTEM32\VERSION.dll
0x00007ff93e4b0000 - 0x00007ff93e4e1000 	C:\WINDOWS\System32\IMM32.DLL
0x00007ff9288b0000 - 0x00007ff9288bc000 	C:\Program Files\Java\jdk-18.0.2\bin\vcruntime140_1.dll
0x00007ff910ce0000 - 0x00007ff910d6d000 	C:\Program Files\Java\jdk-18.0.2\bin\msvcp140.dll
0x00007ff8c7ab0000 - 0x00007ff8c86c1000 	C:\Program Files\Java\jdk-18.0.2\bin\server\jvm.dll
0x00007ff93d6b0000 - 0x00007ff93d6b8000 	C:\WINDOWS\System32\PSAPI.DLL
0x00007ff91de20000 - 0x00007ff91de29000 	C:\WINDOWS\SYSTEM32\WSOCK32.dll
0x00007ff93e430000 - 0x00007ff93e4a1000 	C:\WINDOWS\System32\WS2_32.dll
0x00007ff933fe0000 - 0x00007ff934014000 	C:\WINDOWS\SYSTEM32\WINMM.dll
0x00007ff93bc90000 - 0x00007ff93bca8000 	C:\WINDOWS\SYSTEM32\kernel.appcore.dll
0x00007ff927970000 - 0x00007ff92797a000 	C:\Program Files\Java\jdk-18.0.2\bin\jimage.dll
0x00007ff92c0a0000 - 0x00007ff92c2d2000 	C:\WINDOWS\SYSTEM32\DBGHELP.DLL
0x00007ff93ec20000 - 0x00007ff93efaf000 	C:\WINDOWS\System32\combase.dll
0x00007ff93db80000 - 0x00007ff93dc57000 	C:\WINDOWS\System32\OLEAUT32.dll
0x00007ff92bfa0000 - 0x00007ff92bfd2000 	C:\WINDOWS\SYSTEM32\dbgcore.DLL
0x00007ff93d300000 - 0x00007ff93d37b000 	C:\WINDOWS\System32\bcryptPrimitives.dll
0x00007ff927960000 - 0x00007ff92796e000 	C:\Program Files\Java\jdk-18.0.2\bin\instrument.dll
0x00007ff926fc0000 - 0x00007ff926fe5000 	C:\Program Files\Java\jdk-18.0.2\bin\java.dll
0x00007ff90efd0000 - 0x00007ff90f0a6000 	C:\Program Files\Java\jdk-18.0.2\bin\jsvml.dll
0x00007ff93efb0000 - 0x00007ff93f826000 	C:\WINDOWS\System32\SHELL32.dll
0x00007ff93ab80000 - 0x00007ff93b483000 	C:\WINDOWS\SYSTEM32\windows.storage.dll
0x00007ff93aa40000 - 0x00007ff93ab7f000 	C:\WINDOWS\SYSTEM32\wintypes.dll
0x00007ff93d6c0000 - 0x00007ff93d7b9000 	C:\WINDOWS\System32\SHCORE.dll
0x00007ff93d820000 - 0x00007ff93d87e000 	C:\WINDOWS\System32\shlwapi.dll
0x00007ff93cbc0000 - 0x00007ff93cbeb000 	C:\WINDOWS\SYSTEM32\profapi.dll
0x00007ff925980000 - 0x00007ff925998000 	C:\Program Files\Java\jdk-18.0.2\bin\zip.dll
0x00007ff925960000 - 0x00007ff925973000 	C:\Program Files\Java\jdk-18.0.2\bin\net.dll
0x00007ff934af0000 - 0x00007ff934c26000 	C:\WINDOWS\SYSTEM32\WINHTTP.dll
0x00007ff93c100000 - 0x00007ff93c169000 	C:\WINDOWS\system32\mswsock.dll
0x00007ff91f9c0000 - 0x00007ff91f9d6000 	C:\Program Files\Java\jdk-18.0.2\bin\nio.dll
0x00007ff926fb0000 - 0x00007ff926fc0000 	C:\Program Files\Java\jdk-18.0.2\bin\verify.dll
0x00007ff927ad0000 - 0x00007ff927af7000 	C:\Gradle\gradle-8.11\bin\native\c067742578af261105cb4f569cf0c3c89f3d7b1fecec35dd04571415982c5e48\windows-amd64\native-platform.dll
0x00007ff8f07b0000 - 0x00007ff8f08f4000 	C:\Gradle\gradle-8.11\bin\native\100fb08df4bc3b14c8652ba06237920a3bd2aa13389f12d3474272988ae205f9\windows-amd64\native-platform-file-events.dll
0x00007ff925950000 - 0x00007ff925959000 	C:\Program Files\Java\jdk-18.0.2\bin\management.dll
0x00007ff9219e0000 - 0x00007ff9219eb000 	C:\Program Files\Java\jdk-18.0.2\bin\management_ext.dll
0x00007ff93c450000 - 0x00007ff93c46b000 	C:\WINDOWS\SYSTEM32\CRYPTSP.dll
0x00007ff93bbf0000 - 0x00007ff93bc25000 	C:\WINDOWS\system32\rsaenh.dll
0x00007ff93c1a0000 - 0x00007ff93c1c8000 	C:\WINDOWS\SYSTEM32\USERENV.dll
0x00007ff93c430000 - 0x00007ff93c43c000 	C:\WINDOWS\SYSTEM32\CRYPTBASE.dll
0x00007ff93b6f0000 - 0x00007ff93b71d000 	C:\WINDOWS\SYSTEM32\IPHLPAPI.DLL
0x00007ff93d950000 - 0x00007ff93d959000 	C:\WINDOWS\System32\NSI.dll
0x00007ff934e00000 - 0x00007ff934e19000 	C:\WINDOWS\SYSTEM32\dhcpcsvc6.DLL
0x00007ff934de0000 - 0x00007ff934dff000 	C:\WINDOWS\SYSTEM32\dhcpcsvc.DLL
0x00007ff93b760000 - 0x00007ff93b862000 	C:\WINDOWS\SYSTEM32\DNSAPI.dll

dbghelp: loaded successfully - version: 4.0.5 - missing functions: none
symbol engine: initialized successfully - sym options: 0x614 - pdb path: .;C:\Program Files\Java\jdk-18.0.2\bin;C:\WINDOWS\SYSTEM32;C:\Program Files\Avast Software\Avast;C:\WINDOWS\WinSxS\amd64_microsoft.windows.common-controls_6595b64144ccf1df_6.0.22621.4391_none_2715d37f73803e96;C:\Program Files\Java\jdk-18.0.2\bin\server;C:\Gradle\gradle-8.11\bin\native\c067742578af261105cb4f569cf0c3c89f3d7b1fecec35dd04571415982c5e48\windows-amd64;C:\Gradle\gradle-8.11\bin\native\100fb08df4bc3b14c8652ba06237920a3bd2aa13389f12d3474272988ae205f9\windows-amd64

VM Arguments:
jvm_args: --add-opens=java.base/java.lang=ALL-UNNAMED --add-opens=java.base/java.lang.invoke=ALL-UNNAMED --add-opens=java.base/java.util=ALL-UNNAMED --add-opens=java.prefs/java.util.prefs=ALL-UNNAMED --add-exports=jdk.compiler/com.sun.tools.javac.api=ALL-UNNAMED --add-exports=jdk.compiler/com.sun.tools.javac.util=ALL-UNNAMED --add-opens=java.base/java.util=ALL-UNNAMED --add-opens=java.prefs/java.util.prefs=ALL-UNNAMED --add-opens=java.base/java.nio.charset=ALL-UNNAMED --add-opens=java.base/java.net=ALL-UNNAMED --add-opens=java.base/java.util.concurrent.atomic=ALL-UNNAMED --add-opens=java.xml/javax.xml.namespace=ALL-UNNAMED -XX:MaxMetaspaceSize=384m -XX:+HeapDumpOnOutOfMemoryError -Xms256m -Xmx512m -Dfile.encoding=UTF-8 -Duser.country=UA -Duser.language=uk -Duser.variant -javaagent:C:\Gradle\gradle-8.11\lib\agents\gradle-instrumentation-agent-8.11.jar 
java_command: org.gradle.launcher.daemon.bootstrap.GradleDaemon 8.11
java_class_path (initial): C:\Gradle\gradle-8.11\lib\gradle-daemon-main-8.11.jar
Launcher Type: SUN_STANDARD

[Global flags]
     intx CICompilerCount                          = 4                                         {product} {ergonomic}
   size_t CompressedClassSpaceSize                 = 322961408                                 {product} {ergonomic}
     uint ConcGCThreads                            = 2                                         {product} {ergonomic}
     uint G1ConcRefinementThreads                  = 8                                         {product} {ergonomic}
   size_t G1HeapRegionSize                         = 1048576                                   {product} {ergonomic}
    uintx GCDrainStackTargetSize                   = 64                                        {product} {ergonomic}
     bool HeapDumpOnOutOfMemoryError               = true                                   {manageable} {command line}
   size_t InitialHeapSize                          = 268435456                                 {product} {command line}
   size_t MarkStackSize                            = 4194304                                   {product} {ergonomic}
   size_t MaxHeapSize                              = 536870912                                 {product} {command line}
   size_t MaxMetaspaceSize                         = 402653184                                 {product} {command line}
   size_t MaxNewSize                               = 321912832                                 {product} {ergonomic}
   size_t MinHeapDeltaBytes                        = 1048576                                   {product} {ergonomic}
   size_t MinHeapSize                              = 268435456                                 {product} {command line}
    uintx NonNMethodCodeHeapSize                   = 5839372                                {pd product} {ergonomic}
    uintx NonProfiledCodeHeapSize                  = 122909434                              {pd product} {ergonomic}
    uintx ProfiledCodeHeapSize                     = 122909434                              {pd product} {ergonomic}
    uintx ReservedCodeCacheSize                    = 251658240                              {pd product} {ergonomic}
     bool SegmentedCodeCache                       = true                                      {product} {ergonomic}
   size_t SoftMaxHeapSize                          = 536870912                              {manageable} {ergonomic}
     bool UseCompressedClassPointers               = true                           {product lp64_product} {ergonomic}
     bool UseCompressedOops                        = true                           {product lp64_product} {ergonomic}
     bool UseG1GC                                  = true                                      {product} {ergonomic}
     bool UseLargePagesIndividualAllocation        = false                                  {pd product} {ergonomic}

Logging:
Log output configuration:
 #0: stdout all=warning uptime,level,tags foldmultilines=false
 #1: stderr all=off uptime,level,tags foldmultilines=false

Environment Variables:
JAVA_HOME=C:\Program Files\Java\jdk-18.0.2
PATH=C:\Program Files\Common Files\Oracle\Java\javapath;C:\Program Files (x86)\apache-maven-3.8.6\bin;C:\Program Files\dotnet\;C:\WINDOWS\system32;C:\WINDOWS;C:\WINDOWS\System32\Wbem;C:\WINDOWS\System32\WindowsPowerShell\v1.0\;C:\WINDOWS\System32\OpenSSH\;C:\Program Files\MySQL\MySQL Server 8.0\bin;C:\Program Files\nodejs\;C:\ProgramData\chocolatey\bin;C:\Program Files (x86)\Common Files\Acronis\SnapAPI\;C:\Program Files\Git\cmd;C:\Program Files\Docker\Docker\resources\bin;C:\Users\Viktoriya\AppData\Local\Programs\Python\Python313\Scripts\;C:\Users\Viktoriya\AppData\Local\Programs\Python\Python313\;C:\Program Files\MySQL\MySQL Shell 8.0\bin\;C:\Users\Viktoriya\AppData\Local\Microsoft\WindowsApps;D:\IntelliJ IDEA Educational Edition 2022.1.3\bin;;C:\Users\Viktoriya\AppData\Local\Programs\Microsoft VS Code\bin;D:\program files\Jet Brains\IntelliJ IDEA Community Edition 2022.3.2\bin;;D:\program files\IntelliJ IDEA 2019.3.4\bin;;C:\Users\Viktoriya\AppData\Roaming\npm;D:\program files\PyCharm Community Edition 2024.2.4\bin;;C:\Gradle\gradle-8.11\bin;
USERNAME=Viktoriya
OS=Windows_NT
PROCESSOR_IDENTIFIER=Intel64 Family 6 Model 126 Stepping 5, GenuineIntel



---------------  S Y S T E M  ---------------

OS:
 Windows 11 , 64 bit Build 22621 (10.0.22621.4391)
OS uptime: 1 days 2:20 hours
Hyper-V role detected

CPU: total 8 (initial active 8) (4 cores per cpu, 2 threads per core) family 6 model 126 stepping 5 microcode 0x86, cx8, cmov, fxsr, ht, mmx, 3dnowpref, sse, sse2, sse3, ssse3, sse4.1, sse4.2, popcnt, lzcnt, tsc, tscinvbit, avx, avx2, aes, erms, clmul, bmi1, bmi2, adx, avx512f, avx512dq, avx512cd, avx512bw, avx512vl, sha, fma, vzeroupper, avx512_vpopcntdq, avx512_vpclmulqdq, avx512_vaes, avx512_vnni, clflush, clflushopt, avx512_vbmi2, avx512_vbmi, hv

Memory: 4k page, system-wide physical 16161M (3149M free)
TotalPageFile size 18209M (AvailPageFile size 6M)
current process WorkingSet (physical memory assigned to process): 148M, peak: 148M
current process commit charge ("private bytes"): 387M, peak: 387M

vm_info: Java HotSpot(TM) 64-Bit Server VM (18.0.2+9-61) for windows-amd64 JRE (18.0.2+9-61), built on Jun  7 2022 13:09:01 by "mach5one" with MS VC++ 16.8 / 16.9 (VS2019)

END.
