#
# There is insufficient memory for the Java Runtime Environment to continue.
# Native memory allocation (malloc) failed to allocate 2177840 bytes for Chunk::new
# Possible reasons:
#   The system is out of physical RAM or swap space
#   The process is running with CompressedOops enabled, and the Java Heap may be blocking the growth of the native heap
# Possible solutions:
#   Reduce memory load on the system
#   Increase physical memory or swap space
#   Check if swap backing store is full
#   Decrease Java heap size (-Xmx/-Xms)
#   Decrease number of Java threads
#   Decrease Java thread stack sizes (-Xss)
#   Set larger code cache with -XX:ReservedCodeCacheSize=
#   JVM is running with Unscaled Compressed Oops mode in which the Java heap is
#     placed in the first 4GB address space. The Java Heap base address is the
#     maximum limit for the native heap growth. Please use -XX:HeapBaseMinAddress
#     to set the Java Heap base and to place the Java Heap above 4GB virtual address.
# This output file may be truncated or incomplete.
#
#  Out of Memory Error (arena.cpp:184), pid=15532, tid=18536
#
# JRE version: Java(TM) SE Runtime Environment (18.0.2+9) (build 18.0.2+9-61)
# Java VM: Java HotSpot(TM) 64-Bit Server VM (18.0.2+9-61, mixed mode, sharing, tiered, compressed oops, compressed class ptrs, g1 gc, windows-amd64)
# No core dump will be written. Minidumps are not enabled by default on client versions of Windows
#

---------------  S U M M A R Y ------------

Command Line: --add-opens=java.base/java.lang=ALL-UNNAMED --add-opens=java.base/java.lang.invoke=ALL-UNNAMED --add-opens=java.base/java.util=ALL-UNNAMED --add-opens=java.prefs/java.util.prefs=ALL-UNNAMED --add-exports=jdk.compiler/com.sun.tools.javac.api=ALL-UNNAMED --add-exports=jdk.compiler/com.sun.tools.javac.util=ALL-UNNAMED --add-opens=java.base/java.util=ALL-UNNAMED --add-opens=java.prefs/java.util.prefs=ALL-UNNAMED --add-opens=java.base/java.nio.charset=ALL-UNNAMED --add-opens=java.base/java.net=ALL-UNNAMED --add-opens=java.base/java.util.concurrent.atomic=ALL-UNNAMED --add-opens=java.xml/javax.xml.namespace=ALL-UNNAMED -XX:MaxMetaspaceSize=384m -XX:+HeapDumpOnOutOfMemoryError -Xms256m -Xmx512m -Dfile.encoding=UTF-8 -Duser.country=UA -Duser.language=uk -Duser.variant -javaagent:C:\Gradle\gradle-8.11\bin\wrapper\dists\gradle-8.11-bin\c4te04g51qsyw1bxcb929u7br\gradle-8.11\lib\agents\gradle-instrumentation-agent-8.11.jar org.gradle.launcher.daemon.bootstrap.GradleDaemon 8.11

Host: Intel(R) Core(TM) i5-1035G1 CPU @ 1.00GHz, 8 cores, 15G,  Windows 11 , 64 bit Build 22621 (10.0.22621.4391)
Time: Wed Dec 11 22:37:42 2024  Windows 11 , 64 bit Build 22621 (10.0.22621.4391) elapsed time: 12.989421 seconds (0d 0h 0m 12s)

---------------  T H R E A D  ---------------

Current thread (0x00000267ac00af50):  JavaThread "C2 CompilerThread0" daemon [_thread_in_native, id=18536, stack(0x000000b1b9f00000,0x000000b1ba000000)]


Current CompileTask:
C2:  12989 2525   !   4       java.lang.ClassLoader::loadClass (121 bytes)

Stack: [0x000000b1b9f00000,0x000000b1ba000000]
Native frames: (J=compiled Java code, j=interpreted, Vv=VM code, C=native code)
V  [jvm.dll+0x6993ca]
V  [jvm.dll+0x7f481d]
V  [jvm.dll+0x7f612e]
V  [jvm.dll+0x7f67e3]
V  [jvm.dll+0x25cdaf]
V  [jvm.dll+0xb8c2f]
V  [jvm.dll+0xb8fa5]
V  [jvm.dll+0x3860cb]
V  [jvm.dll+0x1d2ba8]
V  [jvm.dll+0x2300a9]
V  [jvm.dll+0x22f321]
V  [jvm.dll+0x1ba01c]
V  [jvm.dll+0x23ec9a]
V  [jvm.dll+0x23cf85]
V  [jvm.dll+0x7a6e21]
V  [jvm.dll+0x7a125a]
V  [jvm.dll+0x698275]
C  [ucrtbase.dll+0x29333]
C  [KERNEL32.DLL+0x1259d]
C  [ntdll.dll+0x5af38]


---------------  P R O C E S S  ---------------

Threads class SMR info:
_java_thread_list=0x00000267b1c2d540, length=25, elements={
0x00000267916bff40, 0x00000267abfeed80, 0x00000267abfef720, 0x00000267ac008690,
0x00000267ac008f40, 0x00000267ac0098e0, 0x00000267ac00a280, 0x00000267ac00af50,
0x00000267ac00b930, 0x00000267ac00f240, 0x00000267abfd0720, 0x00000267b05b8610,
0x00000267b089fb20, 0x00000267b15677b0, 0x00000267b10c50f0, 0x00000267b10bfcb0,
0x00000267b1e91e70, 0x00000267b1e687e0, 0x00000267b1eab820, 0x00000267b1ead500,
0x00000267b1eae370, 0x00000267b1ead9d0, 0x00000267b1eabcf0, 0x00000267b1ead030,
0x00000267b1eadea0
}

Java Threads: ( => current thread )
  0x00000267916bff40 JavaThread "main" [_thread_blocked, id=2392, stack(0x000000b1b9200000,0x000000b1b9300000)]
  0x00000267abfeed80 JavaThread "Reference Handler" daemon [_thread_blocked, id=13960, stack(0x000000b1b9900000,0x000000b1b9a00000)]
  0x00000267abfef720 JavaThread "Finalizer" daemon [_thread_blocked, id=10632, stack(0x000000b1b9a00000,0x000000b1b9b00000)]
  0x00000267ac008690 JavaThread "Signal Dispatcher" daemon [_thread_blocked, id=22876, stack(0x000000b1b9b00000,0x000000b1b9c00000)]
  0x00000267ac008f40 JavaThread "Attach Listener" daemon [_thread_blocked, id=8976, stack(0x000000b1b9c00000,0x000000b1b9d00000)]
  0x00000267ac0098e0 JavaThread "Service Thread" daemon [_thread_blocked, id=21584, stack(0x000000b1b9d00000,0x000000b1b9e00000)]
  0x00000267ac00a280 JavaThread "Monitor Deflation Thread" daemon [_thread_blocked, id=21208, stack(0x000000b1b9e00000,0x000000b1b9f00000)]
=>0x00000267ac00af50 JavaThread "C2 CompilerThread0" daemon [_thread_in_native, id=18536, stack(0x000000b1b9f00000,0x000000b1ba000000)]
  0x00000267ac00b930 JavaThread "C1 CompilerThread0" daemon [_thread_blocked, id=12116, stack(0x000000b1ba000000,0x000000b1ba100000)]
  0x00000267ac00f240 JavaThread "Sweeper thread" daemon [_thread_blocked, id=1636, stack(0x000000b1ba100000,0x000000b1ba200000)]
  0x00000267abfd0720 JavaThread "Common-Cleaner" daemon [_thread_blocked, id=21528, stack(0x000000b1ba200000,0x000000b1ba300000)]
  0x00000267b05b8610 JavaThread "Notification Thread" daemon [_thread_blocked, id=20788, stack(0x000000b1ba300000,0x000000b1ba400000)]
  0x00000267b089fb20 JavaThread "Daemon health stats" [_thread_blocked, id=22076, stack(0x000000b1ba500000,0x000000b1ba600000)]
  0x00000267b15677b0 JavaThread "Incoming local TCP Connector on port 54188" [_thread_in_native, id=23748, stack(0x000000b1ba600000,0x000000b1ba700000)]
  0x00000267b10c50f0 JavaThread "Daemon" [_thread_blocked, id=17576, stack(0x000000b1bac00000,0x000000b1bad00000)]
  0x00000267b10bfcb0 JavaThread "Handler for socket connection from /127.0.0.1:54188 to /127.0.0.1:54191" [_thread_in_native, id=5208, stack(0x000000b1bad00000,0x000000b1bae00000)]
  0x00000267b1e91e70 JavaThread "Daemon periodic checks" [_thread_blocked, id=18632, stack(0x000000b1bae00000,0x000000b1baf00000)]
  0x00000267b1e687e0 JavaThread "Cancel handler" [_thread_blocked, id=23200, stack(0x000000b1baf00000,0x000000b1bb000000)]
  0x00000267b1eab820 JavaThread "Daemon worker" [_thread_in_vm, id=4052, stack(0x000000b1bb000000,0x000000b1bb100000)]
  0x00000267b1ead500 JavaThread "Asynchronous log dispatcher for DefaultDaemonConnection: socket connection from /127.0.0.1:54188 to /127.0.0.1:54191" [_thread_blocked, id=23848, stack(0x000000b1bb100000,0x000000b1bb200000)]
  0x00000267b1eae370 JavaThread "Stdin handler" [_thread_blocked, id=16784, stack(0x000000b1bb200000,0x000000b1bb300000)]
  0x00000267b1ead9d0 JavaThread "Daemon client event forwarder" [_thread_blocked, id=21408, stack(0x000000b1bb300000,0x000000b1bb400000)]
  0x00000267b1eabcf0 JavaThread "Cache worker for journal cache (C:\Gradle\gradle-8.11\bin\caches\journal-1)" [_thread_blocked, id=23588, stack(0x000000b1bb400000,0x000000b1bb500000)]
  0x00000267b1ead030 JavaThread "File lock request listener" [_thread_in_native, id=19116, stack(0x000000b1bb500000,0x000000b1bb600000)]
  0x00000267b1eadea0 JavaThread "Cache worker for file hash cache (C:\Gradle\gradle-8.11\bin\caches\8.11\fileHashes)" [_thread_blocked, id=14400, stack(0x000000b1bb600000,0x000000b1bb700000)]

Other Threads:
  0x00000267abfea320 VMThread "VM Thread" [stack: 0x000000b1b9800000,0x000000b1b9900000] [id=19164]
  0x00000267b050ffe0 WatcherThread "VM Periodic Task Thread" [stack: 0x000000b1ba400000,0x000000b1ba500000] [id=2932]
  0x00000267916f1d70 WorkerThread "GC Thread#0" [stack: 0x000000b1b9300000,0x000000b1b9400000] [id=15536]
  0x00000267b0887ee0 WorkerThread "GC Thread#1" [stack: 0x000000b1ba700000,0x000000b1ba800000] [id=4308]
  0x00000267b092d6c0 WorkerThread "GC Thread#2" [stack: 0x000000b1ba800000,0x000000b1ba900000] [id=1796]
  0x00000267b092d960 WorkerThread "GC Thread#3" [stack: 0x000000b1ba900000,0x000000b1baa00000] [id=16824]
  0x00000267b092dc00 WorkerThread "GC Thread#4" [stack: 0x000000b1baa00000,0x000000b1bab00000] [id=23632]
  0x00000267b092dea0 WorkerThread "GC Thread#5" [stack: 0x000000b1bab00000,0x000000b1bac00000] [id=5404]
  0x00000267916f6b40 ConcurrentGCThread "G1 Main Marker" [stack: 0x000000b1b9400000,0x000000b1b9500000] [id=20720]
  0x00000267916f73d0 WorkerThread "G1 Conc#0" [stack: 0x000000b1b9500000,0x000000b1b9600000] [id=15292]
  0x000002679176ec30 ConcurrentGCThread "G1 Refine#0" [stack: 0x000000b1b9600000,0x000000b1b9700000] [id=19040]
  0x00000267abea6990 ConcurrentGCThread "G1 Service" [stack: 0x000000b1b9700000,0x000000b1b9800000] [id=3236]

Threads with active compile tasks:
C2 CompilerThread0    13080 2525   !   4       java.lang.ClassLoader::loadClass (121 bytes)

VM state: not at safepoint (normal execution)

VM Mutex/Monitor currently owned by a thread: None

Heap address: 0x00000000e0000000, size: 512 MB, Compressed Oops mode: 32-bit

CDS archive(s) mapped at: [0x0000000800000000-0x0000000800ba0000-0x0000000800ba0000), size 12189696, SharedBaseAddress: 0x0000000800000000, ArchiveRelocationMode: 0.
Compressed class space mapped at: 0x0000000800c00000-0x0000000814000000, reserved size: 322961408
Narrow klass base: 0x0000000800000000, Narrow klass shift: 0, Narrow klass range: 0x100000000

GC Precious Log:
 CardTable entry size: 512
 Card Set container configuration: InlinePtr #cards 5 size 8 Array Of Cards #cards 12 size 40 Howl #buckets 4 coarsen threshold 1843 Howl Bitmap #cards 512 size 80 coarsen threshold 460 Card regions per heap region 1 cards per card region 2048
 CPUs: 8 total, 8 available
 Memory: 16161M
 Large Page Support: Disabled
 NUMA Support: Disabled
 Compressed Oops: Enabled (32-bit)
 Heap Region Size: 1M
 Heap Min Capacity: 256M
 Heap Initial Capacity: 256M
 Heap Max Capacity: 512M
 Pre-touch: Disabled
 Parallel Workers: 8
 Concurrent Workers: 2
 Concurrent Refinement Workers: 8
 Periodic GC: Disabled

Heap:
 garbage-first heap   total 262144K, used 71382K [0x00000000e0000000, 0x0000000100000000)
  region size 1024K, 60 young (61440K), 5 survivors (5120K)
 Metaspace       used 15732K, committed 16256K, reserved 380928K
  class space    used 2145K, committed 2432K, reserved 315392K

Heap Regions: E=young(eden), S=young(survivor), O=old, HS=humongous(starts), HC=humongous(continues), CS=collection set, F=free, OA=open archive, CA=closed archive, TAMS=top-at-mark-start (previous, next)
|   0|0x00000000e0000000, 0x00000000e0100000, 0x00000000e0100000|100%| O|  |TAMS 0x00000000e0000000, 0x00000000e0000000| Untracked 
|   1|0x00000000e0100000, 0x00000000e0200000, 0x00000000e0200000|100%|HS|  |TAMS 0x00000000e0100000, 0x00000000e0100000| Complete 
|   2|0x00000000e0200000, 0x00000000e0300000, 0x00000000e0300000|100%|HC|  |TAMS 0x00000000e0200000, 0x00000000e0200000| Complete 
|   3|0x00000000e0300000, 0x00000000e0400000, 0x00000000e0400000|100%|HC|  |TAMS 0x00000000e0300000, 0x00000000e0300000| Complete 
|   4|0x00000000e0400000, 0x00000000e0500000, 0x00000000e0500000|100%| O|  |TAMS 0x00000000e0400000, 0x00000000e0400000| Untracked 
|   5|0x00000000e0500000, 0x00000000e0600000, 0x00000000e0600000|100%| O|  |TAMS 0x00000000e0500000, 0x00000000e0500000| Untracked 
|   6|0x00000000e0600000, 0x00000000e0700000, 0x00000000e0700000|100%| O|  |TAMS 0x00000000e0600000, 0x00000000e0600000| Untracked 
|   7|0x00000000e0700000, 0x00000000e0800000, 0x00000000e0800000|100%|HS|  |TAMS 0x00000000e0700000, 0x00000000e0700000| Complete 
|   8|0x00000000e0800000, 0x00000000e0800000, 0x00000000e0900000|  0%| F|  |TAMS 0x00000000e0800000, 0x00000000e0800000| Untracked 
|   9|0x00000000e0900000, 0x00000000e0a00000, 0x00000000e0a00000|100%| O|  |TAMS 0x00000000e0900000, 0x00000000e0900000| Untracked 
|  10|0x00000000e0a00000, 0x00000000e0b00000, 0x00000000e0b00000|100%| O|  |TAMS 0x00000000e0a00000, 0x00000000e0a00000| Untracked 
|  11|0x00000000e0b00000, 0x00000000e0c00000, 0x00000000e0c00000|100%| O|  |TAMS 0x00000000e0b00000, 0x00000000e0b00000| Untracked 
|  12|0x00000000e0c00000, 0x00000000e0c20800, 0x00000000e0d00000| 12%| O|  |TAMS 0x00000000e0c00000, 0x00000000e0c00000| Untracked 
|  13|0x00000000e0d00000, 0x00000000e0d00000, 0x00000000e0e00000|  0%| F|  |TAMS 0x00000000e0d00000, 0x00000000e0d00000| Untracked 
|  14|0x00000000e0e00000, 0x00000000e0e00000, 0x00000000e0f00000|  0%| F|  |TAMS 0x00000000e0e00000, 0x00000000e0e00000| Untracked 
|  15|0x00000000e0f00000, 0x00000000e0f00000, 0x00000000e1000000|  0%| F|  |TAMS 0x00000000e0f00000, 0x00000000e0f00000| Untracked 
|  16|0x00000000e1000000, 0x00000000e1000000, 0x00000000e1100000|  0%| F|  |TAMS 0x00000000e1000000, 0x00000000e1000000| Untracked 
|  17|0x00000000e1100000, 0x00000000e1100000, 0x00000000e1200000|  0%| F|  |TAMS 0x00000000e1100000, 0x00000000e1100000| Untracked 
|  18|0x00000000e1200000, 0x00000000e1200000, 0x00000000e1300000|  0%| F|  |TAMS 0x00000000e1200000, 0x00000000e1200000| Untracked 
|  19|0x00000000e1300000, 0x00000000e1300000, 0x00000000e1400000|  0%| F|  |TAMS 0x00000000e1300000, 0x00000000e1300000| Untracked 
|  20|0x00000000e1400000, 0x00000000e1400000, 0x00000000e1500000|  0%| F|  |TAMS 0x00000000e1400000, 0x00000000e1400000| Untracked 
|  21|0x00000000e1500000, 0x00000000e1500000, 0x00000000e1600000|  0%| F|  |TAMS 0x00000000e1500000, 0x00000000e1500000| Untracked 
|  22|0x00000000e1600000, 0x00000000e1600000, 0x00000000e1700000|  0%| F|  |TAMS 0x00000000e1600000, 0x00000000e1600000| Untracked 
|  23|0x00000000e1700000, 0x00000000e1700000, 0x00000000e1800000|  0%| F|  |TAMS 0x00000000e1700000, 0x00000000e1700000| Untracked 
|  24|0x00000000e1800000, 0x00000000e1800000, 0x00000000e1900000|  0%| F|  |TAMS 0x00000000e1800000, 0x00000000e1800000| Untracked 
|  25|0x00000000e1900000, 0x00000000e1900000, 0x00000000e1a00000|  0%| F|  |TAMS 0x00000000e1900000, 0x00000000e1900000| Untracked 
|  26|0x00000000e1a00000, 0x00000000e1a00000, 0x00000000e1b00000|  0%| F|  |TAMS 0x00000000e1a00000, 0x00000000e1a00000| Untracked 
|  27|0x00000000e1b00000, 0x00000000e1b00000, 0x00000000e1c00000|  0%| F|  |TAMS 0x00000000e1b00000, 0x00000000e1b00000| Untracked 
|  28|0x00000000e1c00000, 0x00000000e1c00000, 0x00000000e1d00000|  0%| F|  |TAMS 0x00000000e1c00000, 0x00000000e1c00000| Untracked 
|  29|0x00000000e1d00000, 0x00000000e1d00000, 0x00000000e1e00000|  0%| F|  |TAMS 0x00000000e1d00000, 0x00000000e1d00000| Untracked 
|  30|0x00000000e1e00000, 0x00000000e1e00000, 0x00000000e1f00000|  0%| F|  |TAMS 0x00000000e1e00000, 0x00000000e1e00000| Untracked 
|  31|0x00000000e1f00000, 0x00000000e1f00000, 0x00000000e2000000|  0%| F|  |TAMS 0x00000000e1f00000, 0x00000000e1f00000| Untracked 
|  32|0x00000000e2000000, 0x00000000e2000000, 0x00000000e2100000|  0%| F|  |TAMS 0x00000000e2000000, 0x00000000e2000000| Untracked 
|  33|0x00000000e2100000, 0x00000000e2100000, 0x00000000e2200000|  0%| F|  |TAMS 0x00000000e2100000, 0x00000000e2100000| Untracked 
|  34|0x00000000e2200000, 0x00000000e2200000, 0x00000000e2300000|  0%| F|  |TAMS 0x00000000e2200000, 0x00000000e2200000| Untracked 
|  35|0x00000000e2300000, 0x00000000e2300000, 0x00000000e2400000|  0%| F|  |TAMS 0x00000000e2300000, 0x00000000e2300000| Untracked 
|  36|0x00000000e2400000, 0x00000000e2400000, 0x00000000e2500000|  0%| F|  |TAMS 0x00000000e2400000, 0x00000000e2400000| Untracked 
|  37|0x00000000e2500000, 0x00000000e2500000, 0x00000000e2600000|  0%| F|  |TAMS 0x00000000e2500000, 0x00000000e2500000| Untracked 
|  38|0x00000000e2600000, 0x00000000e2600000, 0x00000000e2700000|  0%| F|  |TAMS 0x00000000e2600000, 0x00000000e2600000| Untracked 
|  39|0x00000000e2700000, 0x00000000e2700000, 0x00000000e2800000|  0%| F|  |TAMS 0x00000000e2700000, 0x00000000e2700000| Untracked 
|  40|0x00000000e2800000, 0x00000000e2800000, 0x00000000e2900000|  0%| F|  |TAMS 0x00000000e2800000, 0x00000000e2800000| Untracked 
|  41|0x00000000e2900000, 0x00000000e2900000, 0x00000000e2a00000|  0%| F|  |TAMS 0x00000000e2900000, 0x00000000e2900000| Untracked 
|  42|0x00000000e2a00000, 0x00000000e2a00000, 0x00000000e2b00000|  0%| F|  |TAMS 0x00000000e2a00000, 0x00000000e2a00000| Untracked 
|  43|0x00000000e2b00000, 0x00000000e2b00000, 0x00000000e2c00000|  0%| F|  |TAMS 0x00000000e2b00000, 0x00000000e2b00000| Untracked 
|  44|0x00000000e2c00000, 0x00000000e2c00000, 0x00000000e2d00000|  0%| F|  |TAMS 0x00000000e2c00000, 0x00000000e2c00000| Untracked 
|  45|0x00000000e2d00000, 0x00000000e2d00000, 0x00000000e2e00000|  0%| F|  |TAMS 0x00000000e2d00000, 0x00000000e2d00000| Untracked 
|  46|0x00000000e2e00000, 0x00000000e2e00000, 0x00000000e2f00000|  0%| F|  |TAMS 0x00000000e2e00000, 0x00000000e2e00000| Untracked 
|  47|0x00000000e2f00000, 0x00000000e2f00000, 0x00000000e3000000|  0%| F|  |TAMS 0x00000000e2f00000, 0x00000000e2f00000| Untracked 
|  48|0x00000000e3000000, 0x00000000e3000000, 0x00000000e3100000|  0%| F|  |TAMS 0x00000000e3000000, 0x00000000e3000000| Untracked 
|  49|0x00000000e3100000, 0x00000000e3100000, 0x00000000e3200000|  0%| F|  |TAMS 0x00000000e3100000, 0x00000000e3100000| Untracked 
|  50|0x00000000e3200000, 0x00000000e3200000, 0x00000000e3300000|  0%| F|  |TAMS 0x00000000e3200000, 0x00000000e3200000| Untracked 
|  51|0x00000000e3300000, 0x00000000e3300000, 0x00000000e3400000|  0%| F|  |TAMS 0x00000000e3300000, 0x00000000e3300000| Untracked 
|  52|0x00000000e3400000, 0x00000000e3400000, 0x00000000e3500000|  0%| F|  |TAMS 0x00000000e3400000, 0x00000000e3400000| Untracked 
|  53|0x00000000e3500000, 0x00000000e3500000, 0x00000000e3600000|  0%| F|  |TAMS 0x00000000e3500000, 0x00000000e3500000| Untracked 
|  54|0x00000000e3600000, 0x00000000e3600000, 0x00000000e3700000|  0%| F|  |TAMS 0x00000000e3600000, 0x00000000e3600000| Untracked 
|  55|0x00000000e3700000, 0x00000000e3700000, 0x00000000e3800000|  0%| F|  |TAMS 0x00000000e3700000, 0x00000000e3700000| Untracked 
|  56|0x00000000e3800000, 0x00000000e3800000, 0x00000000e3900000|  0%| F|  |TAMS 0x00000000e3800000, 0x00000000e3800000| Untracked 
|  57|0x00000000e3900000, 0x00000000e3900000, 0x00000000e3a00000|  0%| F|  |TAMS 0x00000000e3900000, 0x00000000e3900000| Untracked 
|  58|0x00000000e3a00000, 0x00000000e3a00000, 0x00000000e3b00000|  0%| F|  |TAMS 0x00000000e3a00000, 0x00000000e3a00000| Untracked 
|  59|0x00000000e3b00000, 0x00000000e3b00000, 0x00000000e3c00000|  0%| F|  |TAMS 0x00000000e3b00000, 0x00000000e3b00000| Untracked 
|  60|0x00000000e3c00000, 0x00000000e3c00000, 0x00000000e3d00000|  0%| F|  |TAMS 0x00000000e3c00000, 0x00000000e3c00000| Untracked 
|  61|0x00000000e3d00000, 0x00000000e3d00000, 0x00000000e3e00000|  0%| F|  |TAMS 0x00000000e3d00000, 0x00000000e3d00000| Untracked 
|  62|0x00000000e3e00000, 0x00000000e3e00000, 0x00000000e3f00000|  0%| F|  |TAMS 0x00000000e3e00000, 0x00000000e3e00000| Untracked 
|  63|0x00000000e3f00000, 0x00000000e3f00000, 0x00000000e4000000|  0%| F|  |TAMS 0x00000000e3f00000, 0x00000000e3f00000| Untracked 
|  64|0x00000000e4000000, 0x00000000e4000000, 0x00000000e4100000|  0%| F|  |TAMS 0x00000000e4000000, 0x00000000e4000000| Untracked 
|  65|0x00000000e4100000, 0x00000000e4100000, 0x00000000e4200000|  0%| F|  |TAMS 0x00000000e4100000, 0x00000000e4100000| Untracked 
|  66|0x00000000e4200000, 0x00000000e4200000, 0x00000000e4300000|  0%| F|  |TAMS 0x00000000e4200000, 0x00000000e4200000| Untracked 
|  67|0x00000000e4300000, 0x00000000e4300000, 0x00000000e4400000|  0%| F|  |TAMS 0x00000000e4300000, 0x00000000e4300000| Untracked 
|  68|0x00000000e4400000, 0x00000000e4400000, 0x00000000e4500000|  0%| F|  |TAMS 0x00000000e4400000, 0x00000000e4400000| Untracked 
|  69|0x00000000e4500000, 0x00000000e4500000, 0x00000000e4600000|  0%| F|  |TAMS 0x00000000e4500000, 0x00000000e4500000| Untracked 
|  70|0x00000000e4600000, 0x00000000e4600000, 0x00000000e4700000|  0%| F|  |TAMS 0x00000000e4600000, 0x00000000e4600000| Untracked 
|  71|0x00000000e4700000, 0x00000000e4700000, 0x00000000e4800000|  0%| F|  |TAMS 0x00000000e4700000, 0x00000000e4700000| Untracked 
|  72|0x00000000e4800000, 0x00000000e4800000, 0x00000000e4900000|  0%| F|  |TAMS 0x00000000e4800000, 0x00000000e4800000| Untracked 
|  73|0x00000000e4900000, 0x00000000e4900000, 0x00000000e4a00000|  0%| F|  |TAMS 0x00000000e4900000, 0x00000000e4900000| Untracked 
|  74|0x00000000e4a00000, 0x00000000e4a00000, 0x00000000e4b00000|  0%| F|  |TAMS 0x00000000e4a00000, 0x00000000e4a00000| Untracked 
|  75|0x00000000e4b00000, 0x00000000e4b00000, 0x00000000e4c00000|  0%| F|  |TAMS 0x00000000e4b00000, 0x00000000e4b00000| Untracked 
|  76|0x00000000e4c00000, 0x00000000e4c00000, 0x00000000e4d00000|  0%| F|  |TAMS 0x00000000e4c00000, 0x00000000e4c00000| Untracked 
|  77|0x00000000e4d00000, 0x00000000e4d00000, 0x00000000e4e00000|  0%| F|  |TAMS 0x00000000e4d00000, 0x00000000e4d00000| Untracked 
|  78|0x00000000e4e00000, 0x00000000e4e00000, 0x00000000e4f00000|  0%| F|  |TAMS 0x00000000e4e00000, 0x00000000e4e00000| Untracked 
|  79|0x00000000e4f00000, 0x00000000e4f00000, 0x00000000e5000000|  0%| F|  |TAMS 0x00000000e4f00000, 0x00000000e4f00000| Untracked 
|  80|0x00000000e5000000, 0x00000000e5000000, 0x00000000e5100000|  0%| F|  |TAMS 0x00000000e5000000, 0x00000000e5000000| Untracked 
|  81|0x00000000e5100000, 0x00000000e5100000, 0x00000000e5200000|  0%| F|  |TAMS 0x00000000e5100000, 0x00000000e5100000| Untracked 
|  82|0x00000000e5200000, 0x00000000e5200000, 0x00000000e5300000|  0%| F|  |TAMS 0x00000000e5200000, 0x00000000e5200000| Untracked 
|  83|0x00000000e5300000, 0x00000000e5300000, 0x00000000e5400000|  0%| F|  |TAMS 0x00000000e5300000, 0x00000000e5300000| Untracked 
|  84|0x00000000e5400000, 0x00000000e5400000, 0x00000000e5500000|  0%| F|  |TAMS 0x00000000e5400000, 0x00000000e5400000| Untracked 
|  85|0x00000000e5500000, 0x00000000e5500000, 0x00000000e5600000|  0%| F|  |TAMS 0x00000000e5500000, 0x00000000e5500000| Untracked 
|  86|0x00000000e5600000, 0x00000000e5600000, 0x00000000e5700000|  0%| F|  |TAMS 0x00000000e5600000, 0x00000000e5600000| Untracked 
|  87|0x00000000e5700000, 0x00000000e5700000, 0x00000000e5800000|  0%| F|  |TAMS 0x00000000e5700000, 0x00000000e5700000| Untracked 
|  88|0x00000000e5800000, 0x00000000e5800000, 0x00000000e5900000|  0%| F|  |TAMS 0x00000000e5800000, 0x00000000e5800000| Untracked 
|  89|0x00000000e5900000, 0x00000000e5900000, 0x00000000e5a00000|  0%| F|  |TAMS 0x00000000e5900000, 0x00000000e5900000| Untracked 
|  90|0x00000000e5a00000, 0x00000000e5a00000, 0x00000000e5b00000|  0%| F|  |TAMS 0x00000000e5a00000, 0x00000000e5a00000| Untracked 
|  91|0x00000000e5b00000, 0x00000000e5b00000, 0x00000000e5c00000|  0%| F|  |TAMS 0x00000000e5b00000, 0x00000000e5b00000| Untracked 
|  92|0x00000000e5c00000, 0x00000000e5c00000, 0x00000000e5d00000|  0%| F|  |TAMS 0x00000000e5c00000, 0x00000000e5c00000| Untracked 
|  93|0x00000000e5d00000, 0x00000000e5d00000, 0x00000000e5e00000|  0%| F|  |TAMS 0x00000000e5d00000, 0x00000000e5d00000| Untracked 
|  94|0x00000000e5e00000, 0x00000000e5e00000, 0x00000000e5f00000|  0%| F|  |TAMS 0x00000000e5e00000, 0x00000000e5e00000| Untracked 
|  95|0x00000000e5f00000, 0x00000000e5f00000, 0x00000000e6000000|  0%| F|  |TAMS 0x00000000e5f00000, 0x00000000e5f00000| Untracked 
|  96|0x00000000e6000000, 0x00000000e6000000, 0x00000000e6100000|  0%| F|  |TAMS 0x00000000e6000000, 0x00000000e6000000| Untracked 
|  97|0x00000000e6100000, 0x00000000e6100000, 0x00000000e6200000|  0%| F|  |TAMS 0x00000000e6100000, 0x00000000e6100000| Untracked 
|  98|0x00000000e6200000, 0x00000000e6200000, 0x00000000e6300000|  0%| F|  |TAMS 0x00000000e6200000, 0x00000000e6200000| Untracked 
|  99|0x00000000e6300000, 0x00000000e6300000, 0x00000000e6400000|  0%| F|  |TAMS 0x00000000e6300000, 0x00000000e6300000| Untracked 
| 100|0x00000000e6400000, 0x00000000e6400000, 0x00000000e6500000|  0%| F|  |TAMS 0x00000000e6400000, 0x00000000e6400000| Untracked 
| 101|0x00000000e6500000, 0x00000000e6500000, 0x00000000e6600000|  0%| F|  |TAMS 0x00000000e6500000, 0x00000000e6500000| Untracked 
| 102|0x00000000e6600000, 0x00000000e6600000, 0x00000000e6700000|  0%| F|  |TAMS 0x00000000e6600000, 0x00000000e6600000| Untracked 
| 103|0x00000000e6700000, 0x00000000e6700000, 0x00000000e6800000|  0%| F|  |TAMS 0x00000000e6700000, 0x00000000e6700000| Untracked 
| 104|0x00000000e6800000, 0x00000000e6800000, 0x00000000e6900000|  0%| F|  |TAMS 0x00000000e6800000, 0x00000000e6800000| Untracked 
| 105|0x00000000e6900000, 0x00000000e6900000, 0x00000000e6a00000|  0%| F|  |TAMS 0x00000000e6900000, 0x00000000e6900000| Untracked 
| 106|0x00000000e6a00000, 0x00000000e6a00000, 0x00000000e6b00000|  0%| F|  |TAMS 0x00000000e6a00000, 0x00000000e6a00000| Untracked 
| 107|0x00000000e6b00000, 0x00000000e6b00000, 0x00000000e6c00000|  0%| F|  |TAMS 0x00000000e6b00000, 0x00000000e6b00000| Untracked 
| 108|0x00000000e6c00000, 0x00000000e6c00000, 0x00000000e6d00000|  0%| F|  |TAMS 0x00000000e6c00000, 0x00000000e6c00000| Untracked 
| 109|0x00000000e6d00000, 0x00000000e6d00000, 0x00000000e6e00000|  0%| F|  |TAMS 0x00000000e6d00000, 0x00000000e6d00000| Untracked 
| 110|0x00000000e6e00000, 0x00000000e6e00000, 0x00000000e6f00000|  0%| F|  |TAMS 0x00000000e6e00000, 0x00000000e6e00000| Untracked 
| 111|0x00000000e6f00000, 0x00000000e6f00000, 0x00000000e7000000|  0%| F|  |TAMS 0x00000000e6f00000, 0x00000000e6f00000| Untracked 
| 112|0x00000000e7000000, 0x00000000e7000000, 0x00000000e7100000|  0%| F|  |TAMS 0x00000000e7000000, 0x00000000e7000000| Untracked 
| 113|0x00000000e7100000, 0x00000000e7100000, 0x00000000e7200000|  0%| F|  |TAMS 0x00000000e7100000, 0x00000000e7100000| Untracked 
| 114|0x00000000e7200000, 0x00000000e7200000, 0x00000000e7300000|  0%| F|  |TAMS 0x00000000e7200000, 0x00000000e7200000| Untracked 
| 115|0x00000000e7300000, 0x00000000e7300000, 0x00000000e7400000|  0%| F|  |TAMS 0x00000000e7300000, 0x00000000e7300000| Untracked 
| 116|0x00000000e7400000, 0x00000000e7400000, 0x00000000e7500000|  0%| F|  |TAMS 0x00000000e7400000, 0x00000000e7400000| Untracked 
| 117|0x00000000e7500000, 0x00000000e7500000, 0x00000000e7600000|  0%| F|  |TAMS 0x00000000e7500000, 0x00000000e7500000| Untracked 
| 118|0x00000000e7600000, 0x00000000e7600000, 0x00000000e7700000|  0%| F|  |TAMS 0x00000000e7600000, 0x00000000e7600000| Untracked 
| 119|0x00000000e7700000, 0x00000000e7700000, 0x00000000e7800000|  0%| F|  |TAMS 0x00000000e7700000, 0x00000000e7700000| Untracked 
| 120|0x00000000e7800000, 0x00000000e7800000, 0x00000000e7900000|  0%| F|  |TAMS 0x00000000e7800000, 0x00000000e7800000| Untracked 
| 121|0x00000000e7900000, 0x00000000e7900000, 0x00000000e7a00000|  0%| F|  |TAMS 0x00000000e7900000, 0x00000000e7900000| Untracked 
| 122|0x00000000e7a00000, 0x00000000e7a00000, 0x00000000e7b00000|  0%| F|  |TAMS 0x00000000e7a00000, 0x00000000e7a00000| Untracked 
| 123|0x00000000e7b00000, 0x00000000e7b00000, 0x00000000e7c00000|  0%| F|  |TAMS 0x00000000e7b00000, 0x00000000e7b00000| Untracked 
| 124|0x00000000e7c00000, 0x00000000e7c00000, 0x00000000e7d00000|  0%| F|  |TAMS 0x00000000e7c00000, 0x00000000e7c00000| Untracked 
| 125|0x00000000e7d00000, 0x00000000e7d00000, 0x00000000e7e00000|  0%| F|  |TAMS 0x00000000e7d00000, 0x00000000e7d00000| Untracked 
| 126|0x00000000e7e00000, 0x00000000e7e00000, 0x00000000e7f00000|  0%| F|  |TAMS 0x00000000e7e00000, 0x00000000e7e00000| Untracked 
| 127|0x00000000e7f00000, 0x00000000e7f00000, 0x00000000e8000000|  0%| F|  |TAMS 0x00000000e7f00000, 0x00000000e7f00000| Untracked 
| 128|0x00000000e8000000, 0x00000000e8000000, 0x00000000e8100000|  0%| F|  |TAMS 0x00000000e8000000, 0x00000000e8000000| Untracked 
| 129|0x00000000e8100000, 0x00000000e8100000, 0x00000000e8200000|  0%| F|  |TAMS 0x00000000e8100000, 0x00000000e8100000| Untracked 
| 130|0x00000000e8200000, 0x00000000e8200000, 0x00000000e8300000|  0%| F|  |TAMS 0x00000000e8200000, 0x00000000e8200000| Untracked 
| 131|0x00000000e8300000, 0x00000000e8300000, 0x00000000e8400000|  0%| F|  |TAMS 0x00000000e8300000, 0x00000000e8300000| Untracked 
| 132|0x00000000e8400000, 0x00000000e8400000, 0x00000000e8500000|  0%| F|  |TAMS 0x00000000e8400000, 0x00000000e8400000| Untracked 
| 133|0x00000000e8500000, 0x00000000e8500000, 0x00000000e8600000|  0%| F|  |TAMS 0x00000000e8500000, 0x00000000e8500000| Untracked 
| 134|0x00000000e8600000, 0x00000000e8600000, 0x00000000e8700000|  0%| F|  |TAMS 0x00000000e8600000, 0x00000000e8600000| Untracked 
| 135|0x00000000e8700000, 0x00000000e8700000, 0x00000000e8800000|  0%| F|  |TAMS 0x00000000e8700000, 0x00000000e8700000| Untracked 
| 136|0x00000000e8800000, 0x00000000e8800000, 0x00000000e8900000|  0%| F|  |TAMS 0x00000000e8800000, 0x00000000e8800000| Untracked 
| 137|0x00000000e8900000, 0x00000000e8900000, 0x00000000e8a00000|  0%| F|  |TAMS 0x00000000e8900000, 0x00000000e8900000| Untracked 
| 138|0x00000000e8a00000, 0x00000000e8a00000, 0x00000000e8b00000|  0%| F|  |TAMS 0x00000000e8a00000, 0x00000000e8a00000| Untracked 
| 139|0x00000000e8b00000, 0x00000000e8b00000, 0x00000000e8c00000|  0%| F|  |TAMS 0x00000000e8b00000, 0x00000000e8b00000| Untracked 
| 140|0x00000000e8c00000, 0x00000000e8c00000, 0x00000000e8d00000|  0%| F|  |TAMS 0x00000000e8c00000, 0x00000000e8c00000| Untracked 
| 141|0x00000000e8d00000, 0x00000000e8d00000, 0x00000000e8e00000|  0%| F|  |TAMS 0x00000000e8d00000, 0x00000000e8d00000| Untracked 
| 142|0x00000000e8e00000, 0x00000000e8e00000, 0x00000000e8f00000|  0%| F|  |TAMS 0x00000000e8e00000, 0x00000000e8e00000| Untracked 
| 143|0x00000000e8f00000, 0x00000000e8f00000, 0x00000000e9000000|  0%| F|  |TAMS 0x00000000e8f00000, 0x00000000e8f00000| Untracked 
| 144|0x00000000e9000000, 0x00000000e9000000, 0x00000000e9100000|  0%| F|  |TAMS 0x00000000e9000000, 0x00000000e9000000| Untracked 
| 145|0x00000000e9100000, 0x00000000e9100000, 0x00000000e9200000|  0%| F|  |TAMS 0x00000000e9100000, 0x00000000e9100000| Untracked 
| 146|0x00000000e9200000, 0x00000000e9200000, 0x00000000e9300000|  0%| F|  |TAMS 0x00000000e9200000, 0x00000000e9200000| Untracked 
| 147|0x00000000e9300000, 0x00000000e9300000, 0x00000000e9400000|  0%| F|  |TAMS 0x00000000e9300000, 0x00000000e9300000| Untracked 
| 148|0x00000000e9400000, 0x00000000e9400000, 0x00000000e9500000|  0%| F|  |TAMS 0x00000000e9400000, 0x00000000e9400000| Untracked 
| 149|0x00000000e9500000, 0x00000000e9500000, 0x00000000e9600000|  0%| F|  |TAMS 0x00000000e9500000, 0x00000000e9500000| Untracked 
| 150|0x00000000e9600000, 0x00000000e9600000, 0x00000000e9700000|  0%| F|  |TAMS 0x00000000e9600000, 0x00000000e9600000| Untracked 
| 151|0x00000000e9700000, 0x00000000e9700000, 0x00000000e9800000|  0%| F|  |TAMS 0x00000000e9700000, 0x00000000e9700000| Untracked 
| 152|0x00000000e9800000, 0x00000000e9800000, 0x00000000e9900000|  0%| F|  |TAMS 0x00000000e9800000, 0x00000000e9800000| Untracked 
| 153|0x00000000e9900000, 0x00000000e9900000, 0x00000000e9a00000|  0%| F|  |TAMS 0x00000000e9900000, 0x00000000e9900000| Untracked 
| 154|0x00000000e9a00000, 0x00000000e9a00000, 0x00000000e9b00000|  0%| F|  |TAMS 0x00000000e9a00000, 0x00000000e9a00000| Untracked 
| 155|0x00000000e9b00000, 0x00000000e9b00000, 0x00000000e9c00000|  0%| F|  |TAMS 0x00000000e9b00000, 0x00000000e9b00000| Untracked 
| 156|0x00000000e9c00000, 0x00000000e9c00000, 0x00000000e9d00000|  0%| F|  |TAMS 0x00000000e9c00000, 0x00000000e9c00000| Untracked 
| 157|0x00000000e9d00000, 0x00000000e9d00000, 0x00000000e9e00000|  0%| F|  |TAMS 0x00000000e9d00000, 0x00000000e9d00000| Untracked 
| 158|0x00000000e9e00000, 0x00000000e9e00000, 0x00000000e9f00000|  0%| F|  |TAMS 0x00000000e9e00000, 0x00000000e9e00000| Untracked 
| 159|0x00000000e9f00000, 0x00000000e9f00000, 0x00000000ea000000|  0%| F|  |TAMS 0x00000000e9f00000, 0x00000000e9f00000| Untracked 
| 160|0x00000000ea000000, 0x00000000ea000000, 0x00000000ea100000|  0%| F|  |TAMS 0x00000000ea000000, 0x00000000ea000000| Untracked 
| 161|0x00000000ea100000, 0x00000000ea100000, 0x00000000ea200000|  0%| F|  |TAMS 0x00000000ea100000, 0x00000000ea100000| Untracked 
| 162|0x00000000ea200000, 0x00000000ea200000, 0x00000000ea300000|  0%| F|  |TAMS 0x00000000ea200000, 0x00000000ea200000| Untracked 
| 163|0x00000000ea300000, 0x00000000ea300000, 0x00000000ea400000|  0%| F|  |TAMS 0x00000000ea300000, 0x00000000ea300000| Untracked 
| 164|0x00000000ea400000, 0x00000000ea400000, 0x00000000ea500000|  0%| F|  |TAMS 0x00000000ea400000, 0x00000000ea400000| Untracked 
| 165|0x00000000ea500000, 0x00000000ea500000, 0x00000000ea600000|  0%| F|  |TAMS 0x00000000ea500000, 0x00000000ea500000| Untracked 
| 166|0x00000000ea600000, 0x00000000ea600000, 0x00000000ea700000|  0%| F|  |TAMS 0x00000000ea600000, 0x00000000ea600000| Untracked 
| 167|0x00000000ea700000, 0x00000000ea700000, 0x00000000ea800000|  0%| F|  |TAMS 0x00000000ea700000, 0x00000000ea700000| Untracked 
| 168|0x00000000ea800000, 0x00000000ea800000, 0x00000000ea900000|  0%| F|  |TAMS 0x00000000ea800000, 0x00000000ea800000| Untracked 
| 169|0x00000000ea900000, 0x00000000ea900000, 0x00000000eaa00000|  0%| F|  |TAMS 0x00000000ea900000, 0x00000000ea900000| Untracked 
| 170|0x00000000eaa00000, 0x00000000eaa00000, 0x00000000eab00000|  0%| F|  |TAMS 0x00000000eaa00000, 0x00000000eaa00000| Untracked 
| 171|0x00000000eab00000, 0x00000000eab00000, 0x00000000eac00000|  0%| F|  |TAMS 0x00000000eab00000, 0x00000000eab00000| Untracked 
| 172|0x00000000eac00000, 0x00000000eac00000, 0x00000000ead00000|  0%| F|  |TAMS 0x00000000eac00000, 0x00000000eac00000| Untracked 
| 173|0x00000000ead00000, 0x00000000ead00000, 0x00000000eae00000|  0%| F|  |TAMS 0x00000000ead00000, 0x00000000ead00000| Untracked 
| 174|0x00000000eae00000, 0x00000000eae00000, 0x00000000eaf00000|  0%| F|  |TAMS 0x00000000eae00000, 0x00000000eae00000| Untracked 
| 175|0x00000000eaf00000, 0x00000000eaf00000, 0x00000000eb000000|  0%| F|  |TAMS 0x00000000eaf00000, 0x00000000eaf00000| Untracked 
| 176|0x00000000eb000000, 0x00000000eb000000, 0x00000000eb100000|  0%| F|  |TAMS 0x00000000eb000000, 0x00000000eb000000| Untracked 
| 177|0x00000000eb100000, 0x00000000eb100000, 0x00000000eb200000|  0%| F|  |TAMS 0x00000000eb100000, 0x00000000eb100000| Untracked 
| 178|0x00000000eb200000, 0x00000000eb200000, 0x00000000eb300000|  0%| F|  |TAMS 0x00000000eb200000, 0x00000000eb200000| Untracked 
| 179|0x00000000eb300000, 0x00000000eb300000, 0x00000000eb400000|  0%| F|  |TAMS 0x00000000eb300000, 0x00000000eb300000| Untracked 
| 180|0x00000000eb400000, 0x00000000eb400000, 0x00000000eb500000|  0%| F|  |TAMS 0x00000000eb400000, 0x00000000eb400000| Untracked 
| 181|0x00000000eb500000, 0x00000000eb500000, 0x00000000eb600000|  0%| F|  |TAMS 0x00000000eb500000, 0x00000000eb500000| Untracked 
| 182|0x00000000eb600000, 0x00000000eb600000, 0x00000000eb700000|  0%| F|  |TAMS 0x00000000eb600000, 0x00000000eb600000| Untracked 
| 183|0x00000000eb700000, 0x00000000eb700000, 0x00000000eb800000|  0%| F|  |TAMS 0x00000000eb700000, 0x00000000eb700000| Untracked 
| 184|0x00000000eb800000, 0x00000000eb800000, 0x00000000eb900000|  0%| F|  |TAMS 0x00000000eb800000, 0x00000000eb800000| Untracked 
| 185|0x00000000eb900000, 0x00000000eb900000, 0x00000000eba00000|  0%| F|  |TAMS 0x00000000eb900000, 0x00000000eb900000| Untracked 
| 186|0x00000000eba00000, 0x00000000eba00000, 0x00000000ebb00000|  0%| F|  |TAMS 0x00000000eba00000, 0x00000000eba00000| Untracked 
| 187|0x00000000ebb00000, 0x00000000ebb00000, 0x00000000ebc00000|  0%| F|  |TAMS 0x00000000ebb00000, 0x00000000ebb00000| Untracked 
| 188|0x00000000ebc00000, 0x00000000ebc00000, 0x00000000ebd00000|  0%| F|  |TAMS 0x00000000ebc00000, 0x00000000ebc00000| Untracked 
| 189|0x00000000ebd00000, 0x00000000ebd00000, 0x00000000ebe00000|  0%| F|  |TAMS 0x00000000ebd00000, 0x00000000ebd00000| Untracked 
| 190|0x00000000ebe00000, 0x00000000ebe00000, 0x00000000ebf00000|  0%| F|  |TAMS 0x00000000ebe00000, 0x00000000ebe00000| Untracked 
| 191|0x00000000ebf00000, 0x00000000ebf00000, 0x00000000ec000000|  0%| F|  |TAMS 0x00000000ebf00000, 0x00000000ebf00000| Untracked 
| 192|0x00000000ec000000, 0x00000000ec000000, 0x00000000ec100000|  0%| F|  |TAMS 0x00000000ec000000, 0x00000000ec000000| Untracked 
| 193|0x00000000ec100000, 0x00000000ec100000, 0x00000000ec200000|  0%| F|  |TAMS 0x00000000ec100000, 0x00000000ec100000| Untracked 
| 194|0x00000000ec200000, 0x00000000ec200000, 0x00000000ec300000|  0%| F|  |TAMS 0x00000000ec200000, 0x00000000ec200000| Untracked 
| 195|0x00000000ec300000, 0x00000000ec300000, 0x00000000ec400000|  0%| F|  |TAMS 0x00000000ec300000, 0x00000000ec300000| Untracked 
| 196|0x00000000ec400000, 0x00000000ec480800, 0x00000000ec500000| 50%| E|  |TAMS 0x00000000ec400000, 0x00000000ec400000| Complete 
| 197|0x00000000ec500000, 0x00000000ec600000, 0x00000000ec600000|100%| E|CS|TAMS 0x00000000ec500000, 0x00000000ec500000| Complete 
| 198|0x00000000ec600000, 0x00000000ec700000, 0x00000000ec700000|100%| E|CS|TAMS 0x00000000ec600000, 0x00000000ec600000| Complete 
| 199|0x00000000ec700000, 0x00000000ec800000, 0x00000000ec800000|100%| E|CS|TAMS 0x00000000ec700000, 0x00000000ec700000| Complete 
| 200|0x00000000ec800000, 0x00000000ec895148, 0x00000000ec900000| 58%| S|CS|TAMS 0x00000000ec800000, 0x00000000ec800000| Complete 
| 201|0x00000000ec900000, 0x00000000eca00000, 0x00000000eca00000|100%| S|CS|TAMS 0x00000000ec900000, 0x00000000ec900000| Complete 
| 202|0x00000000eca00000, 0x00000000ecb00000, 0x00000000ecb00000|100%| S|CS|TAMS 0x00000000eca00000, 0x00000000eca00000| Complete 
| 203|0x00000000ecb00000, 0x00000000ecc00000, 0x00000000ecc00000|100%| S|CS|TAMS 0x00000000ecb00000, 0x00000000ecb00000| Complete 
| 204|0x00000000ecc00000, 0x00000000ecd00000, 0x00000000ecd00000|100%| S|CS|TAMS 0x00000000ecc00000, 0x00000000ecc00000| Complete 
| 205|0x00000000ecd00000, 0x00000000ece00000, 0x00000000ece00000|100%| E|CS|TAMS 0x00000000ecd00000, 0x00000000ecd00000| Complete 
| 206|0x00000000ece00000, 0x00000000ecf00000, 0x00000000ecf00000|100%| E|CS|TAMS 0x00000000ece00000, 0x00000000ece00000| Complete 
| 207|0x00000000ecf00000, 0x00000000ed000000, 0x00000000ed000000|100%| E|CS|TAMS 0x00000000ecf00000, 0x00000000ecf00000| Complete 
| 208|0x00000000ed000000, 0x00000000ed100000, 0x00000000ed100000|100%| E|CS|TAMS 0x00000000ed000000, 0x00000000ed000000| Complete 
| 209|0x00000000ed100000, 0x00000000ed200000, 0x00000000ed200000|100%| E|CS|TAMS 0x00000000ed100000, 0x00000000ed100000| Complete 
| 210|0x00000000ed200000, 0x00000000ed300000, 0x00000000ed300000|100%| E|CS|TAMS 0x00000000ed200000, 0x00000000ed200000| Complete 
| 211|0x00000000ed300000, 0x00000000ed400000, 0x00000000ed400000|100%| E|CS|TAMS 0x00000000ed300000, 0x00000000ed300000| Complete 
| 212|0x00000000ed400000, 0x00000000ed500000, 0x00000000ed500000|100%| E|CS|TAMS 0x00000000ed400000, 0x00000000ed400000| Complete 
| 213|0x00000000ed500000, 0x00000000ed600000, 0x00000000ed600000|100%| E|CS|TAMS 0x00000000ed500000, 0x00000000ed500000| Complete 
| 214|0x00000000ed600000, 0x00000000ed700000, 0x00000000ed700000|100%| E|CS|TAMS 0x00000000ed600000, 0x00000000ed600000| Complete 
| 215|0x00000000ed700000, 0x00000000ed800000, 0x00000000ed800000|100%| E|CS|TAMS 0x00000000ed700000, 0x00000000ed700000| Complete 
| 216|0x00000000ed800000, 0x00000000ed900000, 0x00000000ed900000|100%| E|CS|TAMS 0x00000000ed800000, 0x00000000ed800000| Complete 
| 217|0x00000000ed900000, 0x00000000eda00000, 0x00000000eda00000|100%| E|CS|TAMS 0x00000000ed900000, 0x00000000ed900000| Complete 
| 218|0x00000000eda00000, 0x00000000edb00000, 0x00000000edb00000|100%| E|CS|TAMS 0x00000000eda00000, 0x00000000eda00000| Complete 
| 219|0x00000000edb00000, 0x00000000edc00000, 0x00000000edc00000|100%| E|CS|TAMS 0x00000000edb00000, 0x00000000edb00000| Complete 
| 220|0x00000000edc00000, 0x00000000edd00000, 0x00000000edd00000|100%| E|CS|TAMS 0x00000000edc00000, 0x00000000edc00000| Complete 
| 221|0x00000000edd00000, 0x00000000ede00000, 0x00000000ede00000|100%| E|CS|TAMS 0x00000000edd00000, 0x00000000edd00000| Complete 
| 222|0x00000000ede00000, 0x00000000edf00000, 0x00000000edf00000|100%| E|CS|TAMS 0x00000000ede00000, 0x00000000ede00000| Complete 
| 223|0x00000000edf00000, 0x00000000ee000000, 0x00000000ee000000|100%| E|CS|TAMS 0x00000000edf00000, 0x00000000edf00000| Complete 
| 224|0x00000000ee000000, 0x00000000ee100000, 0x00000000ee100000|100%| E|CS|TAMS 0x00000000ee000000, 0x00000000ee000000| Complete 
| 225|0x00000000ee100000, 0x00000000ee200000, 0x00000000ee200000|100%| E|CS|TAMS 0x00000000ee100000, 0x00000000ee100000| Complete 
| 226|0x00000000ee200000, 0x00000000ee300000, 0x00000000ee300000|100%| E|CS|TAMS 0x00000000ee200000, 0x00000000ee200000| Complete 
| 227|0x00000000ee300000, 0x00000000ee400000, 0x00000000ee400000|100%| E|CS|TAMS 0x00000000ee300000, 0x00000000ee300000| Complete 
| 228|0x00000000ee400000, 0x00000000ee500000, 0x00000000ee500000|100%| E|CS|TAMS 0x00000000ee400000, 0x00000000ee400000| Complete 
| 229|0x00000000ee500000, 0x00000000ee600000, 0x00000000ee600000|100%| E|CS|TAMS 0x00000000ee500000, 0x00000000ee500000| Complete 
| 230|0x00000000ee600000, 0x00000000ee700000, 0x00000000ee700000|100%| E|CS|TAMS 0x00000000ee600000, 0x00000000ee600000| Complete 
| 231|0x00000000ee700000, 0x00000000ee800000, 0x00000000ee800000|100%| E|CS|TAMS 0x00000000ee700000, 0x00000000ee700000| Complete 
| 232|0x00000000ee800000, 0x00000000ee900000, 0x00000000ee900000|100%| E|CS|TAMS 0x00000000ee800000, 0x00000000ee800000| Complete 
| 233|0x00000000ee900000, 0x00000000eea00000, 0x00000000eea00000|100%| E|CS|TAMS 0x00000000ee900000, 0x00000000ee900000| Complete 
| 234|0x00000000eea00000, 0x00000000eeb00000, 0x00000000eeb00000|100%| E|CS|TAMS 0x00000000eea00000, 0x00000000eea00000| Complete 
| 235|0x00000000eeb00000, 0x00000000eec00000, 0x00000000eec00000|100%| E|CS|TAMS 0x00000000eeb00000, 0x00000000eeb00000| Complete 
| 236|0x00000000eec00000, 0x00000000eed00000, 0x00000000eed00000|100%| E|CS|TAMS 0x00000000eec00000, 0x00000000eec00000| Complete 
| 237|0x00000000eed00000, 0x00000000eee00000, 0x00000000eee00000|100%| E|CS|TAMS 0x00000000eed00000, 0x00000000eed00000| Complete 
| 238|0x00000000eee00000, 0x00000000eef00000, 0x00000000eef00000|100%| E|CS|TAMS 0x00000000eee00000, 0x00000000eee00000| Complete 
| 239|0x00000000eef00000, 0x00000000ef000000, 0x00000000ef000000|100%| E|CS|TAMS 0x00000000eef00000, 0x00000000eef00000| Complete 
| 240|0x00000000ef000000, 0x00000000ef100000, 0x00000000ef100000|100%| E|CS|TAMS 0x00000000ef000000, 0x00000000ef000000| Complete 
| 241|0x00000000ef100000, 0x00000000ef200000, 0x00000000ef200000|100%| E|CS|TAMS 0x00000000ef100000, 0x00000000ef100000| Complete 
| 242|0x00000000ef200000, 0x00000000ef300000, 0x00000000ef300000|100%| E|CS|TAMS 0x00000000ef200000, 0x00000000ef200000| Complete 
| 243|0x00000000ef300000, 0x00000000ef400000, 0x00000000ef400000|100%| E|CS|TAMS 0x00000000ef300000, 0x00000000ef300000| Complete 
| 244|0x00000000ef400000, 0x00000000ef500000, 0x00000000ef500000|100%| E|CS|TAMS 0x00000000ef400000, 0x00000000ef400000| Complete 
| 245|0x00000000ef500000, 0x00000000ef600000, 0x00000000ef600000|100%| E|CS|TAMS 0x00000000ef500000, 0x00000000ef500000| Complete 
| 246|0x00000000ef600000, 0x00000000ef700000, 0x00000000ef700000|100%| E|CS|TAMS 0x00000000ef600000, 0x00000000ef600000| Complete 
| 247|0x00000000ef700000, 0x00000000ef800000, 0x00000000ef800000|100%| E|CS|TAMS 0x00000000ef700000, 0x00000000ef700000| Complete 
| 248|0x00000000ef800000, 0x00000000ef900000, 0x00000000ef900000|100%| E|CS|TAMS 0x00000000ef800000, 0x00000000ef800000| Complete 
| 249|0x00000000ef900000, 0x00000000efa00000, 0x00000000efa00000|100%| E|CS|TAMS 0x00000000ef900000, 0x00000000ef900000| Complete 
| 250|0x00000000efa00000, 0x00000000efb00000, 0x00000000efb00000|100%| E|CS|TAMS 0x00000000efa00000, 0x00000000efa00000| Complete 
| 251|0x00000000efb00000, 0x00000000efc00000, 0x00000000efc00000|100%| E|CS|TAMS 0x00000000efb00000, 0x00000000efb00000| Complete 
| 252|0x00000000efc00000, 0x00000000efd00000, 0x00000000efd00000|100%| E|CS|TAMS 0x00000000efc00000, 0x00000000efc00000| Complete 
| 253|0x00000000efd00000, 0x00000000efe00000, 0x00000000efe00000|100%| E|CS|TAMS 0x00000000efd00000, 0x00000000efd00000| Complete 
| 254|0x00000000efe00000, 0x00000000eff00000, 0x00000000eff00000|100%| E|CS|TAMS 0x00000000efe00000, 0x00000000efe00000| Complete 
| 255|0x00000000eff00000, 0x00000000f0000000, 0x00000000f0000000|100%| E|CS|TAMS 0x00000000eff00000, 0x00000000eff00000| Complete 

Card table byte_map: [0x00000267a8410000,0x00000267a8510000] _byte_map_base: 0x00000267a7d10000

Marking Bits (Prev, Next): (CMBitMap*) 0x00000267916f2210, (CMBitMap*) 0x00000267916f2250
 Prev Bits: [0x00000267a8610000, 0x00000267a8e10000)
 Next Bits: [0x00000267a8e10000, 0x00000267a9610000)

Polling page: 0x000002678f680000

Metaspace:

Usage:
  Non-class:     13.29 MB used.
      Class:      2.10 MB used.
       Both:     15.39 MB used.

Virtual space:
  Non-class space:       64.00 MB reserved,      13.56 MB ( 21%) committed,  1 nodes.
      Class space:      308.00 MB reserved,       2.38 MB ( <1%) committed,  1 nodes.
             Both:      372.00 MB reserved,      15.94 MB (  4%) committed. 

Chunk freelists:
   Non-Class:  2.36 MB
       Class:  1.67 MB
        Both:  4.03 MB

MaxMetaspaceSize: 384.00 MB
CompressedClassSpaceSize: 308.00 MB
Initial GC threshold: 21.00 MB
Current GC threshold: 21.00 MB
CDS: on
MetaspaceReclaimPolicy: balanced
 - commit_granule_bytes: 65536.
 - commit_granule_words: 8192.
 - virtual_space_node_default_size: 8388608.
 - enlarge_chunks_in_place: 1.
 - new_chunks_are_fully_committed: 0.
 - uncommit_free_chunks: 1.
 - use_allocation_guard: 0.


Internal statistics:

num_allocs_failed_limit: 0.
num_arena_births: 600.
num_arena_deaths: 0.
num_vsnodes_births: 2.
num_vsnodes_deaths: 0.
num_space_committed: 255.
num_space_uncommitted: 0.
num_chunks_returned_to_freelist: 0.
num_chunks_taken_from_freelist: 1168.
num_chunk_merges: 0.
num_chunk_splits: 743.
num_chunks_enlarged: 516.
num_inconsistent_stats: 0.

CodeHeap 'non-profiled nmethods': size=120000Kb used=1131Kb max_used=1131Kb free=118868Kb
 bounds [0x00000267a0ab0000, 0x00000267a0d20000, 0x00000267a7fe0000]
CodeHeap 'profiled nmethods': size=120000Kb used=5296Kb max_used=5296Kb free=114704Kb
 bounds [0x0000026799580000, 0x0000026799ab0000, 0x00000267a0ab0000]
CodeHeap 'non-nmethods': size=5760Kb used=1249Kb max_used=1270Kb free=4510Kb
 bounds [0x0000026798fe0000, 0x0000026799250000, 0x0000026799580000]
 total_blobs=3125 nmethods=2592 adapters=445
 compilation: enabled
              stopped_count=0, restarted_count=0
 full_count=0

Compilation events (20 events):
Event: 12.661 Thread 0x00000267ac00b930 2585       3       java.lang.invoke.LambdaForm::fixResult (31 bytes)
Event: 12.661 Thread 0x00000267ac00b930 nmethod 2585 0x0000026799aa4a90 code [0x0000026799aa4c40, 0x0000026799aa4e38]
Event: 12.730 Thread 0x00000267ac00b930 2588       3       java.util.concurrent.atomic.AtomicInteger::incrementAndGet (14 bytes)
Event: 12.731 Thread 0x00000267ac00b930 nmethod 2588 0x0000026799aa4f90 code [0x0000026799aa5120, 0x0000026799aa5238]
Event: 12.744 Thread 0x00000267ac00b930 2589       3       java.lang.invoke.Invokers$Holder::invokeExact_MT (22 bytes)
Event: 12.744 Thread 0x00000267ac00b930 nmethod 2589 0x0000026799aa5310 code [0x0000026799aa5520, 0x0000026799aa5b98]
Event: 12.760 Thread 0x00000267ac00b930 2591       3       java.lang.invoke.InvokerBytecodeGenerator::<init> (126 bytes)
Event: 12.762 Thread 0x00000267ac00b930 nmethod 2591 0x0000026799aa5d90 code [0x0000026799aa6080, 0x0000026799aa71e8]
Event: 12.897 Thread 0x00000267ac00b930 2592       3       java.lang.invoke.MethodType::genericMethodType (6 bytes)
Event: 12.897 Thread 0x00000267ac00b930 nmethod 2592 0x0000026799aa7790 code [0x0000026799aa7920, 0x0000026799aa7a48]
Event: 12.905 Thread 0x00000267ac00b930 2593       3       jdk.internal.org.objectweb.asm.ClassWriter::<init> (68 bytes)
Event: 12.906 Thread 0x00000267ac00b930 nmethod 2593 0x0000026799aa7b10 code [0x0000026799aa7ce0, 0x0000026799aa8188]
Event: 12.906 Thread 0x00000267ac00b930 2594       3       jdk.internal.org.objectweb.asm.ClassVisitor::<init> (88 bytes)
Event: 12.907 Thread 0x00000267ac00b930 nmethod 2594 0x0000026799aa8310 code [0x0000026799aa8560, 0x0000026799aa8e48]
Event: 12.908 Thread 0x00000267ac00b930 2595       3       java.lang.invoke.InvokerBytecodeGenerator::classData (170 bytes)
Event: 12.909 Thread 0x00000267ac00b930 nmethod 2595 0x0000026799aa9110 code [0x0000026799aa93a0, 0x0000026799aaa108]
Event: 12.950 Thread 0x00000267ac00b930 2596       3       java.lang.invoke.InfoFromMemberName::getModifiers (8 bytes)
Event: 12.950 Thread 0x00000267ac00b930 nmethod 2596 0x0000026799aaa410 code [0x0000026799aaa5a0, 0x0000026799aaa718]
Event: 12.951 Thread 0x00000267ac00b930 2597       3       java.lang.invoke.MethodHandles$Lookup::maybeBindCaller (72 bytes)
Event: 12.952 Thread 0x00000267ac00b930 nmethod 2597 0x0000026799aaa810 code [0x0000026799aaaa40, 0x0000026799aab308]

GC Heap History (6 events):
Event: 1.528 GC heap before
{Heap before GC invocations=0 (full 0):
 garbage-first heap   total 262144K, used 22528K [0x00000000e0000000, 0x0000000100000000)
  region size 1024K, 23 young (23552K), 0 survivors (0K)
 Metaspace       used 1071K, committed 1216K, reserved 380928K
  class space    used 72K, committed 128K, reserved 315392K
}
Event: 1.596 GC heap after
{Heap after GC invocations=1 (full 0):
 garbage-first heap   total 262144K, used 3386K [0x00000000e0000000, 0x0000000100000000)
  region size 1024K, 3 young (3072K), 3 survivors (3072K)
 Metaspace       used 1071K, committed 1216K, reserved 380928K
  class space    used 72K, committed 128K, reserved 315392K
}
Event: 3.941 GC heap before
{Heap before GC invocations=1 (full 0):
 garbage-first heap   total 262144K, used 38202K [0x00000000e0000000, 0x0000000100000000)
  region size 1024K, 35 young (35840K), 3 survivors (3072K)
 Metaspace       used 4307K, committed 4544K, reserved 380928K
  class space    used 530K, committed 640K, reserved 315392K
}
Event: 3.946 GC heap after
{Heap after GC invocations=2 (full 0):
 garbage-first heap   total 262144K, used 10466K [0x00000000e0000000, 0x0000000100000000)
  region size 1024K, 5 young (5120K), 5 survivors (5120K)
 Metaspace       used 4307K, committed 4544K, reserved 380928K
  class space    used 530K, committed 640K, reserved 315392K
}
Event: 5.998 GC heap before
{Heap before GC invocations=2 (full 0):
 garbage-first heap   total 262144K, used 59618K [0x00000000e0000000, 0x0000000100000000)
  region size 1024K, 51 young (52224K), 5 survivors (5120K)
 Metaspace       used 4819K, committed 5120K, reserved 380928K
  class space    used 615K, committed 768K, reserved 315392K
}
Event: 6.005 GC heap after
{Heap after GC invocations=3 (full 0):
 garbage-first heap   total 262144K, used 16086K [0x00000000e0000000, 0x0000000100000000)
  region size 1024K, 5 young (5120K), 5 survivors (5120K)
 Metaspace       used 4819K, committed 5120K, reserved 380928K
  class space    used 615K, committed 768K, reserved 315392K
}

Deoptimization events (20 events):
Event: 12.348 Thread 0x00000267b1eab820 Uncommon trap: trap_request=0xffffff45 fr.pc=0x00000267a0ad441c relative=0x0000000000000c9c
Event: 12.349 Thread 0x00000267b1eab820 Uncommon trap: reason=unstable_if action=reinterpret pc=0x00000267a0ad441c method=java.io.WinNTFileSystem.resolve(Ljava/lang/String;Ljava/lang/String;)Ljava/lang/String; @ 19 c2
Event: 12.349 Thread 0x00000267b1eab820 DEOPT PACKING pc=0x00000267a0ad441c sp=0x000000b1bb0fb260
Event: 12.349 Thread 0x00000267b1eab820 DEOPT UNPACKING pc=0x0000026799035c23 sp=0x000000b1bb0fb1f8 mode 2
Event: 12.351 Thread 0x00000267b1eab820 Uncommon trap: trap_request=0xffffffc6 fr.pc=0x00000267a0b27f28 relative=0x0000000000000088
Event: 12.351 Thread 0x00000267b1eab820 Uncommon trap: reason=bimorphic_or_optimized_type_check action=maybe_recompile pc=0x00000267a0b27f28 method=java.util.AbstractList$Itr.hasNext()Z @ 8 c2
Event: 12.351 Thread 0x00000267b1eab820 DEOPT PACKING pc=0x00000267a0b27f28 sp=0x000000b1bb0fa6b0
Event: 12.351 Thread 0x00000267b1eab820 DEOPT UNPACKING pc=0x0000026799035c23 sp=0x000000b1bb0fa648 mode 2
Event: 12.351 Thread 0x00000267b1eab820 Uncommon trap: trap_request=0xffffffc6 fr.pc=0x00000267a0b40d60 relative=0x0000000000000140
Event: 12.351 Thread 0x00000267b1eab820 Uncommon trap: reason=bimorphic_or_optimized_type_check action=maybe_recompile pc=0x00000267a0b40d60 method=java.util.AbstractList$Itr.next()Ljava/lang/Object; @ 14 c2
Event: 12.351 Thread 0x00000267b1eab820 DEOPT PACKING pc=0x00000267a0b40d60 sp=0x000000b1bb0fa6a0
Event: 12.351 Thread 0x00000267b1eab820 DEOPT UNPACKING pc=0x0000026799035c23 sp=0x000000b1bb0fa638 mode 2
Event: 12.354 Thread 0x00000267b1eab820 Uncommon trap: trap_request=0xffffff45 fr.pc=0x00000267a0b3791c relative=0x00000000000005fc
Event: 12.354 Thread 0x00000267b1eab820 Uncommon trap: reason=unstable_if action=reinterpret pc=0x00000267a0b3791c method=java.io.File.getName()Ljava/lang/String; @ 16 c2
Event: 12.354 Thread 0x00000267b1eab820 DEOPT PACKING pc=0x00000267a0b3791c sp=0x000000b1bb0fb200
Event: 12.354 Thread 0x00000267b1eab820 DEOPT UNPACKING pc=0x0000026799035c23 sp=0x000000b1bb0fb1d0 mode 2
Event: 12.633 Thread 0x00000267b1eab820 Uncommon trap: trap_request=0xffffff45 fr.pc=0x00000267a0ada078 relative=0x00000000000000d8
Event: 12.633 Thread 0x00000267b1eab820 Uncommon trap: reason=unstable_if action=reinterpret pc=0x00000267a0ada078 method=java.util.HashMap.hash(Ljava/lang/Object;)I @ 1 c2
Event: 12.633 Thread 0x00000267b1eab820 DEOPT PACKING pc=0x00000267a0ada078 sp=0x000000b1bb0fc310
Event: 12.633 Thread 0x00000267b1eab820 DEOPT UNPACKING pc=0x0000026799035c23 sp=0x000000b1bb0fc250 mode 2

Classes loaded (20 events):
Event: 12.238 Loading class sun/security/provider/MD5
Event: 12.238 Loading class sun/security/provider/MD5 done
Event: 12.238 Loading class sun/security/provider/SHA5$SHA512
Event: 12.238 Loading class sun/security/provider/SHA5
Event: 12.239 Loading class sun/security/provider/SHA5 done
Event: 12.239 Loading class sun/security/provider/SHA5$SHA512 done
Event: 12.242 Loading class sun/security/provider/ByteArrayAccess$LE
Event: 12.242 Loading class sun/security/provider/ByteArrayAccess$LE done
Event: 12.351 Loading class java/io/File$TempDirectory
Event: 12.351 Loading class java/io/File$TempDirectory done
Event: 12.360 Loading class java/io/PrintWriter
Event: 12.360 Loading class java/io/PrintWriter done
Event: 12.486 Loading class java/util/concurrent/Semaphore
Event: 12.486 Loading class java/util/concurrent/Semaphore done
Event: 12.492 Loading class java/nio/file/FileVisitOption
Event: 12.493 Loading class java/nio/file/FileVisitOption done
Event: 12.510 Loading class java/util/stream/ReduceOps$1
Event: 12.510 Loading class java/util/stream/ReduceOps$1 done
Event: 12.510 Loading class java/util/stream/ReduceOps$1ReducingSink
Event: 12.510 Loading class java/util/stream/ReduceOps$1ReducingSink done

Classes unloaded (0 events):
No events

Classes redefined (0 events):
No events

Internal exceptions (20 events):
Event: 9.853 Thread 0x00000267b1eab820 Exception <a 'java/lang/NoSuchMethodError'{0x00000000ee7f63f0}: 'long java.lang.invoke.DirectMethodHandle$Holder.invokeInterface(java.lang.Object, java.lang.Object)'> (0x00000000ee7f63f0) 
thrown [s\open\src\hotspot\share\interpreter\linkResolver.cpp, line 759]
Event: 10.138 Thread 0x00000267b1eab820 Exception <a 'java/lang/NoSuchMethodError'{0x00000000ee2609f8}: 'void java.lang.invoke.DirectMethodHandle$Holder.invokeStatic(java.lang.Object, java.lang.Object)'> (0x00000000ee2609f8) 
thrown [s\open\src\hotspot\share\interpreter\linkResolver.cpp, line 759]
Event: 10.160 Thread 0x00000267b1eab820 Exception <a 'java/lang/NoSuchMethodError'{0x00000000ee129ae0}: 'java.lang.Object java.lang.invoke.DirectMethodHandle$Holder.invokeVirtual(java.lang.Object, java.lang.Object, java.lang.Object, java.lang.Object, java.lang.Object, java.lang.Object, java.lang.Object, java.lang.Object, java.lang.Object, java.lang.Object, java.lang.Object, java.lang.Object)'> (0x00000000ee129ae0) 
thrown [s\open\src\hotspot\share\interpreter\linkResolver.cpp, line 759]
Event: 10.161 Thread 0x00000267b1eab820 Exception <a 'java/lang/NoSuchMethodError'{0x00000000ee12f020}: 'java.lang.Object java.lang.invoke.DirectMethodHandle$Holder.invokeSpecial(java.lang.Object, java.lang.Object, java.lang.Object, java.lang.Object, java.lang.Object, java.lang.Object, java.lang.Object, java.lang.Object, java.lang.Object, java.lang.Object, java.lang.Object, java.lang.Object, java.lang.Object)'> (0x00000000ee12f020) 
thrown [s\open\src\hotspot\share\interpreter\linkResolver.cpp, line 759]
Event: 10.274 Thread 0x00000267b1eab820 Exception <a 'java/lang/NoSuchMethodError'{0x00000000edf29c80}: 'int java.lang.invoke.DirectMethodHandle$Holder.invokeVirtual(java.lang.Object, java.lang.Object, java.lang.Object)'> (0x00000000edf29c80) 
thrown [s\open\src\hotspot\share\interpreter\linkResolver.cpp, line 759]
Event: 10.397 Thread 0x00000267b1eab820 Exception <a 'java/lang/NoSuchMethodError'{0x00000000edd8f098}: 'java.lang.Object java.lang.invoke.DirectMethodHandle$Holder.newInvokeSpecial(java.lang.Object, java.lang.Object, java.lang.Object, java.lang.Object, java.lang.Object, java.lang.Object)'> (0x00000000edd8f098) 
thrown [s\open\src\hotspot\share\interpreter\linkResolver.cpp, line 759]
Event: 10.711 Thread 0x00000267b1eab820 Exception <a 'java/lang/NoSuchMethodError'{0x00000000eda6bf68}: 'void java.lang.invoke.DelegatingMethodHandle$Holder.reinvoke_L(java.lang.Object, java.lang.Object, java.lang.Object, java.lang.Object, java.lang.Object, java.lang.Object, java.lang.Object, java.lang.Object, java.lang.Object, java.lang.Object)'> (0x00000000eda6bf68) 
thrown [s\open\src\hotspot\share\interpreter\linkResolver.cpp, line 759]
Event: 10.716 Thread 0x00000267b1eab820 Exception <a 'java/lang/NoSuchMethodError'{0x00000000eda73f28}: 'java.lang.Object java.lang.invoke.Invokers$Holder.invoker(java.lang.Object, java.lang.Object, java.lang.Object, java.lang.Object, java.lang.Object, java.lang.Object, java.lang.Object, java.lang.Object, java.lang.Object, java.lang.Object)'> (0x00000000eda73f28) 
thrown [s\open\src\hotspot\share\interpreter\linkResolver.cpp, line 759]
Event: 10.717 Thread 0x00000267b1eab820 Exception <a 'java/lang/NoSuchMethodError'{0x00000000eda79588}: 'java.lang.Object java.lang.invoke.DirectMethodHandle$Holder.invokeSpecial(java.lang.Object, java.lang.Object, java.lang.Object, java.lang.Object, java.lang.Object, java.lang.Object, java.lang.Object, java.lang.Object, java.lang.Object, java.lang.Object, java.lang.Object)'> (0x00000000eda79588) 
thrown [s\open\src\hotspot\share\interpreter\linkResolver.cpp, line 759]
Event: 11.470 Thread 0x00000267b1eab820 Exception <a 'java/lang/NoSuchMethodError'{0x00000000ed675ef8}: 'void java.lang.invoke.DirectMethodHandle$Holder.invokeVirtual(java.lang.Object, java.lang.Object, java.lang.Object, java.lang.Object, java.lang.Object)'> (0x00000000ed675ef8) 
thrown [s\open\src\hotspot\share\interpreter\linkResolver.cpp, line 759]
Event: 11.667 Thread 0x00000267b1eab820 Exception <a 'java/lang/NoSuchMethodError'{0x00000000ed436968}: 'void java.lang.invoke.DirectMethodHandle$Holder.invokeInterface(java.lang.Object, java.lang.Object)'> (0x00000000ed436968) 
thrown [s\open\src\hotspot\share\interpreter\linkResolver.cpp, line 759]
Event: 11.668 Thread 0x00000267b1eab820 Exception <a 'java/lang/IncompatibleClassChangeError'{0x00000000ed43a198}: Found class java.lang.Object, but interface was expected> (0x00000000ed43a198) 
thrown [s\open\src\hotspot\share\interpreter\linkResolver.cpp, line 826]
Event: 11.900 Thread 0x00000267b1eab820 Exception <a 'java/lang/NoSuchMethodError'{0x00000000ed366200}: 'java.lang.Object java.lang.invoke.DirectMethodHandle$Holder.newInvokeSpecial(java.lang.Object, java.lang.Object, int)'> (0x00000000ed366200) 
thrown [s\open\src\hotspot\share\interpreter\linkResolver.cpp, line 759]
Event: 12.280 Thread 0x00000267b1eab820 Exception <a 'java/lang/NoSuchMethodError'{0x00000000ecf01ef8}: 'java.lang.Object java.lang.invoke.DirectMethodHandle$Holder.invokeVirtual(java.lang.Object, java.lang.Object, java.lang.Object, java.lang.Object, java.lang.Object, java.lang.Object, java.lang.Object, java.lang.Object)'> (0x00000000ecf01ef8) 
thrown [s\open\src\hotspot\share\interpreter\linkResolver.cpp, line 759]
Event: 12.283 Thread 0x00000267b1eab820 Exception <a 'java/lang/NoSuchMethodError'{0x00000000ecf075d0}: 'java.lang.Object java.lang.invoke.DirectMethodHandle$Holder.invokeSpecial(java.lang.Object, java.lang.Object, java.lang.Object, java.lang.Object, java.lang.Object, java.lang.Object, java.lang.Object, java.lang.Object, java.lang.Object)'> (0x00000000ecf075d0) 
thrown [s\open\src\hotspot\share\interpreter\linkResolver.cpp, line 759]
Event: 12.504 Thread 0x00000267b1eab820 Exception <a 'java/lang/NoSuchMethodError'{0x00000000ecd8b830}: 'int java.lang.invoke.DirectMethodHandle$Holder.invokeSpecialIFC(java.lang.Object, java.lang.Object, java.lang.Object, java.lang.Object)'> (0x00000000ecd8b830) 
thrown [s\open\src\hotspot\share\interpreter\linkResolver.cpp, line 759]
Event: 12.509 Thread 0x00000267b1eab820 Exception <a 'java/lang/NoSuchMethodError'{0x00000000ecd9ad80}: 'java.lang.Object java.lang.invoke.DirectMethodHandle$Holder.invokeInterface(java.lang.Object, java.lang.Object, java.lang.Object)'> (0x00000000ecd9ad80) 
thrown [s\open\src\hotspot\share\interpreter\linkResolver.cpp, line 759]
Event: 12.509 Thread 0x00000267b1eab820 Exception <a 'java/lang/IncompatibleClassChangeError'{0x00000000ecd9ec38}: Found class java.lang.Object, but interface was expected> (0x00000000ecd9ec38) 
thrown [s\open\src\hotspot\share\interpreter\linkResolver.cpp, line 826]
Event: 12.632 Thread 0x00000267b1eab820 Implicit null exception at 0x00000267a0ad9fd8 to 0x00000267a0ada06e
Event: 12.745 Thread 0x00000267b1eab820 Exception <a 'java/lang/NoSuchMethodError'{0x00000000ec69d298}: 'int java.lang.invoke.DirectMethodHandle$Holder.invokeStatic(java.lang.Object, java.lang.Object, java.lang.Object, java.lang.Object)'> (0x00000000ec69d298) 
thrown [s\open\src\hotspot\share\interpreter\linkResolver.cpp, line 759]

VM Operations (20 events):
Event: 6.668 Executing VM operation: HandshakeAllThreads
Event: 6.668 Executing VM operation: HandshakeAllThreads done
Event: 6.749 Executing VM operation: HandshakeAllThreads
Event: 6.749 Executing VM operation: HandshakeAllThreads done
Event: 6.902 Executing VM operation: HandshakeAllThreads
Event: 6.902 Executing VM operation: HandshakeAllThreads done
Event: 7.476 Executing VM operation: HandshakeAllThreads
Event: 7.476 Executing VM operation: HandshakeAllThreads done
Event: 7.476 Executing VM operation: Cleanup
Event: 7.476 Executing VM operation: Cleanup done
Event: 8.487 Executing VM operation: Cleanup
Event: 8.487 Executing VM operation: Cleanup done
Event: 9.395 Executing VM operation: HandshakeAllThreads
Event: 9.395 Executing VM operation: HandshakeAllThreads done
Event: 10.408 Executing VM operation: Cleanup
Event: 10.410 Executing VM operation: Cleanup done
Event: 11.413 Executing VM operation: Cleanup
Event: 11.431 Executing VM operation: Cleanup done
Event: 12.432 Executing VM operation: Cleanup
Event: 12.436 Executing VM operation: Cleanup done

Events (20 events):
Event: 2.670 Thread 0x00000267b0fbc0c0 Thread exited: 0x00000267b0fbc0c0
Event: 3.025 Thread 0x00000267b0e942a0 Thread added: 0x00000267b0e942a0
Event: 4.020 Thread 0x00000267b0e942a0 Thread exited: 0x00000267b0e942a0
Event: 6.473 Loaded shared library C:\Program Files\Java\jdk-18.0.2\bin\management.dll
Event: 6.488 Loaded shared library C:\Program Files\Java\jdk-18.0.2\bin\management_ext.dll
Event: 6.585 Thread 0x00000267b089fb20 Thread added: 0x00000267b089fb20
Event: 6.616 Thread 0x00000267b14937b0 Thread added: 0x00000267b14937b0
Event: 6.739 Thread 0x00000267b14937b0 Thread exited: 0x00000267b14937b0
Event: 9.342 Thread 0x00000267b15677b0 Thread added: 0x00000267b15677b0
Event: 9.522 Thread 0x00000267b10c50f0 Thread added: 0x00000267b10c50f0
Event: 9.537 Thread 0x00000267b10bfcb0 Thread added: 0x00000267b10bfcb0
Event: 9.564 Thread 0x00000267b1e91e70 Thread added: 0x00000267b1e91e70
Event: 9.629 Thread 0x00000267b1e687e0 Thread added: 0x00000267b1e687e0
Event: 9.659 Thread 0x00000267b1eab820 Thread added: 0x00000267b1eab820
Event: 9.677 Thread 0x00000267b1ead500 Thread added: 0x00000267b1ead500
Event: 9.685 Thread 0x00000267b1eae370 Thread added: 0x00000267b1eae370
Event: 9.694 Thread 0x00000267b1ead9d0 Thread added: 0x00000267b1ead9d0
Event: 11.895 Thread 0x00000267b1eabcf0 Thread added: 0x00000267b1eabcf0
Event: 11.939 Thread 0x00000267b1ead030 Thread added: 0x00000267b1ead030
Event: 12.136 Thread 0x00000267b1eadea0 Thread added: 0x00000267b1eadea0


Dynamic libraries:
0x00007ff66c5b0000 - 0x00007ff66c5c0000 	C:\Program Files\Java\jdk-18.0.2\bin\java.exe
0x00007ff93f990000 - 0x00007ff93fba7000 	C:\WINDOWS\SYSTEM32\ntdll.dll
0x00007ff8ead30000 - 0x00007ff8ead4a000 	C:\Program Files\Avast Software\Avast\aswhook.dll
0x00007ff93e1b0000 - 0x00007ff93e274000 	C:\WINDOWS\System32\KERNEL32.DLL
0x00007ff93cdb0000 - 0x00007ff93d169000 	C:\WINDOWS\System32\KERNELBASE.dll
0x00007ff93d520000 - 0x00007ff93d631000 	C:\WINDOWS\System32\ucrtbase.dll
0x00007ff928880000 - 0x00007ff928898000 	C:\Program Files\Java\jdk-18.0.2\bin\jli.dll
0x00007ff927a00000 - 0x00007ff927a1a000 	C:\Program Files\Java\jdk-18.0.2\bin\VCRUNTIME140.dll
0x00007ff93eab0000 - 0x00007ff93eb62000 	C:\WINDOWS\System32\ADVAPI32.dll
0x00007ff93e100000 - 0x00007ff93e1a7000 	C:\WINDOWS\System32\msvcrt.dll
0x00007ff93eb70000 - 0x00007ff93ec17000 	C:\WINDOWS\System32\sechost.dll
0x00007ff93d2d0000 - 0x00007ff93d2f8000 	C:\WINDOWS\System32\bcrypt.dll
0x00007ff93f830000 - 0x00007ff93f944000 	C:\WINDOWS\System32\RPCRT4.dll
0x00007ff93e7a0000 - 0x00007ff93e94e000 	C:\WINDOWS\System32\USER32.dll
0x00007ff93d4f0000 - 0x00007ff93d516000 	C:\WINDOWS\System32\win32u.dll
0x00007ff93e5b0000 - 0x00007ff93e5d9000 	C:\WINDOWS\System32\GDI32.dll
0x00007ff93cc90000 - 0x00007ff93cdab000 	C:\WINDOWS\System32\gdi32full.dll
0x00007ff93d230000 - 0x00007ff93d2ca000 	C:\WINDOWS\System32\msvcp_win.dll
0x00007ff926600000 - 0x00007ff926892000 	C:\WINDOWS\WinSxS\amd64_microsoft.windows.common-controls_6595b64144ccf1df_6.0.22621.4391_none_2715d37f73803e96\COMCTL32.dll
0x00007ff92d6b0000 - 0x00007ff92d6ba000 	C:\WINDOWS\SYSTEM32\VERSION.dll
0x00007ff93e4b0000 - 0x00007ff93e4e1000 	C:\WINDOWS\System32\IMM32.DLL
0x00007ff9288b0000 - 0x00007ff9288bc000 	C:\Program Files\Java\jdk-18.0.2\bin\vcruntime140_1.dll
0x00007ff910ce0000 - 0x00007ff910d6d000 	C:\Program Files\Java\jdk-18.0.2\bin\msvcp140.dll
0x00007ff8c7ab0000 - 0x00007ff8c86c1000 	C:\Program Files\Java\jdk-18.0.2\bin\server\jvm.dll
0x00007ff93d6b0000 - 0x00007ff93d6b8000 	C:\WINDOWS\System32\PSAPI.DLL
0x00007ff91de20000 - 0x00007ff91de29000 	C:\WINDOWS\SYSTEM32\WSOCK32.dll
0x00007ff93e430000 - 0x00007ff93e4a1000 	C:\WINDOWS\System32\WS2_32.dll
0x00007ff933fe0000 - 0x00007ff934014000 	C:\WINDOWS\SYSTEM32\WINMM.dll
0x00007ff93bc90000 - 0x00007ff93bca8000 	C:\WINDOWS\SYSTEM32\kernel.appcore.dll
0x00007ff927970000 - 0x00007ff92797a000 	C:\Program Files\Java\jdk-18.0.2\bin\jimage.dll
0x00007ff92c0a0000 - 0x00007ff92c2d2000 	C:\WINDOWS\SYSTEM32\DBGHELP.DLL
0x00007ff93ec20000 - 0x00007ff93efaf000 	C:\WINDOWS\System32\combase.dll
0x00007ff93db80000 - 0x00007ff93dc57000 	C:\WINDOWS\System32\OLEAUT32.dll
0x00007ff92bfa0000 - 0x00007ff92bfd2000 	C:\WINDOWS\SYSTEM32\dbgcore.DLL
0x00007ff93d300000 - 0x00007ff93d37b000 	C:\WINDOWS\System32\bcryptPrimitives.dll
0x00007ff927960000 - 0x00007ff92796e000 	C:\Program Files\Java\jdk-18.0.2\bin\instrument.dll
0x00007ff926fc0000 - 0x00007ff926fe5000 	C:\Program Files\Java\jdk-18.0.2\bin\java.dll
0x00007ff90efd0000 - 0x00007ff90f0a6000 	C:\Program Files\Java\jdk-18.0.2\bin\jsvml.dll
0x00007ff93efb0000 - 0x00007ff93f826000 	C:\WINDOWS\System32\SHELL32.dll
0x00007ff93ab80000 - 0x00007ff93b483000 	C:\WINDOWS\SYSTEM32\windows.storage.dll
0x00007ff93aa40000 - 0x00007ff93ab7f000 	C:\WINDOWS\SYSTEM32\wintypes.dll
0x00007ff93d6c0000 - 0x00007ff93d7b9000 	C:\WINDOWS\System32\SHCORE.dll
0x00007ff93d820000 - 0x00007ff93d87e000 	C:\WINDOWS\System32\shlwapi.dll
0x00007ff93cbc0000 - 0x00007ff93cbeb000 	C:\WINDOWS\SYSTEM32\profapi.dll
0x00007ff925980000 - 0x00007ff925998000 	C:\Program Files\Java\jdk-18.0.2\bin\zip.dll
0x00007ff925960000 - 0x00007ff925973000 	C:\Program Files\Java\jdk-18.0.2\bin\net.dll
0x00007ff934af0000 - 0x00007ff934c26000 	C:\WINDOWS\SYSTEM32\WINHTTP.dll
0x00007ff93c100000 - 0x00007ff93c169000 	C:\WINDOWS\system32\mswsock.dll
0x00007ff91f9c0000 - 0x00007ff91f9d6000 	C:\Program Files\Java\jdk-18.0.2\bin\nio.dll
0x00007ff926fb0000 - 0x00007ff926fc0000 	C:\Program Files\Java\jdk-18.0.2\bin\verify.dll
0x00007ff927ad0000 - 0x00007ff927af7000 	C:\Gradle\gradle-8.11\bin\native\c067742578af261105cb4f569cf0c3c89f3d7b1fecec35dd04571415982c5e48\windows-amd64\native-platform.dll
0x00007ff8f07b0000 - 0x00007ff8f08f4000 	C:\Gradle\gradle-8.11\bin\native\100fb08df4bc3b14c8652ba06237920a3bd2aa13389f12d3474272988ae205f9\windows-amd64\native-platform-file-events.dll
0x00007ff925950000 - 0x00007ff925959000 	C:\Program Files\Java\jdk-18.0.2\bin\management.dll
0x00007ff9219e0000 - 0x00007ff9219eb000 	C:\Program Files\Java\jdk-18.0.2\bin\management_ext.dll
0x00007ff93c450000 - 0x00007ff93c46b000 	C:\WINDOWS\SYSTEM32\CRYPTSP.dll
0x00007ff93bbf0000 - 0x00007ff93bc25000 	C:\WINDOWS\system32\rsaenh.dll
0x00007ff93c1a0000 - 0x00007ff93c1c8000 	C:\WINDOWS\SYSTEM32\USERENV.dll
0x00007ff93c430000 - 0x00007ff93c43c000 	C:\WINDOWS\SYSTEM32\CRYPTBASE.dll
0x00007ff93b6f0000 - 0x00007ff93b71d000 	C:\WINDOWS\SYSTEM32\IPHLPAPI.DLL
0x00007ff93d950000 - 0x00007ff93d959000 	C:\WINDOWS\System32\NSI.dll
0x00007ff934e00000 - 0x00007ff934e19000 	C:\WINDOWS\SYSTEM32\dhcpcsvc6.DLL
0x00007ff934de0000 - 0x00007ff934dff000 	C:\WINDOWS\SYSTEM32\dhcpcsvc.DLL
0x00007ff93b760000 - 0x00007ff93b862000 	C:\WINDOWS\SYSTEM32\DNSAPI.dll

dbghelp: loaded successfully - version: 4.0.5 - missing functions: none
symbol engine: initialized successfully - sym options: 0x614 - pdb path: .;C:\Program Files\Java\jdk-18.0.2\bin;C:\WINDOWS\SYSTEM32;C:\Program Files\Avast Software\Avast;C:\WINDOWS\WinSxS\amd64_microsoft.windows.common-controls_6595b64144ccf1df_6.0.22621.4391_none_2715d37f73803e96;C:\Program Files\Java\jdk-18.0.2\bin\server;C:\Gradle\gradle-8.11\bin\native\c067742578af261105cb4f569cf0c3c89f3d7b1fecec35dd04571415982c5e48\windows-amd64;C:\Gradle\gradle-8.11\bin\native\100fb08df4bc3b14c8652ba06237920a3bd2aa13389f12d3474272988ae205f9\windows-amd64

VM Arguments:
jvm_args: --add-opens=java.base/java.lang=ALL-UNNAMED --add-opens=java.base/java.lang.invoke=ALL-UNNAMED --add-opens=java.base/java.util=ALL-UNNAMED --add-opens=java.prefs/java.util.prefs=ALL-UNNAMED --add-exports=jdk.compiler/com.sun.tools.javac.api=ALL-UNNAMED --add-exports=jdk.compiler/com.sun.tools.javac.util=ALL-UNNAMED --add-opens=java.base/java.util=ALL-UNNAMED --add-opens=java.prefs/java.util.prefs=ALL-UNNAMED --add-opens=java.base/java.nio.charset=ALL-UNNAMED --add-opens=java.base/java.net=ALL-UNNAMED --add-opens=java.base/java.util.concurrent.atomic=ALL-UNNAMED --add-opens=java.xml/javax.xml.namespace=ALL-UNNAMED -XX:MaxMetaspaceSize=384m -XX:+HeapDumpOnOutOfMemoryError -Xms256m -Xmx512m -Dfile.encoding=UTF-8 -Duser.country=UA -Duser.language=uk -Duser.variant -javaagent:C:\Gradle\gradle-8.11\bin\wrapper\dists\gradle-8.11-bin\c4te04g51qsyw1bxcb929u7br\gradle-8.11\lib\agents\gradle-instrumentation-agent-8.11.jar 
java_command: org.gradle.launcher.daemon.bootstrap.GradleDaemon 8.11
java_class_path (initial): C:\Gradle\gradle-8.11\bin\wrapper\dists\gradle-8.11-bin\c4te04g51qsyw1bxcb929u7br\gradle-8.11\lib\gradle-daemon-main-8.11.jar
Launcher Type: SUN_STANDARD

[Global flags]
     intx CICompilerCount                          = 4                                         {product} {ergonomic}
   size_t CompressedClassSpaceSize                 = 322961408                                 {product} {ergonomic}
     uint ConcGCThreads                            = 2                                         {product} {ergonomic}
     uint G1ConcRefinementThreads                  = 8                                         {product} {ergonomic}
   size_t G1HeapRegionSize                         = 1048576                                   {product} {ergonomic}
    uintx GCDrainStackTargetSize                   = 64                                        {product} {ergonomic}
     bool HeapDumpOnOutOfMemoryError               = true                                   {manageable} {command line}
   size_t InitialHeapSize                          = 268435456                                 {product} {command line}
   size_t MarkStackSize                            = 4194304                                   {product} {ergonomic}
   size_t MaxHeapSize                              = 536870912                                 {product} {command line}
   size_t MaxMetaspaceSize                         = 402653184                                 {product} {command line}
   size_t MaxNewSize                               = 321912832                                 {product} {ergonomic}
   size_t MinHeapDeltaBytes                        = 1048576                                   {product} {ergonomic}
   size_t MinHeapSize                              = 268435456                                 {product} {command line}
    uintx NonNMethodCodeHeapSize                   = 5839372                                {pd product} {ergonomic}
    uintx NonProfiledCodeHeapSize                  = 122909434                              {pd product} {ergonomic}
    uintx ProfiledCodeHeapSize                     = 122909434                              {pd product} {ergonomic}
    uintx ReservedCodeCacheSize                    = 251658240                              {pd product} {ergonomic}
     bool SegmentedCodeCache                       = true                                      {product} {ergonomic}
   size_t SoftMaxHeapSize                          = 536870912                              {manageable} {ergonomic}
     bool UseCompressedClassPointers               = true                           {product lp64_product} {ergonomic}
     bool UseCompressedOops                        = true                           {product lp64_product} {ergonomic}
     bool UseG1GC                                  = true                                      {product} {ergonomic}
     bool UseLargePagesIndividualAllocation        = false                                  {pd product} {ergonomic}

Logging:
Log output configuration:
 #0: stdout all=warning uptime,level,tags foldmultilines=false
 #1: stderr all=off uptime,level,tags foldmultilines=false

Environment Variables:
JAVA_HOME=C:\Program Files\Java\jdk-18.0.2
PATH=C:\Program Files\Common Files\Oracle\Java\javapath;C:\Program Files (x86)\apache-maven-3.8.6\bin;C:\Program Files\dotnet\;C:\WINDOWS\system32;C:\WINDOWS;C:\WINDOWS\System32\Wbem;C:\WINDOWS\System32\WindowsPowerShell\v1.0\;C:\WINDOWS\System32\OpenSSH\;C:\Program Files\MySQL\MySQL Server 8.0\bin;C:\Program Files\nodejs\;C:\ProgramData\chocolatey\bin;C:\Program Files (x86)\Common Files\Acronis\SnapAPI\;C:\Program Files\Git\cmd;C:\Program Files\Docker\Docker\resources\bin;C:\Users\Viktoriya\AppData\Local\Programs\Python\Python313\Scripts\;C:\Users\Viktoriya\AppData\Local\Programs\Python\Python313\;C:\Program Files\MySQL\MySQL Shell 8.0\bin\;C:\Users\Viktoriya\AppData\Local\Microsoft\WindowsApps;D:\IntelliJ IDEA Educational Edition 2022.1.3\bin;;C:\Users\Viktoriya\AppData\Local\Programs\Microsoft VS Code\bin;D:\program files\Jet Brains\IntelliJ IDEA Community Edition 2022.3.2\bin;;D:\program files\IntelliJ IDEA 2019.3.4\bin;;C:\Users\Viktoriya\AppData\Roaming\npm;D:\program files\PyCharm Community Edition 2024.2.4\bin;;C:\Gradle\gradle-8.11\bin;
USERNAME=Viktoriya
OS=Windows_NT
PROCESSOR_IDENTIFIER=Intel64 Family 6 Model 126 Stepping 5, GenuineIntel



---------------  S Y S T E M  ---------------

OS:
 Windows 11 , 64 bit Build 22621 (10.0.22621.4391)
OS uptime: 1 days 2:20 hours
Hyper-V role detected

CPU: total 8 (initial active 8) (4 cores per cpu, 2 threads per core) family 6 model 126 stepping 5 microcode 0x86, cx8, cmov, fxsr, ht, mmx, 3dnowpref, sse, sse2, sse3, ssse3, sse4.1, sse4.2, popcnt, lzcnt, tsc, tscinvbit, avx, avx2, aes, erms, clmul, bmi1, bmi2, adx, avx512f, avx512dq, avx512cd, avx512bw, avx512vl, sha, fma, vzeroupper, avx512_vpopcntdq, avx512_vpclmulqdq, avx512_vaes, avx512_vnni, clflush, clflushopt, avx512_vbmi2, avx512_vbmi, hv

Memory: 4k page, system-wide physical 16161M (3147M free)
TotalPageFile size 18209M (AvailPageFile size 7M)
current process WorkingSet (physical memory assigned to process): 167M, peak: 169M
current process commit charge ("private bytes"): 407M, peak: 409M

vm_info: Java HotSpot(TM) 64-Bit Server VM (18.0.2+9-61) for windows-amd64 JRE (18.0.2+9-61), built on Jun  7 2022 13:09:01 by "mach5one" with MS VC++ 16.8 / 16.9 (VS2019)

END.
