#
# There is insufficient memory for the Java Runtime Environment to continue.
# Native memory allocation (malloc) failed to allocate 1940976 bytes for Chunk::new
# Possible reasons:
#   The system is out of physical RAM or swap space
#   The process is running with CompressedOops enabled, and the Java Heap may be blocking the growth of the native heap
# Possible solutions:
#   Reduce memory load on the system
#   Increase physical memory or swap space
#   Check if swap backing store is full
#   Decrease Java heap size (-Xmx/-Xms)
#   Decrease number of Java threads
#   Decrease Java thread stack sizes (-Xss)
#   Set larger code cache with -XX:ReservedCodeCacheSize=
#   JVM is running with Unscaled Compressed Oops mode in which the Java heap is
#     placed in the first 4GB address space. The Java Heap base address is the
#     maximum limit for the native heap growth. Please use -XX:HeapBaseMinAddress
#     to set the Java Heap base and to place the Java Heap above 4GB virtual address.
# This output file may be truncated or incomplete.
#
#  Out of Memory Error (arena.cpp:184), pid=7452, tid=4984
#
# JRE version: Java(TM) SE Runtime Environment (18.0.2+9) (build 18.0.2+9-61)
# Java VM: Java HotSpot(TM) 64-Bit Server VM (18.0.2+9-61, mixed mode, sharing, tiered, compressed oops, compressed class ptrs, g1 gc, windows-amd64)
# No core dump will be written. Minidumps are not enabled by default on client versions of Windows
#

---------------  S U M M A R Y ------------

Command Line: --add-opens=java.base/java.lang=ALL-UNNAMED --add-opens=java.base/java.lang.invoke=ALL-UNNAMED --add-opens=java.base/java.util=ALL-UNNAMED --add-opens=java.prefs/java.util.prefs=ALL-UNNAMED --add-exports=jdk.compiler/com.sun.tools.javac.api=ALL-UNNAMED --add-exports=jdk.compiler/com.sun.tools.javac.util=ALL-UNNAMED --add-opens=java.base/java.util=ALL-UNNAMED --add-opens=java.prefs/java.util.prefs=ALL-UNNAMED --add-opens=java.base/java.nio.charset=ALL-UNNAMED --add-opens=java.base/java.net=ALL-UNNAMED --add-opens=java.base/java.util.concurrent.atomic=ALL-UNNAMED --add-opens=java.xml/javax.xml.namespace=ALL-UNNAMED -XX:MaxMetaspaceSize=384m -XX:+HeapDumpOnOutOfMemoryError -Xms256m -Xmx512m -Dfile.encoding=UTF-8 -Duser.country=UA -Duser.language=uk -Duser.variant -javaagent:C:\Gradle\gradle-8.11\bin\wrapper\dists\gradle-8.11-bin\c4te04g51qsyw1bxcb929u7br\gradle-8.11\lib\agents\gradle-instrumentation-agent-8.11.jar org.gradle.launcher.daemon.bootstrap.GradleDaemon 8.11

Host: Intel(R) Core(TM) i5-1035G1 CPU @ 1.00GHz, 8 cores, 15G,  Windows 11 , 64 bit Build 22621 (10.0.22621.4391)
Time: Wed Dec 11 22:39:54 2024  Windows 11 , 64 bit Build 22621 (10.0.22621.4391) elapsed time: 35.176985 seconds (0d 0h 0m 35s)

---------------  T H R E A D  ---------------

Current thread (0x000002e2e6618490):  JavaThread "C2 CompilerThread1" daemon [_thread_in_native, id=4984, stack(0x000000f673800000,0x000000f673900000)]


Current CompileTask:
C2:  35177 3392   !   4       java.lang.ClassLoader::loadClass (121 bytes)

Stack: [0x000000f673800000,0x000000f673900000]
Native frames: (J=compiled Java code, j=interpreted, Vv=VM code, C=native code)
V  [jvm.dll+0x6993ca]
V  [jvm.dll+0x7f481d]
V  [jvm.dll+0x7f612e]
V  [jvm.dll+0x7f67e3]
V  [jvm.dll+0x25cdaf]
V  [jvm.dll+0xb8c2f]
V  [jvm.dll+0xb8fa5]
V  [jvm.dll+0x386091]
V  [jvm.dll+0x1d2ba8]
V  [jvm.dll+0x2300a9]
V  [jvm.dll+0x22f321]
V  [jvm.dll+0x1ba01c]
V  [jvm.dll+0x23ec9a]
V  [jvm.dll+0x23cf85]
V  [jvm.dll+0x7a6e21]
V  [jvm.dll+0x7a125a]
V  [jvm.dll+0x698275]
C  [ucrtbase.dll+0x29333]
C  [KERNEL32.DLL+0x1259d]
C  [ntdll.dll+0x5af38]


---------------  P R O C E S S  ---------------

Threads class SMR info:
_java_thread_list=0x000002e2e4e61bc0, length=40, elements={
0x000002e2c5f71570, 0x000002e2e0899410, 0x000002e2e0899db0, 0x000002e2e08b2960,
0x000002e2e08b3210, 0x000002e2e08b3bb0, 0x000002e2e08b4550, 0x000002e2e08b5220,
0x000002e2e08b5c00, 0x000002e2e08bc610, 0x000002e2e4c05b10, 0x000002e2e4d14350,
0x000002e2e58d8470, 0x000002e2e58b8980, 0x000002e2e65f2aa0, 0x000002e2e65209e0,
0x000002e2e5db6c80, 0x000002e2e4ebc690, 0x000002e2e5c9e7c0, 0x000002e2e5c9d480,
0x000002e2e5c9cfb0, 0x000002e2e5c9de20, 0x000002e2e5c9d950, 0x000002e2e5c9e2f0,
0x000002e2e4c19970, 0x000002e2e4c172f0, 0x000002e2e4c18fd0, 0x000002e2e4c177c0,
0x000002e2e4c19e40, 0x000002e2e4c15610, 0x000002e2e4c1a310, 0x000002e2e4c194a0,
0x000002e2e4c13e00, 0x000002e2e4c16950, 0x000002e2e4c15ae0, 0x000002e2e4c16480,
0x000002e2e4c1a7e0, 0x000002e2e4c1acb0, 0x000002e2e4c142d0, 0x000002e2e6618490
}

Java Threads: ( => current thread )
  0x000002e2c5f71570 JavaThread "main" [_thread_blocked, id=1924, stack(0x000000f670100000,0x000000f670200000)]
  0x000002e2e0899410 JavaThread "Reference Handler" daemon [_thread_blocked, id=22088, stack(0x000000f670800000,0x000000f670900000)]
  0x000002e2e0899db0 JavaThread "Finalizer" daemon [_thread_blocked, id=1732, stack(0x000000f670900000,0x000000f670a00000)]
  0x000002e2e08b2960 JavaThread "Signal Dispatcher" daemon [_thread_blocked, id=15944, stack(0x000000f670b00000,0x000000f670c00000)]
  0x000002e2e08b3210 JavaThread "Attach Listener" daemon [_thread_blocked, id=10176, stack(0x000000f670c00000,0x000000f670d00000)]
  0x000002e2e08b3bb0 JavaThread "Service Thread" daemon [_thread_blocked, id=1232, stack(0x000000f670d00000,0x000000f670e00000)]
  0x000002e2e08b4550 JavaThread "Monitor Deflation Thread" daemon [_thread_blocked, id=18680, stack(0x000000f670e00000,0x000000f670f00000)]
  0x000002e2e08b5220 JavaThread "C2 CompilerThread0" daemon [_thread_in_native, id=11788, stack(0x000000f670f00000,0x000000f671000000)]
  0x000002e2e08b5c00 JavaThread "C1 CompilerThread0" daemon [_thread_blocked, id=12660, stack(0x000000f671000000,0x000000f671100000)]
  0x000002e2e08bc610 JavaThread "Sweeper thread" daemon [_thread_blocked, id=6968, stack(0x000000f671100000,0x000000f671200000)]
  0x000002e2e4c05b10 JavaThread "Common-Cleaner" daemon [_thread_blocked, id=22488, stack(0x000000f671200000,0x000000f671300000)]
  0x000002e2e4d14350 JavaThread "Notification Thread" daemon [_thread_blocked, id=15192, stack(0x000000f671300000,0x000000f671400000)]
  0x000002e2e58d8470 JavaThread "Daemon health stats" [_thread_blocked, id=6168, stack(0x000000f671600000,0x000000f671700000)]
  0x000002e2e58b8980 JavaThread "Incoming local TCP Connector on port 54318" [_thread_in_native, id=12880, stack(0x000000f671500000,0x000000f671600000)]
  0x000002e2e65f2aa0 JavaThread "Daemon periodic checks" [_thread_blocked, id=15016, stack(0x000000f671c00000,0x000000f671d00000)]
  0x000002e2e65209e0 JavaThread "Daemon" [_thread_blocked, id=22496, stack(0x000000f671d00000,0x000000f671e00000)]
  0x000002e2e5db6c80 JavaThread "Handler for socket connection from /127.0.0.1:54318 to /127.0.0.1:54319" [_thread_in_native, id=14348, stack(0x000000f671e00000,0x000000f671f00000)]
  0x000002e2e4ebc690 JavaThread "Cancel handler" [_thread_blocked, id=17184, stack(0x000000f671f00000,0x000000f672000000)]
  0x000002e2e5c9e7c0 JavaThread "Daemon worker" [_thread_in_vm, id=20904, stack(0x000000f672000000,0x000000f672100000)]
  0x000002e2e5c9d480 JavaThread "Asynchronous log dispatcher for DefaultDaemonConnection: socket connection from /127.0.0.1:54318 to /127.0.0.1:54319" [_thread_blocked, id=10896, stack(0x000000f672100000,0x000000f672200000)]
  0x000002e2e5c9cfb0 JavaThread "Stdin handler" [_thread_blocked, id=23536, stack(0x000000f672200000,0x000000f672300000)]
  0x000002e2e5c9de20 JavaThread "Daemon client event forwarder" [_thread_blocked, id=2368, stack(0x000000f672300000,0x000000f672400000)]
  0x000002e2e5c9d950 JavaThread "Cache worker for journal cache (C:\Gradle\gradle-8.11\bin\caches\journal-1)" [_thread_blocked, id=24172, stack(0x000000f672400000,0x000000f672500000)]
  0x000002e2e5c9e2f0 JavaThread "File lock request listener" [_thread_in_native, id=11592, stack(0x000000f672500000,0x000000f672600000)]
  0x000002e2e4c19970 JavaThread "File lock release action executor" [_thread_blocked, id=15412, stack(0x000000f672600000,0x000000f672700000)]
  0x000002e2e4c172f0 JavaThread "Cache worker for file hash cache (C:\Gradle\gradle-8.11\bin\caches\8.11\fileHashes)" [_thread_blocked, id=23736, stack(0x000000f672700000,0x000000f672800000)]
  0x000002e2e4c18fd0 JavaThread "Cache worker for file content cache (C:\Gradle\gradle-8.11\bin\caches\8.11\fileContent)" [_thread_blocked, id=8300, stack(0x000000f672800000,0x000000f672900000)]
  0x000002e2e4c177c0 JavaThread "Cache worker for file hash cache (D:\homework\payslips-viewer\.gradle\8.11\fileHashes)" [_thread_blocked, id=15296, stack(0x000000f672c00000,0x000000f672d00000)]
  0x000002e2e4c19e40 JavaThread "Cache worker for Build Output Cleanup Cache (D:\homework\payslips-viewer\.gradle\buildOutputCleanup)" [_thread_blocked, id=18500, stack(0x000000f672d00000,0x000000f672e00000)]
  0x000002e2e4c15610 JavaThread "File watcher server" daemon [_thread_in_native, id=13808, stack(0x000000f672e00000,0x000000f672f00000)]
  0x000002e2e4c1a310 JavaThread "File watcher consumer" daemon [_thread_blocked, id=19392, stack(0x000000f672f00000,0x000000f673000000)]
  0x000002e2e4c194a0 JavaThread "jar transforms" [_thread_blocked, id=21632, stack(0x000000f673000000,0x000000f673100000)]
  0x000002e2e4c13e00 JavaThread "jar transforms Thread 2" [_thread_blocked, id=18732, stack(0x000000f673100000,0x000000f673200000)]
  0x000002e2e4c16950 JavaThread "jar transforms Thread 3" [_thread_blocked, id=9552, stack(0x000000f673200000,0x000000f673300000)]
  0x000002e2e4c15ae0 JavaThread "jar transforms Thread 4" [_thread_blocked, id=6856, stack(0x000000f673300000,0x000000f673400000)]
  0x000002e2e4c16480 JavaThread "jar transforms Thread 5" [_thread_blocked, id=17528, stack(0x000000f673400000,0x000000f673500000)]
  0x000002e2e4c1a7e0 JavaThread "jar transforms Thread 6" [_thread_blocked, id=7660, stack(0x000000f673500000,0x000000f673600000)]
  0x000002e2e4c1acb0 JavaThread "jar transforms Thread 7" [_thread_blocked, id=4044, stack(0x000000f673600000,0x000000f673700000)]
  0x000002e2e4c142d0 JavaThread "jar transforms Thread 8" [_thread_blocked, id=3000, stack(0x000000f673700000,0x000000f673800000)]
=>0x000002e2e6618490 JavaThread "C2 CompilerThread1" daemon [_thread_in_native, id=4984, stack(0x000000f673800000,0x000000f673900000)]

Other Threads:
  0x000002e2e0896650 VMThread "VM Thread" [stack: 0x000000f670700000,0x000000f670800000] [id=23948]
  0x000002e2e4d14810 WatcherThread "VM Periodic Task Thread" [stack: 0x000000f671400000,0x000000f671500000] [id=11872]
  0x000002e2c5fa37e0 WorkerThread "GC Thread#0" [stack: 0x000000f670200000,0x000000f670300000] [id=22784]
  0x000002e2e52b3e80 WorkerThread "GC Thread#1" [stack: 0x000000f671700000,0x000000f671800000] [id=7788]
  0x000002e2e4f6ddd0 WorkerThread "GC Thread#2" [stack: 0x000000f671800000,0x000000f671900000] [id=24548]
  0x000002e2e4eeb040 WorkerThread "GC Thread#3" [stack: 0x000000f671900000,0x000000f671a00000] [id=18004]
  0x000002e2e4eeb2e0 WorkerThread "GC Thread#4" [stack: 0x000000f671a00000,0x000000f671b00000] [id=848]
  0x000002e2e4eeb580 WorkerThread "GC Thread#5" [stack: 0x000000f671b00000,0x000000f671c00000] [id=20872]
  0x000002e2e589f870 WorkerThread "GC Thread#6" [stack: 0x000000f672900000,0x000000f672a00000] [id=13708]
  0x000002e2e589fb10 WorkerThread "GC Thread#7" [stack: 0x000000f672a00000,0x000000f672b00000] [id=19872]
  0x000002e2c5fa85b0 ConcurrentGCThread "G1 Main Marker" [stack: 0x000000f670300000,0x000000f670400000] [id=16604]
  0x000002e2c5fa8e40 WorkerThread "G1 Conc#0" [stack: 0x000000f670400000,0x000000f670500000] [id=20228]
  0x000002e2e58a02f0 WorkerThread "G1 Conc#1" [stack: 0x000000f672b00000,0x000000f672c00000] [id=7244]
  0x000002e2c601dee0 ConcurrentGCThread "G1 Refine#0" [stack: 0x000000f670500000,0x000000f670600000] [id=12604]
  0x000002e2c601e690 ConcurrentGCThread "G1 Service" [stack: 0x000000f670600000,0x000000f670700000] [id=21008]

Threads with active compile tasks:
C2 CompilerThread0    35294 3506       4       sun.net.util.URLUtil::urlNoFragString (114 bytes)
C2 CompilerThread1    35294 3392   !   4       java.lang.ClassLoader::loadClass (121 bytes)

VM state: not at safepoint (normal execution)

VM Mutex/Monitor currently owned by a thread: None

Heap address: 0x00000000e0000000, size: 512 MB, Compressed Oops mode: 32-bit

CDS archive(s) mapped at: [0x0000000800000000-0x0000000800ba0000-0x0000000800ba0000), size 12189696, SharedBaseAddress: 0x0000000800000000, ArchiveRelocationMode: 0.
Compressed class space mapped at: 0x0000000800c00000-0x0000000814000000, reserved size: 322961408
Narrow klass base: 0x0000000800000000, Narrow klass shift: 0, Narrow klass range: 0x100000000

GC Precious Log:
 CardTable entry size: 512
 Card Set container configuration: InlinePtr #cards 5 size 8 Array Of Cards #cards 12 size 40 Howl #buckets 4 coarsen threshold 1843 Howl Bitmap #cards 512 size 80 coarsen threshold 460 Card regions per heap region 1 cards per card region 2048
 CPUs: 8 total, 8 available
 Memory: 16161M
 Large Page Support: Disabled
 NUMA Support: Disabled
 Compressed Oops: Enabled (32-bit)
 Heap Region Size: 1M
 Heap Min Capacity: 256M
 Heap Initial Capacity: 256M
 Heap Max Capacity: 512M
 Pre-touch: Disabled
 Parallel Workers: 8
 Concurrent Workers: 2
 Concurrent Refinement Workers: 8
 Periodic GC: Disabled

Heap:
 garbage-first heap   total 262144K, used 81929K [0x00000000e0000000, 0x0000000100000000)
  region size 1024K, 59 young (60416K), 12 survivors (12288K)
 Metaspace       used 26048K, committed 27008K, reserved 380928K
  class space    used 3853K, committed 4352K, reserved 315392K

Heap Regions: E=young(eden), S=young(survivor), O=old, HS=humongous(starts), HC=humongous(continues), CS=collection set, F=free, OA=open archive, CA=closed archive, TAMS=top-at-mark-start (previous, next)
|   0|0x00000000e0000000, 0x00000000e0100000, 0x00000000e0100000|100%| O|  |TAMS 0x00000000e0100000, 0x00000000e0000000| Untracked 
|   1|0x00000000e0100000, 0x00000000e0200000, 0x00000000e0200000|100%|HS|  |TAMS 0x00000000e0200000, 0x00000000e0100000| Complete 
|   2|0x00000000e0200000, 0x00000000e0300000, 0x00000000e0300000|100%|HC|  |TAMS 0x00000000e0300000, 0x00000000e0200000| Complete 
|   3|0x00000000e0300000, 0x00000000e0400000, 0x00000000e0400000|100%|HC|  |TAMS 0x00000000e0400000, 0x00000000e0300000| Complete 
|   4|0x00000000e0400000, 0x00000000e0500000, 0x00000000e0500000|100%| O|  |TAMS 0x00000000e0500000, 0x00000000e0400000| Untracked 
|   5|0x00000000e0500000, 0x00000000e0600000, 0x00000000e0600000|100%| O|  |TAMS 0x00000000e0600000, 0x00000000e0500000| Untracked 
|   6|0x00000000e0600000, 0x00000000e0700000, 0x00000000e0700000|100%| O|  |TAMS 0x00000000e0700000, 0x00000000e0600000| Untracked 
|   7|0x00000000e0700000, 0x00000000e0800000, 0x00000000e0800000|100%|HS|  |TAMS 0x00000000e0800000, 0x00000000e0700000| Complete 
|   8|0x00000000e0800000, 0x00000000e0900000, 0x00000000e0900000|100%|HS|  |TAMS 0x00000000e0800000, 0x00000000e0800000| Complete 
|   9|0x00000000e0900000, 0x00000000e0a00000, 0x00000000e0a00000|100%| O|  |TAMS 0x00000000e0a00000, 0x00000000e0900000| Untracked 
|  10|0x00000000e0a00000, 0x00000000e0b00000, 0x00000000e0b00000|100%| O|  |TAMS 0x00000000e0b00000, 0x00000000e0a00000| Untracked 
|  11|0x00000000e0b00000, 0x00000000e0c00000, 0x00000000e0c00000|100%| O|  |TAMS 0x00000000e0c00000, 0x00000000e0b00000| Untracked 
|  12|0x00000000e0c00000, 0x00000000e0c92a00, 0x00000000e0d00000| 57%| O|  |TAMS 0x00000000e0c92a00, 0x00000000e0c00000| Untracked 
|  13|0x00000000e0d00000, 0x00000000e0e00000, 0x00000000e0e00000|100%|HS|  |TAMS 0x00000000e0d00000, 0x00000000e0d00000| Complete 
|  14|0x00000000e0e00000, 0x00000000e0f00000, 0x00000000e0f00000|100%|HC|  |TAMS 0x00000000e0e00000, 0x00000000e0e00000| Complete 
|  15|0x00000000e0f00000, 0x00000000e1000000, 0x00000000e1000000|100%|HC|  |TAMS 0x00000000e0f00000, 0x00000000e0f00000| Complete 
|  16|0x00000000e1000000, 0x00000000e1100000, 0x00000000e1100000|100%|HC|  |TAMS 0x00000000e1000000, 0x00000000e1000000| Complete 
|  17|0x00000000e1100000, 0x00000000e1200000, 0x00000000e1200000|100%|HC|  |TAMS 0x00000000e1100000, 0x00000000e1100000| Complete 
|  18|0x00000000e1200000, 0x00000000e1300000, 0x00000000e1300000|100%|HS|  |TAMS 0x00000000e1200000, 0x00000000e1200000| Complete 
|  19|0x00000000e1300000, 0x00000000e1400000, 0x00000000e1400000|100%|HC|  |TAMS 0x00000000e1300000, 0x00000000e1300000| Complete 
|  20|0x00000000e1400000, 0x00000000e1500000, 0x00000000e1500000|100%|HC|  |TAMS 0x00000000e1400000, 0x00000000e1400000| Complete 
|  21|0x00000000e1500000, 0x00000000e1600000, 0x00000000e1600000|100%|HS|  |TAMS 0x00000000e1500000, 0x00000000e1500000| Complete 
|  22|0x00000000e1600000, 0x00000000e1700000, 0x00000000e1700000|100%|HC|  |TAMS 0x00000000e1600000, 0x00000000e1600000| Complete 
|  23|0x00000000e1700000, 0x00000000e1700000, 0x00000000e1800000|  0%| F|  |TAMS 0x00000000e1700000, 0x00000000e1700000| Untracked 
|  24|0x00000000e1800000, 0x00000000e1800000, 0x00000000e1900000|  0%| F|  |TAMS 0x00000000e1800000, 0x00000000e1800000| Untracked 
|  25|0x00000000e1900000, 0x00000000e1900000, 0x00000000e1a00000|  0%| F|  |TAMS 0x00000000e1900000, 0x00000000e1900000| Untracked 
|  26|0x00000000e1a00000, 0x00000000e1a00000, 0x00000000e1b00000|  0%| F|  |TAMS 0x00000000e1a00000, 0x00000000e1a00000| Untracked 
|  27|0x00000000e1b00000, 0x00000000e1b00000, 0x00000000e1c00000|  0%| F|  |TAMS 0x00000000e1b00000, 0x00000000e1b00000| Untracked 
|  28|0x00000000e1c00000, 0x00000000e1c00000, 0x00000000e1d00000|  0%| F|  |TAMS 0x00000000e1c00000, 0x00000000e1c00000| Untracked 
|  29|0x00000000e1d00000, 0x00000000e1d00000, 0x00000000e1e00000|  0%| F|  |TAMS 0x00000000e1d00000, 0x00000000e1d00000| Untracked 
|  30|0x00000000e1e00000, 0x00000000e1e00000, 0x00000000e1f00000|  0%| F|  |TAMS 0x00000000e1e00000, 0x00000000e1e00000| Untracked 
|  31|0x00000000e1f00000, 0x00000000e1f00000, 0x00000000e2000000|  0%| F|  |TAMS 0x00000000e1f00000, 0x00000000e1f00000| Untracked 
|  32|0x00000000e2000000, 0x00000000e2000000, 0x00000000e2100000|  0%| F|  |TAMS 0x00000000e2000000, 0x00000000e2000000| Untracked 
|  33|0x00000000e2100000, 0x00000000e2100000, 0x00000000e2200000|  0%| F|  |TAMS 0x00000000e2100000, 0x00000000e2100000| Untracked 
|  34|0x00000000e2200000, 0x00000000e2200000, 0x00000000e2300000|  0%| F|  |TAMS 0x00000000e2200000, 0x00000000e2200000| Untracked 
|  35|0x00000000e2300000, 0x00000000e2300000, 0x00000000e2400000|  0%| F|  |TAMS 0x00000000e2300000, 0x00000000e2300000| Untracked 
|  36|0x00000000e2400000, 0x00000000e2400000, 0x00000000e2500000|  0%| F|  |TAMS 0x00000000e2400000, 0x00000000e2400000| Untracked 
|  37|0x00000000e2500000, 0x00000000e2500000, 0x00000000e2600000|  0%| F|  |TAMS 0x00000000e2500000, 0x00000000e2500000| Untracked 
|  38|0x00000000e2600000, 0x00000000e2600000, 0x00000000e2700000|  0%| F|  |TAMS 0x00000000e2600000, 0x00000000e2600000| Untracked 
|  39|0x00000000e2700000, 0x00000000e2700000, 0x00000000e2800000|  0%| F|  |TAMS 0x00000000e2700000, 0x00000000e2700000| Untracked 
|  40|0x00000000e2800000, 0x00000000e2800000, 0x00000000e2900000|  0%| F|  |TAMS 0x00000000e2800000, 0x00000000e2800000| Untracked 
|  41|0x00000000e2900000, 0x00000000e2900000, 0x00000000e2a00000|  0%| F|  |TAMS 0x00000000e2900000, 0x00000000e2900000| Untracked 
|  42|0x00000000e2a00000, 0x00000000e2a00000, 0x00000000e2b00000|  0%| F|  |TAMS 0x00000000e2a00000, 0x00000000e2a00000| Untracked 
|  43|0x00000000e2b00000, 0x00000000e2b00000, 0x00000000e2c00000|  0%| F|  |TAMS 0x00000000e2b00000, 0x00000000e2b00000| Untracked 
|  44|0x00000000e2c00000, 0x00000000e2c00000, 0x00000000e2d00000|  0%| F|  |TAMS 0x00000000e2c00000, 0x00000000e2c00000| Untracked 
|  45|0x00000000e2d00000, 0x00000000e2d00000, 0x00000000e2e00000|  0%| F|  |TAMS 0x00000000e2d00000, 0x00000000e2d00000| Untracked 
|  46|0x00000000e2e00000, 0x00000000e2e00000, 0x00000000e2f00000|  0%| F|  |TAMS 0x00000000e2e00000, 0x00000000e2e00000| Untracked 
|  47|0x00000000e2f00000, 0x00000000e2f00000, 0x00000000e3000000|  0%| F|  |TAMS 0x00000000e2f00000, 0x00000000e2f00000| Untracked 
|  48|0x00000000e3000000, 0x00000000e3000000, 0x00000000e3100000|  0%| F|  |TAMS 0x00000000e3000000, 0x00000000e3000000| Untracked 
|  49|0x00000000e3100000, 0x00000000e3100000, 0x00000000e3200000|  0%| F|  |TAMS 0x00000000e3100000, 0x00000000e3100000| Untracked 
|  50|0x00000000e3200000, 0x00000000e3200000, 0x00000000e3300000|  0%| F|  |TAMS 0x00000000e3200000, 0x00000000e3200000| Untracked 
|  51|0x00000000e3300000, 0x00000000e3300000, 0x00000000e3400000|  0%| F|  |TAMS 0x00000000e3300000, 0x00000000e3300000| Untracked 
|  52|0x00000000e3400000, 0x00000000e3400000, 0x00000000e3500000|  0%| F|  |TAMS 0x00000000e3400000, 0x00000000e3400000| Untracked 
|  53|0x00000000e3500000, 0x00000000e3500000, 0x00000000e3600000|  0%| F|  |TAMS 0x00000000e3500000, 0x00000000e3500000| Untracked 
|  54|0x00000000e3600000, 0x00000000e3600000, 0x00000000e3700000|  0%| F|  |TAMS 0x00000000e3600000, 0x00000000e3600000| Untracked 
|  55|0x00000000e3700000, 0x00000000e3700000, 0x00000000e3800000|  0%| F|  |TAMS 0x00000000e3700000, 0x00000000e3700000| Untracked 
|  56|0x00000000e3800000, 0x00000000e3800000, 0x00000000e3900000|  0%| F|  |TAMS 0x00000000e3800000, 0x00000000e3800000| Untracked 
|  57|0x00000000e3900000, 0x00000000e3900000, 0x00000000e3a00000|  0%| F|  |TAMS 0x00000000e3900000, 0x00000000e3900000| Untracked 
|  58|0x00000000e3a00000, 0x00000000e3a00000, 0x00000000e3b00000|  0%| F|  |TAMS 0x00000000e3a00000, 0x00000000e3a00000| Untracked 
|  59|0x00000000e3b00000, 0x00000000e3b00000, 0x00000000e3c00000|  0%| F|  |TAMS 0x00000000e3b00000, 0x00000000e3b00000| Untracked 
|  60|0x00000000e3c00000, 0x00000000e3c00000, 0x00000000e3d00000|  0%| F|  |TAMS 0x00000000e3c00000, 0x00000000e3c00000| Untracked 
|  61|0x00000000e3d00000, 0x00000000e3d00000, 0x00000000e3e00000|  0%| F|  |TAMS 0x00000000e3d00000, 0x00000000e3d00000| Untracked 
|  62|0x00000000e3e00000, 0x00000000e3e00000, 0x00000000e3f00000|  0%| F|  |TAMS 0x00000000e3e00000, 0x00000000e3e00000| Untracked 
|  63|0x00000000e3f00000, 0x00000000e3f00000, 0x00000000e4000000|  0%| F|  |TAMS 0x00000000e3f00000, 0x00000000e3f00000| Untracked 
|  64|0x00000000e4000000, 0x00000000e4000000, 0x00000000e4100000|  0%| F|  |TAMS 0x00000000e4000000, 0x00000000e4000000| Untracked 
|  65|0x00000000e4100000, 0x00000000e4100000, 0x00000000e4200000|  0%| F|  |TAMS 0x00000000e4100000, 0x00000000e4100000| Untracked 
|  66|0x00000000e4200000, 0x00000000e4200000, 0x00000000e4300000|  0%| F|  |TAMS 0x00000000e4200000, 0x00000000e4200000| Untracked 
|  67|0x00000000e4300000, 0x00000000e4300000, 0x00000000e4400000|  0%| F|  |TAMS 0x00000000e4300000, 0x00000000e4300000| Untracked 
|  68|0x00000000e4400000, 0x00000000e4400000, 0x00000000e4500000|  0%| F|  |TAMS 0x00000000e4400000, 0x00000000e4400000| Untracked 
|  69|0x00000000e4500000, 0x00000000e4500000, 0x00000000e4600000|  0%| F|  |TAMS 0x00000000e4500000, 0x00000000e4500000| Untracked 
|  70|0x00000000e4600000, 0x00000000e4600000, 0x00000000e4700000|  0%| F|  |TAMS 0x00000000e4600000, 0x00000000e4600000| Untracked 
|  71|0x00000000e4700000, 0x00000000e4700000, 0x00000000e4800000|  0%| F|  |TAMS 0x00000000e4700000, 0x00000000e4700000| Untracked 
|  72|0x00000000e4800000, 0x00000000e4800000, 0x00000000e4900000|  0%| F|  |TAMS 0x00000000e4800000, 0x00000000e4800000| Untracked 
|  73|0x00000000e4900000, 0x00000000e4900000, 0x00000000e4a00000|  0%| F|  |TAMS 0x00000000e4900000, 0x00000000e4900000| Untracked 
|  74|0x00000000e4a00000, 0x00000000e4a00000, 0x00000000e4b00000|  0%| F|  |TAMS 0x00000000e4a00000, 0x00000000e4a00000| Untracked 
|  75|0x00000000e4b00000, 0x00000000e4b00000, 0x00000000e4c00000|  0%| F|  |TAMS 0x00000000e4b00000, 0x00000000e4b00000| Untracked 
|  76|0x00000000e4c00000, 0x00000000e4c00000, 0x00000000e4d00000|  0%| F|  |TAMS 0x00000000e4c00000, 0x00000000e4c00000| Untracked 
|  77|0x00000000e4d00000, 0x00000000e4d00000, 0x00000000e4e00000|  0%| F|  |TAMS 0x00000000e4d00000, 0x00000000e4d00000| Untracked 
|  78|0x00000000e4e00000, 0x00000000e4e00000, 0x00000000e4f00000|  0%| F|  |TAMS 0x00000000e4e00000, 0x00000000e4e00000| Untracked 
|  79|0x00000000e4f00000, 0x00000000e4f00000, 0x00000000e5000000|  0%| F|  |TAMS 0x00000000e4f00000, 0x00000000e4f00000| Untracked 
|  80|0x00000000e5000000, 0x00000000e5000000, 0x00000000e5100000|  0%| F|  |TAMS 0x00000000e5000000, 0x00000000e5000000| Untracked 
|  81|0x00000000e5100000, 0x00000000e5100000, 0x00000000e5200000|  0%| F|  |TAMS 0x00000000e5100000, 0x00000000e5100000| Untracked 
|  82|0x00000000e5200000, 0x00000000e5200000, 0x00000000e5300000|  0%| F|  |TAMS 0x00000000e5200000, 0x00000000e5200000| Untracked 
|  83|0x00000000e5300000, 0x00000000e5300000, 0x00000000e5400000|  0%| F|  |TAMS 0x00000000e5300000, 0x00000000e5300000| Untracked 
|  84|0x00000000e5400000, 0x00000000e5400000, 0x00000000e5500000|  0%| F|  |TAMS 0x00000000e5400000, 0x00000000e5400000| Untracked 
|  85|0x00000000e5500000, 0x00000000e5500000, 0x00000000e5600000|  0%| F|  |TAMS 0x00000000e5500000, 0x00000000e5500000| Untracked 
|  86|0x00000000e5600000, 0x00000000e5600000, 0x00000000e5700000|  0%| F|  |TAMS 0x00000000e5600000, 0x00000000e5600000| Untracked 
|  87|0x00000000e5700000, 0x00000000e5700000, 0x00000000e5800000|  0%| F|  |TAMS 0x00000000e5700000, 0x00000000e5700000| Untracked 
|  88|0x00000000e5800000, 0x00000000e5800000, 0x00000000e5900000|  0%| F|  |TAMS 0x00000000e5800000, 0x00000000e5800000| Untracked 
|  89|0x00000000e5900000, 0x00000000e5900000, 0x00000000e5a00000|  0%| F|  |TAMS 0x00000000e5900000, 0x00000000e5900000| Untracked 
|  90|0x00000000e5a00000, 0x00000000e5a00000, 0x00000000e5b00000|  0%| F|  |TAMS 0x00000000e5a00000, 0x00000000e5a00000| Untracked 
|  91|0x00000000e5b00000, 0x00000000e5b00000, 0x00000000e5c00000|  0%| F|  |TAMS 0x00000000e5b00000, 0x00000000e5b00000| Untracked 
|  92|0x00000000e5c00000, 0x00000000e5c00000, 0x00000000e5d00000|  0%| F|  |TAMS 0x00000000e5c00000, 0x00000000e5c00000| Untracked 
|  93|0x00000000e5d00000, 0x00000000e5d00000, 0x00000000e5e00000|  0%| F|  |TAMS 0x00000000e5d00000, 0x00000000e5d00000| Untracked 
|  94|0x00000000e5e00000, 0x00000000e5e00000, 0x00000000e5f00000|  0%| F|  |TAMS 0x00000000e5e00000, 0x00000000e5e00000| Untracked 
|  95|0x00000000e5f00000, 0x00000000e5f00000, 0x00000000e6000000|  0%| F|  |TAMS 0x00000000e5f00000, 0x00000000e5f00000| Untracked 
|  96|0x00000000e6000000, 0x00000000e6000000, 0x00000000e6100000|  0%| F|  |TAMS 0x00000000e6000000, 0x00000000e6000000| Untracked 
|  97|0x00000000e6100000, 0x00000000e6100000, 0x00000000e6200000|  0%| F|  |TAMS 0x00000000e6100000, 0x00000000e6100000| Untracked 
|  98|0x00000000e6200000, 0x00000000e6200000, 0x00000000e6300000|  0%| F|  |TAMS 0x00000000e6200000, 0x00000000e6200000| Untracked 
|  99|0x00000000e6300000, 0x00000000e6300000, 0x00000000e6400000|  0%| F|  |TAMS 0x00000000e6300000, 0x00000000e6300000| Untracked 
| 100|0x00000000e6400000, 0x00000000e6400000, 0x00000000e6500000|  0%| F|  |TAMS 0x00000000e6400000, 0x00000000e6400000| Untracked 
| 101|0x00000000e6500000, 0x00000000e6500000, 0x00000000e6600000|  0%| F|  |TAMS 0x00000000e6500000, 0x00000000e6500000| Untracked 
| 102|0x00000000e6600000, 0x00000000e6600000, 0x00000000e6700000|  0%| F|  |TAMS 0x00000000e6600000, 0x00000000e6600000| Untracked 
| 103|0x00000000e6700000, 0x00000000e6700000, 0x00000000e6800000|  0%| F|  |TAMS 0x00000000e6700000, 0x00000000e6700000| Untracked 
| 104|0x00000000e6800000, 0x00000000e6800000, 0x00000000e6900000|  0%| F|  |TAMS 0x00000000e6800000, 0x00000000e6800000| Untracked 
| 105|0x00000000e6900000, 0x00000000e6900000, 0x00000000e6a00000|  0%| F|  |TAMS 0x00000000e6900000, 0x00000000e6900000| Untracked 
| 106|0x00000000e6a00000, 0x00000000e6a00000, 0x00000000e6b00000|  0%| F|  |TAMS 0x00000000e6a00000, 0x00000000e6a00000| Untracked 
| 107|0x00000000e6b00000, 0x00000000e6b00000, 0x00000000e6c00000|  0%| F|  |TAMS 0x00000000e6b00000, 0x00000000e6b00000| Untracked 
| 108|0x00000000e6c00000, 0x00000000e6c00000, 0x00000000e6d00000|  0%| F|  |TAMS 0x00000000e6c00000, 0x00000000e6c00000| Untracked 
| 109|0x00000000e6d00000, 0x00000000e6d00000, 0x00000000e6e00000|  0%| F|  |TAMS 0x00000000e6d00000, 0x00000000e6d00000| Untracked 
| 110|0x00000000e6e00000, 0x00000000e6e00000, 0x00000000e6f00000|  0%| F|  |TAMS 0x00000000e6e00000, 0x00000000e6e00000| Untracked 
| 111|0x00000000e6f00000, 0x00000000e6f00000, 0x00000000e7000000|  0%| F|  |TAMS 0x00000000e6f00000, 0x00000000e6f00000| Untracked 
| 112|0x00000000e7000000, 0x00000000e7000000, 0x00000000e7100000|  0%| F|  |TAMS 0x00000000e7000000, 0x00000000e7000000| Untracked 
| 113|0x00000000e7100000, 0x00000000e7100000, 0x00000000e7200000|  0%| F|  |TAMS 0x00000000e7100000, 0x00000000e7100000| Untracked 
| 114|0x00000000e7200000, 0x00000000e7200000, 0x00000000e7300000|  0%| F|  |TAMS 0x00000000e7200000, 0x00000000e7200000| Untracked 
| 115|0x00000000e7300000, 0x00000000e7300000, 0x00000000e7400000|  0%| F|  |TAMS 0x00000000e7300000, 0x00000000e7300000| Untracked 
| 116|0x00000000e7400000, 0x00000000e7400000, 0x00000000e7500000|  0%| F|  |TAMS 0x00000000e7400000, 0x00000000e7400000| Untracked 
| 117|0x00000000e7500000, 0x00000000e7500000, 0x00000000e7600000|  0%| F|  |TAMS 0x00000000e7500000, 0x00000000e7500000| Untracked 
| 118|0x00000000e7600000, 0x00000000e7600000, 0x00000000e7700000|  0%| F|  |TAMS 0x00000000e7600000, 0x00000000e7600000| Untracked 
| 119|0x00000000e7700000, 0x00000000e7700000, 0x00000000e7800000|  0%| F|  |TAMS 0x00000000e7700000, 0x00000000e7700000| Untracked 
| 120|0x00000000e7800000, 0x00000000e7800000, 0x00000000e7900000|  0%| F|  |TAMS 0x00000000e7800000, 0x00000000e7800000| Untracked 
| 121|0x00000000e7900000, 0x00000000e7900000, 0x00000000e7a00000|  0%| F|  |TAMS 0x00000000e7900000, 0x00000000e7900000| Untracked 
| 122|0x00000000e7a00000, 0x00000000e7a00000, 0x00000000e7b00000|  0%| F|  |TAMS 0x00000000e7a00000, 0x00000000e7a00000| Untracked 
| 123|0x00000000e7b00000, 0x00000000e7b00000, 0x00000000e7c00000|  0%| F|  |TAMS 0x00000000e7b00000, 0x00000000e7b00000| Untracked 
| 124|0x00000000e7c00000, 0x00000000e7c00000, 0x00000000e7d00000|  0%| F|  |TAMS 0x00000000e7c00000, 0x00000000e7c00000| Untracked 
| 125|0x00000000e7d00000, 0x00000000e7d00000, 0x00000000e7e00000|  0%| F|  |TAMS 0x00000000e7d00000, 0x00000000e7d00000| Untracked 
| 126|0x00000000e7e00000, 0x00000000e7e00000, 0x00000000e7f00000|  0%| F|  |TAMS 0x00000000e7e00000, 0x00000000e7e00000| Untracked 
| 127|0x00000000e7f00000, 0x00000000e7f00000, 0x00000000e8000000|  0%| F|  |TAMS 0x00000000e7f00000, 0x00000000e7f00000| Untracked 
| 128|0x00000000e8000000, 0x00000000e8000000, 0x00000000e8100000|  0%| F|  |TAMS 0x00000000e8000000, 0x00000000e8000000| Untracked 
| 129|0x00000000e8100000, 0x00000000e8100000, 0x00000000e8200000|  0%| F|  |TAMS 0x00000000e8100000, 0x00000000e8100000| Untracked 
| 130|0x00000000e8200000, 0x00000000e8200000, 0x00000000e8300000|  0%| F|  |TAMS 0x00000000e8200000, 0x00000000e8200000| Untracked 
| 131|0x00000000e8300000, 0x00000000e8300000, 0x00000000e8400000|  0%| F|  |TAMS 0x00000000e8300000, 0x00000000e8300000| Untracked 
| 132|0x00000000e8400000, 0x00000000e8400000, 0x00000000e8500000|  0%| F|  |TAMS 0x00000000e8400000, 0x00000000e8400000| Untracked 
| 133|0x00000000e8500000, 0x00000000e8500000, 0x00000000e8600000|  0%| F|  |TAMS 0x00000000e8500000, 0x00000000e8500000| Untracked 
| 134|0x00000000e8600000, 0x00000000e8600000, 0x00000000e8700000|  0%| F|  |TAMS 0x00000000e8600000, 0x00000000e8600000| Untracked 
| 135|0x00000000e8700000, 0x00000000e8700000, 0x00000000e8800000|  0%| F|  |TAMS 0x00000000e8700000, 0x00000000e8700000| Untracked 
| 136|0x00000000e8800000, 0x00000000e8800000, 0x00000000e8900000|  0%| F|  |TAMS 0x00000000e8800000, 0x00000000e8800000| Untracked 
| 137|0x00000000e8900000, 0x00000000e8900000, 0x00000000e8a00000|  0%| F|  |TAMS 0x00000000e8900000, 0x00000000e8900000| Untracked 
| 138|0x00000000e8a00000, 0x00000000e8a00000, 0x00000000e8b00000|  0%| F|  |TAMS 0x00000000e8a00000, 0x00000000e8a00000| Untracked 
| 139|0x00000000e8b00000, 0x00000000e8b00000, 0x00000000e8c00000|  0%| F|  |TAMS 0x00000000e8b00000, 0x00000000e8b00000| Untracked 
| 140|0x00000000e8c00000, 0x00000000e8c00000, 0x00000000e8d00000|  0%| F|  |TAMS 0x00000000e8c00000, 0x00000000e8c00000| Untracked 
| 141|0x00000000e8d00000, 0x00000000e8d00000, 0x00000000e8e00000|  0%| F|  |TAMS 0x00000000e8d00000, 0x00000000e8d00000| Untracked 
| 142|0x00000000e8e00000, 0x00000000e8e00000, 0x00000000e8f00000|  0%| F|  |TAMS 0x00000000e8e00000, 0x00000000e8e00000| Untracked 
| 143|0x00000000e8f00000, 0x00000000e8f00000, 0x00000000e9000000|  0%| F|  |TAMS 0x00000000e8f00000, 0x00000000e8f00000| Untracked 
| 144|0x00000000e9000000, 0x00000000e9000000, 0x00000000e9100000|  0%| F|  |TAMS 0x00000000e9000000, 0x00000000e9000000| Untracked 
| 145|0x00000000e9100000, 0x00000000e916fac0, 0x00000000e9200000| 43%| S|CS|TAMS 0x00000000e9100000, 0x00000000e9100000| Complete 
| 146|0x00000000e9200000, 0x00000000e9300000, 0x00000000e9300000|100%| S|CS|TAMS 0x00000000e9200000, 0x00000000e9200000| Complete 
| 147|0x00000000e9300000, 0x00000000e9400000, 0x00000000e9400000|100%| S|CS|TAMS 0x00000000e9300000, 0x00000000e9300000| Complete 
| 148|0x00000000e9400000, 0x00000000e9500000, 0x00000000e9500000|100%| S|CS|TAMS 0x00000000e9400000, 0x00000000e9400000| Complete 
| 149|0x00000000e9500000, 0x00000000e9600000, 0x00000000e9600000|100%| S|CS|TAMS 0x00000000e9500000, 0x00000000e9500000| Complete 
| 150|0x00000000e9600000, 0x00000000e9700000, 0x00000000e9700000|100%| S|CS|TAMS 0x00000000e9600000, 0x00000000e9600000| Complete 
| 151|0x00000000e9700000, 0x00000000e9800000, 0x00000000e9800000|100%| S|CS|TAMS 0x00000000e9700000, 0x00000000e9700000| Complete 
| 152|0x00000000e9800000, 0x00000000e9900000, 0x00000000e9900000|100%| S|CS|TAMS 0x00000000e9800000, 0x00000000e9800000| Complete 
| 153|0x00000000e9900000, 0x00000000e9a00000, 0x00000000e9a00000|100%| S|CS|TAMS 0x00000000e9900000, 0x00000000e9900000| Complete 
| 154|0x00000000e9a00000, 0x00000000e9b00000, 0x00000000e9b00000|100%| S|CS|TAMS 0x00000000e9a00000, 0x00000000e9a00000| Complete 
| 155|0x00000000e9b00000, 0x00000000e9c00000, 0x00000000e9c00000|100%| S|CS|TAMS 0x00000000e9b00000, 0x00000000e9b00000| Complete 
| 156|0x00000000e9c00000, 0x00000000e9d00000, 0x00000000e9d00000|100%| S|CS|TAMS 0x00000000e9c00000, 0x00000000e9c00000| Complete 
| 157|0x00000000e9d00000, 0x00000000e9d00000, 0x00000000e9e00000|  0%| F|  |TAMS 0x00000000e9d00000, 0x00000000e9d00000| Untracked 
| 158|0x00000000e9e00000, 0x00000000e9e00000, 0x00000000e9f00000|  0%| F|  |TAMS 0x00000000e9e00000, 0x00000000e9e00000| Untracked 
| 159|0x00000000e9f00000, 0x00000000e9f00000, 0x00000000ea000000|  0%| F|  |TAMS 0x00000000e9f00000, 0x00000000e9f00000| Untracked 
| 160|0x00000000ea000000, 0x00000000ea000000, 0x00000000ea100000|  0%| F|  |TAMS 0x00000000ea000000, 0x00000000ea000000| Untracked 
| 161|0x00000000ea100000, 0x00000000ea100000, 0x00000000ea200000|  0%| F|  |TAMS 0x00000000ea100000, 0x00000000ea100000| Untracked 
| 162|0x00000000ea200000, 0x00000000ea200000, 0x00000000ea300000|  0%| F|  |TAMS 0x00000000ea200000, 0x00000000ea200000| Untracked 
| 163|0x00000000ea300000, 0x00000000ea300000, 0x00000000ea400000|  0%| F|  |TAMS 0x00000000ea300000, 0x00000000ea300000| Untracked 
| 164|0x00000000ea400000, 0x00000000ea400000, 0x00000000ea500000|  0%| F|  |TAMS 0x00000000ea400000, 0x00000000ea400000| Untracked 
| 165|0x00000000ea500000, 0x00000000ea500000, 0x00000000ea600000|  0%| F|  |TAMS 0x00000000ea500000, 0x00000000ea500000| Untracked 
| 166|0x00000000ea600000, 0x00000000ea600000, 0x00000000ea700000|  0%| F|  |TAMS 0x00000000ea600000, 0x00000000ea600000| Untracked 
| 167|0x00000000ea700000, 0x00000000ea700000, 0x00000000ea800000|  0%| F|  |TAMS 0x00000000ea700000, 0x00000000ea700000| Untracked 
| 168|0x00000000ea800000, 0x00000000ea800000, 0x00000000ea900000|  0%| F|  |TAMS 0x00000000ea800000, 0x00000000ea800000| Untracked 
| 169|0x00000000ea900000, 0x00000000ea900000, 0x00000000eaa00000|  0%| F|  |TAMS 0x00000000ea900000, 0x00000000ea900000| Untracked 
| 170|0x00000000eaa00000, 0x00000000eaa00000, 0x00000000eab00000|  0%| F|  |TAMS 0x00000000eaa00000, 0x00000000eaa00000| Untracked 
| 171|0x00000000eab00000, 0x00000000eab00000, 0x00000000eac00000|  0%| F|  |TAMS 0x00000000eab00000, 0x00000000eab00000| Untracked 
| 172|0x00000000eac00000, 0x00000000eac00000, 0x00000000ead00000|  0%| F|  |TAMS 0x00000000eac00000, 0x00000000eac00000| Untracked 
| 173|0x00000000ead00000, 0x00000000ead00000, 0x00000000eae00000|  0%| F|  |TAMS 0x00000000ead00000, 0x00000000ead00000| Untracked 
| 174|0x00000000eae00000, 0x00000000eae00000, 0x00000000eaf00000|  0%| F|  |TAMS 0x00000000eae00000, 0x00000000eae00000| Untracked 
| 175|0x00000000eaf00000, 0x00000000eaf00000, 0x00000000eb000000|  0%| F|  |TAMS 0x00000000eaf00000, 0x00000000eaf00000| Untracked 
| 176|0x00000000eb000000, 0x00000000eb000000, 0x00000000eb100000|  0%| F|  |TAMS 0x00000000eb000000, 0x00000000eb000000| Untracked 
| 177|0x00000000eb100000, 0x00000000eb100000, 0x00000000eb200000|  0%| F|  |TAMS 0x00000000eb100000, 0x00000000eb100000| Untracked 
| 178|0x00000000eb200000, 0x00000000eb200000, 0x00000000eb300000|  0%| F|  |TAMS 0x00000000eb200000, 0x00000000eb200000| Untracked 
| 179|0x00000000eb300000, 0x00000000eb300000, 0x00000000eb400000|  0%| F|  |TAMS 0x00000000eb300000, 0x00000000eb300000| Untracked 
| 180|0x00000000eb400000, 0x00000000eb400000, 0x00000000eb500000|  0%| F|  |TAMS 0x00000000eb400000, 0x00000000eb400000| Untracked 
| 181|0x00000000eb500000, 0x00000000eb500000, 0x00000000eb600000|  0%| F|  |TAMS 0x00000000eb500000, 0x00000000eb500000| Untracked 
| 182|0x00000000eb600000, 0x00000000eb600000, 0x00000000eb700000|  0%| F|  |TAMS 0x00000000eb600000, 0x00000000eb600000| Untracked 
| 183|0x00000000eb700000, 0x00000000eb700000, 0x00000000eb800000|  0%| F|  |TAMS 0x00000000eb700000, 0x00000000eb700000| Untracked 
| 184|0x00000000eb800000, 0x00000000eb800000, 0x00000000eb900000|  0%| F|  |TAMS 0x00000000eb800000, 0x00000000eb800000| Untracked 
| 185|0x00000000eb900000, 0x00000000eb900000, 0x00000000eba00000|  0%| F|  |TAMS 0x00000000eb900000, 0x00000000eb900000| Untracked 
| 186|0x00000000eba00000, 0x00000000eba00000, 0x00000000ebb00000|  0%| F|  |TAMS 0x00000000eba00000, 0x00000000eba00000| Untracked 
| 187|0x00000000ebb00000, 0x00000000ebb00000, 0x00000000ebc00000|  0%| F|  |TAMS 0x00000000ebb00000, 0x00000000ebb00000| Untracked 
| 188|0x00000000ebc00000, 0x00000000ebc00000, 0x00000000ebd00000|  0%| F|  |TAMS 0x00000000ebc00000, 0x00000000ebc00000| Untracked 
| 189|0x00000000ebd00000, 0x00000000ebd00000, 0x00000000ebe00000|  0%| F|  |TAMS 0x00000000ebd00000, 0x00000000ebd00000| Untracked 
| 190|0x00000000ebe00000, 0x00000000ebe00000, 0x00000000ebf00000|  0%| F|  |TAMS 0x00000000ebe00000, 0x00000000ebe00000| Untracked 
| 191|0x00000000ebf00000, 0x00000000ebf00000, 0x00000000ec000000|  0%| F|  |TAMS 0x00000000ebf00000, 0x00000000ebf00000| Untracked 
| 192|0x00000000ec000000, 0x00000000ec000000, 0x00000000ec100000|  0%| F|  |TAMS 0x00000000ec000000, 0x00000000ec000000| Untracked 
| 193|0x00000000ec100000, 0x00000000ec100000, 0x00000000ec200000|  0%| F|  |TAMS 0x00000000ec100000, 0x00000000ec100000| Untracked 
| 194|0x00000000ec200000, 0x00000000ec200000, 0x00000000ec300000|  0%| F|  |TAMS 0x00000000ec200000, 0x00000000ec200000| Untracked 
| 195|0x00000000ec300000, 0x00000000ec300000, 0x00000000ec400000|  0%| F|  |TAMS 0x00000000ec300000, 0x00000000ec300000| Untracked 
| 196|0x00000000ec400000, 0x00000000ec400000, 0x00000000ec500000|  0%| F|  |TAMS 0x00000000ec400000, 0x00000000ec400000| Untracked 
| 197|0x00000000ec500000, 0x00000000ec500000, 0x00000000ec600000|  0%| F|  |TAMS 0x00000000ec500000, 0x00000000ec500000| Untracked 
| 198|0x00000000ec600000, 0x00000000ec600000, 0x00000000ec700000|  0%| F|  |TAMS 0x00000000ec600000, 0x00000000ec600000| Untracked 
| 199|0x00000000ec700000, 0x00000000ec700000, 0x00000000ec800000|  0%| F|  |TAMS 0x00000000ec700000, 0x00000000ec700000| Untracked 
| 200|0x00000000ec800000, 0x00000000ec800000, 0x00000000ec900000|  0%| F|  |TAMS 0x00000000ec800000, 0x00000000ec800000| Untracked 
| 201|0x00000000ec900000, 0x00000000ec900000, 0x00000000eca00000|  0%| F|  |TAMS 0x00000000ec900000, 0x00000000ec900000| Untracked 
| 202|0x00000000eca00000, 0x00000000eca00000, 0x00000000ecb00000|  0%| F|  |TAMS 0x00000000eca00000, 0x00000000eca00000| Untracked 
| 203|0x00000000ecb00000, 0x00000000ecb00000, 0x00000000ecc00000|  0%| F|  |TAMS 0x00000000ecb00000, 0x00000000ecb00000| Untracked 
| 204|0x00000000ecc00000, 0x00000000ecc00000, 0x00000000ecd00000|  0%| F|  |TAMS 0x00000000ecc00000, 0x00000000ecc00000| Untracked 
| 205|0x00000000ecd00000, 0x00000000ecd00000, 0x00000000ece00000|  0%| F|  |TAMS 0x00000000ecd00000, 0x00000000ecd00000| Untracked 
| 206|0x00000000ece00000, 0x00000000ece00000, 0x00000000ecf00000|  0%| F|  |TAMS 0x00000000ece00000, 0x00000000ece00000| Untracked 
| 207|0x00000000ecf00000, 0x00000000ecf00000, 0x00000000ed000000|  0%| F|  |TAMS 0x00000000ecf00000, 0x00000000ecf00000| Untracked 
| 208|0x00000000ed000000, 0x00000000ed000000, 0x00000000ed100000|  0%| F|  |TAMS 0x00000000ed000000, 0x00000000ed000000| Untracked 
| 209|0x00000000ed100000, 0x00000000ed180a28, 0x00000000ed200000| 50%| E|  |TAMS 0x00000000ed100000, 0x00000000ed100000| Complete 
| 210|0x00000000ed200000, 0x00000000ed300000, 0x00000000ed300000|100%| E|CS|TAMS 0x00000000ed200000, 0x00000000ed200000| Complete 
| 211|0x00000000ed300000, 0x00000000ed400000, 0x00000000ed400000|100%| E|CS|TAMS 0x00000000ed300000, 0x00000000ed300000| Complete 
| 212|0x00000000ed400000, 0x00000000ed500000, 0x00000000ed500000|100%| E|CS|TAMS 0x00000000ed400000, 0x00000000ed400000| Complete 
| 213|0x00000000ed500000, 0x00000000ed600000, 0x00000000ed600000|100%| E|CS|TAMS 0x00000000ed500000, 0x00000000ed500000| Complete 
| 214|0x00000000ed600000, 0x00000000ed700000, 0x00000000ed700000|100%| E|CS|TAMS 0x00000000ed600000, 0x00000000ed600000| Complete 
| 215|0x00000000ed700000, 0x00000000ed800000, 0x00000000ed800000|100%| E|CS|TAMS 0x00000000ed700000, 0x00000000ed700000| Complete 
| 216|0x00000000ed800000, 0x00000000ed900000, 0x00000000ed900000|100%| E|CS|TAMS 0x00000000ed800000, 0x00000000ed800000| Complete 
| 217|0x00000000ed900000, 0x00000000eda00000, 0x00000000eda00000|100%| E|CS|TAMS 0x00000000ed900000, 0x00000000ed900000| Complete 
| 218|0x00000000eda00000, 0x00000000edb00000, 0x00000000edb00000|100%| E|CS|TAMS 0x00000000eda00000, 0x00000000eda00000| Complete 
| 219|0x00000000edb00000, 0x00000000edc00000, 0x00000000edc00000|100%| E|CS|TAMS 0x00000000edb00000, 0x00000000edb00000| Complete 
| 220|0x00000000edc00000, 0x00000000edd00000, 0x00000000edd00000|100%| E|CS|TAMS 0x00000000edc00000, 0x00000000edc00000| Complete 
| 221|0x00000000edd00000, 0x00000000ede00000, 0x00000000ede00000|100%| E|CS|TAMS 0x00000000edd00000, 0x00000000edd00000| Complete 
| 222|0x00000000ede00000, 0x00000000edf00000, 0x00000000edf00000|100%| E|CS|TAMS 0x00000000ede00000, 0x00000000ede00000| Complete 
| 223|0x00000000edf00000, 0x00000000ee000000, 0x00000000ee000000|100%| E|CS|TAMS 0x00000000edf00000, 0x00000000edf00000| Complete 
| 224|0x00000000ee000000, 0x00000000ee100000, 0x00000000ee100000|100%| E|CS|TAMS 0x00000000ee000000, 0x00000000ee000000| Complete 
| 225|0x00000000ee100000, 0x00000000ee200000, 0x00000000ee200000|100%| E|CS|TAMS 0x00000000ee100000, 0x00000000ee100000| Complete 
| 226|0x00000000ee200000, 0x00000000ee300000, 0x00000000ee300000|100%| E|CS|TAMS 0x00000000ee200000, 0x00000000ee200000| Complete 
| 227|0x00000000ee300000, 0x00000000ee400000, 0x00000000ee400000|100%| E|CS|TAMS 0x00000000ee300000, 0x00000000ee300000| Complete 
| 228|0x00000000ee400000, 0x00000000ee500000, 0x00000000ee500000|100%| E|CS|TAMS 0x00000000ee400000, 0x00000000ee400000| Complete 
| 229|0x00000000ee500000, 0x00000000ee600000, 0x00000000ee600000|100%| E|CS|TAMS 0x00000000ee500000, 0x00000000ee500000| Complete 
| 230|0x00000000ee600000, 0x00000000ee700000, 0x00000000ee700000|100%| E|CS|TAMS 0x00000000ee600000, 0x00000000ee600000| Complete 
| 231|0x00000000ee700000, 0x00000000ee800000, 0x00000000ee800000|100%| E|CS|TAMS 0x00000000ee700000, 0x00000000ee700000| Complete 
| 232|0x00000000ee800000, 0x00000000ee900000, 0x00000000ee900000|100%| E|CS|TAMS 0x00000000ee800000, 0x00000000ee800000| Complete 
| 233|0x00000000ee900000, 0x00000000eea00000, 0x00000000eea00000|100%| E|CS|TAMS 0x00000000ee900000, 0x00000000ee900000| Complete 
| 234|0x00000000eea00000, 0x00000000eeb00000, 0x00000000eeb00000|100%| E|CS|TAMS 0x00000000eea00000, 0x00000000eea00000| Complete 
| 235|0x00000000eeb00000, 0x00000000eec00000, 0x00000000eec00000|100%| E|CS|TAMS 0x00000000eeb00000, 0x00000000eeb00000| Complete 
| 236|0x00000000eec00000, 0x00000000eed00000, 0x00000000eed00000|100%| E|CS|TAMS 0x00000000eec00000, 0x00000000eec00000| Complete 
| 237|0x00000000eed00000, 0x00000000eee00000, 0x00000000eee00000|100%| E|CS|TAMS 0x00000000eed00000, 0x00000000eed00000| Complete 
| 238|0x00000000eee00000, 0x00000000eef00000, 0x00000000eef00000|100%| E|CS|TAMS 0x00000000eee00000, 0x00000000eee00000| Complete 
| 239|0x00000000eef00000, 0x00000000ef000000, 0x00000000ef000000|100%| E|CS|TAMS 0x00000000eef00000, 0x00000000eef00000| Complete 
| 240|0x00000000ef000000, 0x00000000ef100000, 0x00000000ef100000|100%| E|CS|TAMS 0x00000000ef000000, 0x00000000ef000000| Complete 
| 241|0x00000000ef100000, 0x00000000ef200000, 0x00000000ef200000|100%| E|CS|TAMS 0x00000000ef100000, 0x00000000ef100000| Complete 
| 242|0x00000000ef200000, 0x00000000ef300000, 0x00000000ef300000|100%| E|CS|TAMS 0x00000000ef200000, 0x00000000ef200000| Complete 
| 243|0x00000000ef300000, 0x00000000ef400000, 0x00000000ef400000|100%| E|CS|TAMS 0x00000000ef300000, 0x00000000ef300000| Complete 
| 244|0x00000000ef400000, 0x00000000ef500000, 0x00000000ef500000|100%| E|CS|TAMS 0x00000000ef400000, 0x00000000ef400000| Complete 
| 245|0x00000000ef500000, 0x00000000ef600000, 0x00000000ef600000|100%| E|CS|TAMS 0x00000000ef500000, 0x00000000ef500000| Complete 
| 246|0x00000000ef600000, 0x00000000ef700000, 0x00000000ef700000|100%| E|CS|TAMS 0x00000000ef600000, 0x00000000ef600000| Complete 
| 247|0x00000000ef700000, 0x00000000ef800000, 0x00000000ef800000|100%| E|CS|TAMS 0x00000000ef700000, 0x00000000ef700000| Complete 
| 248|0x00000000ef800000, 0x00000000ef900000, 0x00000000ef900000|100%| E|CS|TAMS 0x00000000ef800000, 0x00000000ef800000| Complete 
| 249|0x00000000ef900000, 0x00000000efa00000, 0x00000000efa00000|100%| E|CS|TAMS 0x00000000ef900000, 0x00000000ef900000| Complete 
| 250|0x00000000efa00000, 0x00000000efb00000, 0x00000000efb00000|100%| E|CS|TAMS 0x00000000efa00000, 0x00000000efa00000| Complete 
| 251|0x00000000efb00000, 0x00000000efc00000, 0x00000000efc00000|100%| E|CS|TAMS 0x00000000efb00000, 0x00000000efb00000| Complete 
| 252|0x00000000efc00000, 0x00000000efd00000, 0x00000000efd00000|100%| E|CS|TAMS 0x00000000efc00000, 0x00000000efc00000| Complete 
| 253|0x00000000efd00000, 0x00000000efe00000, 0x00000000efe00000|100%| E|CS|TAMS 0x00000000efd00000, 0x00000000efd00000| Complete 
| 254|0x00000000efe00000, 0x00000000eff00000, 0x00000000eff00000|100%| E|CS|TAMS 0x00000000efe00000, 0x00000000efe00000| Complete 
| 255|0x00000000eff00000, 0x00000000f0000000, 0x00000000f0000000|100%| E|CS|TAMS 0x00000000eff00000, 0x00000000eff00000| Complete 

Card table byte_map: [0x000002e2dccc0000,0x000002e2dcdc0000] _byte_map_base: 0x000002e2dc5c0000

Marking Bits (Prev, Next): (CMBitMap*) 0x000002e2c5fa3cc0, (CMBitMap*) 0x000002e2c5fa3c80
 Prev Bits: [0x000002e2dd6c0000, 0x000002e2ddec0000)
 Next Bits: [0x000002e2dcec0000, 0x000002e2dd6c0000)

Polling page: 0x000002e2c3dd0000

Metaspace:

Usage:
  Non-class:     21.69 MB used.
      Class:      3.77 MB used.
       Both:     25.45 MB used.

Virtual space:
  Non-class space:       64.00 MB reserved,      22.19 MB ( 35%) committed,  1 nodes.
      Class space:      308.00 MB reserved,       4.25 MB (  1%) committed,  1 nodes.
             Both:      372.00 MB reserved,      26.44 MB (  7%) committed. 

Chunk freelists:
   Non-Class:  1.55 MB
       Class:  3.70 MB
        Both:  5.25 MB

MaxMetaspaceSize: 384.00 MB
CompressedClassSpaceSize: 308.00 MB
Initial GC threshold: 21.00 MB
Current GC threshold: 36.06 MB
CDS: on
MetaspaceReclaimPolicy: balanced
 - commit_granule_bytes: 65536.
 - commit_granule_words: 8192.
 - virtual_space_node_default_size: 8388608.
 - enlarge_chunks_in_place: 1.
 - new_chunks_are_fully_committed: 0.
 - uncommit_free_chunks: 1.
 - use_allocation_guard: 0.


Internal statistics:

num_allocs_failed_limit: 6.
num_arena_births: 1550.
num_arena_deaths: 0.
num_vsnodes_births: 2.
num_vsnodes_deaths: 0.
num_space_committed: 423.
num_space_uncommitted: 0.
num_chunks_returned_to_freelist: 6.
num_chunks_taken_from_freelist: 2787.
num_chunk_merges: 3.
num_chunk_splits: 1741.
num_chunks_enlarged: 1050.
num_inconsistent_stats: 0.

CodeHeap 'non-profiled nmethods': size=120000Kb used=1788Kb max_used=1788Kb free=118211Kb
 bounds [0x000002e2d5360000, 0x000002e2d55d0000, 0x000002e2dc890000]
CodeHeap 'profiled nmethods': size=120000Kb used=7215Kb max_used=7215Kb free=112784Kb
 bounds [0x000002e2cde30000, 0x000002e2ce540000, 0x000002e2d5360000]
CodeHeap 'non-nmethods': size=5760Kb used=1274Kb max_used=1303Kb free=4485Kb
 bounds [0x000002e2cd890000, 0x000002e2cdb00000, 0x000002e2cde30000]
 total_blobs=4057 nmethods=3493 adapters=476
 compilation: enabled
              stopped_count=0, restarted_count=0
 full_count=0

Compilation events (20 events):
Event: 34.644 Thread 0x000002e2e08b5c00 3491       3       org.objectweb.asm.Attribute::computeAttributesSize (62 bytes)
Event: 34.645 Thread 0x000002e2e08b5c00 nmethod 3491 0x000002e2ce538410 code [0x000002e2ce5385e0, 0x000002e2ce538908]
Event: 34.645 Thread 0x000002e2e08b5c00 3493       3       org.objectweb.asm.AnnotationWriter::putAnnotations (67 bytes)
Event: 34.645 Thread 0x000002e2e08b5c00 nmethod 3493 0x000002e2ce538a90 code [0x000002e2ce538ca0, 0x000002e2ce5390d8]
Event: 34.645 Thread 0x000002e2e08b5c00 3492       3       org.objectweb.asm.AnnotationWriter::computeAnnotationsSize (66 bytes)
Event: 34.646 Thread 0x000002e2e08b5c00 nmethod 3492 0x000002e2ce539390 code [0x000002e2ce539560, 0x000002e2ce539898]
Event: 34.646 Thread 0x000002e2e08b5c00 3494       3       org.objectweb.asm.Attribute::putAttributes (78 bytes)
Event: 34.647 Thread 0x000002e2e08b5c00 nmethod 3494 0x000002e2ce539a90 code [0x000002e2ce539ce0, 0x000002e2ce53a218]
Event: 34.647 Thread 0x000002e2e08b5c00 3495       3       java.lang.StringLatin1::indexOf (25 bytes)
Event: 34.647 Thread 0x000002e2e08b5c00 nmethod 3495 0x000002e2ce53a510 code [0x000002e2ce53a6c0, 0x000002e2ce53a8c8]
Event: 34.688 Thread 0x000002e2e08b5c00 3496       3       java.lang.invoke.LambdaForm$DMH/0x0000000800dd4400::invokeStatic (31 bytes)
Event: 34.688 Thread 0x000002e2e08b5c00 nmethod 3496 0x000002e2ce53a990 code [0x000002e2ce53ab60, 0x000002e2ce53aff8]
Event: 34.741 Thread 0x000002e2e08b5c00 3497       3       com.google.common.collect.AbstractIndexedListIterator::next (31 bytes)
Event: 34.741 Thread 0x000002e2e08b5c00 nmethod 3497 0x000002e2ce53b110 code [0x000002e2ce53b2e0, 0x000002e2ce53b678]
Event: 34.875 Thread 0x000002e2e08b5c00 3498       1       java.util.concurrent.ConcurrentHashMap$MapEntry::getKey (5 bytes)
Event: 34.876 Thread 0x000002e2e08b5c00 nmethod 3498 0x000002e2d551d890 code [0x000002e2d551da20, 0x000002e2d551daf8]
Event: 35.124 Thread 0x000002e2e08b5c00 3499       1       java.lang.invoke.DirectMethodHandle$Special::isInvokeSpecial (2 bytes)
Event: 35.124 Thread 0x000002e2e08b5c00 nmethod 3499 0x000002e2d551db90 code [0x000002e2d551dd20, 0x000002e2d551ddf8]
Event: 35.132 Thread 0x000002e2e08b5220 3501       4       java.lang.reflect.Method::getParameterCount (6 bytes)
Event: 35.133 Thread 0x000002e2e08b5220 nmethod 3501 0x000002e2d551e190 code [0x000002e2d551e300, 0x000002e2d551e398]

GC Heap History (8 events):
Event: 2.078 GC heap before
{Heap before GC invocations=0 (full 0):
 garbage-first heap   total 262144K, used 22528K [0x00000000e0000000, 0x0000000100000000)
  region size 1024K, 23 young (23552K), 0 survivors (0K)
 Metaspace       used 1032K, committed 1152K, reserved 380928K
  class space    used 72K, committed 128K, reserved 315392K
}
Event: 2.416 GC heap after
{Heap after GC invocations=1 (full 0):
 garbage-first heap   total 262144K, used 3867K [0x00000000e0000000, 0x0000000100000000)
  region size 1024K, 3 young (3072K), 3 survivors (3072K)
 Metaspace       used 1032K, committed 1152K, reserved 380928K
  class space    used 72K, committed 128K, reserved 315392K
}
Event: 5.848 GC heap before
{Heap before GC invocations=1 (full 0):
 garbage-first heap   total 262144K, used 38683K [0x00000000e0000000, 0x0000000100000000)
  region size 1024K, 35 young (35840K), 3 survivors (3072K)
 Metaspace       used 4284K, committed 4544K, reserved 380928K
  class space    used 531K, committed 640K, reserved 315392K
}
Event: 5.855 GC heap after
{Heap after GC invocations=2 (full 0):
 garbage-first heap   total 262144K, used 10956K [0x00000000e0000000, 0x0000000100000000)
  region size 1024K, 4 young (4096K), 4 survivors (4096K)
 Metaspace       used 4284K, committed 4544K, reserved 380928K
  class space    used 531K, committed 640K, reserved 315392K
}
Event: 10.570 GC heap before
{Heap before GC invocations=2 (full 0):
 garbage-first heap   total 262144K, used 59084K [0x00000000e0000000, 0x0000000100000000)
  region size 1024K, 49 young (50176K), 4 survivors (4096K)
 Metaspace       used 4753K, committed 4928K, reserved 380928K
  class space    used 609K, committed 704K, reserved 315392K
}
Event: 10.576 GC heap after
{Heap after GC invocations=3 (full 0):
 garbage-first heap   total 262144K, used 16557K [0x00000000e0000000, 0x0000000100000000)
  region size 1024K, 5 young (5120K), 5 survivors (5120K)
 Metaspace       used 4753K, committed 4928K, reserved 380928K
  class space    used 609K, committed 704K, reserved 315392K
}
Event: 30.355 GC heap before
{Heap before GC invocations=3 (full 0):
 garbage-first heap   total 262144K, used 111789K [0x00000000e0000000, 0x0000000100000000)
  region size 1024K, 99 young (101376K), 5 survivors (5120K)
 Metaspace       used 20864K, committed 21504K, reserved 380928K
  class space    used 3004K, committed 3328K, reserved 315392K
}
Event: 30.375 GC heap after
{Heap after GC invocations=4 (full 0):
 garbage-first heap   total 262144K, used 23561K [0x00000000e0000000, 0x0000000100000000)
  region size 1024K, 12 young (12288K), 12 survivors (12288K)
 Metaspace       used 20864K, committed 21504K, reserved 380928K
  class space    used 3004K, committed 3328K, reserved 315392K
}

Deoptimization events (20 events):
Event: 33.503 Thread 0x000002e2e5c9d950 DEOPT PACKING pc=0x000002e2d54fe72c sp=0x000000f6724fe0a0
Event: 33.503 Thread 0x000002e2e5c9d950 DEOPT UNPACKING pc=0x000002e2cd8e5c23 sp=0x000000f6724fdfe8 mode 2
Event: 33.504 Thread 0x000002e2e5c9e7c0 DEOPT PACKING pc=0x000002e2d54b18a0 sp=0x000000f6720fb880
Event: 33.504 Thread 0x000002e2e5c9e7c0 DEOPT UNPACKING pc=0x000002e2cd8e5c23 sp=0x000000f6720fb5f8 mode 2
Event: 33.507 Thread 0x000002e2e5c9d950 Uncommon trap: trap_request=0xffffffde fr.pc=0x000002e2d54fe72c relative=0x000000000000088c
Event: 33.507 Thread 0x000002e2e5c9d950 Uncommon trap: reason=class_check action=maybe_recompile pc=0x000002e2d54fe72c method=java.io.BufferedInputStream.read([BII)I @ 101 c2
Event: 33.507 Thread 0x000002e2e5c9d950 DEOPT PACKING pc=0x000002e2d54fe72c sp=0x000000f6724fe0a0
Event: 33.507 Thread 0x000002e2e5c9d950 DEOPT UNPACKING pc=0x000002e2cd8e5c23 sp=0x000000f6724fdfe8 mode 2
Event: 33.508 Thread 0x000002e2e5c9d950 Uncommon trap: trap_request=0xffffffde fr.pc=0x000002e2d54fe72c relative=0x000000000000088c
Event: 33.508 Thread 0x000002e2e5c9d950 Uncommon trap: reason=class_check action=maybe_recompile pc=0x000002e2d54fe72c method=java.io.BufferedInputStream.read([BII)I @ 101 c2
Event: 33.508 Thread 0x000002e2e5c9d950 DEOPT PACKING pc=0x000002e2d54fe72c sp=0x000000f6724fe0a0
Event: 33.508 Thread 0x000002e2e5c9d950 DEOPT UNPACKING pc=0x000002e2cd8e5c23 sp=0x000000f6724fdfe8 mode 2
Event: 33.510 Thread 0x000002e2e5c9d950 Uncommon trap: trap_request=0xffffffde fr.pc=0x000002e2d54fce58 relative=0x00000000000007d8
Event: 33.510 Thread 0x000002e2e5c9d950 Uncommon trap: reason=class_check action=maybe_recompile pc=0x000002e2d54fce58 method=java.io.BufferedInputStream.read([BII)I @ 101 c2
Event: 33.510 Thread 0x000002e2e5c9d950 DEOPT PACKING pc=0x000002e2d54fce58 sp=0x000000f6724fe000
Event: 33.510 Thread 0x000002e2e5c9d950 DEOPT UNPACKING pc=0x000002e2cd8e5c23 sp=0x000000f6724fdfd8 mode 2
Event: 33.892 Thread 0x000002e2e5c9e7c0 DEOPT PACKING pc=0x000002e2ce1e064a sp=0x000000f6720fad00
Event: 33.892 Thread 0x000002e2e5c9e7c0 DEOPT UNPACKING pc=0x000002e2cd8e6763 sp=0x000000f6720fa178 mode 0
Event: 33.956 Thread 0x000002e2e5c9e7c0 DEOPT PACKING pc=0x000002e2ce1e064a sp=0x000000f6720fb970
Event: 33.956 Thread 0x000002e2e5c9e7c0 DEOPT UNPACKING pc=0x000002e2cd8e6763 sp=0x000000f6720fade8 mode 0

Classes loaded (20 events):
Event: 33.979 Loading class java/util/concurrent/locks/ReentrantReadWriteLock
Event: 33.980 Loading class java/util/concurrent/locks/ReadWriteLock
Event: 33.980 Loading class java/util/concurrent/locks/ReadWriteLock done
Event: 33.980 Loading class java/util/concurrent/locks/ReentrantReadWriteLock done
Event: 33.980 Loading class java/util/concurrent/locks/ReentrantReadWriteLock$NonfairSync
Event: 33.980 Loading class java/util/concurrent/locks/ReentrantReadWriteLock$Sync
Event: 33.980 Loading class java/util/concurrent/locks/ReentrantReadWriteLock$Sync done
Event: 33.980 Loading class java/util/concurrent/locks/ReentrantReadWriteLock$NonfairSync done
Event: 33.980 Loading class java/util/concurrent/locks/ReentrantReadWriteLock$Sync$ThreadLocalHoldCounter
Event: 33.980 Loading class java/util/concurrent/locks/ReentrantReadWriteLock$Sync$ThreadLocalHoldCounter done
Event: 33.980 Loading class java/util/concurrent/locks/ReentrantReadWriteLock$ReadLock
Event: 33.980 Loading class java/util/concurrent/locks/ReentrantReadWriteLock$ReadLock done
Event: 33.980 Loading class java/util/concurrent/locks/ReentrantReadWriteLock$WriteLock
Event: 33.980 Loading class java/util/concurrent/locks/ReentrantReadWriteLock$WriteLock done
Event: 34.046 Loading class java/util/concurrent/Executors$FinalizableDelegatedExecutorService
Event: 34.046 Loading class java/util/concurrent/Executors$DelegatedExecutorService
Event: 34.047 Loading class java/util/concurrent/Executors$DelegatedExecutorService done
Event: 34.047 Loading class java/util/concurrent/Executors$FinalizableDelegatedExecutorService done
Event: 34.637 Loading class java/lang/StringIndexOutOfBoundsException
Event: 34.638 Loading class java/lang/StringIndexOutOfBoundsException done

Classes unloaded (0 events):
No events

Classes redefined (0 events):
No events

Internal exceptions (20 events):
Event: 33.892 Thread 0x000002e2e5c9e7c0 Exception <a 'java/lang/NoSuchMethodError'{0x00000000edfb0b18}: static Lcom/intellij/gradle/toolingExtension/impl/model/taskModel/GradleTaskModelProvider;.<clinit>()V> (0x00000000edfb0b18) 
thrown [s\open\src\hotspot\share\prims\jni.cpp, line 1104]
Event: 33.896 Thread 0x000002e2e5c9e7c0 Exception <a 'java/lang/NoSuchMethodError'{0x00000000edfc6450}: static Lcom/intellij/gradle/toolingExtension/impl/model/sourceSetModel/GradleSourceSetModelProvider;.<clinit>()V> (0x00000000edfc6450) 
thrown [s\open\src\hotspot\share\prims\jni.cpp, line 1104]
Event: 33.901 Thread 0x000002e2e5c9e7c0 Exception <a 'java/lang/NoSuchMethodError'{0x00000000edfdcbf0}: static Lcom/intellij/gradle/toolingExtension/impl/model/sourceSetDependencyModel/GradleSourceSetDependencyModelProvider;.<clinit>()V> (0x00000000edfdcbf0) 
thrown [s\open\src\hotspot\share\prims\jni.cpp, line 1104]
Event: 33.927 Thread 0x000002e2e5c9e7c0 Exception <a 'java/lang/NoSuchMethodError'{0x00000000ede00c00}: static Lorg/jetbrains/plugins/gradle/model/ExternalProjectDependency;.<clinit>()V> (0x00000000ede00c00) 
thrown [s\open\src\hotspot\share\prims\jni.cpp, line 1104]
Event: 33.929 Thread 0x000002e2e5c9e7c0 Exception <a 'java/lang/NoSuchMethodError'{0x00000000ede0e7b8}: static Lorg/jetbrains/plugins/gradle/model/ExternalLibraryDependency;.<clinit>()V> (0x00000000ede0e7b8) 
thrown [s\open\src\hotspot\share\prims\jni.cpp, line 1104]
Event: 33.930 Thread 0x000002e2e5c9e7c0 Exception <a 'java/lang/NoSuchMethodError'{0x00000000ede1bde0}: static Lorg/jetbrains/plugins/gradle/model/FileCollectionDependency;.<clinit>()V> (0x00000000ede1bde0) 
thrown [s\open\src\hotspot\share\prims\jni.cpp, line 1104]
Event: 33.932 Thread 0x000002e2e5c9e7c0 Exception <a 'java/lang/NoSuchMethodError'{0x00000000ede29028}: static Lorg/jetbrains/plugins/gradle/model/UnresolvedExternalDependency;.<clinit>()V> (0x00000000ede29028) 
thrown [s\open\src\hotspot\share\prims\jni.cpp, line 1104]
Event: 33.956 Thread 0x000002e2e5c9e7c0 Exception <a 'java/lang/NoSuchMethodError'{0x00000000eded9438}: static Lorg/gradle/tooling/internal/consumer/versioning/VersionDetails;.<clinit>()V> (0x00000000eded9438) 
thrown [s\open\src\hotspot\share\prims\jni.cpp, line 1104]
Event: 33.956 Thread 0x000002e2e5c9e7c0 Exception <a 'java/lang/NoSuchMethodError'{0x00000000ededbde0}: static Lorg/gradle/tooling/internal/consumer/versioning/VersionDetails$R26VersionDetails;.<clinit>()V> (0x00000000ededbde0) 
thrown [s\open\src\hotspot\share\prims\jni.cpp, line 1104]
Event: 33.956 Thread 0x000002e2e5c9e7c0 Exception <a 'java/lang/NoSuchMethodError'{0x00000000ededd358}: static Lorg/gradle/tooling/internal/consumer/versioning/VersionDetails$R28VersionDetails;.<clinit>()V> (0x00000000ededd358) 
thrown [s\open\src\hotspot\share\prims\jni.cpp, line 1104]
Event: 33.956 Thread 0x000002e2e5c9e7c0 Exception <a 'java/lang/NoSuchMethodError'{0x00000000edede860}: static Lorg/gradle/tooling/internal/consumer/versioning/VersionDetails$R35VersionDetails;.<clinit>()V> (0x00000000edede860) 
thrown [s\open\src\hotspot\share\prims\jni.cpp, line 1104]
Event: 33.957 Thread 0x000002e2e5c9e7c0 Exception <a 'java/lang/NoSuchMethodError'{0x00000000ededff30}: static Lorg/gradle/tooling/internal/consumer/versioning/VersionDetails$R44VersionDetails;.<clinit>()V> (0x00000000ededff30) 
thrown [s\open\src\hotspot\share\prims\jni.cpp, line 1104]
Event: 33.957 Thread 0x000002e2e5c9e7c0 Exception <a 'java/lang/NoSuchMethodError'{0x00000000edee1538}: static Lorg/gradle/tooling/internal/consumer/versioning/VersionDetails$R48VersionDetails;.<clinit>()V> (0x00000000edee1538) 
thrown [s\open\src\hotspot\share\prims\jni.cpp, line 1104]
Event: 33.957 Thread 0x000002e2e5c9e7c0 Exception <a 'java/lang/NoSuchMethodError'{0x00000000edee2738}: static Lorg/gradle/tooling/internal/consumer/versioning/VersionDetails$R51VersionDetails;.<clinit>()V> (0x00000000edee2738) 
thrown [s\open\src\hotspot\share\prims\jni.cpp, line 1104]
Event: 33.962 Thread 0x000002e2e5c9e7c0 Exception <a 'java/lang/NoSuchMethodError'{0x00000000edd01ab8}: 'java.lang.Object java.lang.invoke.DirectMethodHandle$Holder.newInvokeSpecial(java.lang.Object, java.lang.Object, java.lang.Object, int)'> (0x00000000edd01ab8) 
thrown [s\open\src\hotspot\share\interpreter\linkResolver.cpp, line 759]
Event: 33.963 Thread 0x000002e2e5c9e7c0 Exception <a 'java/lang/NoSuchMethodError'{0x00000000edd06148}: 'java.lang.Object java.lang.invoke.DirectMethodHandle$Holder.invokeSpecial(java.lang.Object, java.lang.Object, java.lang.Object, java.lang.Object, int)'> (0x00000000edd06148) 
thrown [s\open\src\hotspot\share\interpreter\linkResolver.cpp, line 759]
Event: 33.964 Thread 0x000002e2e5c9e7c0 Exception <a 'java/lang/NoSuchMethodError'{0x00000000edd09fb8}: 'java.lang.Object java.lang.invoke.Invokers$Holder.linkToTargetMethod(java.lang.Object, java.lang.Object, int, java.lang.Object)'> (0x00000000edd09fb8) 
thrown [s\open\src\hotspot\share\interpreter\linkResolver.cpp, line 759]
Event: 34.359 Thread 0x000002e2e5c9e7c0 Exception <a 'java/lang/NoSuchMethodError'{0x00000000edacc2b8}: 'void java.lang.invoke.DirectMethodHandle$Holder.invokeStaticInit(java.lang.Object, java.lang.Object, java.lang.Object, java.lang.Object)'> (0x00000000edacc2b8) 
thrown [s\open\src\hotspot\share\interpreter\linkResolver.cpp, line 759]
Event: 35.130 Thread 0x000002e2e5c9e7c0 Exception <a 'java/lang/NoSuchMethodError'{0x00000000ed48b588}: 'void java.lang.invoke.DirectMethodHandle$Holder.invokeInterface(java.lang.Object, java.lang.Object, java.lang.Object, java.lang.Object, java.lang.Object)'> (0x00000000ed48b588) 
thrown [s\open\src\hotspot\share\interpreter\linkResolver.cpp, line 759]
Event: 35.145 Thread 0x000002e2e5c9e7c0 Exception <a 'java/lang/NoSuchMethodError'{0x00000000ed4cde80}: 'void java.lang.invoke.DirectMethodHandle$Holder.invokeStatic(java.lang.Object, java.lang.Object, java.lang.Object, java.lang.Object, java.lang.Object, java.lang.Object)'> (0x00000000ed4cde80) 
thrown [s\open\src\hotspot\share\interpreter\linkResolver.cpp, line 759]

VM Operations (20 events):
Event: 30.492 Executing VM operation: CollectForMetadataAllocation
Event: 30.493 Executing VM operation: CollectForMetadataAllocation done
Event: 30.634 Executing VM operation: G1Concurrent
Event: 30.721 Executing VM operation: G1Concurrent done
Event: 30.725 Executing VM operation: G1Concurrent
Event: 30.725 Executing VM operation: G1Concurrent done
Event: 31.646 Executing VM operation: HandshakeAllThreads
Event: 31.646 Executing VM operation: HandshakeAllThreads done
Event: 32.662 Executing VM operation: Cleanup
Event: 32.711 Executing VM operation: Cleanup done
Event: 32.792 Executing VM operation: HandshakeAllThreads
Event: 32.792 Executing VM operation: HandshakeAllThreads done
Event: 32.795 Executing VM operation: HandshakeAllThreads
Event: 32.795 Executing VM operation: HandshakeAllThreads done
Event: 33.807 Executing VM operation: Cleanup
Event: 33.852 Executing VM operation: Cleanup done
Event: 34.047 Executing VM operation: HandshakeAllThreads
Event: 34.048 Executing VM operation: HandshakeAllThreads done
Event: 34.737 Executing VM operation: HandshakeAllThreads
Event: 34.737 Executing VM operation: HandshakeAllThreads done

Events (20 events):
Event: 22.962 Thread 0x000002e2e7ee2780 Thread added: 0x000002e2e7ee2780
Event: 23.442 Thread 0x000002e2e7ee2780 Thread exited: 0x000002e2e7ee2780
Event: 26.514 Thread 0x000002e2e5c1dcc0 Thread added: 0x000002e2e5c1dcc0
Event: 26.629 Thread 0x000002e2e5c1dcc0 Thread exited: 0x000002e2e5c1dcc0
Event: 27.831 Thread 0x000002e2e4c18fd0 Thread added: 0x000002e2e4c18fd0
Event: 29.041 Thread 0x000002e2e79ffd80 Thread added: 0x000002e2e79ffd80
Event: 29.264 Thread 0x000002e2e79ffd80 Thread exited: 0x000002e2e79ffd80
Event: 30.590 Thread 0x000002e2e4c177c0 Thread added: 0x000002e2e4c177c0
Event: 30.936 Thread 0x000002e2e4c19e40 Thread added: 0x000002e2e4c19e40
Event: 32.199 Thread 0x000002e2e4c15610 Thread added: 0x000002e2e4c15610
Event: 32.215 Thread 0x000002e2e4c1a310 Thread added: 0x000002e2e4c1a310
Event: 33.194 Thread 0x000002e2e4c194a0 Thread added: 0x000002e2e4c194a0
Event: 33.194 Thread 0x000002e2e4c13e00 Thread added: 0x000002e2e4c13e00
Event: 33.195 Thread 0x000002e2e4c16950 Thread added: 0x000002e2e4c16950
Event: 33.196 Thread 0x000002e2e4c15ae0 Thread added: 0x000002e2e4c15ae0
Event: 33.196 Thread 0x000002e2e4c16480 Thread added: 0x000002e2e4c16480
Event: 33.196 Thread 0x000002e2e4c1a7e0 Thread added: 0x000002e2e4c1a7e0
Event: 33.197 Thread 0x000002e2e4c1acb0 Thread added: 0x000002e2e4c1acb0
Event: 33.197 Thread 0x000002e2e4c142d0 Thread added: 0x000002e2e4c142d0
Event: 33.595 Thread 0x000002e2e6618490 Thread added: 0x000002e2e6618490


Dynamic libraries:
0x00007ff66c5b0000 - 0x00007ff66c5c0000 	C:\Program Files\Java\jdk-18.0.2\bin\java.exe
0x00007ff93f990000 - 0x00007ff93fba7000 	C:\WINDOWS\SYSTEM32\ntdll.dll
0x00007ff8ead30000 - 0x00007ff8ead4a000 	C:\Program Files\Avast Software\Avast\aswhook.dll
0x00007ff93e1b0000 - 0x00007ff93e274000 	C:\WINDOWS\System32\KERNEL32.DLL
0x00007ff93cdb0000 - 0x00007ff93d169000 	C:\WINDOWS\System32\KERNELBASE.dll
0x00007ff93d520000 - 0x00007ff93d631000 	C:\WINDOWS\System32\ucrtbase.dll
0x00007ff928880000 - 0x00007ff928898000 	C:\Program Files\Java\jdk-18.0.2\bin\jli.dll
0x00007ff93eab0000 - 0x00007ff93eb62000 	C:\WINDOWS\System32\ADVAPI32.dll
0x00007ff93e100000 - 0x00007ff93e1a7000 	C:\WINDOWS\System32\msvcrt.dll
0x00007ff93eb70000 - 0x00007ff93ec17000 	C:\WINDOWS\System32\sechost.dll
0x00007ff93d2d0000 - 0x00007ff93d2f8000 	C:\WINDOWS\System32\bcrypt.dll
0x00007ff93f830000 - 0x00007ff93f944000 	C:\WINDOWS\System32\RPCRT4.dll
0x00007ff93e7a0000 - 0x00007ff93e94e000 	C:\WINDOWS\System32\USER32.dll
0x00007ff93d4f0000 - 0x00007ff93d516000 	C:\WINDOWS\System32\win32u.dll
0x00007ff93e5b0000 - 0x00007ff93e5d9000 	C:\WINDOWS\System32\GDI32.dll
0x00007ff93cc90000 - 0x00007ff93cdab000 	C:\WINDOWS\System32\gdi32full.dll
0x00007ff93d230000 - 0x00007ff93d2ca000 	C:\WINDOWS\System32\msvcp_win.dll
0x00007ff927a00000 - 0x00007ff927a1a000 	C:\Program Files\Java\jdk-18.0.2\bin\VCRUNTIME140.dll
0x00007ff926600000 - 0x00007ff926892000 	C:\WINDOWS\WinSxS\amd64_microsoft.windows.common-controls_6595b64144ccf1df_6.0.22621.4391_none_2715d37f73803e96\COMCTL32.dll
0x00007ff92d6b0000 - 0x00007ff92d6ba000 	C:\WINDOWS\SYSTEM32\VERSION.dll
0x00007ff93e4b0000 - 0x00007ff93e4e1000 	C:\WINDOWS\System32\IMM32.DLL
0x00007ff9288b0000 - 0x00007ff9288bc000 	C:\Program Files\Java\jdk-18.0.2\bin\vcruntime140_1.dll
0x00007ff910ce0000 - 0x00007ff910d6d000 	C:\Program Files\Java\jdk-18.0.2\bin\msvcp140.dll
0x00007ff8c7ab0000 - 0x00007ff8c86c1000 	C:\Program Files\Java\jdk-18.0.2\bin\server\jvm.dll
0x00007ff93d6b0000 - 0x00007ff93d6b8000 	C:\WINDOWS\System32\PSAPI.DLL
0x00007ff91de20000 - 0x00007ff91de29000 	C:\WINDOWS\SYSTEM32\WSOCK32.dll
0x00007ff93e430000 - 0x00007ff93e4a1000 	C:\WINDOWS\System32\WS2_32.dll
0x00007ff933fe0000 - 0x00007ff934014000 	C:\WINDOWS\SYSTEM32\WINMM.dll
0x00007ff93bc90000 - 0x00007ff93bca8000 	C:\WINDOWS\SYSTEM32\kernel.appcore.dll
0x00007ff927970000 - 0x00007ff92797a000 	C:\Program Files\Java\jdk-18.0.2\bin\jimage.dll
0x00007ff92c0a0000 - 0x00007ff92c2d2000 	C:\WINDOWS\SYSTEM32\DBGHELP.DLL
0x00007ff93ec20000 - 0x00007ff93efaf000 	C:\WINDOWS\System32\combase.dll
0x00007ff93db80000 - 0x00007ff93dc57000 	C:\WINDOWS\System32\OLEAUT32.dll
0x00007ff92bfa0000 - 0x00007ff92bfd2000 	C:\WINDOWS\SYSTEM32\dbgcore.DLL
0x00007ff93d300000 - 0x00007ff93d37b000 	C:\WINDOWS\System32\bcryptPrimitives.dll
0x00007ff927960000 - 0x00007ff92796e000 	C:\Program Files\Java\jdk-18.0.2\bin\instrument.dll
0x00007ff926fc0000 - 0x00007ff926fe5000 	C:\Program Files\Java\jdk-18.0.2\bin\java.dll
0x00007ff90efd0000 - 0x00007ff90f0a6000 	C:\Program Files\Java\jdk-18.0.2\bin\jsvml.dll
0x00007ff93efb0000 - 0x00007ff93f826000 	C:\WINDOWS\System32\SHELL32.dll
0x00007ff93ab80000 - 0x00007ff93b483000 	C:\WINDOWS\SYSTEM32\windows.storage.dll
0x00007ff93aa40000 - 0x00007ff93ab7f000 	C:\WINDOWS\SYSTEM32\wintypes.dll
0x00007ff93d6c0000 - 0x00007ff93d7b9000 	C:\WINDOWS\System32\SHCORE.dll
0x00007ff93d820000 - 0x00007ff93d87e000 	C:\WINDOWS\System32\shlwapi.dll
0x00007ff93cbc0000 - 0x00007ff93cbeb000 	C:\WINDOWS\SYSTEM32\profapi.dll
0x00007ff925980000 - 0x00007ff925998000 	C:\Program Files\Java\jdk-18.0.2\bin\zip.dll
0x00007ff925960000 - 0x00007ff925973000 	C:\Program Files\Java\jdk-18.0.2\bin\net.dll
0x00007ff934af0000 - 0x00007ff934c26000 	C:\WINDOWS\SYSTEM32\WINHTTP.dll
0x00007ff93c100000 - 0x00007ff93c169000 	C:\WINDOWS\system32\mswsock.dll
0x00007ff91f9c0000 - 0x00007ff91f9d6000 	C:\Program Files\Java\jdk-18.0.2\bin\nio.dll
0x00007ff926fb0000 - 0x00007ff926fc0000 	C:\Program Files\Java\jdk-18.0.2\bin\verify.dll
0x00007ff927ad0000 - 0x00007ff927af7000 	C:\Gradle\gradle-8.11\bin\native\c067742578af261105cb4f569cf0c3c89f3d7b1fecec35dd04571415982c5e48\windows-amd64\native-platform.dll
0x00007ff8f07b0000 - 0x00007ff8f08f4000 	C:\Gradle\gradle-8.11\bin\native\100fb08df4bc3b14c8652ba06237920a3bd2aa13389f12d3474272988ae205f9\windows-amd64\native-platform-file-events.dll
0x00007ff925950000 - 0x00007ff925959000 	C:\Program Files\Java\jdk-18.0.2\bin\management.dll
0x00007ff9219e0000 - 0x00007ff9219eb000 	C:\Program Files\Java\jdk-18.0.2\bin\management_ext.dll
0x00007ff93c450000 - 0x00007ff93c46b000 	C:\WINDOWS\SYSTEM32\CRYPTSP.dll
0x00007ff93bbf0000 - 0x00007ff93bc25000 	C:\WINDOWS\system32\rsaenh.dll
0x00007ff93c1a0000 - 0x00007ff93c1c8000 	C:\WINDOWS\SYSTEM32\USERENV.dll
0x00007ff93c430000 - 0x00007ff93c43c000 	C:\WINDOWS\SYSTEM32\CRYPTBASE.dll
0x00007ff93b6f0000 - 0x00007ff93b71d000 	C:\WINDOWS\SYSTEM32\IPHLPAPI.DLL
0x00007ff93d950000 - 0x00007ff93d959000 	C:\WINDOWS\System32\NSI.dll
0x00007ff934e00000 - 0x00007ff934e19000 	C:\WINDOWS\SYSTEM32\dhcpcsvc6.DLL
0x00007ff934de0000 - 0x00007ff934dff000 	C:\WINDOWS\SYSTEM32\dhcpcsvc.DLL
0x00007ff93b760000 - 0x00007ff93b862000 	C:\WINDOWS\SYSTEM32\DNSAPI.dll

dbghelp: loaded successfully - version: 4.0.5 - missing functions: none
symbol engine: initialized successfully - sym options: 0x614 - pdb path: .;C:\Program Files\Java\jdk-18.0.2\bin;C:\WINDOWS\SYSTEM32;C:\Program Files\Avast Software\Avast;C:\WINDOWS\WinSxS\amd64_microsoft.windows.common-controls_6595b64144ccf1df_6.0.22621.4391_none_2715d37f73803e96;C:\Program Files\Java\jdk-18.0.2\bin\server;C:\Gradle\gradle-8.11\bin\native\c067742578af261105cb4f569cf0c3c89f3d7b1fecec35dd04571415982c5e48\windows-amd64;C:\Gradle\gradle-8.11\bin\native\100fb08df4bc3b14c8652ba06237920a3bd2aa13389f12d3474272988ae205f9\windows-amd64

VM Arguments:
jvm_args: --add-opens=java.base/java.lang=ALL-UNNAMED --add-opens=java.base/java.lang.invoke=ALL-UNNAMED --add-opens=java.base/java.util=ALL-UNNAMED --add-opens=java.prefs/java.util.prefs=ALL-UNNAMED --add-exports=jdk.compiler/com.sun.tools.javac.api=ALL-UNNAMED --add-exports=jdk.compiler/com.sun.tools.javac.util=ALL-UNNAMED --add-opens=java.base/java.util=ALL-UNNAMED --add-opens=java.prefs/java.util.prefs=ALL-UNNAMED --add-opens=java.base/java.nio.charset=ALL-UNNAMED --add-opens=java.base/java.net=ALL-UNNAMED --add-opens=java.base/java.util.concurrent.atomic=ALL-UNNAMED --add-opens=java.xml/javax.xml.namespace=ALL-UNNAMED -XX:MaxMetaspaceSize=384m -XX:+HeapDumpOnOutOfMemoryError -Xms256m -Xmx512m -Dfile.encoding=UTF-8 -Duser.country=UA -Duser.language=uk -Duser.variant -javaagent:C:\Gradle\gradle-8.11\bin\wrapper\dists\gradle-8.11-bin\c4te04g51qsyw1bxcb929u7br\gradle-8.11\lib\agents\gradle-instrumentation-agent-8.11.jar 
java_command: org.gradle.launcher.daemon.bootstrap.GradleDaemon 8.11
java_class_path (initial): C:\Gradle\gradle-8.11\bin\wrapper\dists\gradle-8.11-bin\c4te04g51qsyw1bxcb929u7br\gradle-8.11\lib\gradle-daemon-main-8.11.jar
Launcher Type: SUN_STANDARD

[Global flags]
     intx CICompilerCount                          = 4                                         {product} {ergonomic}
   size_t CompressedClassSpaceSize                 = 322961408                                 {product} {ergonomic}
     uint ConcGCThreads                            = 2                                         {product} {ergonomic}
     uint G1ConcRefinementThreads                  = 8                                         {product} {ergonomic}
   size_t G1HeapRegionSize                         = 1048576                                   {product} {ergonomic}
    uintx GCDrainStackTargetSize                   = 64                                        {product} {ergonomic}
     bool HeapDumpOnOutOfMemoryError               = true                                   {manageable} {command line}
   size_t InitialHeapSize                          = 268435456                                 {product} {command line}
   size_t MarkStackSize                            = 4194304                                   {product} {ergonomic}
   size_t MaxHeapSize                              = 536870912                                 {product} {command line}
   size_t MaxMetaspaceSize                         = 402653184                                 {product} {command line}
   size_t MaxNewSize                               = 321912832                                 {product} {ergonomic}
   size_t MinHeapDeltaBytes                        = 1048576                                   {product} {ergonomic}
   size_t MinHeapSize                              = 268435456                                 {product} {command line}
    uintx NonNMethodCodeHeapSize                   = 5839372                                {pd product} {ergonomic}
    uintx NonProfiledCodeHeapSize                  = 122909434                              {pd product} {ergonomic}
    uintx ProfiledCodeHeapSize                     = 122909434                              {pd product} {ergonomic}
    uintx ReservedCodeCacheSize                    = 251658240                              {pd product} {ergonomic}
     bool SegmentedCodeCache                       = true                                      {product} {ergonomic}
   size_t SoftMaxHeapSize                          = 536870912                              {manageable} {ergonomic}
     bool UseCompressedClassPointers               = true                           {product lp64_product} {ergonomic}
     bool UseCompressedOops                        = true                           {product lp64_product} {ergonomic}
     bool UseG1GC                                  = true                                      {product} {ergonomic}
     bool UseLargePagesIndividualAllocation        = false                                  {pd product} {ergonomic}

Logging:
Log output configuration:
 #0: stdout all=warning uptime,level,tags foldmultilines=false
 #1: stderr all=off uptime,level,tags foldmultilines=false

Environment Variables:
JAVA_HOME=C:\Program Files\Java\jdk-18.0.2
PATH=C:\Program Files\Common Files\Oracle\Java\javapath;C:\Program Files (x86)\apache-maven-3.8.6\bin;C:\Program Files\dotnet\;C:\WINDOWS\system32;C:\WINDOWS;C:\WINDOWS\System32\Wbem;C:\WINDOWS\System32\WindowsPowerShell\v1.0\;C:\WINDOWS\System32\OpenSSH\;C:\Program Files\MySQL\MySQL Server 8.0\bin;C:\Program Files\nodejs\;C:\ProgramData\chocolatey\bin;C:\Program Files (x86)\Common Files\Acronis\SnapAPI\;C:\Program Files\Git\cmd;C:\Program Files\Docker\Docker\resources\bin;C:\Users\Viktoriya\AppData\Local\Programs\Python\Python313\Scripts\;C:\Users\Viktoriya\AppData\Local\Programs\Python\Python313\;C:\Program Files\MySQL\MySQL Shell 8.0\bin\;C:\Users\Viktoriya\AppData\Local\Microsoft\WindowsApps;D:\IntelliJ IDEA Educational Edition 2022.1.3\bin;;C:\Users\Viktoriya\AppData\Local\Programs\Microsoft VS Code\bin;D:\program files\Jet Brains\IntelliJ IDEA Community Edition 2022.3.2\bin;;D:\program files\IntelliJ IDEA 2019.3.4\bin;;C:\Users\Viktoriya\AppData\Roaming\npm;D:\program files\PyCharm Community Edition 2024.2.4\bin;;C:\Gradle\gradle-8.11\bin;
USERNAME=Viktoriya
OS=Windows_NT
PROCESSOR_IDENTIFIER=Intel64 Family 6 Model 126 Stepping 5, GenuineIntel



---------------  S Y S T E M  ---------------

OS:
 Windows 11 , 64 bit Build 22621 (10.0.22621.4391)
OS uptime: 1 days 2:22 hours
Hyper-V role detected

CPU: total 8 (initial active 8) (4 cores per cpu, 2 threads per core) family 6 model 126 stepping 5 microcode 0x86, cx8, cmov, fxsr, ht, mmx, 3dnowpref, sse, sse2, sse3, ssse3, sse4.1, sse4.2, popcnt, lzcnt, tsc, tscinvbit, avx, avx2, aes, erms, clmul, bmi1, bmi2, adx, avx512f, avx512dq, avx512cd, avx512bw, avx512vl, sha, fma, vzeroupper, avx512_vpopcntdq, avx512_vpclmulqdq, avx512_vaes, avx512_vnni, clflush, clflushopt, avx512_vbmi2, avx512_vbmi, hv

Memory: 4k page, system-wide physical 16161M (2316M free)
TotalPageFile size 18209M (AvailPageFile size 38M)
current process WorkingSet (physical memory assigned to process): 254M, peak: 256M
current process commit charge ("private bytes"): 428M, peak: 431M

vm_info: Java HotSpot(TM) 64-Bit Server VM (18.0.2+9-61) for windows-amd64 JRE (18.0.2+9-61), built on Jun  7 2022 13:09:01 by "mach5one" with MS VC++ 16.8 / 16.9 (VS2019)

END.
